Using pre-set license
Built from '2022.3/release' branch; Version is '2022.3.18f1 (d29bea25151d) revision 13802474'; Using compiler version '192829333'; Build Type 'Release'
OS: 'Windows 11  (10.0.22631) 64bit Professional' Language: 'en' Physical Memory: 31968 MB
BatchMode: 1, IsHumanControllingUs: 0, StartBugReporterOnCrash: 0, Is64bit: 1, IsPro: 1

COMMAND LINE ARGUMENTS:
C:\Program Files\Unity\Hub\Editor\2022.3.18f1\Editor\Unity.exe
-adb2
-batchMode
-noUpm
-name
AssetImportWorker10
-projectPath
C:/Users/Nikola/Documents/GitHub/Zombocalypse/Zombocalypse
-logFile
Logs/AssetImportWorker10.log
-srvPort
54640
Successfully changed project path to: C:/Users/Nikola/Documents/GitHub/Zombocalypse/Zombocalypse
C:/Users/Nikola/Documents/GitHub/Zombocalypse/Zombocalypse
[UnityMemory] Configuration Parameters - Can be set up in boot.config
    "memorysetup-bucket-allocator-granularity=16"
    "memorysetup-bucket-allocator-bucket-count=8"
    "memorysetup-bucket-allocator-block-size=33554432"
    "memorysetup-bucket-allocator-block-count=8"
    "memorysetup-main-allocator-block-size=16777216"
    "memorysetup-thread-allocator-block-size=16777216"
    "memorysetup-gfx-main-allocator-block-size=16777216"
    "memorysetup-gfx-thread-allocator-block-size=16777216"
    "memorysetup-cache-allocator-block-size=4194304"
    "memorysetup-typetree-allocator-block-size=2097152"
    "memorysetup-profiler-bucket-allocator-granularity=16"
    "memorysetup-profiler-bucket-allocator-bucket-count=8"
    "memorysetup-profiler-bucket-allocator-block-size=33554432"
    "memorysetup-profiler-bucket-allocator-block-count=8"
    "memorysetup-profiler-allocator-block-size=16777216"
    "memorysetup-profiler-editor-allocator-block-size=1048576"
    "memorysetup-temp-allocator-size-main=16777216"
    "memorysetup-job-temp-allocator-block-size=2097152"
    "memorysetup-job-temp-allocator-block-size-background=1048576"
    "memorysetup-job-temp-allocator-reduction-small-platforms=262144"
    "memorysetup-allocator-temp-initial-block-size-main=262144"
    "memorysetup-allocator-temp-initial-block-size-worker=262144"
    "memorysetup-temp-allocator-size-background-worker=32768"
    "memorysetup-temp-allocator-size-job-worker=262144"
    "memorysetup-temp-allocator-size-preload-manager=33554432"
    "memorysetup-temp-allocator-size-nav-mesh-worker=65536"
    "memorysetup-temp-allocator-size-audio-worker=65536"
    "memorysetup-temp-allocator-size-cloud-worker=32768"
    "memorysetup-temp-allocator-size-gi-baking-worker=262144"
    "memorysetup-temp-allocator-size-gfx=262144"
Player connection [26060] Host "[IP] 192.168.1.99 [Port] 0 [Flags] 2 [Guid] 652313017 [EditorId] 652313017 [Version] 1048832 [Id] WindowsEditor(7,PC) [Debug] 1 [PackageName] WindowsEditor [ProjectName] Editor" joined multi-casting on [225.0.0.222:54997]...

Player connection [26060] Host "[IP] 192.168.1.99 [Port] 0 [Flags] 2 [Guid] 652313017 [EditorId] 652313017 [Version] 1048832 [Id] WindowsEditor(7,PC) [Debug] 1 [PackageName] WindowsEditor [ProjectName] Editor" joined alternative multi-casting on [225.0.0.222:34997]...

[Physics::Module] Initialized MultithreadedJobDispatcher with 11 workers.
Refreshing native plugins compatible for Editor in 4.28 ms, found 3 plugins.
Preloading 0 native plugins for Editor in 0.00 ms.
Initialize engine version: 2022.3.18f1 (d29bea25151d)
[Subsystems] Discovering subsystems at path C:/Program Files/Unity/Hub/Editor/2022.3.18f1/Editor/Data/Resources/UnitySubsystems
[Subsystems] Discovering subsystems at path C:/Users/Nikola/Documents/GitHub/Zombocalypse/Zombocalypse/Assets
GfxDevice: creating device client; threaded=0; jobified=0
Direct3D:
    Version:  Direct3D 11.0 [level 11.1]
    Renderer: AMD Radeon RX 7800 XT (ID=0x747e)
    Vendor:   ATI
    VRAM:     16172 MB
    Driver:   31.0.24002.92
Initialize mono
Mono path[0] = 'C:/Program Files/Unity/Hub/Editor/2022.3.18f1/Editor/Data/Managed'
Mono path[1] = 'C:/Program Files/Unity/Hub/Editor/2022.3.18f1/Editor/Data/MonoBleedingEdge/lib/mono/unityjit-win32'
Mono config path = 'C:/Program Files/Unity/Hub/Editor/2022.3.18f1/Editor/Data/MonoBleedingEdge/etc'
Using monoOptions --debugger-agent=transport=dt_socket,embedding=1,server=y,suspend=n,address=127.0.0.1:56216
Begin MonoManager ReloadAssembly
Registering precompiled unity dll's ...
Register platform support module: C:/Program Files/Unity/Hub/Editor/2022.3.18f1/Editor/Data/PlaybackEngines/WebGLSupport/UnityEditor.WebGL.Extensions.dll
Register platform support module: C:/Program Files/Unity/Hub/Editor/2022.3.18f1/Editor/Data/PlaybackEngines/WindowsStandaloneSupport/UnityEditor.WindowsStandalone.Extensions.dll
Registered in 0.003281 seconds.
- Loaded All Assemblies, in  0.217 seconds
Native extension for WindowsStandalone target not found
Native extension for WebGL target not found
Mono: successfully reloaded assembly
- Finished resetting the current domain, in  0.140 seconds
Domain Reload Profiling: 357ms
	BeginReloadAssembly (74ms)
		ExecutionOrderSort (0ms)
		DisableScriptedObjects (0ms)
		BackupInstance (0ms)
		ReleaseScriptingObjects (0ms)
		CreateAndSetChildDomain (0ms)
	RebuildCommonClasses (20ms)
	RebuildNativeTypeToScriptingClass (6ms)
	initialDomainReloadingComplete (30ms)
	LoadAllAssembliesAndSetupDomain (87ms)
		LoadAssemblies (74ms)
		RebuildTransferFunctionScriptingTraits (0ms)
		AnalyzeDomain (86ms)
			TypeCache.Refresh (85ms)
				TypeCache.ScanAssembly (76ms)
			ScanForSourceGeneratedMonoScriptInfo (0ms)
			ResolveRequiredComponents (0ms)
	FinalizeReload (140ms)
		ReleaseScriptCaches (0ms)
		RebuildScriptCaches (0ms)
		SetupLoadedEditorAssemblies (110ms)
			LogAssemblyErrors (0ms)
			InitializePlatformSupportModulesInManaged (5ms)
			SetLoadedEditorAssemblies (3ms)
			RefreshPlugins (0ms)
			BeforeProcessingInitializeOnLoad (1ms)
			ProcessInitializeOnLoadAttributes (76ms)
			ProcessInitializeOnLoadMethodAttributes (25ms)
			AfterProcessingInitializeOnLoad (0ms)
			EditorAssembliesLoaded (0ms)
		ExecutionOrderSort2 (0ms)
		AwakeInstancesAfterBackupRestoration (0ms)
========================================================================
Worker process is ready to serve import requests
Begin MonoManager ReloadAssembly
Symbol file LoadedFromMemory is not a mono symbol file
- Loaded All Assemblies, in  0.417 seconds
Refreshing native plugins compatible for Editor in 1.67 ms, found 3 plugins.
Native extension for WindowsStandalone target not found
Native extension for WebGL target not found
Package Manager log level set to [2]
[Package Manager] Server::EnsureServerProcessIsRunning -- launch failed, reason: Unity was launched with the -noUpm command-line argument
[Package Manager] UpmClient::Send -- Unable to send message (not connected to UPM process).
[Package Manager] Cannot connect to Unity Package Manager local server
Mono: successfully reloaded assembly
- Finished resetting the current domain, in  0.387 seconds
Domain Reload Profiling: 804ms
	BeginReloadAssembly (89ms)
		ExecutionOrderSort (0ms)
		DisableScriptedObjects (3ms)
		BackupInstance (0ms)
		ReleaseScriptingObjects (0ms)
		CreateAndSetChildDomain (13ms)
	RebuildCommonClasses (19ms)
	RebuildNativeTypeToScriptingClass (6ms)
	initialDomainReloadingComplete (23ms)
	LoadAllAssembliesAndSetupDomain (278ms)
		LoadAssemblies (204ms)
		RebuildTransferFunctionScriptingTraits (0ms)
		AnalyzeDomain (127ms)
			TypeCache.Refresh (111ms)
				TypeCache.ScanAssembly (100ms)
			ScanForSourceGeneratedMonoScriptInfo (13ms)
			ResolveRequiredComponents (2ms)
	FinalizeReload (388ms)
		ReleaseScriptCaches (0ms)
		RebuildScriptCaches (0ms)
		SetupLoadedEditorAssemblies (308ms)
			LogAssemblyErrors (0ms)
			InitializePlatformSupportModulesInManaged (3ms)
			SetLoadedEditorAssemblies (2ms)
			RefreshPlugins (0ms)
			BeforeProcessingInitializeOnLoad (34ms)
			ProcessInitializeOnLoadAttributes (249ms)
			ProcessInitializeOnLoadMethodAttributes (17ms)
			AfterProcessingInitializeOnLoad (3ms)
			EditorAssembliesLoaded (0ms)
		ExecutionOrderSort2 (0ms)
		AwakeInstancesAfterBackupRestoration (4ms)
Failed to load shader (instanceID 474, GUID 2f0aaacddead9f44fa76535dbd52811b)
Failed to load shader (instanceID 472, GUID b90e352d9db3cd5489afb4a5254f731a)
Launched and connected shader compiler UnityShaderCompiler.exe after 0.03 seconds
Refreshing native plugins compatible for Editor in 1.51 ms, found 3 plugins.
Preloading 0 native plugins for Editor in 0.00 ms.
Unloading 3724 Unused Serialized files (Serialized files now loaded: 0)
Unloading 35 unused Assets / (59.2 KB). Loaded Objects now: 4216.
Memory consumption went from 153.8 MB to 153.7 MB.
Total: 2.785400 ms (FindLiveObjects: 0.351100 ms CreateObjectMapping: 0.108800 ms MarkObjects: 2.246700 ms  DeleteObjects: 0.078300 ms)

AssetImportParameters requested are different than current active one (requested -> active):
  custom:scripting/monoscript/fileName/Main_Menu.cs: f6348e4255d4512d0dcdb2fb49162e25 -> c07e093dccce13c197b810bf8802b5e4
  custom:container-demuxer-ogg: 62fdf1f143b41e24485cea50d1cbac27 -> 
  custom:video-codec-MediaFoundation-h265: 746d11721c4dcdbdad8f713fa42b33f4 -> 
  custom:video-decoder-ogg-theora: a1e56fd34408186e4bbccfd4996cb3dc -> 
  custom:framework-win-MediaFoundation: 216162199b28c13a410421893ffa2e32 -> 
  custom:CustomObjectIndexerAttribute: 6d391050e5a25f67b0a2c618074f2cd9 -> 
  custom:container-demuxer-webm: 4f35f7cbe854078d1ac9338744f61a02 -> 
  custom:container-muxer-webm: aa71ff27fc2769a1b78a27578f13a17b -> 
  custom:video-decoder-webm-vp8: 9c59270c3fd7afecdb556c50c9e8de78 -> 
  custom:SearchIndexIgnoredProperties: e643bd26f0fe6173181afceb89e7c659 -> 
  custom:AudioImporter_EditorPlatform: d09bf68614088b80899f8185d706f6e7 -> 
  custom:scripting/monoscript/fileName/Switch.cs: d1c138aee1c9c38a0e7fb9e51eeceb5e -> 71e9fa4e0d71fc9dc4af04dc3efafc1d
  custom:scripting/monoscript/fileName/SpawnerScript.cs: b7f8adfa93716db5a1df93ee8c966b59 -> 28b700d83b75292fea389dbbbe9a4219
  custom:video-encoder-webm-vp8: eb34c28f22e8b96e1ab97ce403110664 -> 
  custom:audio-decoder-ogg-vorbis: bf7c407c2cedff20999df2af8eb42d56 -> 
  custom:scripting/monoscript/fileName/MoveTowardsPlayer.cs: 777982c501ad9aacbefd44f136d0753d -> acefa007f51206f632fdf0398532f8d5
  custom:audio-encoder-webm-vorbis: bf7c407c2cedff20999df2af8eb42d56 -> 
========================================================================
Received Import Request.
  Time since last request: 94899.614370 seconds.
  path: Assets/Map_assets/bricks_1k_textures/floor_klinkers_04/floor_klinkers_04_bump_1k.jpg
  artifactKey: Guid(362996525f41f4a4dba73ad35ea35d33) Importer(815301076,1909f56bfc062723c751e8b465ee728b)
Start importing Assets/Map_assets/bricks_1k_textures/floor_klinkers_04/floor_klinkers_04_bump_1k.jpg using Guid(362996525f41f4a4dba73ad35ea35d33) Importer(815301076,1909f56bfc062723c751e8b465ee728b)  -> (artifact id: '6adafeb722b8a66e67d8e6289c6b0805') in 0.036191 seconds
Number of updated asset objects reloaded before import = 0
Number of asset objects unloaded after import = 2
========================================================================
Received Import Request.
  Time since last request: 107.117934 seconds.
  path: Assets/Map_assets/bricks_1k_textures/castle_brick_01/castle_brick_01_diff_1k.jpg
  artifactKey: Guid(d6cbf19257dd7a143b69d75e51caa123) Importer(815301076,1909f56bfc062723c751e8b465ee728b)
Start importing Assets/Map_assets/bricks_1k_textures/castle_brick_01/castle_brick_01_diff_1k.jpg using Guid(d6cbf19257dd7a143b69d75e51caa123) Importer(815301076,1909f56bfc062723c751e8b465ee728b)  -> (artifact id: 'f5d179c7366770cc398d592b4ea1d0b1') in 0.009917 seconds
Number of updated asset objects reloaded before import = 0
Number of asset objects unloaded after import = 2
========================================================================
Received Import Request.
  Time since last request: 0.000011 seconds.
  path: Assets/Map_assets/bricks_1k_textures/castle_brick_01/castle_brick_01_rough_1k.jpg
  artifactKey: Guid(e9ca4112b48757a4793e3f432f68033e) Importer(815301076,1909f56bfc062723c751e8b465ee728b)
Start importing Assets/Map_assets/bricks_1k_textures/castle_brick_01/castle_brick_01_rough_1k.jpg using Guid(e9ca4112b48757a4793e3f432f68033e) Importer(815301076,1909f56bfc062723c751e8b465ee728b)  -> (artifact id: '91566b6e0b3f80f6e6da861e9795bc67') in 0.011176 seconds
Number of updated asset objects reloaded before import = 0
Number of asset objects unloaded after import = 2
========================================================================
Received Import Request.
  Time since last request: 0.000014 seconds.
  path: Assets/Map_assets/bricks_1k_textures/castle_brick_01/castle_brick_01_rough_ao_1k.jpg
  artifactKey: Guid(ad4bab0b75d2f3b4889239493f3e8484) Importer(815301076,1909f56bfc062723c751e8b465ee728b)
Start importing Assets/Map_assets/bricks_1k_textures/castle_brick_01/castle_brick_01_rough_ao_1k.jpg using Guid(ad4bab0b75d2f3b4889239493f3e8484) Importer(815301076,1909f56bfc062723c751e8b465ee728b)  -> (artifact id: 'ab6f9285dd89f6bf7d6366146fa14456') in 0.011120 seconds
Number of updated asset objects reloaded before import = 0
Number of asset objects unloaded after import = 2
========================================================================
Received Import Request.
  Time since last request: 6.196425 seconds.
  path: Assets/Map_assets/bricks_1k_textures/large_red_bricks/large_red_bricks_disp_1k.png
  artifactKey: Guid(86f512a77e5c46f40a6066bd47fbfb06) Importer(815301076,1909f56bfc062723c751e8b465ee728b)
Start importing Assets/Map_assets/bricks_1k_textures/large_red_bricks/large_red_bricks_disp_1k.png using Guid(86f512a77e5c46f40a6066bd47fbfb06) Importer(815301076,1909f56bfc062723c751e8b465ee728b)  -> (artifact id: '31113df807f4b2f5c15d07ca0c6195b2') in 0.010805 seconds
Number of updated asset objects reloaded before import = 0
Number of asset objects unloaded after import = 2
========================================================================
Received Import Request.
  Time since last request: 0.000013 seconds.
  path: Assets/Map_assets/bricks_1k_textures/large_red_bricks/large_red_bricks_nor_1k.png
  artifactKey: Guid(5b940c3af9dc4d14eb97a101f0c407d8) Importer(815301076,1909f56bfc062723c751e8b465ee728b)
Start importing Assets/Map_assets/bricks_1k_textures/large_red_bricks/large_red_bricks_nor_1k.png using Guid(5b940c3af9dc4d14eb97a101f0c407d8) Importer(815301076,1909f56bfc062723c751e8b465ee728b)  -> (artifact id: '8916c4d99e8f353f7e480edecd186906') in 0.009735 seconds
Number of updated asset objects reloaded before import = 0
Number of asset objects unloaded after import = 2
========================================================================
Received Import Request.
  Time since last request: 12.614749 seconds.
  path: Assets/Map_assets/bricks_1k_textures/red_brick_03/red_brick_03_diff_1k.jpg
  artifactKey: Guid(2c154818a1a6188498767730aef5c6e1) Importer(815301076,1909f56bfc062723c751e8b465ee728b)
Start importing Assets/Map_assets/bricks_1k_textures/red_brick_03/red_brick_03_diff_1k.jpg using Guid(2c154818a1a6188498767730aef5c6e1) Importer(815301076,1909f56bfc062723c751e8b465ee728b)  -> (artifact id: '935bcf9b1edc9714f9093d897d549a91') in 0.009061 seconds
Number of updated asset objects reloaded before import = 0
Number of asset objects unloaded after import = 2
========================================================================
Received Import Request.
  Time since last request: 0.000013 seconds.
  path: Assets/Map_assets/bricks_1k_textures/red_brick_03/red_brick_03_disp_1k.png
  artifactKey: Guid(1f885a5ec108aa0419e4fd7efffe75ee) Importer(815301076,1909f56bfc062723c751e8b465ee728b)
Start importing Assets/Map_assets/bricks_1k_textures/red_brick_03/red_brick_03_disp_1k.png using Guid(1f885a5ec108aa0419e4fd7efffe75ee) Importer(815301076,1909f56bfc062723c751e8b465ee728b)  -> (artifact id: 'd849f07d86041bd4865ecd1d74de1435') in 0.009662 seconds
Number of updated asset objects reloaded before import = 0
Number of asset objects unloaded after import = 2
========================================================================
Received Import Request.
  Time since last request: 14.559057 seconds.
  path: Assets/Map_assets/bricks_1k_textures/floor_klinkers_01/floor_klinkers_01_diff_1k.jpg
  artifactKey: Guid(019195917805fdc4991999b83ce31c46) Importer(815301076,1909f56bfc062723c751e8b465ee728b)
Start importing Assets/Map_assets/bricks_1k_textures/floor_klinkers_01/floor_klinkers_01_diff_1k.jpg using Guid(019195917805fdc4991999b83ce31c46) Importer(815301076,1909f56bfc062723c751e8b465ee728b)  -> (artifact id: '7827c4beffc03d23ece977ce0085dce3') in 0.009580 seconds
Number of updated asset objects reloaded before import = 0
Number of asset objects unloaded after import = 2
========================================================================
Received Import Request.
  Time since last request: 0.000011 seconds.
  path: Assets/Map_assets/bricks_1k_textures/floor_klinkers_01/floor_klinkers_01_disp_1k.png
  artifactKey: Guid(f240ae40ac6bfa847925bbcafef9f7f9) Importer(815301076,1909f56bfc062723c751e8b465ee728b)
Start importing Assets/Map_assets/bricks_1k_textures/floor_klinkers_01/floor_klinkers_01_disp_1k.png using Guid(f240ae40ac6bfa847925bbcafef9f7f9) Importer(815301076,1909f56bfc062723c751e8b465ee728b)  -> (artifact id: '9f857449f91f17acea13a2295ef266f3') in 0.008867 seconds
Number of updated asset objects reloaded before import = 0
Number of asset objects unloaded after import = 2
========================================================================
Received Import Request.
  Time since last request: 10.866585 seconds.
  path: Assets/Map_assets/bricks_1k_textures/yellow_brick/yellow_brick_diff_1k.jpg
  artifactKey: Guid(a8e9f221ac9d0684a8d7d8b5367386f2) Importer(815301076,1909f56bfc062723c751e8b465ee728b)
Start importing Assets/Map_assets/bricks_1k_textures/yellow_brick/yellow_brick_diff_1k.jpg using Guid(a8e9f221ac9d0684a8d7d8b5367386f2) Importer(815301076,1909f56bfc062723c751e8b465ee728b)  -> (artifact id: 'd5adbdacd644409b20bd8e41278f7943') in 0.009087 seconds
Number of updated asset objects reloaded before import = 0
Number of asset objects unloaded after import = 2
========================================================================
Received Import Request.
  Time since last request: 0.000011 seconds.
  path: Assets/Map_assets/bricks_1k_textures/yellow_brick/yellow_brick_spec_1k.jpg
  artifactKey: Guid(f0d64c1ce63a0a84f91399ed36c45bf6) Importer(815301076,1909f56bfc062723c751e8b465ee728b)
Start importing Assets/Map_assets/bricks_1k_textures/yellow_brick/yellow_brick_spec_1k.jpg using Guid(f0d64c1ce63a0a84f91399ed36c45bf6) Importer(815301076,1909f56bfc062723c751e8b465ee728b)  -> (artifact id: '4f239a2ad2ac312621cca3f70f8c8bec') in 0.007990 seconds
Number of updated asset objects reloaded before import = 0
Number of asset objects unloaded after import = 2
========================================================================
Received Import Request.
  Time since last request: 29.215612 seconds.
  path: Assets/Map_assets/bricks_1k_textures/yellow_bricks/yellow_bricks_diff_1k.jpg
  artifactKey: Guid(52598254087db4a42adf0791fb18447e) Importer(815301076,1909f56bfc062723c751e8b465ee728b)
Start importing Assets/Map_assets/bricks_1k_textures/yellow_bricks/yellow_bricks_diff_1k.jpg using Guid(52598254087db4a42adf0791fb18447e) Importer(815301076,1909f56bfc062723c751e8b465ee728b)  -> (artifact id: 'e08f66fbdc34ff36a1ce738b5f58e5f8') in 0.009320 seconds
Number of updated asset objects reloaded before import = 0
Number of asset objects unloaded after import = 2
========================================================================
Received Import Request.
  Time since last request: 0.000011 seconds.
  path: Assets/Map_assets/bricks_1k_textures/yellow_bricks/yellow_bricks_spec_1k.jpg
  artifactKey: Guid(3f5a253c7098f994c92cb9cb6b11d4a6) Importer(815301076,1909f56bfc062723c751e8b465ee728b)
Start importing Assets/Map_assets/bricks_1k_textures/yellow_bricks/yellow_bricks_spec_1k.jpg using Guid(3f5a253c7098f994c92cb9cb6b11d4a6) Importer(815301076,1909f56bfc062723c751e8b465ee728b)  -> (artifact id: '8a9f5c63dfabaf6eedc0560f0cbe2942') in 0.008979 seconds
Number of updated asset objects reloaded before import = 0
Number of asset objects unloaded after import = 2
========================================================================
Received Prepare
Begin MonoManager ReloadAssembly
Symbol file LoadedFromMemory is not a mono symbol file
- Loaded All Assemblies, in  0.255 seconds
Refreshing native plugins compatible for Editor in 1.98 ms, found 3 plugins.
Native extension for WindowsStandalone target not found
Native extension for WebGL target not found
[Package Manager] Server::EnsureServerProcessIsRunning -- launch failed, reason: Unity was launched with the -noUpm command-line argument
[Package Manager] UpmClient::Send -- Unable to send message (not connected to UPM process).
[Package Manager] Cannot connect to Unity Package Manager local server
Mono: successfully reloaded assembly
- Finished resetting the current domain, in  0.668 seconds
Domain Reload Profiling: 921ms
	BeginReloadAssembly (101ms)
		ExecutionOrderSort (0ms)
		DisableScriptedObjects (2ms)
		BackupInstance (0ms)
		ReleaseScriptingObjects (0ms)
		CreateAndSetChildDomain (26ms)
	RebuildCommonClasses (16ms)
	RebuildNativeTypeToScriptingClass (6ms)
	initialDomainReloadingComplete (15ms)
	LoadAllAssembliesAndSetupDomain (115ms)
		LoadAssemblies (157ms)
		RebuildTransferFunctionScriptingTraits (0ms)
		AnalyzeDomain (9ms)
			TypeCache.Refresh (5ms)
				TypeCache.ScanAssembly (0ms)
			ScanForSourceGeneratedMonoScriptInfo (0ms)
			ResolveRequiredComponents (3ms)
	FinalizeReload (668ms)
		ReleaseScriptCaches (0ms)
		RebuildScriptCaches (0ms)
		SetupLoadedEditorAssemblies (363ms)
			LogAssemblyErrors (0ms)
			InitializePlatformSupportModulesInManaged (4ms)
			SetLoadedEditorAssemblies (2ms)
			RefreshPlugins (0ms)
			BeforeProcessingInitializeOnLoad (44ms)
			ProcessInitializeOnLoadAttributes (290ms)
			ProcessInitializeOnLoadMethodAttributes (20ms)
			AfterProcessingInitializeOnLoad (3ms)
			EditorAssembliesLoaded (0ms)
		ExecutionOrderSort2 (0ms)
		AwakeInstancesAfterBackupRestoration (5ms)
Failed to load shader (instanceID 474, GUID 2f0aaacddead9f44fa76535dbd52811b)
Failed to load shader (instanceID 472, GUID b90e352d9db3cd5489afb4a5254f731a)
Refreshing native plugins compatible for Editor in 1.89 ms, found 3 plugins.
Preloading 0 native plugins for Editor in 0.00 ms.
Unloading 3702 Unused Serialized files (Serialized files now loaded: 0)
Unloading 26 unused Assets / (32.8 KB). Loaded Objects now: 4222.
Memory consumption went from 150.9 MB to 150.9 MB.
Total: 2.466500 ms (FindLiveObjects: 0.210500 ms CreateObjectMapping: 0.073700 ms MarkObjects: 2.143000 ms  DeleteObjects: 0.038700 ms)

Prepare: number of updated asset objects reloaded= 0
AssetImportParameters requested are different than current active one (requested -> active):
  custom:scripting/monoscript/fileName/Main_Menu.cs: f6348e4255d4512d0dcdb2fb49162e25 -> c07e093dccce13c197b810bf8802b5e4
  custom:container-demuxer-ogg: 62fdf1f143b41e24485cea50d1cbac27 -> 
  custom:video-codec-MediaFoundation-h265: 746d11721c4dcdbdad8f713fa42b33f4 -> 
  custom:video-decoder-ogg-theora: a1e56fd34408186e4bbccfd4996cb3dc -> 
  custom:framework-win-MediaFoundation: 216162199b28c13a410421893ffa2e32 -> 
  custom:CustomObjectIndexerAttribute: 6d391050e5a25f67b0a2c618074f2cd9 -> 
  custom:container-demuxer-webm: 4f35f7cbe854078d1ac9338744f61a02 -> 
  custom:container-muxer-webm: aa71ff27fc2769a1b78a27578f13a17b -> 
  custom:video-decoder-webm-vp8: 9c59270c3fd7afecdb556c50c9e8de78 -> 
  custom:SearchIndexIgnoredProperties: e643bd26f0fe6173181afceb89e7c659 -> 
  custom:AudioImporter_EditorPlatform: d09bf68614088b80899f8185d706f6e7 -> 
  custom:scripting/monoscript/fileName/Switch.cs: d1c138aee1c9c38a0e7fb9e51eeceb5e -> 71e9fa4e0d71fc9dc4af04dc3efafc1d
  custom:scripting/monoscript/fileName/SpawnerScript.cs: b7f8adfa93716db5a1df93ee8c966b59 -> 28b700d83b75292fea389dbbbe9a4219
  custom:video-encoder-webm-vp8: eb34c28f22e8b96e1ab97ce403110664 -> 
  custom:audio-decoder-ogg-vorbis: bf7c407c2cedff20999df2af8eb42d56 -> 
  custom:scripting/monoscript/fileName/MoveTowardsPlayer.cs: 777982c501ad9aacbefd44f136d0753d -> acefa007f51206f632fdf0398532f8d5
  custom:audio-encoder-webm-vorbis: bf7c407c2cedff20999df2af8eb42d56 -> 
========================================================================
Received Prepare
Begin MonoManager ReloadAssembly
Symbol file LoadedFromMemory is not a mono symbol file
- Loaded All Assemblies, in  0.243 seconds
Refreshing native plugins compatible for Editor in 2.22 ms, found 3 plugins.
Native extension for WindowsStandalone target not found
Native extension for WebGL target not found
[Package Manager] Server::EnsureServerProcessIsRunning -- launch failed, reason: Unity was launched with the -noUpm command-line argument
[Package Manager] UpmClient::Send -- Unable to send message (not connected to UPM process).
[Package Manager] Cannot connect to Unity Package Manager local server
Mono: successfully reloaded assembly
- Finished resetting the current domain, in  0.639 seconds
Domain Reload Profiling: 882ms
	BeginReloadAssembly (90ms)
		ExecutionOrderSort (0ms)
		DisableScriptedObjects (2ms)
		BackupInstance (0ms)
		ReleaseScriptingObjects (0ms)
		CreateAndSetChildDomain (23ms)
	RebuildCommonClasses (17ms)
	RebuildNativeTypeToScriptingClass (6ms)
	initialDomainReloadingComplete (15ms)
	LoadAllAssembliesAndSetupDomain (113ms)
		LoadAssemblies (150ms)
		RebuildTransferFunctionScriptingTraits (0ms)
		AnalyzeDomain (6ms)
			TypeCache.Refresh (3ms)
				TypeCache.ScanAssembly (0ms)
			ScanForSourceGeneratedMonoScriptInfo (0ms)
			ResolveRequiredComponents (2ms)
	FinalizeReload (640ms)
		ReleaseScriptCaches (0ms)
		RebuildScriptCaches (0ms)
		SetupLoadedEditorAssemblies (345ms)
			LogAssemblyErrors (0ms)
			InitializePlatformSupportModulesInManaged (5ms)
			SetLoadedEditorAssemblies (3ms)
			RefreshPlugins (0ms)
			BeforeProcessingInitializeOnLoad (40ms)
			ProcessInitializeOnLoadAttributes (275ms)
			ProcessInitializeOnLoadMethodAttributes (19ms)
			AfterProcessingInitializeOnLoad (3ms)
			EditorAssembliesLoaded (0ms)
		ExecutionOrderSort2 (0ms)
		AwakeInstancesAfterBackupRestoration (4ms)
Failed to load shader (instanceID 474, GUID 2f0aaacddead9f44fa76535dbd52811b)
Failed to load shader (instanceID 472, GUID b90e352d9db3cd5489afb4a5254f731a)
Refreshing native plugins compatible for Editor in 2.63 ms, found 3 plugins.
Preloading 0 native plugins for Editor in 0.00 ms.
Unloading 3703 Unused Serialized files (Serialized files now loaded: 0)
Unloading 26 unused Assets / (32.7 KB). Loaded Objects now: 4225.
Memory consumption went from 153.1 MB to 153.1 MB.
Total: 3.106900 ms (FindLiveObjects: 0.320300 ms CreateObjectMapping: 0.144000 ms MarkObjects: 2.597900 ms  DeleteObjects: 0.044100 ms)

Prepare: number of updated asset objects reloaded= 0
AssetImportParameters requested are different than current active one (requested -> active):
  custom:scripting/monoscript/fileName/Main_Menu.cs: f6348e4255d4512d0dcdb2fb49162e25 -> c07e093dccce13c197b810bf8802b5e4
  custom:container-demuxer-ogg: 62fdf1f143b41e24485cea50d1cbac27 -> 
  custom:video-codec-MediaFoundation-h265: 746d11721c4dcdbdad8f713fa42b33f4 -> 
  custom:video-decoder-ogg-theora: a1e56fd34408186e4bbccfd4996cb3dc -> 
  custom:framework-win-MediaFoundation: 216162199b28c13a410421893ffa2e32 -> 
  custom:CustomObjectIndexerAttribute: 6d391050e5a25f67b0a2c618074f2cd9 -> 
  custom:container-demuxer-webm: 4f35f7cbe854078d1ac9338744f61a02 -> 
  custom:container-muxer-webm: aa71ff27fc2769a1b78a27578f13a17b -> 
  custom:video-decoder-webm-vp8: 9c59270c3fd7afecdb556c50c9e8de78 -> 
  custom:SearchIndexIgnoredProperties: e643bd26f0fe6173181afceb89e7c659 -> 
  custom:AudioImporter_EditorPlatform: d09bf68614088b80899f8185d706f6e7 -> 
  custom:scripting/monoscript/fileName/Switch.cs: d1c138aee1c9c38a0e7fb9e51eeceb5e -> 71e9fa4e0d71fc9dc4af04dc3efafc1d
  custom:scripting/monoscript/fileName/SpawnerScript.cs: b7f8adfa93716db5a1df93ee8c966b59 -> 28b700d83b75292fea389dbbbe9a4219
  custom:video-encoder-webm-vp8: eb34c28f22e8b96e1ab97ce403110664 -> 
  custom:audio-decoder-ogg-vorbis: bf7c407c2cedff20999df2af8eb42d56 -> 
  custom:scripting/monoscript/fileName/MoveTowardsPlayer.cs: 777982c501ad9aacbefd44f136d0753d -> acefa007f51206f632fdf0398532f8d5
  custom:audio-encoder-webm-vorbis: bf7c407c2cedff20999df2af8eb42d56 -> 
========================================================================
Received Prepare
Begin MonoManager ReloadAssembly
Symbol file LoadedFromMemory is not a mono symbol file
- Loaded All Assemblies, in  0.246 seconds
Refreshing native plugins compatible for Editor in 1.95 ms, found 3 plugins.
Native extension for WindowsStandalone target not found
Native extension for WebGL target not found
[Package Manager] Server::EnsureServerProcessIsRunning -- launch failed, reason: Unity was launched with the -noUpm command-line argument
[Package Manager] UpmClient::Send -- Unable to send message (not connected to UPM process).
[Package Manager] Cannot connect to Unity Package Manager local server
Mono: successfully reloaded assembly
- Finished resetting the current domain, in  0.643 seconds
Domain Reload Profiling: 888ms
	BeginReloadAssembly (95ms)
		ExecutionOrderSort (0ms)
		DisableScriptedObjects (3ms)
		BackupInstance (0ms)
		ReleaseScriptingObjects (0ms)
		CreateAndSetChildDomain (23ms)
	RebuildCommonClasses (17ms)
	RebuildNativeTypeToScriptingClass (10ms)
	initialDomainReloadingComplete (15ms)
	LoadAllAssembliesAndSetupDomain (109ms)
		LoadAssemblies (148ms)
		RebuildTransferFunctionScriptingTraits (0ms)
		AnalyzeDomain (6ms)
			TypeCache.Refresh (3ms)
				TypeCache.ScanAssembly (0ms)
			ScanForSourceGeneratedMonoScriptInfo (0ms)
			ResolveRequiredComponents (2ms)
	FinalizeReload (643ms)
		ReleaseScriptCaches (0ms)
		RebuildScriptCaches (0ms)
		SetupLoadedEditorAssemblies (341ms)
			LogAssemblyErrors (0ms)
			InitializePlatformSupportModulesInManaged (4ms)
			SetLoadedEditorAssemblies (2ms)
			RefreshPlugins (0ms)
			BeforeProcessingInitializeOnLoad (40ms)
			ProcessInitializeOnLoadAttributes (270ms)
			ProcessInitializeOnLoadMethodAttributes (21ms)
			AfterProcessingInitializeOnLoad (3ms)
			EditorAssembliesLoaded (0ms)
		ExecutionOrderSort2 (0ms)
		AwakeInstancesAfterBackupRestoration (4ms)
Failed to load shader (instanceID 474, GUID 2f0aaacddead9f44fa76535dbd52811b)
Failed to load shader (instanceID 472, GUID b90e352d9db3cd5489afb4a5254f731a)
Refreshing native plugins compatible for Editor in 2.39 ms, found 3 plugins.
Preloading 0 native plugins for Editor in 0.00 ms.
Unloading 3703 Unused Serialized files (Serialized files now loaded: 0)
Unloading 26 unused Assets / (32.7 KB). Loaded Objects now: 4228.
Memory consumption went from 155.0 MB to 155.0 MB.
Total: 2.774400 ms (FindLiveObjects: 0.337700 ms CreateObjectMapping: 0.177300 ms MarkObjects: 2.212000 ms  DeleteObjects: 0.046800 ms)

Prepare: number of updated asset objects reloaded= 0
AssetImportParameters requested are different than current active one (requested -> active):
  custom:scripting/monoscript/fileName/Main_Menu.cs: f6348e4255d4512d0dcdb2fb49162e25 -> c07e093dccce13c197b810bf8802b5e4
  custom:container-demuxer-ogg: 62fdf1f143b41e24485cea50d1cbac27 -> 
  custom:video-codec-MediaFoundation-h265: 746d11721c4dcdbdad8f713fa42b33f4 -> 
  custom:video-decoder-ogg-theora: a1e56fd34408186e4bbccfd4996cb3dc -> 
  custom:framework-win-MediaFoundation: 216162199b28c13a410421893ffa2e32 -> 
  custom:CustomObjectIndexerAttribute: 6d391050e5a25f67b0a2c618074f2cd9 -> 
  custom:container-demuxer-webm: 4f35f7cbe854078d1ac9338744f61a02 -> 
  custom:container-muxer-webm: aa71ff27fc2769a1b78a27578f13a17b -> 
  custom:video-decoder-webm-vp8: 9c59270c3fd7afecdb556c50c9e8de78 -> 
  custom:SearchIndexIgnoredProperties: e643bd26f0fe6173181afceb89e7c659 -> 
  custom:AudioImporter_EditorPlatform: d09bf68614088b80899f8185d706f6e7 -> 
  custom:scripting/monoscript/fileName/Switch.cs: d1c138aee1c9c38a0e7fb9e51eeceb5e -> 71e9fa4e0d71fc9dc4af04dc3efafc1d
  custom:scripting/monoscript/fileName/SpawnerScript.cs: b7f8adfa93716db5a1df93ee8c966b59 -> 28b700d83b75292fea389dbbbe9a4219
  custom:video-encoder-webm-vp8: eb34c28f22e8b96e1ab97ce403110664 -> 
  custom:audio-decoder-ogg-vorbis: bf7c407c2cedff20999df2af8eb42d56 -> 
  custom:scripting/monoscript/fileName/MoveTowardsPlayer.cs: 777982c501ad9aacbefd44f136d0753d -> acefa007f51206f632fdf0398532f8d5
  custom:audio-encoder-webm-vorbis: bf7c407c2cedff20999df2af8eb42d56 -> 
========================================================================
Received Prepare
Begin MonoManager ReloadAssembly
Symbol file LoadedFromMemory is not a mono symbol file
- Loaded All Assemblies, in  0.249 seconds
Refreshing native plugins compatible for Editor in 2.30 ms, found 3 plugins.
Native extension for WindowsStandalone target not found
Native extension for WebGL target not found
[Package Manager] Server::EnsureServerProcessIsRunning -- launch failed, reason: Unity was launched with the -noUpm command-line argument
[Package Manager] UpmClient::Send -- Unable to send message (not connected to UPM process).
[Package Manager] Cannot connect to Unity Package Manager local server
Mono: successfully reloaded assembly
- Finished resetting the current domain, in  0.634 seconds
Domain Reload Profiling: 882ms
	BeginReloadAssembly (94ms)
		ExecutionOrderSort (0ms)
		DisableScriptedObjects (2ms)
		BackupInstance (0ms)
		ReleaseScriptingObjects (0ms)
		CreateAndSetChildDomain (23ms)
	RebuildCommonClasses (17ms)
	RebuildNativeTypeToScriptingClass (6ms)
	initialDomainReloadingComplete (16ms)
	LoadAllAssembliesAndSetupDomain (114ms)
		LoadAssemblies (152ms)
		RebuildTransferFunctionScriptingTraits (0ms)
		AnalyzeDomain (8ms)
			TypeCache.Refresh (3ms)
				TypeCache.ScanAssembly (0ms)
			ScanForSourceGeneratedMonoScriptInfo (0ms)
			ResolveRequiredComponents (3ms)
	FinalizeReload (634ms)
		ReleaseScriptCaches (0ms)
		RebuildScriptCaches (0ms)
		SetupLoadedEditorAssemblies (330ms)
			LogAssemblyErrors (0ms)
			InitializePlatformSupportModulesInManaged (4ms)
			SetLoadedEditorAssemblies (2ms)
			RefreshPlugins (0ms)
			BeforeProcessingInitializeOnLoad (41ms)
			ProcessInitializeOnLoadAttributes (261ms)
			ProcessInitializeOnLoadMethodAttributes (18ms)
			AfterProcessingInitializeOnLoad (3ms)
			EditorAssembliesLoaded (0ms)
		ExecutionOrderSort2 (0ms)
		AwakeInstancesAfterBackupRestoration (4ms)
Failed to load shader (instanceID 474, GUID 2f0aaacddead9f44fa76535dbd52811b)
Failed to load shader (instanceID 472, GUID b90e352d9db3cd5489afb4a5254f731a)
Refreshing native plugins compatible for Editor in 1.69 ms, found 3 plugins.
Preloading 0 native plugins for Editor in 0.00 ms.
Unloading 3703 Unused Serialized files (Serialized files now loaded: 0)
Unloading 26 unused Assets / (32.8 KB). Loaded Objects now: 4231.
Memory consumption went from 157.0 MB to 156.9 MB.
Total: 2.845700 ms (FindLiveObjects: 0.215700 ms CreateObjectMapping: 0.092800 ms MarkObjects: 2.495900 ms  DeleteObjects: 0.040800 ms)

Prepare: number of updated asset objects reloaded= 0
AssetImportParameters requested are different than current active one (requested -> active):
  custom:scripting/monoscript/fileName/Main_Menu.cs: f6348e4255d4512d0dcdb2fb49162e25 -> c07e093dccce13c197b810bf8802b5e4
  custom:container-demuxer-ogg: 62fdf1f143b41e24485cea50d1cbac27 -> 
  custom:video-codec-MediaFoundation-h265: 746d11721c4dcdbdad8f713fa42b33f4 -> 
  custom:video-decoder-ogg-theora: a1e56fd34408186e4bbccfd4996cb3dc -> 
  custom:framework-win-MediaFoundation: 216162199b28c13a410421893ffa2e32 -> 
  custom:CustomObjectIndexerAttribute: 6d391050e5a25f67b0a2c618074f2cd9 -> 
  custom:container-demuxer-webm: 4f35f7cbe854078d1ac9338744f61a02 -> 
  custom:container-muxer-webm: aa71ff27fc2769a1b78a27578f13a17b -> 
  custom:video-decoder-webm-vp8: 9c59270c3fd7afecdb556c50c9e8de78 -> 
  custom:SearchIndexIgnoredProperties: e643bd26f0fe6173181afceb89e7c659 -> 
  custom:AudioImporter_EditorPlatform: d09bf68614088b80899f8185d706f6e7 -> 
  custom:scripting/monoscript/fileName/Switch.cs: d1c138aee1c9c38a0e7fb9e51eeceb5e -> 71e9fa4e0d71fc9dc4af04dc3efafc1d
  custom:scripting/monoscript/fileName/SpawnerScript.cs: b7f8adfa93716db5a1df93ee8c966b59 -> 28b700d83b75292fea389dbbbe9a4219
  custom:video-encoder-webm-vp8: eb34c28f22e8b96e1ab97ce403110664 -> 
  custom:audio-decoder-ogg-vorbis: bf7c407c2cedff20999df2af8eb42d56 -> 
  custom:scripting/monoscript/fileName/MoveTowardsPlayer.cs: 777982c501ad9aacbefd44f136d0753d -> acefa007f51206f632fdf0398532f8d5
  custom:audio-encoder-webm-vorbis: bf7c407c2cedff20999df2af8eb42d56 -> 
========================================================================
Received Import Request.
  Time since last request: 1013.204850 seconds.
  path: Assets/Map_assets/textures/wall2.mat
  artifactKey: Guid(c28dd59600e570b4a842a9ccec9c1c00) Importer(815301076,1909f56bfc062723c751e8b465ee728b)
Start importing Assets/Map_assets/textures/wall2.mat using Guid(c28dd59600e570b4a842a9ccec9c1c00) Importer(815301076,1909f56bfc062723c751e8b465ee728b)  -> (artifact id: '7634310a3da15a94e0f4ad9682e7ede1') in 0.060934 seconds
Number of updated asset objects reloaded before import = 0
Number of asset objects unloaded after import = 2
========================================================================
Received Import Request.
  Time since last request: 101.490519 seconds.
  path: Assets/Signs/DMG_post_V2.FBX
  artifactKey: Guid(a0ea1c305b5bc124fb1e2804d0dae4f9) Importer(815301076,1909f56bfc062723c751e8b465ee728b)
Start importing Assets/Signs/DMG_post_V2.FBX using Guid(a0ea1c305b5bc124fb1e2804d0dae4f9) Importer(815301076,1909f56bfc062723c751e8b465ee728b)  -> (artifact id: '4884ae0e25da3b193e9f3de35860064e') in 0.028879 seconds
Number of updated asset objects reloaded before import = 0
Number of asset objects unloaded after import = 9
========================================================================
Received Import Request.
  Time since last request: 0.000035 seconds.
  path: Assets/Signs/sign_oneway.FBX
  artifactKey: Guid(d277df776d1e10c4da280420dd2ab4ac) Importer(815301076,1909f56bfc062723c751e8b465ee728b)
Start importing Assets/Signs/sign_oneway.FBX using Guid(d277df776d1e10c4da280420dd2ab4ac) Importer(815301076,1909f56bfc062723c751e8b465ee728b)  -> (artifact id: 'b75f339e2d1a6694cf1d4f79ce07c1ff') in 0.016086 seconds
Number of updated asset objects reloaded before import = 0
Number of asset objects unloaded after import = 10
========================================================================
Received Import Request.
  Time since last request: 0.000016 seconds.
  path: Assets/Signs/Signs_S.dds
  artifactKey: Guid(8db2511c0336a4b429a49925c59d783e) Importer(815301076,1909f56bfc062723c751e8b465ee728b)
Start importing Assets/Signs/Signs_S.dds using Guid(8db2511c0336a4b429a49925c59d783e) Importer(815301076,1909f56bfc062723c751e8b465ee728b)  -> (artifact id: 'fba4a9d8b0f24061bb09f3e350e4c2a4') in 0.013606 seconds
Number of updated asset objects reloaded before import = 0
Number of asset objects unloaded after import = 2
========================================================================
Received Import Request.
  Time since last request: 0.000014 seconds.
  path: Assets/Signs/sign_busstop.FBX
  artifactKey: Guid(386fc3eac15516e4ab30d6516752df69) Importer(815301076,1909f56bfc062723c751e8b465ee728b)
Start importing Assets/Signs/sign_busstop.FBX using Guid(386fc3eac15516e4ab30d6516752df69) Importer(815301076,1909f56bfc062723c751e8b465ee728b)  -> (artifact id: '1bca346817ea1dd0ab2a6380024117b4') in 0.014333 seconds
Number of updated asset objects reloaded before import = 0
Number of asset objects unloaded after import = 10
========================================================================
Received Import Request.
  Time since last request: 0.000016 seconds.
  path: Assets/Signs/sign_parking_LOD1.FBX
  artifactKey: Guid(6fb53949a6f354c4dbf42ebd50ee66c5) Importer(815301076,1909f56bfc062723c751e8b465ee728b)
Start importing Assets/Signs/sign_parking_LOD1.FBX using Guid(6fb53949a6f354c4dbf42ebd50ee66c5) Importer(815301076,1909f56bfc062723c751e8b465ee728b)  -> (artifact id: '90009fe54c0cc91c6f8be89668edb578') in 0.016852 seconds
Number of updated asset objects reloaded before import = 0
Number of asset objects unloaded after import = 10
========================================================================
Received Import Request.
  Time since last request: 0.000016 seconds.
  path: Assets/Signs/Signs_N.dds
  artifactKey: Guid(c3fc4f21f2666a4498af1eac13d89ad5) Importer(815301076,1909f56bfc062723c751e8b465ee728b)
Start importing Assets/Signs/Signs_N.dds using Guid(c3fc4f21f2666a4498af1eac13d89ad5) Importer(815301076,1909f56bfc062723c751e8b465ee728b)  -> (artifact id: 'a2a7e298d072a8a40c87aa9000d20587') in 0.009738 seconds
Number of updated asset objects reloaded before import = 0
Number of asset objects unloaded after import = 2
========================================================================
Received Import Request.
  Time since last request: 0.000013 seconds.
  path: Assets/Signs/sign_speedlimit_25.FBX
  artifactKey: Guid(bc3408d46b6ac2b44af4a24736b992b5) Importer(815301076,1909f56bfc062723c751e8b465ee728b)
Start importing Assets/Signs/sign_speedlimit_25.FBX using Guid(bc3408d46b6ac2b44af4a24736b992b5) Importer(815301076,1909f56bfc062723c751e8b465ee728b)  -> (artifact id: '2bf7c45e06d1163d01fafae9b75d0d30') in 0.013749 seconds
Number of updated asset objects reloaded before import = 0
Number of asset objects unloaded after import = 10
========================================================================
Received Import Request.
  Time since last request: 0.000016 seconds.
  path: Assets/Signs/sign_parking_DMG.FBX
  artifactKey: Guid(e5a136c80b557d5489d03cee7ee43e40) Importer(815301076,1909f56bfc062723c751e8b465ee728b)
Start importing Assets/Signs/sign_parking_DMG.FBX using Guid(e5a136c80b557d5489d03cee7ee43e40) Importer(815301076,1909f56bfc062723c751e8b465ee728b)  -> (artifact id: '884485384a8ba2614fbf0c45ab642488') in 0.012667 seconds
Number of updated asset objects reloaded before import = 0
Number of asset objects unloaded after import = 9
========================================================================
Received Import Request.
  Time since last request: 0.000011 seconds.
  path: Assets/Signs/sign_busstop_LOD1.FBX
  artifactKey: Guid(ad639406f1fce8e469b943ff5bfac377) Importer(815301076,1909f56bfc062723c751e8b465ee728b)
Start importing Assets/Signs/sign_busstop_LOD1.FBX using Guid(ad639406f1fce8e469b943ff5bfac377) Importer(815301076,1909f56bfc062723c751e8b465ee728b)  -> (artifact id: '4b39ccbe5fe00443732808ab911a9674') in 0.013636 seconds
Number of updated asset objects reloaded before import = 0
Number of asset objects unloaded after import = 10
========================================================================
Received Import Request.
  Time since last request: 0.000013 seconds.
  path: Assets/Signs/Signs_D.dds
  artifactKey: Guid(158211fe2e4b9cb4c817b1052acf4253) Importer(815301076,1909f56bfc062723c751e8b465ee728b)
Start importing Assets/Signs/Signs_D.dds using Guid(158211fe2e4b9cb4c817b1052acf4253) Importer(815301076,1909f56bfc062723c751e8b465ee728b)  -> (artifact id: '53a83388f77fbf504205f0b70c912175') in 0.008346 seconds
Number of updated asset objects reloaded before import = 0
Number of asset objects unloaded after import = 2
========================================================================
Received Import Request.
  Time since last request: 0.000014 seconds.
  path: Assets/Signs/sign_noparking.FBX
  artifactKey: Guid(93e817aa3d5216143a527699add96200) Importer(815301076,1909f56bfc062723c751e8b465ee728b)
Start importing Assets/Signs/sign_noparking.FBX using Guid(93e817aa3d5216143a527699add96200) Importer(815301076,1909f56bfc062723c751e8b465ee728b)  -> (artifact id: '4752a6f52d65da664847e2a3e93cec33') in 0.016095 seconds
Number of updated asset objects reloaded before import = 0
Number of asset objects unloaded after import = 10
========================================================================
Received Import Request.
  Time since last request: 0.000011 seconds.
  path: Assets/Signs/sign_stop_02_DMG_LOD1.FBX
  artifactKey: Guid(64eed32df3f16514a8b715d9e244195c) Importer(815301076,1909f56bfc062723c751e8b465ee728b)
Start importing Assets/Signs/sign_stop_02_DMG_LOD1.FBX using Guid(64eed32df3f16514a8b715d9e244195c) Importer(815301076,1909f56bfc062723c751e8b465ee728b)  -> (artifact id: 'dac99af1eb1316e5e95657456beece9f') in 0.012268 seconds
Number of updated asset objects reloaded before import = 0
Number of asset objects unloaded after import = 10
========================================================================
Received Import Request.
  Time since last request: 0.000009 seconds.
  path: Assets/Signs/sign_stop_01_LOD1.FBX
  artifactKey: Guid(3f238d43481a38d4984c9eb22abbdb90) Importer(815301076,1909f56bfc062723c751e8b465ee728b)
Start importing Assets/Signs/sign_stop_01_LOD1.FBX using Guid(3f238d43481a38d4984c9eb22abbdb90) Importer(815301076,1909f56bfc062723c751e8b465ee728b)  -> (artifact id: '4bdd2ace0b0645c5d0f3a4d0deff007b') in 0.012440 seconds
Number of updated asset objects reloaded before import = 0
Number of asset objects unloaded after import = 10
========================================================================
Received Import Request.
  Time since last request: 0.000013 seconds.
  path: Assets/Signs/sign_speedlimit_65_LOD1.FBX
  artifactKey: Guid(7503415e91285ab41a8ba8ba6f1505fd) Importer(815301076,1909f56bfc062723c751e8b465ee728b)
Start importing Assets/Signs/sign_speedlimit_65_LOD1.FBX using Guid(7503415e91285ab41a8ba8ba6f1505fd) Importer(815301076,1909f56bfc062723c751e8b465ee728b)  -> (artifact id: '911ae5a2df7c2b0e82194e5f9baed4e4') in 0.014622 seconds
Number of updated asset objects reloaded before import = 0
Number of asset objects unloaded after import = 10
========================================================================
Received Import Request.
  Time since last request: 0.000014 seconds.
  path: Assets/Signs/sign_noparking_LOD1.FBX
  artifactKey: Guid(63c16154e91e32e478b1f4552e4ff715) Importer(815301076,1909f56bfc062723c751e8b465ee728b)
Start importing Assets/Signs/sign_noparking_LOD1.FBX using Guid(63c16154e91e32e478b1f4552e4ff715) Importer(815301076,1909f56bfc062723c751e8b465ee728b)  -> (artifact id: '9a07051d4648c479633e12400a15b4bd') in 0.014537 seconds
Number of updated asset objects reloaded before import = 0
Number of asset objects unloaded after import = 10
========================================================================
Received Import Request.
  Time since last request: 0.000015 seconds.
  path: Assets/Signs/sign_speedlimit_25_LOD1.FBX
  artifactKey: Guid(c0babfae5d730184db79d07e4a863e60) Importer(815301076,1909f56bfc062723c751e8b465ee728b)
Start importing Assets/Signs/sign_speedlimit_25_LOD1.FBX using Guid(c0babfae5d730184db79d07e4a863e60) Importer(815301076,1909f56bfc062723c751e8b465ee728b)  -> (artifact id: '74f8b07f13874e86fc5f54062e22d947') in 0.015378 seconds
Number of updated asset objects reloaded before import = 0
Number of asset objects unloaded after import = 10
========================================================================
Received Import Request.
  Time since last request: 0.000013 seconds.
  path: Assets/Signs/sign_donotenter.FBX
  artifactKey: Guid(f84cb320682b5e24788a7a2d02860d3c) Importer(815301076,1909f56bfc062723c751e8b465ee728b)
Start importing Assets/Signs/sign_donotenter.FBX using Guid(f84cb320682b5e24788a7a2d02860d3c) Importer(815301076,1909f56bfc062723c751e8b465ee728b)  -> (artifact id: 'e00dcc9aed80d2ca965fcbcea137d33e') in 0.014106 seconds
Number of updated asset objects reloaded before import = 0
Number of asset objects unloaded after import = 10
========================================================================
Received Import Request.
  Time since last request: 15.631528 seconds.
  path: Assets/other/Signs/DMG_post_V3.FBX
  artifactKey: Guid(acce7d17b420f194c9d2b554d7129d95) Importer(815301076,1909f56bfc062723c751e8b465ee728b)
Start importing Assets/other/Signs/DMG_post_V3.FBX using Guid(acce7d17b420f194c9d2b554d7129d95) Importer(815301076,1909f56bfc062723c751e8b465ee728b)  -> (artifact id: 'bce011aa6899d631c47ff43cc7b57b8c') in 0.010894 seconds
Number of updated asset objects reloaded before import = 0
Number of asset objects unloaded after import = 9
========================================================================
Received Import Request.
  Time since last request: 0.000014 seconds.
  path: Assets/other/Signs/sign_oneway.FBX
  artifactKey: Guid(d277df776d1e10c4da280420dd2ab4ac) Importer(815301076,1909f56bfc062723c751e8b465ee728b)
Start importing Assets/other/Signs/sign_oneway.FBX using Guid(d277df776d1e10c4da280420dd2ab4ac) Importer(815301076,1909f56bfc062723c751e8b465ee728b)  -> (artifact id: '8bcca0b6ab3885491f82bf48ff5b6171') in 0.011218 seconds
Number of updated asset objects reloaded before import = 0
Number of asset objects unloaded after import = 10
========================================================================
Received Import Request.
  Time since last request: 0.000010 seconds.
  path: Assets/other/Signs/sign_speedlimit_25_DMG_LOD1.FBX
  artifactKey: Guid(67e1c4eea0122fa4c81dda1a946c8e25) Importer(815301076,1909f56bfc062723c751e8b465ee728b)
Start importing Assets/other/Signs/sign_speedlimit_25_DMG_LOD1.FBX using Guid(67e1c4eea0122fa4c81dda1a946c8e25) Importer(815301076,1909f56bfc062723c751e8b465ee728b)  -> (artifact id: 'a65308744eb8cee393e751a81d330026') in 0.011157 seconds
Number of updated asset objects reloaded before import = 0
Number of asset objects unloaded after import = 10
========================================================================
Received Import Request.
  Time since last request: 0.000015 seconds.
  path: Assets/other/Signs/sign_parking_LOD1.FBX
  artifactKey: Guid(6fb53949a6f354c4dbf42ebd50ee66c5) Importer(815301076,1909f56bfc062723c751e8b465ee728b)
Start importing Assets/other/Signs/sign_parking_LOD1.FBX using Guid(6fb53949a6f354c4dbf42ebd50ee66c5) Importer(815301076,1909f56bfc062723c751e8b465ee728b)  -> (artifact id: 'dd7c82ab111462fe2e3b1e426b200b53') in 0.013944 seconds
Number of updated asset objects reloaded before import = 0
Number of asset objects unloaded after import = 10
========================================================================
Received Import Request.
  Time since last request: 0.000014 seconds.
  path: Assets/other/Signs/sign_speedlimit_25.FBX
  artifactKey: Guid(bc3408d46b6ac2b44af4a24736b992b5) Importer(815301076,1909f56bfc062723c751e8b465ee728b)
Start importing Assets/other/Signs/sign_speedlimit_25.FBX using Guid(bc3408d46b6ac2b44af4a24736b992b5) Importer(815301076,1909f56bfc062723c751e8b465ee728b)  -> (artifact id: '5179c0948b1710a328dbd1ee5cafba8f') in 0.014812 seconds
Number of updated asset objects reloaded before import = 0
Number of asset objects unloaded after import = 10
========================================================================
Received Import Request.
  Time since last request: 0.000019 seconds.
  path: Assets/other/Signs/sign_parking_DMG.FBX
  artifactKey: Guid(e5a136c80b557d5489d03cee7ee43e40) Importer(815301076,1909f56bfc062723c751e8b465ee728b)
Start importing Assets/other/Signs/sign_parking_DMG.FBX using Guid(e5a136c80b557d5489d03cee7ee43e40) Importer(815301076,1909f56bfc062723c751e8b465ee728b)  -> (artifact id: '22f8e6fd66b0f13a0ddc37e70a171a53') in 0.013604 seconds
Number of updated asset objects reloaded before import = 0
Number of asset objects unloaded after import = 9
========================================================================
Received Import Request.
  Time since last request: 0.000012 seconds.
  path: Assets/other/Signs/sign_busstop_LOD1.FBX
  artifactKey: Guid(ad639406f1fce8e469b943ff5bfac377) Importer(815301076,1909f56bfc062723c751e8b465ee728b)
Start importing Assets/other/Signs/sign_busstop_LOD1.FBX using Guid(ad639406f1fce8e469b943ff5bfac377) Importer(815301076,1909f56bfc062723c751e8b465ee728b)  -> (artifact id: '6615b12321bf39a0fb410d1da4b2e5ed') in 0.013276 seconds
Number of updated asset objects reloaded before import = 0
Number of asset objects unloaded after import = 10
========================================================================
Received Import Request.
  Time since last request: 0.000012 seconds.
  path: Assets/other/Signs/sign_noparking.FBX
  artifactKey: Guid(93e817aa3d5216143a527699add96200) Importer(815301076,1909f56bfc062723c751e8b465ee728b)
Start importing Assets/other/Signs/sign_noparking.FBX using Guid(93e817aa3d5216143a527699add96200) Importer(815301076,1909f56bfc062723c751e8b465ee728b)  -> (artifact id: '328437dc81fd74ce18bb9fa5818ef37e') in 0.012408 seconds
Number of updated asset objects reloaded before import = 0
Number of asset objects unloaded after import = 10
========================================================================
Received Import Request.
  Time since last request: 0.000012 seconds.
  path: Assets/other/Signs/sign_deadend_LOD1.FBX
  artifactKey: Guid(99f51486621e4dc4f88bdc675e93716e) Importer(815301076,1909f56bfc062723c751e8b465ee728b)
Start importing Assets/other/Signs/sign_deadend_LOD1.FBX using Guid(99f51486621e4dc4f88bdc675e93716e) Importer(815301076,1909f56bfc062723c751e8b465ee728b)  -> (artifact id: '7d74c3c605e2778ca9808c1ca78e72ac') in 0.012905 seconds
Number of updated asset objects reloaded before import = 0
Number of asset objects unloaded after import = 10
========================================================================
Received Import Request.
  Time since last request: 0.000021 seconds.
  path: Assets/other/Signs/sign_stop_01_LOD1.FBX
  artifactKey: Guid(3f238d43481a38d4984c9eb22abbdb90) Importer(815301076,1909f56bfc062723c751e8b465ee728b)
Start importing Assets/other/Signs/sign_stop_01_LOD1.FBX using Guid(3f238d43481a38d4984c9eb22abbdb90) Importer(815301076,1909f56bfc062723c751e8b465ee728b)  -> (artifact id: 'e3785880f87a5b801f456694aa7fc19d') in 0.013534 seconds
Number of updated asset objects reloaded before import = 0
Number of asset objects unloaded after import = 10
========================================================================
Received Import Request.
  Time since last request: 0.000026 seconds.
  path: Assets/other/Signs/sign_deadend.FBX
  artifactKey: Guid(fb99ea588d4fa0b4a99f9e217603cc84) Importer(815301076,1909f56bfc062723c751e8b465ee728b)
Start importing Assets/other/Signs/sign_deadend.FBX using Guid(fb99ea588d4fa0b4a99f9e217603cc84) Importer(815301076,1909f56bfc062723c751e8b465ee728b)  -> (artifact id: '6da60c95c29345f71267235e9306178b') in 0.014980 seconds
Number of updated asset objects reloaded before import = 0
Number of asset objects unloaded after import = 10
========================================================================
Received Import Request.
  Time since last request: 0.000017 seconds.
  path: Assets/other/Signs/sign_donotenter.FBX
  artifactKey: Guid(f84cb320682b5e24788a7a2d02860d3c) Importer(815301076,1909f56bfc062723c751e8b465ee728b)
Start importing Assets/other/Signs/sign_donotenter.FBX using Guid(f84cb320682b5e24788a7a2d02860d3c) Importer(815301076,1909f56bfc062723c751e8b465ee728b)  -> (artifact id: '91a9806722966cb0e0b71b2e9334e77f') in 0.014806 seconds
Number of updated asset objects reloaded before import = 0
Number of asset objects unloaded after import = 10
========================================================================
Received Import Request.
  Time since last request: 0.000013 seconds.
  path: Assets/other/Signs/sign_stop_01.FBX
  artifactKey: Guid(62e090edb03485e4e8c60a264846ece9) Importer(815301076,1909f56bfc062723c751e8b465ee728b)
Start importing Assets/other/Signs/sign_stop_01.FBX using Guid(62e090edb03485e4e8c60a264846ece9) Importer(815301076,1909f56bfc062723c751e8b465ee728b)  -> (artifact id: 'f7876f64b7ff44cf0f072958d6dca598') in 0.013356 seconds
Number of updated asset objects reloaded before import = 0
Number of asset objects unloaded after import = 10
========================================================================
Received Prepare
Begin MonoManager ReloadAssembly
Symbol file LoadedFromMemory is not a mono symbol file
- Loaded All Assemblies, in  0.250 seconds
Refreshing native plugins compatible for Editor in 1.62 ms, found 3 plugins.
Native extension for WindowsStandalone target not found
Native extension for WebGL target not found
[Package Manager] Server::EnsureServerProcessIsRunning -- launch failed, reason: Unity was launched with the -noUpm command-line argument
[Package Manager] UpmClient::Send -- Unable to send message (not connected to UPM process).
[Package Manager] Cannot connect to Unity Package Manager local server
Mono: successfully reloaded assembly
- Finished resetting the current domain, in  0.649 seconds
Domain Reload Profiling: 898ms
	BeginReloadAssembly (94ms)
		ExecutionOrderSort (0ms)
		DisableScriptedObjects (2ms)
		BackupInstance (0ms)
		ReleaseScriptingObjects (0ms)
		CreateAndSetChildDomain (24ms)
	RebuildCommonClasses (19ms)
	RebuildNativeTypeToScriptingClass (7ms)
	initialDomainReloadingComplete (15ms)
	LoadAllAssembliesAndSetupDomain (114ms)
		LoadAssemblies (152ms)
		RebuildTransferFunctionScriptingTraits (0ms)
		AnalyzeDomain (6ms)
			TypeCache.Refresh (3ms)
				TypeCache.ScanAssembly (0ms)
			ScanForSourceGeneratedMonoScriptInfo (0ms)
			ResolveRequiredComponents (2ms)
	FinalizeReload (650ms)
		ReleaseScriptCaches (0ms)
		RebuildScriptCaches (0ms)
		SetupLoadedEditorAssemblies (341ms)
			LogAssemblyErrors (0ms)
			InitializePlatformSupportModulesInManaged (4ms)
			SetLoadedEditorAssemblies (2ms)
			RefreshPlugins (0ms)
			BeforeProcessingInitializeOnLoad (40ms)
			ProcessInitializeOnLoadAttributes (273ms)
			ProcessInitializeOnLoadMethodAttributes (19ms)
			AfterProcessingInitializeOnLoad (3ms)
			EditorAssembliesLoaded (0ms)
		ExecutionOrderSort2 (0ms)
		AwakeInstancesAfterBackupRestoration (4ms)
Failed to load shader (instanceID 474, GUID 2f0aaacddead9f44fa76535dbd52811b)
Failed to load shader (instanceID 472, GUID b90e352d9db3cd5489afb4a5254f731a)
Refreshing native plugins compatible for Editor in 1.70 ms, found 3 plugins.
Preloading 0 native plugins for Editor in 0.00 ms.
Unloading 3702 Unused Serialized files (Serialized files now loaded: 0)
Unloading 26 unused Assets / (32.8 KB). Loaded Objects now: 4277.
Memory consumption went from 163.4 MB to 163.4 MB.
Total: 2.444800 ms (FindLiveObjects: 0.236600 ms CreateObjectMapping: 0.089600 ms MarkObjects: 2.080000 ms  DeleteObjects: 0.037900 ms)

Prepare: number of updated asset objects reloaded= 0
AssetImportParameters requested are different than current active one (requested -> active):
  custom:scripting/monoscript/fileName/Main_Menu.cs: f6348e4255d4512d0dcdb2fb49162e25 -> c07e093dccce13c197b810bf8802b5e4
  custom:container-demuxer-ogg: 62fdf1f143b41e24485cea50d1cbac27 -> 
  custom:video-codec-MediaFoundation-h265: 746d11721c4dcdbdad8f713fa42b33f4 -> 
  custom:video-decoder-ogg-theora: a1e56fd34408186e4bbccfd4996cb3dc -> 
  custom:framework-win-MediaFoundation: 216162199b28c13a410421893ffa2e32 -> 
  custom:CustomObjectIndexerAttribute: 6d391050e5a25f67b0a2c618074f2cd9 -> 
  custom:container-demuxer-webm: 4f35f7cbe854078d1ac9338744f61a02 -> 
  custom:container-muxer-webm: aa71ff27fc2769a1b78a27578f13a17b -> 
  custom:video-decoder-webm-vp8: 9c59270c3fd7afecdb556c50c9e8de78 -> 
  custom:SearchIndexIgnoredProperties: e643bd26f0fe6173181afceb89e7c659 -> 
  custom:AudioImporter_EditorPlatform: d09bf68614088b80899f8185d706f6e7 -> 
  custom:scripting/monoscript/fileName/Switch.cs: d1c138aee1c9c38a0e7fb9e51eeceb5e -> 71e9fa4e0d71fc9dc4af04dc3efafc1d
  custom:scripting/monoscript/fileName/SpawnerScript.cs: b7f8adfa93716db5a1df93ee8c966b59 -> 28b700d83b75292fea389dbbbe9a4219
  custom:video-encoder-webm-vp8: eb34c28f22e8b96e1ab97ce403110664 -> 
  custom:audio-decoder-ogg-vorbis: bf7c407c2cedff20999df2af8eb42d56 -> 
  custom:scripting/monoscript/fileName/MoveTowardsPlayer.cs: 777982c501ad9aacbefd44f136d0753d -> acefa007f51206f632fdf0398532f8d5
  custom:audio-encoder-webm-vorbis: bf7c407c2cedff20999df2af8eb42d56 -> 
========================================================================
Received Prepare
Begin MonoManager ReloadAssembly
Symbol file LoadedFromMemory is not a mono symbol file
- Loaded All Assemblies, in  0.249 seconds
Refreshing native plugins compatible for Editor in 1.78 ms, found 3 plugins.
Native extension for WindowsStandalone target not found
Native extension for WebGL target not found
[Package Manager] Server::EnsureServerProcessIsRunning -- launch failed, reason: Unity was launched with the -noUpm command-line argument
[Package Manager] UpmClient::Send -- Unable to send message (not connected to UPM process).
[Package Manager] Cannot connect to Unity Package Manager local server
Mono: successfully reloaded assembly
- Finished resetting the current domain, in  0.643 seconds
Domain Reload Profiling: 890ms
	BeginReloadAssembly (93ms)
		ExecutionOrderSort (0ms)
		DisableScriptedObjects (2ms)
		BackupInstance (0ms)
		ReleaseScriptingObjects (0ms)
		CreateAndSetChildDomain (24ms)
	RebuildCommonClasses (17ms)
	RebuildNativeTypeToScriptingClass (6ms)
	initialDomainReloadingComplete (16ms)
	LoadAllAssembliesAndSetupDomain (115ms)
		LoadAssemblies (151ms)
		RebuildTransferFunctionScriptingTraits (0ms)
		AnalyzeDomain (7ms)
			TypeCache.Refresh (3ms)
				TypeCache.ScanAssembly (0ms)
			ScanForSourceGeneratedMonoScriptInfo (0ms)
			ResolveRequiredComponents (3ms)
	FinalizeReload (643ms)
		ReleaseScriptCaches (0ms)
		RebuildScriptCaches (0ms)
		SetupLoadedEditorAssemblies (337ms)
			LogAssemblyErrors (0ms)
			InitializePlatformSupportModulesInManaged (4ms)
			SetLoadedEditorAssemblies (2ms)
			RefreshPlugins (0ms)
			BeforeProcessingInitializeOnLoad (42ms)
			ProcessInitializeOnLoadAttributes (268ms)
			ProcessInitializeOnLoadMethodAttributes (17ms)
			AfterProcessingInitializeOnLoad (3ms)
			EditorAssembliesLoaded (0ms)
		ExecutionOrderSort2 (0ms)
		AwakeInstancesAfterBackupRestoration (4ms)
Failed to load shader (instanceID 474, GUID 2f0aaacddead9f44fa76535dbd52811b)
Failed to load shader (instanceID 472, GUID b90e352d9db3cd5489afb4a5254f731a)
Refreshing native plugins compatible for Editor in 1.73 ms, found 3 plugins.
Preloading 0 native plugins for Editor in 0.00 ms.
Unloading 3703 Unused Serialized files (Serialized files now loaded: 0)
Unloading 26 unused Assets / (32.8 KB). Loaded Objects now: 4280.
Memory consumption went from 165.6 MB to 165.6 MB.
Total: 2.907500 ms (FindLiveObjects: 0.205700 ms CreateObjectMapping: 0.093800 ms MarkObjects: 2.564000 ms  DeleteObjects: 0.043500 ms)

Prepare: number of updated asset objects reloaded= 0
AssetImportParameters requested are different than current active one (requested -> active):
  custom:scripting/monoscript/fileName/Main_Menu.cs: f6348e4255d4512d0dcdb2fb49162e25 -> c07e093dccce13c197b810bf8802b5e4
  custom:container-demuxer-ogg: 62fdf1f143b41e24485cea50d1cbac27 -> 
  custom:video-codec-MediaFoundation-h265: 746d11721c4dcdbdad8f713fa42b33f4 -> 
  custom:video-decoder-ogg-theora: a1e56fd34408186e4bbccfd4996cb3dc -> 
  custom:framework-win-MediaFoundation: 216162199b28c13a410421893ffa2e32 -> 
  custom:CustomObjectIndexerAttribute: 6d391050e5a25f67b0a2c618074f2cd9 -> 
  custom:container-demuxer-webm: 4f35f7cbe854078d1ac9338744f61a02 -> 
  custom:container-muxer-webm: aa71ff27fc2769a1b78a27578f13a17b -> 
  custom:video-decoder-webm-vp8: 9c59270c3fd7afecdb556c50c9e8de78 -> 
  custom:SearchIndexIgnoredProperties: e643bd26f0fe6173181afceb89e7c659 -> 
  custom:AudioImporter_EditorPlatform: d09bf68614088b80899f8185d706f6e7 -> 
  custom:scripting/monoscript/fileName/Switch.cs: d1c138aee1c9c38a0e7fb9e51eeceb5e -> 71e9fa4e0d71fc9dc4af04dc3efafc1d
  custom:scripting/monoscript/fileName/SpawnerScript.cs: b7f8adfa93716db5a1df93ee8c966b59 -> 28b700d83b75292fea389dbbbe9a4219
  custom:video-encoder-webm-vp8: eb34c28f22e8b96e1ab97ce403110664 -> 
  custom:audio-decoder-ogg-vorbis: bf7c407c2cedff20999df2af8eb42d56 -> 
  custom:scripting/monoscript/fileName/MoveTowardsPlayer.cs: 777982c501ad9aacbefd44f136d0753d -> acefa007f51206f632fdf0398532f8d5
  custom:audio-encoder-webm-vorbis: bf7c407c2cedff20999df2af8eb42d56 -> 
========================================================================
Received Prepare
Begin MonoManager ReloadAssembly
Symbol file LoadedFromMemory is not a mono symbol file
- Loaded All Assemblies, in  0.249 seconds
Refreshing native plugins compatible for Editor in 1.44 ms, found 3 plugins.
Native extension for WindowsStandalone target not found
Native extension for WebGL target not found
[Package Manager] Server::EnsureServerProcessIsRunning -- launch failed, reason: Unity was launched with the -noUpm command-line argument
[Package Manager] UpmClient::Send -- Unable to send message (not connected to UPM process).
[Package Manager] Cannot connect to Unity Package Manager local server
Mono: successfully reloaded assembly
- Finished resetting the current domain, in  0.660 seconds
Domain Reload Profiling: 908ms
	BeginReloadAssembly (100ms)
		ExecutionOrderSort (0ms)
		DisableScriptedObjects (3ms)
		BackupInstance (0ms)
		ReleaseScriptingObjects (0ms)
		CreateAndSetChildDomain (29ms)
	RebuildCommonClasses (17ms)
	RebuildNativeTypeToScriptingClass (6ms)
	initialDomainReloadingComplete (14ms)
	LoadAllAssembliesAndSetupDomain (111ms)
		LoadAssemblies (147ms)
		RebuildTransferFunctionScriptingTraits (0ms)
		AnalyzeDomain (7ms)
			TypeCache.Refresh (3ms)
				TypeCache.ScanAssembly (0ms)
			ScanForSourceGeneratedMonoScriptInfo (0ms)
			ResolveRequiredComponents (2ms)
	FinalizeReload (660ms)
		ReleaseScriptCaches (0ms)
		RebuildScriptCaches (0ms)
		SetupLoadedEditorAssemblies (354ms)
			LogAssemblyErrors (0ms)
			InitializePlatformSupportModulesInManaged (4ms)
			SetLoadedEditorAssemblies (2ms)
			RefreshPlugins (0ms)
			BeforeProcessingInitializeOnLoad (42ms)
			ProcessInitializeOnLoadAttributes (284ms)
			ProcessInitializeOnLoadMethodAttributes (19ms)
			AfterProcessingInitializeOnLoad (3ms)
			EditorAssembliesLoaded (0ms)
		ExecutionOrderSort2 (0ms)
		AwakeInstancesAfterBackupRestoration (4ms)
Failed to load shader (instanceID 474, GUID 2f0aaacddead9f44fa76535dbd52811b)
Failed to load shader (instanceID 472, GUID b90e352d9db3cd5489afb4a5254f731a)
Refreshing native plugins compatible for Editor in 1.81 ms, found 3 plugins.
Preloading 0 native plugins for Editor in 0.00 ms.
Unloading 3703 Unused Serialized files (Serialized files now loaded: 0)
Unloading 26 unused Assets / (32.8 KB). Loaded Objects now: 4283.
Memory consumption went from 167.5 MB to 167.5 MB.
Total: 2.707000 ms (FindLiveObjects: 0.361100 ms CreateObjectMapping: 0.147200 ms MarkObjects: 2.159400 ms  DeleteObjects: 0.038500 ms)

Prepare: number of updated asset objects reloaded= 0
AssetImportParameters requested are different than current active one (requested -> active):
  custom:scripting/monoscript/fileName/Main_Menu.cs: f6348e4255d4512d0dcdb2fb49162e25 -> c07e093dccce13c197b810bf8802b5e4
  custom:container-demuxer-ogg: 62fdf1f143b41e24485cea50d1cbac27 -> 
  custom:video-codec-MediaFoundation-h265: 746d11721c4dcdbdad8f713fa42b33f4 -> 
  custom:video-decoder-ogg-theora: a1e56fd34408186e4bbccfd4996cb3dc -> 
  custom:framework-win-MediaFoundation: 216162199b28c13a410421893ffa2e32 -> 
  custom:CustomObjectIndexerAttribute: 6d391050e5a25f67b0a2c618074f2cd9 -> 
  custom:container-demuxer-webm: 4f35f7cbe854078d1ac9338744f61a02 -> 
  custom:container-muxer-webm: aa71ff27fc2769a1b78a27578f13a17b -> 
  custom:video-decoder-webm-vp8: 9c59270c3fd7afecdb556c50c9e8de78 -> 
  custom:SearchIndexIgnoredProperties: e643bd26f0fe6173181afceb89e7c659 -> 
  custom:AudioImporter_EditorPlatform: d09bf68614088b80899f8185d706f6e7 -> 
  custom:scripting/monoscript/fileName/Switch.cs: d1c138aee1c9c38a0e7fb9e51eeceb5e -> 71e9fa4e0d71fc9dc4af04dc3efafc1d
  custom:scripting/monoscript/fileName/SpawnerScript.cs: b7f8adfa93716db5a1df93ee8c966b59 -> 28b700d83b75292fea389dbbbe9a4219
  custom:video-encoder-webm-vp8: eb34c28f22e8b96e1ab97ce403110664 -> 
  custom:audio-decoder-ogg-vorbis: bf7c407c2cedff20999df2af8eb42d56 -> 
  custom:scripting/monoscript/fileName/MoveTowardsPlayer.cs: 777982c501ad9aacbefd44f136d0753d -> acefa007f51206f632fdf0398532f8d5
  custom:audio-encoder-webm-vorbis: bf7c407c2cedff20999df2af8eb42d56 -> 
========================================================================
Received Import Request.
  Time since last request: 432.002852 seconds.
  path: Assets/other/Standard Assets/Environment/SpeedTree/Broadleaf/Broadleaf_Mobile.spm
  artifactKey: Guid(6aab193b7693b5e4c9741f1917d2987c) Importer(815301076,1909f56bfc062723c751e8b465ee728b)
Start importing Assets/other/Standard Assets/Environment/SpeedTree/Broadleaf/Broadleaf_Mobile.spm using Guid(6aab193b7693b5e4c9741f1917d2987c) Importer(815301076,1909f56bfc062723c751e8b465ee728b)  -> (artifact id: '9656ed6275afe0e65194e81734f5a01f') in 0.087708 seconds
Number of updated asset objects reloaded before import = 0
Number of asset objects unloaded after import = 46
========================================================================
Received Import Request.
  Time since last request: 5.758868 seconds.
  path: Assets/other/Standard Assets/Environment/SpeedTree/Palm/Palm_Desktop.spm
  artifactKey: Guid(d027af1092f6b434090f040565e7e656) Importer(815301076,1909f56bfc062723c751e8b465ee728b)
Start importing Assets/other/Standard Assets/Environment/SpeedTree/Palm/Palm_Desktop.spm using Guid(d027af1092f6b434090f040565e7e656) Importer(815301076,1909f56bfc062723c751e8b465ee728b)  -> (artifact id: 'f08a67e7c4000c29201d1ce5739840c1') in 0.029823 seconds
Number of updated asset objects reloaded before import = 0
Number of asset objects unloaded after import = 46
========================================================================
Received Prepare
Begin MonoManager ReloadAssembly
Symbol file LoadedFromMemory is not a mono symbol file
- Loaded All Assemblies, in  0.254 seconds
Refreshing native plugins compatible for Editor in 2.10 ms, found 3 plugins.
Native extension for WindowsStandalone target not found
Native extension for WebGL target not found
[Package Manager] Server::EnsureServerProcessIsRunning -- launch failed, reason: Unity was launched with the -noUpm command-line argument
[Package Manager] UpmClient::Send -- Unable to send message (not connected to UPM process).
[Package Manager] Cannot connect to Unity Package Manager local server
Mono: successfully reloaded assembly
- Finished resetting the current domain, in  0.650 seconds
Domain Reload Profiling: 904ms
	BeginReloadAssembly (100ms)
		ExecutionOrderSort (0ms)
		DisableScriptedObjects (2ms)
		BackupInstance (0ms)
		ReleaseScriptingObjects (0ms)
		CreateAndSetChildDomain (28ms)
	RebuildCommonClasses (17ms)
	RebuildNativeTypeToScriptingClass (6ms)
	initialDomainReloadingComplete (15ms)
	LoadAllAssembliesAndSetupDomain (116ms)
		LoadAssemblies (155ms)
		RebuildTransferFunctionScriptingTraits (0ms)
		AnalyzeDomain (9ms)
			TypeCache.Refresh (5ms)
				TypeCache.ScanAssembly (0ms)
			ScanForSourceGeneratedMonoScriptInfo (0ms)
			ResolveRequiredComponents (3ms)
	FinalizeReload (651ms)
		ReleaseScriptCaches (0ms)
		RebuildScriptCaches (0ms)
		SetupLoadedEditorAssemblies (337ms)
			LogAssemblyErrors (0ms)
			InitializePlatformSupportModulesInManaged (4ms)
			SetLoadedEditorAssemblies (2ms)
			RefreshPlugins (0ms)
			BeforeProcessingInitializeOnLoad (40ms)
			ProcessInitializeOnLoadAttributes (270ms)
			ProcessInitializeOnLoadMethodAttributes (18ms)
			AfterProcessingInitializeOnLoad (3ms)
			EditorAssembliesLoaded (0ms)
		ExecutionOrderSort2 (0ms)
		AwakeInstancesAfterBackupRestoration (4ms)
Failed to load shader (instanceID 474, GUID 2f0aaacddead9f44fa76535dbd52811b)
Failed to load shader (instanceID 472, GUID b90e352d9db3cd5489afb4a5254f731a)
Refreshing native plugins compatible for Editor in 2.25 ms, found 3 plugins.
Preloading 0 native plugins for Editor in 0.00 ms.
Unloading 3702 Unused Serialized files (Serialized files now loaded: 0)
Unloading 26 unused Assets / (32.7 KB). Loaded Objects now: 4289.
Memory consumption went from 172.6 MB to 172.6 MB.
Total: 2.437700 ms (FindLiveObjects: 0.210800 ms CreateObjectMapping: 0.097200 ms MarkObjects: 2.089400 ms  DeleteObjects: 0.039700 ms)

Prepare: number of updated asset objects reloaded= 0
AssetImportParameters requested are different than current active one (requested -> active):
  custom:scripting/monoscript/fileName/Main_Menu.cs: f6348e4255d4512d0dcdb2fb49162e25 -> c07e093dccce13c197b810bf8802b5e4
  custom:container-demuxer-ogg: 62fdf1f143b41e24485cea50d1cbac27 -> 
  custom:video-codec-MediaFoundation-h265: 746d11721c4dcdbdad8f713fa42b33f4 -> 
  custom:video-decoder-ogg-theora: a1e56fd34408186e4bbccfd4996cb3dc -> 
  custom:framework-win-MediaFoundation: 216162199b28c13a410421893ffa2e32 -> 
  custom:CustomObjectIndexerAttribute: 6d391050e5a25f67b0a2c618074f2cd9 -> 
  custom:container-demuxer-webm: 4f35f7cbe854078d1ac9338744f61a02 -> 
  custom:container-muxer-webm: aa71ff27fc2769a1b78a27578f13a17b -> 
  custom:video-decoder-webm-vp8: 9c59270c3fd7afecdb556c50c9e8de78 -> 
  custom:SearchIndexIgnoredProperties: e643bd26f0fe6173181afceb89e7c659 -> 
  custom:AudioImporter_EditorPlatform: d09bf68614088b80899f8185d706f6e7 -> 
  custom:scripting/monoscript/fileName/Switch.cs: d1c138aee1c9c38a0e7fb9e51eeceb5e -> 71e9fa4e0d71fc9dc4af04dc3efafc1d
  custom:scripting/monoscript/fileName/SpawnerScript.cs: b7f8adfa93716db5a1df93ee8c966b59 -> 28b700d83b75292fea389dbbbe9a4219
  custom:video-encoder-webm-vp8: eb34c28f22e8b96e1ab97ce403110664 -> 
  custom:audio-decoder-ogg-vorbis: bf7c407c2cedff20999df2af8eb42d56 -> 
  custom:scripting/monoscript/fileName/MoveTowardsPlayer.cs: 777982c501ad9aacbefd44f136d0753d -> acefa007f51206f632fdf0398532f8d5
  custom:audio-encoder-webm-vorbis: bf7c407c2cedff20999df2af8eb42d56 -> 
========================================================================
Received Prepare
Begin MonoManager ReloadAssembly
Symbol file LoadedFromMemory is not a mono symbol file
- Loaded All Assemblies, in  0.261 seconds
Refreshing native plugins compatible for Editor in 1.76 ms, found 3 plugins.
Native extension for WindowsStandalone target not found
Native extension for WebGL target not found
[Package Manager] Server::EnsureServerProcessIsRunning -- launch failed, reason: Unity was launched with the -noUpm command-line argument
[Package Manager] UpmClient::Send -- Unable to send message (not connected to UPM process).
[Package Manager] Cannot connect to Unity Package Manager local server
Mono: successfully reloaded assembly
- Finished resetting the current domain, in  0.637 seconds
Domain Reload Profiling: 896ms
	BeginReloadAssembly (99ms)
		ExecutionOrderSort (0ms)
		DisableScriptedObjects (2ms)
		BackupInstance (0ms)
		ReleaseScriptingObjects (0ms)
		CreateAndSetChildDomain (24ms)
	RebuildCommonClasses (17ms)
	RebuildNativeTypeToScriptingClass (6ms)
	initialDomainReloadingComplete (14ms)
	LoadAllAssembliesAndSetupDomain (123ms)
		LoadAssemblies (166ms)
		RebuildTransferFunctionScriptingTraits (0ms)
		AnalyzeDomain (8ms)
			TypeCache.Refresh (3ms)
				TypeCache.ScanAssembly (0ms)
			ScanForSourceGeneratedMonoScriptInfo (0ms)
			ResolveRequiredComponents (3ms)
	FinalizeReload (637ms)
		ReleaseScriptCaches (0ms)
		RebuildScriptCaches (0ms)
		SetupLoadedEditorAssemblies (332ms)
			LogAssemblyErrors (0ms)
			InitializePlatformSupportModulesInManaged (4ms)
			SetLoadedEditorAssemblies (2ms)
			RefreshPlugins (0ms)
			BeforeProcessingInitializeOnLoad (41ms)
			ProcessInitializeOnLoadAttributes (264ms)
			ProcessInitializeOnLoadMethodAttributes (17ms)
			AfterProcessingInitializeOnLoad (3ms)
			EditorAssembliesLoaded (0ms)
		ExecutionOrderSort2 (0ms)
		AwakeInstancesAfterBackupRestoration (4ms)
Failed to load shader (instanceID 474, GUID 2f0aaacddead9f44fa76535dbd52811b)
Failed to load shader (instanceID 472, GUID b90e352d9db3cd5489afb4a5254f731a)
Refreshing native plugins compatible for Editor in 1.77 ms, found 3 plugins.
Preloading 0 native plugins for Editor in 0.00 ms.
Unloading 3703 Unused Serialized files (Serialized files now loaded: 0)
Unloading 26 unused Assets / (32.8 KB). Loaded Objects now: 4292.
Memory consumption went from 174.8 MB to 174.7 MB.
Total: 2.432600 ms (FindLiveObjects: 0.203300 ms CreateObjectMapping: 0.072300 ms MarkObjects: 2.118600 ms  DeleteObjects: 0.037900 ms)

Prepare: number of updated asset objects reloaded= 0
AssetImportParameters requested are different than current active one (requested -> active):
  custom:scripting/monoscript/fileName/Main_Menu.cs: f6348e4255d4512d0dcdb2fb49162e25 -> c07e093dccce13c197b810bf8802b5e4
  custom:container-demuxer-ogg: 62fdf1f143b41e24485cea50d1cbac27 -> 
  custom:video-codec-MediaFoundation-h265: 746d11721c4dcdbdad8f713fa42b33f4 -> 
  custom:video-decoder-ogg-theora: a1e56fd34408186e4bbccfd4996cb3dc -> 
  custom:framework-win-MediaFoundation: 216162199b28c13a410421893ffa2e32 -> 
  custom:CustomObjectIndexerAttribute: 6d391050e5a25f67b0a2c618074f2cd9 -> 
  custom:container-demuxer-webm: 4f35f7cbe854078d1ac9338744f61a02 -> 
  custom:container-muxer-webm: aa71ff27fc2769a1b78a27578f13a17b -> 
  custom:video-decoder-webm-vp8: 9c59270c3fd7afecdb556c50c9e8de78 -> 
  custom:SearchIndexIgnoredProperties: e643bd26f0fe6173181afceb89e7c659 -> 
  custom:AudioImporter_EditorPlatform: d09bf68614088b80899f8185d706f6e7 -> 
  custom:scripting/monoscript/fileName/Switch.cs: d1c138aee1c9c38a0e7fb9e51eeceb5e -> 71e9fa4e0d71fc9dc4af04dc3efafc1d
  custom:scripting/monoscript/fileName/SpawnerScript.cs: b7f8adfa93716db5a1df93ee8c966b59 -> 28b700d83b75292fea389dbbbe9a4219
  custom:video-encoder-webm-vp8: eb34c28f22e8b96e1ab97ce403110664 -> 
  custom:audio-decoder-ogg-vorbis: bf7c407c2cedff20999df2af8eb42d56 -> 
  custom:scripting/monoscript/fileName/MoveTowardsPlayer.cs: 777982c501ad9aacbefd44f136d0753d -> acefa007f51206f632fdf0398532f8d5
  custom:audio-encoder-webm-vorbis: bf7c407c2cedff20999df2af8eb42d56 -> 
========================================================================
Received Import Request.
  Time since last request: 424.187303 seconds.
  path: Assets/other/bricks_1k_textures/brown_brick_02/brown_brick_02_bump_1k.jpg
  artifactKey: Guid(2c1eece8ce24b214f8b767fd59d676ca) Importer(815301076,1909f56bfc062723c751e8b465ee728b)
Start importing Assets/other/bricks_1k_textures/brown_brick_02/brown_brick_02_bump_1k.jpg using Guid(2c1eece8ce24b214f8b767fd59d676ca) Importer(815301076,1909f56bfc062723c751e8b465ee728b)  -> (artifact id: '400404cfe98307f910d3402f84635274') in 0.034335 seconds
Number of updated asset objects reloaded before import = 0
Number of asset objects unloaded after import = 2
========================================================================
Received Import Request.
  Time since last request: 0.000012 seconds.
  path: Assets/other/bricks_1k_textures/brown_brick_02/brown_brick_02_diff_1k.jpg
  artifactKey: Guid(fbdb960648e16c941ade358745aafeb9) Importer(815301076,1909f56bfc062723c751e8b465ee728b)
Start importing Assets/other/bricks_1k_textures/brown_brick_02/brown_brick_02_diff_1k.jpg using Guid(fbdb960648e16c941ade358745aafeb9) Importer(815301076,1909f56bfc062723c751e8b465ee728b)  -> (artifact id: '10aec06f5868c2e8c292232ed2338841') in 0.010351 seconds
Number of updated asset objects reloaded before import = 0
Number of asset objects unloaded after import = 2
========================================================================
Received Import Request.
  Time since last request: 0.000013 seconds.
  path: Assets/other/bricks_1k_textures/brown_brick_02/brown_brick_02_rough_1k.jpg
  artifactKey: Guid(a6d34274872dccd4db1a3a52a6c0c5eb) Importer(815301076,1909f56bfc062723c751e8b465ee728b)
Start importing Assets/other/bricks_1k_textures/brown_brick_02/brown_brick_02_rough_1k.jpg using Guid(a6d34274872dccd4db1a3a52a6c0c5eb) Importer(815301076,1909f56bfc062723c751e8b465ee728b)  -> (artifact id: '7eae3c5f4ff5ab3cc41a9382255d4097') in 0.008898 seconds
Number of updated asset objects reloaded before import = 0
Number of asset objects unloaded after import = 2
========================================================================
Received Import Request.
  Time since last request: 49.750149 seconds.
  path: Assets/other/bricks_1k_textures/red_brick_plaster_patch_02/red_brick_plaster_patch_02_bump_1k.jpg
  artifactKey: Guid(c47bf877179ae6641bae6ec78c3cbdae) Importer(815301076,1909f56bfc062723c751e8b465ee728b)
Start importing Assets/other/bricks_1k_textures/red_brick_plaster_patch_02/red_brick_plaster_patch_02_bump_1k.jpg using Guid(c47bf877179ae6641bae6ec78c3cbdae) Importer(815301076,1909f56bfc062723c751e8b465ee728b)  -> (artifact id: '4250d101143813b31a734ff739d306c2') in 0.008744 seconds
Number of updated asset objects reloaded before import = 0
Number of asset objects unloaded after import = 2
========================================================================
Received Import Request.
  Time since last request: 0.000009 seconds.
  path: Assets/other/bricks_1k_textures/red_brick_plaster_patch_02/red_brick_plaster_patch_02_rough_1k.jpg
  artifactKey: Guid(204a8966ee3c46f49b8f92dba638b35a) Importer(815301076,1909f56bfc062723c751e8b465ee728b)
Start importing Assets/other/bricks_1k_textures/red_brick_plaster_patch_02/red_brick_plaster_patch_02_rough_1k.jpg using Guid(204a8966ee3c46f49b8f92dba638b35a) Importer(815301076,1909f56bfc062723c751e8b465ee728b)  -> (artifact id: '27f0cd81a0e6beb890bbaafb88596e22') in 0.009056 seconds
Number of updated asset objects reloaded before import = 0
Number of asset objects unloaded after import = 2
========================================================================
Received Import Request.
  Time since last request: 0.000010 seconds.
  path: Assets/other/bricks_1k_textures/red_brick_plaster_patch_02/red_brick_plaster_patch_02_spec_1k.jpg
  artifactKey: Guid(2eeafb30db9704d408056687eb93f314) Importer(815301076,1909f56bfc062723c751e8b465ee728b)
Start importing Assets/other/bricks_1k_textures/red_brick_plaster_patch_02/red_brick_plaster_patch_02_spec_1k.jpg using Guid(2eeafb30db9704d408056687eb93f314) Importer(815301076,1909f56bfc062723c751e8b465ee728b)  -> (artifact id: '3533fe81c244a2aae7a31d4c9767edf6') in 0.008788 seconds
Number of updated asset objects reloaded before import = 0
Number of asset objects unloaded after import = 2
========================================================================
Received Prepare
Begin MonoManager ReloadAssembly
Symbol file LoadedFromMemory is not a mono symbol file
- Loaded All Assemblies, in  0.266 seconds
Refreshing native plugins compatible for Editor in 1.62 ms, found 3 plugins.
Native extension for WindowsStandalone target not found
Native extension for WebGL target not found
[Package Manager] Server::EnsureServerProcessIsRunning -- launch failed, reason: Unity was launched with the -noUpm command-line argument
[Package Manager] UpmClient::Send -- Unable to send message (not connected to UPM process).
[Package Manager] Cannot connect to Unity Package Manager local server
Mono: successfully reloaded assembly
- Finished resetting the current domain, in  0.663 seconds
Domain Reload Profiling: 929ms
	BeginReloadAssembly (103ms)
		ExecutionOrderSort (0ms)
		DisableScriptedObjects (2ms)
		BackupInstance (0ms)
		ReleaseScriptingObjects (0ms)
		CreateAndSetChildDomain (26ms)
	RebuildCommonClasses (17ms)
	RebuildNativeTypeToScriptingClass (8ms)
	initialDomainReloadingComplete (22ms)
	LoadAllAssembliesAndSetupDomain (114ms)
		LoadAssemblies (156ms)
		RebuildTransferFunctionScriptingTraits (0ms)
		AnalyzeDomain (7ms)
			TypeCache.Refresh (4ms)
				TypeCache.ScanAssembly (0ms)
			ScanForSourceGeneratedMonoScriptInfo (0ms)
			ResolveRequiredComponents (2ms)
	FinalizeReload (664ms)
		ReleaseScriptCaches (0ms)
		RebuildScriptCaches (0ms)
		SetupLoadedEditorAssemblies (368ms)
			LogAssemblyErrors (0ms)
			InitializePlatformSupportModulesInManaged (4ms)
			SetLoadedEditorAssemblies (2ms)
			RefreshPlugins (0ms)
			BeforeProcessingInitializeOnLoad (40ms)
			ProcessInitializeOnLoadAttributes (296ms)
			ProcessInitializeOnLoadMethodAttributes (22ms)
			AfterProcessingInitializeOnLoad (3ms)
			EditorAssembliesLoaded (0ms)
		ExecutionOrderSort2 (0ms)
		AwakeInstancesAfterBackupRestoration (5ms)
Failed to load shader (instanceID 474, GUID 2f0aaacddead9f44fa76535dbd52811b)
Failed to load shader (instanceID 472, GUID b90e352d9db3cd5489afb4a5254f731a)
Refreshing native plugins compatible for Editor in 2.38 ms, found 3 plugins.
Preloading 0 native plugins for Editor in 0.00 ms.
Unloading 3702 Unused Serialized files (Serialized files now loaded: 0)
Unloading 26 unused Assets / (32.8 KB). Loaded Objects now: 4295.
Memory consumption went from 176.4 MB to 176.4 MB.
Total: 2.767100 ms (FindLiveObjects: 0.229400 ms CreateObjectMapping: 0.093700 ms MarkObjects: 2.402600 ms  DeleteObjects: 0.040900 ms)

Prepare: number of updated asset objects reloaded= 0
AssetImportParameters requested are different than current active one (requested -> active):
  custom:scripting/monoscript/fileName/Main_Menu.cs: f6348e4255d4512d0dcdb2fb49162e25 -> c07e093dccce13c197b810bf8802b5e4
  custom:container-demuxer-ogg: 62fdf1f143b41e24485cea50d1cbac27 -> 
  custom:video-codec-MediaFoundation-h265: 746d11721c4dcdbdad8f713fa42b33f4 -> 
  custom:video-decoder-ogg-theora: a1e56fd34408186e4bbccfd4996cb3dc -> 
  custom:framework-win-MediaFoundation: 216162199b28c13a410421893ffa2e32 -> 
  custom:CustomObjectIndexerAttribute: 6d391050e5a25f67b0a2c618074f2cd9 -> 
  custom:container-demuxer-webm: 4f35f7cbe854078d1ac9338744f61a02 -> 
  custom:container-muxer-webm: aa71ff27fc2769a1b78a27578f13a17b -> 
  custom:video-decoder-webm-vp8: 9c59270c3fd7afecdb556c50c9e8de78 -> 
  custom:SearchIndexIgnoredProperties: e643bd26f0fe6173181afceb89e7c659 -> 
  custom:AudioImporter_EditorPlatform: d09bf68614088b80899f8185d706f6e7 -> 
  custom:scripting/monoscript/fileName/Switch.cs: d1c138aee1c9c38a0e7fb9e51eeceb5e -> 71e9fa4e0d71fc9dc4af04dc3efafc1d
  custom:scripting/monoscript/fileName/SpawnerScript.cs: b7f8adfa93716db5a1df93ee8c966b59 -> 28b700d83b75292fea389dbbbe9a4219
  custom:video-encoder-webm-vp8: eb34c28f22e8b96e1ab97ce403110664 -> 
  custom:audio-decoder-ogg-vorbis: bf7c407c2cedff20999df2af8eb42d56 -> 
  custom:scripting/monoscript/fileName/MoveTowardsPlayer.cs: 777982c501ad9aacbefd44f136d0753d -> acefa007f51206f632fdf0398532f8d5
  custom:audio-encoder-webm-vorbis: bf7c407c2cedff20999df2af8eb42d56 -> 
Editor requested this worker to shutdown with reason: Scaling down because of idle timeout
TcpMessagingSession - receive error: operation aborted. errorcode: 995, details: The I/O operation has been aborted because of either a thread exit or an application request.
AssetImportWorker is now disconnected from the server
Process exiting
Exiting without the bug reporter. Application will terminate with return code 0