Using pre-set license
Built from '2022.3/release' branch; Version is '2022.3.18f1 (d29bea25151d) revision 13802474'; Using compiler version '192829333'; Build Type 'Release'
OS: 'Windows 11  (10.0.22631) 64bit Professional' Language: 'en' Physical Memory: 31968 MB
BatchMode: 1, IsHumanControllingUs: 0, StartBugReporterOnCrash: 0, Is64bit: 1, IsPro: 1

COMMAND LINE ARGUMENTS:
C:\Program Files\Unity\Hub\Editor\2022.3.18f1\Editor\Unity.exe
-adb2
-batchMode
-noUpm
-name
AssetImportWorker8
-projectPath
C:/Users/Nikola/Documents/GitHub/Zombocalypse/Zombocalypse
-logFile
Logs/AssetImportWorker8.log
-srvPort
50446
Successfully changed project path to: C:/Users/Nikola/Documents/GitHub/Zombocalypse/Zombocalypse
C:/Users/Nikola/Documents/GitHub/Zombocalypse/Zombocalypse
[UnityMemory] Configuration Parameters - Can be set up in boot.config
    "memorysetup-bucket-allocator-granularity=16"
    "memorysetup-bucket-allocator-bucket-count=8"
    "memorysetup-bucket-allocator-block-size=33554432"
    "memorysetup-bucket-allocator-block-count=8"
    "memorysetup-main-allocator-block-size=16777216"
    "memorysetup-thread-allocator-block-size=16777216"
    "memorysetup-gfx-main-allocator-block-size=16777216"
    "memorysetup-gfx-thread-allocator-block-size=16777216"
    "memorysetup-cache-allocator-block-size=4194304"
    "memorysetup-typetree-allocator-block-size=2097152"
    "memorysetup-profiler-bucket-allocator-granularity=16"
    "memorysetup-profiler-bucket-allocator-bucket-count=8"
    "memorysetup-profiler-bucket-allocator-block-size=33554432"
    "memorysetup-profiler-bucket-allocator-block-count=8"
    "memorysetup-profiler-allocator-block-size=16777216"
    "memorysetup-profiler-editor-allocator-block-size=1048576"
    "memorysetup-temp-allocator-size-main=16777216"
    "memorysetup-job-temp-allocator-block-size=2097152"
    "memorysetup-job-temp-allocator-block-size-background=1048576"
    "memorysetup-job-temp-allocator-reduction-small-platforms=262144"
    "memorysetup-allocator-temp-initial-block-size-main=262144"
    "memorysetup-allocator-temp-initial-block-size-worker=262144"
    "memorysetup-temp-allocator-size-background-worker=32768"
    "memorysetup-temp-allocator-size-job-worker=262144"
    "memorysetup-temp-allocator-size-preload-manager=33554432"
    "memorysetup-temp-allocator-size-nav-mesh-worker=65536"
    "memorysetup-temp-allocator-size-audio-worker=65536"
    "memorysetup-temp-allocator-size-cloud-worker=32768"
    "memorysetup-temp-allocator-size-gi-baking-worker=262144"
    "memorysetup-temp-allocator-size-gfx=262144"
Player connection [46212] Host "[IP] 192.168.1.99 [Port] 0 [Flags] 2 [Guid] 506669596 [EditorId] 506669596 [Version] 1048832 [Id] WindowsEditor(7,PC) [Debug] 1 [PackageName] WindowsEditor [ProjectName] Editor" joined multi-casting on [225.0.0.222:54997]...

Player connection [46212] Host "[IP] 192.168.1.99 [Port] 0 [Flags] 2 [Guid] 506669596 [EditorId] 506669596 [Version] 1048832 [Id] WindowsEditor(7,PC) [Debug] 1 [PackageName] WindowsEditor [ProjectName] Editor" joined alternative multi-casting on [225.0.0.222:34997]...

[Physics::Module] Initialized MultithreadedJobDispatcher with 11 workers.
Refreshing native plugins compatible for Editor in 4.82 ms, found 3 plugins.
Preloading 0 native plugins for Editor in 0.00 ms.
Initialize engine version: 2022.3.18f1 (d29bea25151d)
[Subsystems] Discovering subsystems at path C:/Program Files/Unity/Hub/Editor/2022.3.18f1/Editor/Data/Resources/UnitySubsystems
[Subsystems] Discovering subsystems at path C:/Users/Nikola/Documents/GitHub/Zombocalypse/Zombocalypse/Assets
GfxDevice: creating device client; threaded=0; jobified=0
Direct3D:
    Version:  Direct3D 11.0 [level 11.1]
    Renderer: AMD Radeon RX 7800 XT (ID=0x747e)
    Vendor:   ATI
    VRAM:     16172 MB
    Driver:   31.0.24002.92
Initialize mono
Mono path[0] = 'C:/Program Files/Unity/Hub/Editor/2022.3.18f1/Editor/Data/Managed'
Mono path[1] = 'C:/Program Files/Unity/Hub/Editor/2022.3.18f1/Editor/Data/MonoBleedingEdge/lib/mono/unityjit-win32'
Mono config path = 'C:/Program Files/Unity/Hub/Editor/2022.3.18f1/Editor/Data/MonoBleedingEdge/etc'
Using monoOptions --debugger-agent=transport=dt_socket,embedding=1,server=y,suspend=n,address=127.0.0.1:56732
Begin MonoManager ReloadAssembly
Registering precompiled unity dll's ...
Register platform support module: C:/Program Files/Unity/Hub/Editor/2022.3.18f1/Editor/Data/PlaybackEngines/WebGLSupport/UnityEditor.WebGL.Extensions.dll
Register platform support module: C:/Program Files/Unity/Hub/Editor/2022.3.18f1/Editor/Data/PlaybackEngines/WindowsStandaloneSupport/UnityEditor.WindowsStandalone.Extensions.dll
Registered in 0.003591 seconds.
- Loaded All Assemblies, in  0.191 seconds
Native extension for WindowsStandalone target not found
Native extension for WebGL target not found
Mono: successfully reloaded assembly
- Finished resetting the current domain, in  0.152 seconds
Domain Reload Profiling: 342ms
	BeginReloadAssembly (62ms)
		ExecutionOrderSort (0ms)
		DisableScriptedObjects (0ms)
		BackupInstance (0ms)
		ReleaseScriptingObjects (0ms)
		CreateAndSetChildDomain (0ms)
	RebuildCommonClasses (20ms)
	RebuildNativeTypeToScriptingClass (6ms)
	initialDomainReloadingComplete (31ms)
	LoadAllAssembliesAndSetupDomain (71ms)
		LoadAssemblies (62ms)
		RebuildTransferFunctionScriptingTraits (0ms)
		AnalyzeDomain (70ms)
			TypeCache.Refresh (69ms)
				TypeCache.ScanAssembly (62ms)
			ScanForSourceGeneratedMonoScriptInfo (0ms)
			ResolveRequiredComponents (0ms)
	FinalizeReload (152ms)
		ReleaseScriptCaches (0ms)
		RebuildScriptCaches (0ms)
		SetupLoadedEditorAssemblies (121ms)
			LogAssemblyErrors (0ms)
			InitializePlatformSupportModulesInManaged (6ms)
			SetLoadedEditorAssemblies (3ms)
			RefreshPlugins (0ms)
			BeforeProcessingInitializeOnLoad (1ms)
			ProcessInitializeOnLoadAttributes (81ms)
			ProcessInitializeOnLoadMethodAttributes (30ms)
			AfterProcessingInitializeOnLoad (0ms)
			EditorAssembliesLoaded (0ms)
		ExecutionOrderSort2 (0ms)
		AwakeInstancesAfterBackupRestoration (0ms)
========================================================================
Worker process is ready to serve import requests
Begin MonoManager ReloadAssembly
Symbol file LoadedFromMemory is not a mono symbol file
- Loaded All Assemblies, in  0.336 seconds
Refreshing native plugins compatible for Editor in 1.57 ms, found 3 plugins.
Native extension for WindowsStandalone target not found
Native extension for WebGL target not found
Package Manager log level set to [2]
[Package Manager] Server::EnsureServerProcessIsRunning -- launch failed, reason: Unity was launched with the -noUpm command-line argument
[Package Manager] UpmClient::Send -- Unable to send message (not connected to UPM process).
[Package Manager] Cannot connect to Unity Package Manager local server
Mono: successfully reloaded assembly
- Finished resetting the current domain, in  0.383 seconds
Domain Reload Profiling: 718ms
	BeginReloadAssembly (79ms)
		ExecutionOrderSort (0ms)
		DisableScriptedObjects (3ms)
		BackupInstance (0ms)
		ReleaseScriptingObjects (0ms)
		CreateAndSetChildDomain (14ms)
	RebuildCommonClasses (17ms)
	RebuildNativeTypeToScriptingClass (7ms)
	initialDomainReloadingComplete (21ms)
	LoadAllAssembliesAndSetupDomain (211ms)
		LoadAssemblies (155ms)
		RebuildTransferFunctionScriptingTraits (0ms)
		AnalyzeDomain (101ms)
			TypeCache.Refresh (87ms)
				TypeCache.ScanAssembly (77ms)
			ScanForSourceGeneratedMonoScriptInfo (11ms)
			ResolveRequiredComponents (2ms)
	FinalizeReload (383ms)
		ReleaseScriptCaches (0ms)
		RebuildScriptCaches (0ms)
		SetupLoadedEditorAssemblies (310ms)
			LogAssemblyErrors (0ms)
			InitializePlatformSupportModulesInManaged (3ms)
			SetLoadedEditorAssemblies (2ms)
			RefreshPlugins (0ms)
			BeforeProcessingInitializeOnLoad (34ms)
			ProcessInitializeOnLoadAttributes (252ms)
			ProcessInitializeOnLoadMethodAttributes (16ms)
			AfterProcessingInitializeOnLoad (3ms)
			EditorAssembliesLoaded (0ms)
		ExecutionOrderSort2 (0ms)
		AwakeInstancesAfterBackupRestoration (4ms)
Failed to load shader (instanceID 438, GUID e008cddabe2ee464e86c31af2b5b07c9)
Failed to load shader (instanceID 424, GUID e8f3ce2cbe4971147b1b7f04b791e52a)
Launched and connected shader compiler UnityShaderCompiler.exe after 0.03 seconds
Refreshing native plugins compatible for Editor in 1.51 ms, found 3 plugins.
Preloading 0 native plugins for Editor in 0.00 ms.
Unloading 3729 Unused Serialized files (Serialized files now loaded: 0)
Unloading 35 unused Assets / (59.5 KB). Loaded Objects now: 4221.
Memory consumption went from 154.6 MB to 154.5 MB.
Total: 2.473200 ms (FindLiveObjects: 0.184500 ms CreateObjectMapping: 0.070300 ms MarkObjects: 2.134500 ms  DeleteObjects: 0.083500 ms)

AssetImportParameters requested are different than current active one (requested -> active):
  custom:container-demuxer-ogg: 62fdf1f143b41e24485cea50d1cbac27 -> 
  custom:video-codec-MediaFoundation-h265: 746d11721c4dcdbdad8f713fa42b33f4 -> 
  custom:video-decoder-ogg-theora: a1e56fd34408186e4bbccfd4996cb3dc -> 
  custom:scripting/monoscript/fileName/PlayerHoverController.cs: 7c3b24e6003bfc3753fe4dcd628b63d3 -> 
  custom:framework-win-MediaFoundation: 216162199b28c13a410421893ffa2e32 -> 
  custom:scripting/monoscript/fileName/Camera2DFollow.cs: 36d4332d4c2ffe3b416bc2a4e8365925 -> 
  custom:scripting/monoscript/fileName/SplatMapGenerator.cs: 978523f7220bcfbfe4e97dde54f01a88 -> 
  custom:CustomObjectIndexerAttribute: 6d391050e5a25f67b0a2c618074f2cd9 -> 
  custom:scripting/monoscript/fileName/SimpleSmoothMouseLook.cs: cff7259a09eaa180476819b446c45906 -> 
  custom:container-demuxer-webm: 4f35f7cbe854078d1ac9338744f61a02 -> 
  custom:scripting/monoscript/fileName/ForceGrassDistanceInEditor.cs: c02d90dd62271f0368ce2fc0457cb68c -> 
  custom:container-muxer-webm: aa71ff27fc2769a1b78a27578f13a17b -> 
  custom:scripting/monoscript/fileName/PlaceOnSurfaceAtStart.cs: 6425012b1be9be14fc1a64db64d75783 -> 
  custom:video-decoder-webm-vp8: 9c59270c3fd7afecdb556c50c9e8de78 -> 
  custom:scripting/monoscript/fileName/CircleMoverSample.cs: abdbac9546c68b758ba1e8d085187f86 -> 
  custom:scripting/monoscript/fileName/SpawnInArea.cs: d58f698a91ea9cb4b48b0bb3ab224695 -> 
  custom:scripting/monoscript/fileName/TreeExplosion.cs: ff76bbd7bd3d2bad80b109a5f521d638 -> 
  custom:SearchIndexIgnoredProperties: e643bd26f0fe6173181afceb89e7c659 -> 
  custom:AudioImporter_EditorPlatform: d09bf68614088b80899f8185d706f6e7 -> 
  custom:scripting/monoscript/fileName/TerrainTools.cs: 0a67150dc84c7f556953f508bb42ee41 -> 
  custom:scripting/monoscript/fileName/TerrainQualitySettings.cs: 97d80f5eabf04f6efb29519e09b7914e -> 
  custom:scripting/monoscript/fileName/RandomObjectMap.cs: c5c361040658a3dbeb1ecde31a0ba042 -> 
  custom:video-encoder-webm-vp8: eb34c28f22e8b96e1ab97ce403110664 -> 
  custom:scripting/monoscript/fileName/TTTools2D.cs: 938225aaf3ff01b2de05233ebd91ba4b -> 
  custom:audio-decoder-ogg-vorbis: bf7c407c2cedff20999df2af8eb42d56 -> 
  custom:scripting/monoscript/fileName/PlaceOnTerrain.cs: 16680a467d31626be1291a9d1cb5e268 -> 
  custom:scripting/monoscript/fileName/IncrementalSplatmapping.cs: 4c2306b73b507e70f0971eb6fe596f3e -> 
  custom:scripting/monoscript/fileName/ClearWaterLevel.cs: 63b8059750396ec04cedbc48fec03d0d -> 
  custom:audio-encoder-webm-vorbis: bf7c407c2cedff20999df2af8eb42d56 -> 
  custom:scripting/monoscript/fileName/KeepOnSurface.cs: b5186260965dd31cfcb27dea430d35ae -> 
========================================================================
Received Import Request.
  Time since last request: 8851.076691 seconds.
  path: Assets/Road Blocker/Materials/RoadBlocker1-Road_sign__AO.tga.mat
  artifactKey: Guid(570d3136b89e88a4098e076fc48918d1) Importer(815301076,1909f56bfc062723c751e8b465ee728b)
Start importing Assets/Road Blocker/Materials/RoadBlocker1-Road_sign__AO.tga.mat using Guid(570d3136b89e88a4098e076fc48918d1) Importer(815301076,1909f56bfc062723c751e8b465ee728b)  -> (artifact id: '3183be7940c7cce6196c860f11caeefa') in 0.055178 seconds
Number of updated asset objects reloaded before import = 0
Number of asset objects unloaded after import = 1
========================================================================
Received Prepare
Begin MonoManager ReloadAssembly
Symbol file LoadedFromMemory is not a mono symbol file
- Loaded All Assemblies, in  0.258 seconds
Refreshing native plugins compatible for Editor in 1.81 ms, found 3 plugins.
Native extension for WindowsStandalone target not found
Native extension for WebGL target not found
[Package Manager] Server::EnsureServerProcessIsRunning -- launch failed, reason: Unity was launched with the -noUpm command-line argument
[Package Manager] UpmClient::Send -- Unable to send message (not connected to UPM process).
[Package Manager] Cannot connect to Unity Package Manager local server
Mono: successfully reloaded assembly
- Finished resetting the current domain, in  0.648 seconds
Domain Reload Profiling: 905ms
	BeginReloadAssembly (97ms)
		ExecutionOrderSort (0ms)
		DisableScriptedObjects (3ms)
		BackupInstance (0ms)
		ReleaseScriptingObjects (0ms)
		CreateAndSetChildDomain (27ms)
	RebuildCommonClasses (22ms)
	RebuildNativeTypeToScriptingClass (7ms)
	initialDomainReloadingComplete (20ms)
	LoadAllAssembliesAndSetupDomain (111ms)
		LoadAssemblies (150ms)
		RebuildTransferFunctionScriptingTraits (0ms)
		AnalyzeDomain (7ms)
			TypeCache.Refresh (3ms)
				TypeCache.ScanAssembly (0ms)
			ScanForSourceGeneratedMonoScriptInfo (0ms)
			ResolveRequiredComponents (2ms)
	FinalizeReload (648ms)
		ReleaseScriptCaches (0ms)
		RebuildScriptCaches (0ms)
		SetupLoadedEditorAssemblies (359ms)
			LogAssemblyErrors (0ms)
			InitializePlatformSupportModulesInManaged (4ms)
			SetLoadedEditorAssemblies (2ms)
			RefreshPlugins (0ms)
			BeforeProcessingInitializeOnLoad (40ms)
			ProcessInitializeOnLoadAttributes (286ms)
			ProcessInitializeOnLoadMethodAttributes (20ms)
			AfterProcessingInitializeOnLoad (4ms)
			EditorAssembliesLoaded (1ms)
		ExecutionOrderSort2 (0ms)
		AwakeInstancesAfterBackupRestoration (7ms)
Failed to load shader (instanceID 438, GUID e008cddabe2ee464e86c31af2b5b07c9)
Failed to load shader (instanceID 424, GUID e8f3ce2cbe4971147b1b7f04b791e52a)
Refreshing native plugins compatible for Editor in 2.10 ms, found 3 plugins.
Preloading 0 native plugins for Editor in 0.00 ms.
Unloading 3707 Unused Serialized files (Serialized files now loaded: 0)
Unloading 26 unused Assets / (32.6 KB). Loaded Objects now: 4265.
Memory consumption went from 156.3 MB to 156.3 MB.
Total: 2.223400 ms (FindLiveObjects: 0.196800 ms CreateObjectMapping: 0.054300 ms MarkObjects: 1.932800 ms  DeleteObjects: 0.039000 ms)

Prepare: number of updated asset objects reloaded= 0
AssetImportParameters requested are different than current active one (requested -> active):
  custom:container-demuxer-ogg: 62fdf1f143b41e24485cea50d1cbac27 -> 
  custom:video-codec-MediaFoundation-h265: 746d11721c4dcdbdad8f713fa42b33f4 -> 
  custom:video-decoder-ogg-theora: a1e56fd34408186e4bbccfd4996cb3dc -> 
  custom:scripting/monoscript/fileName/PlayerHoverController.cs: 7c3b24e6003bfc3753fe4dcd628b63d3 -> 
  custom:framework-win-MediaFoundation: 216162199b28c13a410421893ffa2e32 -> 
  custom:scripting/monoscript/fileName/Camera2DFollow.cs: 36d4332d4c2ffe3b416bc2a4e8365925 -> 
  custom:scripting/monoscript/fileName/SplatMapGenerator.cs: 978523f7220bcfbfe4e97dde54f01a88 -> 
  custom:CustomObjectIndexerAttribute: 6d391050e5a25f67b0a2c618074f2cd9 -> 
  custom:scripting/monoscript/fileName/SimpleSmoothMouseLook.cs: cff7259a09eaa180476819b446c45906 -> 
  custom:container-demuxer-webm: 4f35f7cbe854078d1ac9338744f61a02 -> 
  custom:scripting/monoscript/fileName/ForceGrassDistanceInEditor.cs: c02d90dd62271f0368ce2fc0457cb68c -> 
  custom:container-muxer-webm: aa71ff27fc2769a1b78a27578f13a17b -> 
  custom:scripting/monoscript/fileName/PlaceOnSurfaceAtStart.cs: 6425012b1be9be14fc1a64db64d75783 -> 
  custom:video-decoder-webm-vp8: 9c59270c3fd7afecdb556c50c9e8de78 -> 
  custom:scripting/monoscript/fileName/CircleMoverSample.cs: abdbac9546c68b758ba1e8d085187f86 -> 
  custom:scripting/monoscript/fileName/SpawnInArea.cs: d58f698a91ea9cb4b48b0bb3ab224695 -> 
  custom:scripting/monoscript/fileName/TreeExplosion.cs: ff76bbd7bd3d2bad80b109a5f521d638 -> 
  custom:SearchIndexIgnoredProperties: e643bd26f0fe6173181afceb89e7c659 -> 
  custom:AudioImporter_EditorPlatform: d09bf68614088b80899f8185d706f6e7 -> 
  custom:scripting/monoscript/fileName/TerrainTools.cs: 0a67150dc84c7f556953f508bb42ee41 -> 
  custom:scripting/monoscript/fileName/TerrainQualitySettings.cs: 97d80f5eabf04f6efb29519e09b7914e -> 
  custom:scripting/monoscript/fileName/RandomObjectMap.cs: c5c361040658a3dbeb1ecde31a0ba042 -> 
  custom:video-encoder-webm-vp8: eb34c28f22e8b96e1ab97ce403110664 -> 
  custom:scripting/monoscript/fileName/TTTools2D.cs: 938225aaf3ff01b2de05233ebd91ba4b -> 
  custom:audio-decoder-ogg-vorbis: bf7c407c2cedff20999df2af8eb42d56 -> 
  custom:scripting/monoscript/fileName/PlaceOnTerrain.cs: 16680a467d31626be1291a9d1cb5e268 -> 
  custom:scripting/monoscript/fileName/IncrementalSplatmapping.cs: 4c2306b73b507e70f0971eb6fe596f3e -> 
  custom:scripting/monoscript/fileName/ClearWaterLevel.cs: 63b8059750396ec04cedbc48fec03d0d -> 
  custom:audio-encoder-webm-vorbis: bf7c407c2cedff20999df2af8eb42d56 -> 
  custom:scripting/monoscript/fileName/KeepOnSurface.cs: b5186260965dd31cfcb27dea430d35ae -> 
========================================================================
Received Prepare
Begin MonoManager ReloadAssembly
Symbol file LoadedFromMemory is not a mono symbol file
- Loaded All Assemblies, in  0.247 seconds
Refreshing native plugins compatible for Editor in 1.88 ms, found 3 plugins.
Native extension for WindowsStandalone target not found
Native extension for WebGL target not found
[Package Manager] Server::EnsureServerProcessIsRunning -- launch failed, reason: Unity was launched with the -noUpm command-line argument
[Package Manager] UpmClient::Send -- Unable to send message (not connected to UPM process).
[Package Manager] Cannot connect to Unity Package Manager local server
Mono: successfully reloaded assembly
- Finished resetting the current domain, in  0.664 seconds
Domain Reload Profiling: 910ms
	BeginReloadAssembly (95ms)
		ExecutionOrderSort (0ms)
		DisableScriptedObjects (3ms)
		BackupInstance (0ms)
		ReleaseScriptingObjects (0ms)
		CreateAndSetChildDomain (24ms)
	RebuildCommonClasses (17ms)
	RebuildNativeTypeToScriptingClass (6ms)
	initialDomainReloadingComplete (15ms)
	LoadAllAssembliesAndSetupDomain (112ms)
		LoadAssemblies (151ms)
		RebuildTransferFunctionScriptingTraits (0ms)
		AnalyzeDomain (7ms)
			TypeCache.Refresh (3ms)
				TypeCache.ScanAssembly (0ms)
			ScanForSourceGeneratedMonoScriptInfo (0ms)
			ResolveRequiredComponents (2ms)
	FinalizeReload (665ms)
		ReleaseScriptCaches (0ms)
		RebuildScriptCaches (0ms)
		SetupLoadedEditorAssemblies (361ms)
			LogAssemblyErrors (0ms)
			InitializePlatformSupportModulesInManaged (4ms)
			SetLoadedEditorAssemblies (2ms)
			RefreshPlugins (0ms)
			BeforeProcessingInitializeOnLoad (39ms)
			ProcessInitializeOnLoadAttributes (293ms)
			ProcessInitializeOnLoadMethodAttributes (20ms)
			AfterProcessingInitializeOnLoad (3ms)
			EditorAssembliesLoaded (0ms)
		ExecutionOrderSort2 (0ms)
		AwakeInstancesAfterBackupRestoration (4ms)
Failed to load shader (instanceID 438, GUID e008cddabe2ee464e86c31af2b5b07c9)
Failed to load shader (instanceID 424, GUID e8f3ce2cbe4971147b1b7f04b791e52a)
Refreshing native plugins compatible for Editor in 1.78 ms, found 3 plugins.
Preloading 0 native plugins for Editor in 0.00 ms.
Unloading 3708 Unused Serialized files (Serialized files now loaded: 0)
Unloading 26 unused Assets / (32.7 KB). Loaded Objects now: 4268.
Memory consumption went from 158.5 MB to 158.5 MB.
Total: 2.498600 ms (FindLiveObjects: 0.311900 ms CreateObjectMapping: 0.052600 ms MarkObjects: 2.093500 ms  DeleteObjects: 0.040000 ms)

Prepare: number of updated asset objects reloaded= 0
AssetImportParameters requested are different than current active one (requested -> active):
  custom:container-demuxer-ogg: 62fdf1f143b41e24485cea50d1cbac27 -> 
  custom:video-codec-MediaFoundation-h265: 746d11721c4dcdbdad8f713fa42b33f4 -> 
  custom:video-decoder-ogg-theora: a1e56fd34408186e4bbccfd4996cb3dc -> 
  custom:scripting/monoscript/fileName/PlayerHoverController.cs: 7c3b24e6003bfc3753fe4dcd628b63d3 -> 
  custom:framework-win-MediaFoundation: 216162199b28c13a410421893ffa2e32 -> 
  custom:scripting/monoscript/fileName/Camera2DFollow.cs: 36d4332d4c2ffe3b416bc2a4e8365925 -> 
  custom:scripting/monoscript/fileName/SplatMapGenerator.cs: 978523f7220bcfbfe4e97dde54f01a88 -> 
  custom:CustomObjectIndexerAttribute: 6d391050e5a25f67b0a2c618074f2cd9 -> 
  custom:scripting/monoscript/fileName/SimpleSmoothMouseLook.cs: cff7259a09eaa180476819b446c45906 -> 
  custom:container-demuxer-webm: 4f35f7cbe854078d1ac9338744f61a02 -> 
  custom:scripting/monoscript/fileName/ForceGrassDistanceInEditor.cs: c02d90dd62271f0368ce2fc0457cb68c -> 
  custom:container-muxer-webm: aa71ff27fc2769a1b78a27578f13a17b -> 
  custom:scripting/monoscript/fileName/PlaceOnSurfaceAtStart.cs: 6425012b1be9be14fc1a64db64d75783 -> 
  custom:video-decoder-webm-vp8: 9c59270c3fd7afecdb556c50c9e8de78 -> 
  custom:scripting/monoscript/fileName/CircleMoverSample.cs: abdbac9546c68b758ba1e8d085187f86 -> 
  custom:scripting/monoscript/fileName/SpawnInArea.cs: d58f698a91ea9cb4b48b0bb3ab224695 -> 
  custom:scripting/monoscript/fileName/TreeExplosion.cs: ff76bbd7bd3d2bad80b109a5f521d638 -> 
  custom:SearchIndexIgnoredProperties: e643bd26f0fe6173181afceb89e7c659 -> 
  custom:AudioImporter_EditorPlatform: d09bf68614088b80899f8185d706f6e7 -> 
  custom:scripting/monoscript/fileName/TerrainTools.cs: 0a67150dc84c7f556953f508bb42ee41 -> 
  custom:scripting/monoscript/fileName/TerrainQualitySettings.cs: 97d80f5eabf04f6efb29519e09b7914e -> 
  custom:scripting/monoscript/fileName/RandomObjectMap.cs: c5c361040658a3dbeb1ecde31a0ba042 -> 
  custom:video-encoder-webm-vp8: eb34c28f22e8b96e1ab97ce403110664 -> 
  custom:scripting/monoscript/fileName/TTTools2D.cs: 938225aaf3ff01b2de05233ebd91ba4b -> 
  custom:audio-decoder-ogg-vorbis: bf7c407c2cedff20999df2af8eb42d56 -> 
  custom:scripting/monoscript/fileName/PlaceOnTerrain.cs: 16680a467d31626be1291a9d1cb5e268 -> 
  custom:scripting/monoscript/fileName/IncrementalSplatmapping.cs: 4c2306b73b507e70f0971eb6fe596f3e -> 
  custom:scripting/monoscript/fileName/ClearWaterLevel.cs: 63b8059750396ec04cedbc48fec03d0d -> 
  custom:audio-encoder-webm-vorbis: bf7c407c2cedff20999df2af8eb42d56 -> 
  custom:scripting/monoscript/fileName/KeepOnSurface.cs: b5186260965dd31cfcb27dea430d35ae -> 
========================================================================
Received Prepare
Begin MonoManager ReloadAssembly
Symbol file LoadedFromMemory is not a mono symbol file
- Loaded All Assemblies, in  0.259 seconds
Refreshing native plugins compatible for Editor in 1.60 ms, found 3 plugins.
Native extension for WindowsStandalone target not found
Native extension for WebGL target not found
[Package Manager] Server::EnsureServerProcessIsRunning -- launch failed, reason: Unity was launched with the -noUpm command-line argument
[Package Manager] UpmClient::Send -- Unable to send message (not connected to UPM process).
[Package Manager] Cannot connect to Unity Package Manager local server
Mono: successfully reloaded assembly
- Finished resetting the current domain, in  0.656 seconds
Domain Reload Profiling: 915ms
	BeginReloadAssembly (96ms)
		ExecutionOrderSort (0ms)
		DisableScriptedObjects (3ms)
		BackupInstance (0ms)
		ReleaseScriptingObjects (0ms)
		CreateAndSetChildDomain (25ms)
	RebuildCommonClasses (20ms)
	RebuildNativeTypeToScriptingClass (9ms)
	initialDomainReloadingComplete (16ms)
	LoadAllAssembliesAndSetupDomain (117ms)
		LoadAssemblies (156ms)
		RebuildTransferFunctionScriptingTraits (0ms)
		AnalyzeDomain (6ms)
			TypeCache.Refresh (3ms)
				TypeCache.ScanAssembly (0ms)
			ScanForSourceGeneratedMonoScriptInfo (0ms)
			ResolveRequiredComponents (2ms)
	FinalizeReload (657ms)
		ReleaseScriptCaches (0ms)
		RebuildScriptCaches (0ms)
		SetupLoadedEditorAssemblies (354ms)
			LogAssemblyErrors (0ms)
			InitializePlatformSupportModulesInManaged (4ms)
			SetLoadedEditorAssemblies (2ms)
			RefreshPlugins (0ms)
			BeforeProcessingInitializeOnLoad (42ms)
			ProcessInitializeOnLoadAttributes (282ms)
			ProcessInitializeOnLoadMethodAttributes (20ms)
			AfterProcessingInitializeOnLoad (3ms)
			EditorAssembliesLoaded (0ms)
		ExecutionOrderSort2 (0ms)
		AwakeInstancesAfterBackupRestoration (5ms)
Failed to load shader (instanceID 438, GUID e008cddabe2ee464e86c31af2b5b07c9)
Failed to load shader (instanceID 424, GUID e8f3ce2cbe4971147b1b7f04b791e52a)
Refreshing native plugins compatible for Editor in 1.79 ms, found 3 plugins.
Preloading 0 native plugins for Editor in 0.00 ms.
Unloading 3708 Unused Serialized files (Serialized files now loaded: 0)
Unloading 26 unused Assets / (32.7 KB). Loaded Objects now: 4271.
Memory consumption went from 160.4 MB to 160.4 MB.
Total: 2.331400 ms (FindLiveObjects: 0.289100 ms CreateObjectMapping: 0.066400 ms MarkObjects: 1.937300 ms  DeleteObjects: 0.038100 ms)

Prepare: number of updated asset objects reloaded= 0
AssetImportParameters requested are different than current active one (requested -> active):
  custom:container-demuxer-ogg: 62fdf1f143b41e24485cea50d1cbac27 -> 
  custom:video-codec-MediaFoundation-h265: 746d11721c4dcdbdad8f713fa42b33f4 -> 
  custom:video-decoder-ogg-theora: a1e56fd34408186e4bbccfd4996cb3dc -> 
  custom:scripting/monoscript/fileName/PlayerHoverController.cs: 7c3b24e6003bfc3753fe4dcd628b63d3 -> 
  custom:framework-win-MediaFoundation: 216162199b28c13a410421893ffa2e32 -> 
  custom:scripting/monoscript/fileName/Camera2DFollow.cs: 36d4332d4c2ffe3b416bc2a4e8365925 -> 
  custom:scripting/monoscript/fileName/SplatMapGenerator.cs: 978523f7220bcfbfe4e97dde54f01a88 -> 
  custom:CustomObjectIndexerAttribute: 6d391050e5a25f67b0a2c618074f2cd9 -> 
  custom:scripting/monoscript/fileName/SimpleSmoothMouseLook.cs: cff7259a09eaa180476819b446c45906 -> 
  custom:container-demuxer-webm: 4f35f7cbe854078d1ac9338744f61a02 -> 
  custom:scripting/monoscript/fileName/ForceGrassDistanceInEditor.cs: c02d90dd62271f0368ce2fc0457cb68c -> 
  custom:container-muxer-webm: aa71ff27fc2769a1b78a27578f13a17b -> 
  custom:scripting/monoscript/fileName/PlaceOnSurfaceAtStart.cs: 6425012b1be9be14fc1a64db64d75783 -> 
  custom:video-decoder-webm-vp8: 9c59270c3fd7afecdb556c50c9e8de78 -> 
  custom:scripting/monoscript/fileName/CircleMoverSample.cs: abdbac9546c68b758ba1e8d085187f86 -> 
  custom:scripting/monoscript/fileName/SpawnInArea.cs: d58f698a91ea9cb4b48b0bb3ab224695 -> 
  custom:scripting/monoscript/fileName/TreeExplosion.cs: ff76bbd7bd3d2bad80b109a5f521d638 -> 
  custom:SearchIndexIgnoredProperties: e643bd26f0fe6173181afceb89e7c659 -> 
  custom:AudioImporter_EditorPlatform: d09bf68614088b80899f8185d706f6e7 -> 
  custom:scripting/monoscript/fileName/TerrainTools.cs: 0a67150dc84c7f556953f508bb42ee41 -> 
  custom:scripting/monoscript/fileName/TerrainQualitySettings.cs: 97d80f5eabf04f6efb29519e09b7914e -> 
  custom:scripting/monoscript/fileName/RandomObjectMap.cs: c5c361040658a3dbeb1ecde31a0ba042 -> 
  custom:video-encoder-webm-vp8: eb34c28f22e8b96e1ab97ce403110664 -> 
  custom:scripting/monoscript/fileName/TTTools2D.cs: 938225aaf3ff01b2de05233ebd91ba4b -> 
  custom:audio-decoder-ogg-vorbis: bf7c407c2cedff20999df2af8eb42d56 -> 
  custom:scripting/monoscript/fileName/PlaceOnTerrain.cs: 16680a467d31626be1291a9d1cb5e268 -> 
  custom:scripting/monoscript/fileName/IncrementalSplatmapping.cs: 4c2306b73b507e70f0971eb6fe596f3e -> 
  custom:scripting/monoscript/fileName/ClearWaterLevel.cs: 63b8059750396ec04cedbc48fec03d0d -> 
  custom:audio-encoder-webm-vorbis: bf7c407c2cedff20999df2af8eb42d56 -> 
  custom:scripting/monoscript/fileName/KeepOnSurface.cs: b5186260965dd31cfcb27dea430d35ae -> 
========================================================================
Received Prepare
Begin MonoManager ReloadAssembly
Symbol file LoadedFromMemory is not a mono symbol file
- Loaded All Assemblies, in  0.264 seconds
Refreshing native plugins compatible for Editor in 1.78 ms, found 3 plugins.
Native extension for WindowsStandalone target not found
Native extension for WebGL target not found
[Package Manager] Server::EnsureServerProcessIsRunning -- launch failed, reason: Unity was launched with the -noUpm command-line argument
[Package Manager] UpmClient::Send -- Unable to send message (not connected to UPM process).
[Package Manager] Cannot connect to Unity Package Manager local server
Mono: successfully reloaded assembly
- Finished resetting the current domain, in  0.653 seconds
Domain Reload Profiling: 916ms
	BeginReloadAssembly (105ms)
		ExecutionOrderSort (0ms)
		DisableScriptedObjects (2ms)
		BackupInstance (0ms)
		ReleaseScriptingObjects (0ms)
		CreateAndSetChildDomain (26ms)
	RebuildCommonClasses (20ms)
	RebuildNativeTypeToScriptingClass (9ms)
	initialDomainReloadingComplete (18ms)
	LoadAllAssembliesAndSetupDomain (111ms)
		LoadAssemblies (158ms)
		RebuildTransferFunctionScriptingTraits (0ms)
		AnalyzeDomain (6ms)
			TypeCache.Refresh (3ms)
				TypeCache.ScanAssembly (0ms)
			ScanForSourceGeneratedMonoScriptInfo (0ms)
			ResolveRequiredComponents (2ms)
	FinalizeReload (654ms)
		ReleaseScriptCaches (0ms)
		RebuildScriptCaches (0ms)
		SetupLoadedEditorAssemblies (374ms)
			LogAssemblyErrors (0ms)
			InitializePlatformSupportModulesInManaged (4ms)
			SetLoadedEditorAssemblies (2ms)
			RefreshPlugins (0ms)
			BeforeProcessingInitializeOnLoad (40ms)
			ProcessInitializeOnLoadAttributes (302ms)
			ProcessInitializeOnLoadMethodAttributes (22ms)
			AfterProcessingInitializeOnLoad (4ms)
			EditorAssembliesLoaded (0ms)
		ExecutionOrderSort2 (0ms)
		AwakeInstancesAfterBackupRestoration (5ms)
Failed to load shader (instanceID 438, GUID e008cddabe2ee464e86c31af2b5b07c9)
Failed to load shader (instanceID 424, GUID e8f3ce2cbe4971147b1b7f04b791e52a)
Refreshing native plugins compatible for Editor in 1.55 ms, found 3 plugins.
Preloading 0 native plugins for Editor in 0.00 ms.
Unloading 3708 Unused Serialized files (Serialized files now loaded: 0)
Unloading 26 unused Assets / (32.7 KB). Loaded Objects now: 4274.
Memory consumption went from 162.4 MB to 162.3 MB.
Total: 2.287100 ms (FindLiveObjects: 0.208500 ms CreateObjectMapping: 0.056000 ms MarkObjects: 1.979200 ms  DeleteObjects: 0.042700 ms)

Prepare: number of updated asset objects reloaded= 0
AssetImportParameters requested are different than current active one (requested -> active):
  custom:container-demuxer-ogg: 62fdf1f143b41e24485cea50d1cbac27 -> 
  custom:video-codec-MediaFoundation-h265: 746d11721c4dcdbdad8f713fa42b33f4 -> 
  custom:video-decoder-ogg-theora: a1e56fd34408186e4bbccfd4996cb3dc -> 
  custom:scripting/monoscript/fileName/PlayerHoverController.cs: 7c3b24e6003bfc3753fe4dcd628b63d3 -> 
  custom:framework-win-MediaFoundation: 216162199b28c13a410421893ffa2e32 -> 
  custom:scripting/monoscript/fileName/Camera2DFollow.cs: 36d4332d4c2ffe3b416bc2a4e8365925 -> 
  custom:scripting/monoscript/fileName/SplatMapGenerator.cs: 978523f7220bcfbfe4e97dde54f01a88 -> 
  custom:CustomObjectIndexerAttribute: 6d391050e5a25f67b0a2c618074f2cd9 -> 
  custom:scripting/monoscript/fileName/SimpleSmoothMouseLook.cs: cff7259a09eaa180476819b446c45906 -> 
  custom:container-demuxer-webm: 4f35f7cbe854078d1ac9338744f61a02 -> 
  custom:scripting/monoscript/fileName/ForceGrassDistanceInEditor.cs: c02d90dd62271f0368ce2fc0457cb68c -> 
  custom:container-muxer-webm: aa71ff27fc2769a1b78a27578f13a17b -> 
  custom:scripting/monoscript/fileName/PlaceOnSurfaceAtStart.cs: 6425012b1be9be14fc1a64db64d75783 -> 
  custom:video-decoder-webm-vp8: 9c59270c3fd7afecdb556c50c9e8de78 -> 
  custom:scripting/monoscript/fileName/CircleMoverSample.cs: abdbac9546c68b758ba1e8d085187f86 -> 
  custom:scripting/monoscript/fileName/SpawnInArea.cs: d58f698a91ea9cb4b48b0bb3ab224695 -> 
  custom:scripting/monoscript/fileName/TreeExplosion.cs: ff76bbd7bd3d2bad80b109a5f521d638 -> 
  custom:SearchIndexIgnoredProperties: e643bd26f0fe6173181afceb89e7c659 -> 
  custom:AudioImporter_EditorPlatform: d09bf68614088b80899f8185d706f6e7 -> 
  custom:scripting/monoscript/fileName/TerrainTools.cs: 0a67150dc84c7f556953f508bb42ee41 -> 
  custom:scripting/monoscript/fileName/TerrainQualitySettings.cs: 97d80f5eabf04f6efb29519e09b7914e -> 
  custom:scripting/monoscript/fileName/RandomObjectMap.cs: c5c361040658a3dbeb1ecde31a0ba042 -> 
  custom:video-encoder-webm-vp8: eb34c28f22e8b96e1ab97ce403110664 -> 
  custom:scripting/monoscript/fileName/TTTools2D.cs: 938225aaf3ff01b2de05233ebd91ba4b -> 
  custom:audio-decoder-ogg-vorbis: bf7c407c2cedff20999df2af8eb42d56 -> 
  custom:scripting/monoscript/fileName/PlaceOnTerrain.cs: 16680a467d31626be1291a9d1cb5e268 -> 
  custom:scripting/monoscript/fileName/IncrementalSplatmapping.cs: 4c2306b73b507e70f0971eb6fe596f3e -> 
  custom:scripting/monoscript/fileName/ClearWaterLevel.cs: 63b8059750396ec04cedbc48fec03d0d -> 
  custom:audio-encoder-webm-vorbis: bf7c407c2cedff20999df2af8eb42d56 -> 
  custom:scripting/monoscript/fileName/KeepOnSurface.cs: b5186260965dd31cfcb27dea430d35ae -> 
========================================================================
Received Prepare
Begin MonoManager ReloadAssembly
Symbol file LoadedFromMemory is not a mono symbol file
- Loaded All Assemblies, in  0.258 seconds
Refreshing native plugins compatible for Editor in 2.01 ms, found 3 plugins.
Native extension for WindowsStandalone target not found
Native extension for WebGL target not found
[Package Manager] Server::EnsureServerProcessIsRunning -- launch failed, reason: Unity was launched with the -noUpm command-line argument
[Package Manager] UpmClient::Send -- Unable to send message (not connected to UPM process).
[Package Manager] Cannot connect to Unity Package Manager local server
Mono: successfully reloaded assembly
- Finished resetting the current domain, in  0.670 seconds
Domain Reload Profiling: 927ms
	BeginReloadAssembly (103ms)
		ExecutionOrderSort (0ms)
		DisableScriptedObjects (3ms)
		BackupInstance (0ms)
		ReleaseScriptingObjects (0ms)
		CreateAndSetChildDomain (24ms)
	RebuildCommonClasses (18ms)
	RebuildNativeTypeToScriptingClass (6ms)
	initialDomainReloadingComplete (17ms)
	LoadAllAssembliesAndSetupDomain (113ms)
		LoadAssemblies (158ms)
		RebuildTransferFunctionScriptingTraits (0ms)
		AnalyzeDomain (7ms)
			TypeCache.Refresh (3ms)
				TypeCache.ScanAssembly (0ms)
			ScanForSourceGeneratedMonoScriptInfo (0ms)
			ResolveRequiredComponents (2ms)
	FinalizeReload (670ms)
		ReleaseScriptCaches (0ms)
		RebuildScriptCaches (0ms)
		SetupLoadedEditorAssemblies (367ms)
			LogAssemblyErrors (0ms)
			InitializePlatformSupportModulesInManaged (5ms)
			SetLoadedEditorAssemblies (2ms)
			RefreshPlugins (0ms)
			BeforeProcessingInitializeOnLoad (42ms)
			ProcessInitializeOnLoadAttributes (296ms)
			ProcessInitializeOnLoadMethodAttributes (19ms)
			AfterProcessingInitializeOnLoad (3ms)
			EditorAssembliesLoaded (0ms)
		ExecutionOrderSort2 (0ms)
		AwakeInstancesAfterBackupRestoration (4ms)
Failed to load shader (instanceID 438, GUID e008cddabe2ee464e86c31af2b5b07c9)
Failed to load shader (instanceID 424, GUID e8f3ce2cbe4971147b1b7f04b791e52a)
Refreshing native plugins compatible for Editor in 1.77 ms, found 3 plugins.
Preloading 0 native plugins for Editor in 0.00 ms.
Unloading 3708 Unused Serialized files (Serialized files now loaded: 0)
Unloading 26 unused Assets / (32.7 KB). Loaded Objects now: 4277.
Memory consumption went from 164.3 MB to 164.3 MB.
Total: 2.311700 ms (FindLiveObjects: 0.199000 ms CreateObjectMapping: 0.048700 ms MarkObjects: 2.024400 ms  DeleteObjects: 0.039000 ms)

Prepare: number of updated asset objects reloaded= 0
AssetImportParameters requested are different than current active one (requested -> active):
  custom:container-demuxer-ogg: 62fdf1f143b41e24485cea50d1cbac27 -> 
  custom:video-codec-MediaFoundation-h265: 746d11721c4dcdbdad8f713fa42b33f4 -> 
  custom:video-decoder-ogg-theora: a1e56fd34408186e4bbccfd4996cb3dc -> 
  custom:scripting/monoscript/fileName/PlayerHoverController.cs: 7c3b24e6003bfc3753fe4dcd628b63d3 -> 
  custom:framework-win-MediaFoundation: 216162199b28c13a410421893ffa2e32 -> 
  custom:scripting/monoscript/fileName/Camera2DFollow.cs: 36d4332d4c2ffe3b416bc2a4e8365925 -> 
  custom:scripting/monoscript/fileName/SplatMapGenerator.cs: 978523f7220bcfbfe4e97dde54f01a88 -> 
  custom:CustomObjectIndexerAttribute: 6d391050e5a25f67b0a2c618074f2cd9 -> 
  custom:scripting/monoscript/fileName/SimpleSmoothMouseLook.cs: cff7259a09eaa180476819b446c45906 -> 
  custom:container-demuxer-webm: 4f35f7cbe854078d1ac9338744f61a02 -> 
  custom:scripting/monoscript/fileName/ForceGrassDistanceInEditor.cs: c02d90dd62271f0368ce2fc0457cb68c -> 
  custom:container-muxer-webm: aa71ff27fc2769a1b78a27578f13a17b -> 
  custom:scripting/monoscript/fileName/PlaceOnSurfaceAtStart.cs: 6425012b1be9be14fc1a64db64d75783 -> 
  custom:video-decoder-webm-vp8: 9c59270c3fd7afecdb556c50c9e8de78 -> 
  custom:scripting/monoscript/fileName/CircleMoverSample.cs: abdbac9546c68b758ba1e8d085187f86 -> 
  custom:scripting/monoscript/fileName/SpawnInArea.cs: d58f698a91ea9cb4b48b0bb3ab224695 -> 
  custom:scripting/monoscript/fileName/TreeExplosion.cs: ff76bbd7bd3d2bad80b109a5f521d638 -> 
  custom:SearchIndexIgnoredProperties: e643bd26f0fe6173181afceb89e7c659 -> 
  custom:AudioImporter_EditorPlatform: d09bf68614088b80899f8185d706f6e7 -> 
  custom:scripting/monoscript/fileName/TerrainTools.cs: 0a67150dc84c7f556953f508bb42ee41 -> 
  custom:scripting/monoscript/fileName/TerrainQualitySettings.cs: 97d80f5eabf04f6efb29519e09b7914e -> 
  custom:scripting/monoscript/fileName/RandomObjectMap.cs: c5c361040658a3dbeb1ecde31a0ba042 -> 
  custom:video-encoder-webm-vp8: eb34c28f22e8b96e1ab97ce403110664 -> 
  custom:scripting/monoscript/fileName/TTTools2D.cs: 938225aaf3ff01b2de05233ebd91ba4b -> 
  custom:audio-decoder-ogg-vorbis: bf7c407c2cedff20999df2af8eb42d56 -> 
  custom:scripting/monoscript/fileName/PlaceOnTerrain.cs: 16680a467d31626be1291a9d1cb5e268 -> 
  custom:scripting/monoscript/fileName/IncrementalSplatmapping.cs: 4c2306b73b507e70f0971eb6fe596f3e -> 
  custom:scripting/monoscript/fileName/ClearWaterLevel.cs: 63b8059750396ec04cedbc48fec03d0d -> 
  custom:audio-encoder-webm-vorbis: bf7c407c2cedff20999df2af8eb42d56 -> 
  custom:scripting/monoscript/fileName/KeepOnSurface.cs: b5186260965dd31cfcb27dea430d35ae -> 
========================================================================
Received Prepare
Begin MonoManager ReloadAssembly
Symbol file LoadedFromMemory is not a mono symbol file
- Loaded All Assemblies, in  0.268 seconds
Refreshing native plugins compatible for Editor in 2.94 ms, found 3 plugins.
Native extension for WindowsStandalone target not found
Native extension for WebGL target not found
[Package Manager] Server::EnsureServerProcessIsRunning -- launch failed, reason: Unity was launched with the -noUpm command-line argument
[Package Manager] UpmClient::Send -- Unable to send message (not connected to UPM process).
[Package Manager] Cannot connect to Unity Package Manager local server
Mono: successfully reloaded assembly
- Finished resetting the current domain, in  0.645 seconds
Domain Reload Profiling: 912ms
	BeginReloadAssembly (103ms)
		ExecutionOrderSort (0ms)
		DisableScriptedObjects (3ms)
		BackupInstance (0ms)
		ReleaseScriptingObjects (0ms)
		CreateAndSetChildDomain (27ms)
	RebuildCommonClasses (19ms)
	RebuildNativeTypeToScriptingClass (7ms)
	initialDomainReloadingComplete (17ms)
	LoadAllAssembliesAndSetupDomain (120ms)
		LoadAssemblies (163ms)
		RebuildTransferFunctionScriptingTraits (0ms)
		AnalyzeDomain (8ms)
			TypeCache.Refresh (4ms)
				TypeCache.ScanAssembly (0ms)
			ScanForSourceGeneratedMonoScriptInfo (0ms)
			ResolveRequiredComponents (3ms)
	FinalizeReload (645ms)
		ReleaseScriptCaches (0ms)
		RebuildScriptCaches (0ms)
		SetupLoadedEditorAssemblies (354ms)
			LogAssemblyErrors (0ms)
			InitializePlatformSupportModulesInManaged (4ms)
			SetLoadedEditorAssemblies (2ms)
			RefreshPlugins (0ms)
			BeforeProcessingInitializeOnLoad (45ms)
			ProcessInitializeOnLoadAttributes (281ms)
			ProcessInitializeOnLoadMethodAttributes (18ms)
			AfterProcessingInitializeOnLoad (3ms)
			EditorAssembliesLoaded (0ms)
		ExecutionOrderSort2 (0ms)
		AwakeInstancesAfterBackupRestoration (4ms)
Failed to load shader (instanceID 438, GUID e008cddabe2ee464e86c31af2b5b07c9)
Failed to load shader (instanceID 424, GUID e8f3ce2cbe4971147b1b7f04b791e52a)
Refreshing native plugins compatible for Editor in 1.75 ms, found 3 plugins.
Preloading 0 native plugins for Editor in 0.00 ms.
Unloading 3708 Unused Serialized files (Serialized files now loaded: 0)
Unloading 26 unused Assets / (32.7 KB). Loaded Objects now: 4280.
Memory consumption went from 166.2 MB to 166.2 MB.
Total: 2.563400 ms (FindLiveObjects: 0.371600 ms CreateObjectMapping: 0.065800 ms MarkObjects: 2.086300 ms  DeleteObjects: 0.038800 ms)

Prepare: number of updated asset objects reloaded= 0
AssetImportParameters requested are different than current active one (requested -> active):
  custom:container-demuxer-ogg: 62fdf1f143b41e24485cea50d1cbac27 -> 
  custom:video-codec-MediaFoundation-h265: 746d11721c4dcdbdad8f713fa42b33f4 -> 
  custom:video-decoder-ogg-theora: a1e56fd34408186e4bbccfd4996cb3dc -> 
  custom:scripting/monoscript/fileName/PlayerHoverController.cs: 7c3b24e6003bfc3753fe4dcd628b63d3 -> 
  custom:framework-win-MediaFoundation: 216162199b28c13a410421893ffa2e32 -> 
  custom:scripting/monoscript/fileName/Camera2DFollow.cs: 36d4332d4c2ffe3b416bc2a4e8365925 -> 
  custom:scripting/monoscript/fileName/SplatMapGenerator.cs: 978523f7220bcfbfe4e97dde54f01a88 -> 
  custom:CustomObjectIndexerAttribute: 6d391050e5a25f67b0a2c618074f2cd9 -> 
  custom:scripting/monoscript/fileName/SimpleSmoothMouseLook.cs: cff7259a09eaa180476819b446c45906 -> 
  custom:container-demuxer-webm: 4f35f7cbe854078d1ac9338744f61a02 -> 
  custom:scripting/monoscript/fileName/ForceGrassDistanceInEditor.cs: c02d90dd62271f0368ce2fc0457cb68c -> 
  custom:container-muxer-webm: aa71ff27fc2769a1b78a27578f13a17b -> 
  custom:scripting/monoscript/fileName/PlaceOnSurfaceAtStart.cs: 6425012b1be9be14fc1a64db64d75783 -> 
  custom:video-decoder-webm-vp8: 9c59270c3fd7afecdb556c50c9e8de78 -> 
  custom:scripting/monoscript/fileName/CircleMoverSample.cs: abdbac9546c68b758ba1e8d085187f86 -> 
  custom:scripting/monoscript/fileName/SpawnInArea.cs: d58f698a91ea9cb4b48b0bb3ab224695 -> 
  custom:scripting/monoscript/fileName/TreeExplosion.cs: ff76bbd7bd3d2bad80b109a5f521d638 -> 
  custom:SearchIndexIgnoredProperties: e643bd26f0fe6173181afceb89e7c659 -> 
  custom:AudioImporter_EditorPlatform: d09bf68614088b80899f8185d706f6e7 -> 
  custom:scripting/monoscript/fileName/TerrainTools.cs: 0a67150dc84c7f556953f508bb42ee41 -> 
  custom:scripting/monoscript/fileName/TerrainQualitySettings.cs: 97d80f5eabf04f6efb29519e09b7914e -> 
  custom:scripting/monoscript/fileName/RandomObjectMap.cs: c5c361040658a3dbeb1ecde31a0ba042 -> 
  custom:video-encoder-webm-vp8: eb34c28f22e8b96e1ab97ce403110664 -> 
  custom:scripting/monoscript/fileName/TTTools2D.cs: 938225aaf3ff01b2de05233ebd91ba4b -> 
  custom:audio-decoder-ogg-vorbis: bf7c407c2cedff20999df2af8eb42d56 -> 
  custom:scripting/monoscript/fileName/PlaceOnTerrain.cs: 16680a467d31626be1291a9d1cb5e268 -> 
  custom:scripting/monoscript/fileName/IncrementalSplatmapping.cs: 4c2306b73b507e70f0971eb6fe596f3e -> 
  custom:scripting/monoscript/fileName/ClearWaterLevel.cs: 63b8059750396ec04cedbc48fec03d0d -> 
  custom:audio-encoder-webm-vorbis: bf7c407c2cedff20999df2af8eb42d56 -> 
  custom:scripting/monoscript/fileName/KeepOnSurface.cs: b5186260965dd31cfcb27dea430d35ae -> 
========================================================================
Received Prepare
Begin MonoManager ReloadAssembly
Symbol file LoadedFromMemory is not a mono symbol file
- Loaded All Assemblies, in  0.263 seconds
Refreshing native plugins compatible for Editor in 1.90 ms, found 3 plugins.
Native extension for WindowsStandalone target not found
Native extension for WebGL target not found
[Package Manager] Server::EnsureServerProcessIsRunning -- launch failed, reason: Unity was launched with the -noUpm command-line argument
[Package Manager] UpmClient::Send -- Unable to send message (not connected to UPM process).
[Package Manager] Cannot connect to Unity Package Manager local server
Mono: successfully reloaded assembly
- Finished resetting the current domain, in  0.645 seconds
Domain Reload Profiling: 907ms
	BeginReloadAssembly (101ms)
		ExecutionOrderSort (0ms)
		DisableScriptedObjects (2ms)
		BackupInstance (0ms)
		ReleaseScriptingObjects (0ms)
		CreateAndSetChildDomain (24ms)
	RebuildCommonClasses (26ms)
	RebuildNativeTypeToScriptingClass (8ms)
	initialDomainReloadingComplete (15ms)
	LoadAllAssembliesAndSetupDomain (113ms)
		LoadAssemblies (156ms)
		RebuildTransferFunctionScriptingTraits (0ms)
		AnalyzeDomain (7ms)
			TypeCache.Refresh (4ms)
				TypeCache.ScanAssembly (0ms)
			ScanForSourceGeneratedMonoScriptInfo (0ms)
			ResolveRequiredComponents (2ms)
	FinalizeReload (646ms)
		ReleaseScriptCaches (0ms)
		RebuildScriptCaches (0ms)
		SetupLoadedEditorAssemblies (352ms)
			LogAssemblyErrors (0ms)
			InitializePlatformSupportModulesInManaged (4ms)
			SetLoadedEditorAssemblies (2ms)
			RefreshPlugins (0ms)
			BeforeProcessingInitializeOnLoad (40ms)
			ProcessInitializeOnLoadAttributes (285ms)
			ProcessInitializeOnLoadMethodAttributes (18ms)
			AfterProcessingInitializeOnLoad (3ms)
			EditorAssembliesLoaded (0ms)
		ExecutionOrderSort2 (0ms)
		AwakeInstancesAfterBackupRestoration (5ms)
Failed to load shader (instanceID 438, GUID e008cddabe2ee464e86c31af2b5b07c9)
Failed to load shader (instanceID 424, GUID e8f3ce2cbe4971147b1b7f04b791e52a)
Refreshing native plugins compatible for Editor in 1.78 ms, found 3 plugins.
Preloading 0 native plugins for Editor in 0.00 ms.
Unloading 3708 Unused Serialized files (Serialized files now loaded: 0)
Unloading 26 unused Assets / (32.8 KB). Loaded Objects now: 4283.
Memory consumption went from 168.1 MB to 168.1 MB.
Total: 2.460300 ms (FindLiveObjects: 0.217500 ms CreateObjectMapping: 0.049900 ms MarkObjects: 2.152400 ms  DeleteObjects: 0.039900 ms)

Prepare: number of updated asset objects reloaded= 0
AssetImportParameters requested are different than current active one (requested -> active):
  custom:container-demuxer-ogg: 62fdf1f143b41e24485cea50d1cbac27 -> 
  custom:video-codec-MediaFoundation-h265: 746d11721c4dcdbdad8f713fa42b33f4 -> 
  custom:video-decoder-ogg-theora: a1e56fd34408186e4bbccfd4996cb3dc -> 
  custom:scripting/monoscript/fileName/PlayerHoverController.cs: 7c3b24e6003bfc3753fe4dcd628b63d3 -> 
  custom:framework-win-MediaFoundation: 216162199b28c13a410421893ffa2e32 -> 
  custom:scripting/monoscript/fileName/Camera2DFollow.cs: 36d4332d4c2ffe3b416bc2a4e8365925 -> 
  custom:scripting/monoscript/fileName/SplatMapGenerator.cs: 978523f7220bcfbfe4e97dde54f01a88 -> 
  custom:CustomObjectIndexerAttribute: 6d391050e5a25f67b0a2c618074f2cd9 -> 
  custom:scripting/monoscript/fileName/SimpleSmoothMouseLook.cs: cff7259a09eaa180476819b446c45906 -> 
  custom:container-demuxer-webm: 4f35f7cbe854078d1ac9338744f61a02 -> 
  custom:scripting/monoscript/fileName/ForceGrassDistanceInEditor.cs: c02d90dd62271f0368ce2fc0457cb68c -> 
  custom:container-muxer-webm: aa71ff27fc2769a1b78a27578f13a17b -> 
  custom:scripting/monoscript/fileName/PlaceOnSurfaceAtStart.cs: 6425012b1be9be14fc1a64db64d75783 -> 
  custom:video-decoder-webm-vp8: 9c59270c3fd7afecdb556c50c9e8de78 -> 
  custom:scripting/monoscript/fileName/CircleMoverSample.cs: abdbac9546c68b758ba1e8d085187f86 -> 
  custom:scripting/monoscript/fileName/SpawnInArea.cs: d58f698a91ea9cb4b48b0bb3ab224695 -> 
  custom:scripting/monoscript/fileName/TreeExplosion.cs: ff76bbd7bd3d2bad80b109a5f521d638 -> 
  custom:SearchIndexIgnoredProperties: e643bd26f0fe6173181afceb89e7c659 -> 
  custom:AudioImporter_EditorPlatform: d09bf68614088b80899f8185d706f6e7 -> 
  custom:scripting/monoscript/fileName/TerrainTools.cs: 0a67150dc84c7f556953f508bb42ee41 -> 
  custom:scripting/monoscript/fileName/TerrainQualitySettings.cs: 97d80f5eabf04f6efb29519e09b7914e -> 
  custom:scripting/monoscript/fileName/RandomObjectMap.cs: c5c361040658a3dbeb1ecde31a0ba042 -> 
  custom:video-encoder-webm-vp8: eb34c28f22e8b96e1ab97ce403110664 -> 
  custom:scripting/monoscript/fileName/TTTools2D.cs: 938225aaf3ff01b2de05233ebd91ba4b -> 
  custom:audio-decoder-ogg-vorbis: bf7c407c2cedff20999df2af8eb42d56 -> 
  custom:scripting/monoscript/fileName/PlaceOnTerrain.cs: 16680a467d31626be1291a9d1cb5e268 -> 
  custom:scripting/monoscript/fileName/IncrementalSplatmapping.cs: 4c2306b73b507e70f0971eb6fe596f3e -> 
  custom:scripting/monoscript/fileName/ClearWaterLevel.cs: 63b8059750396ec04cedbc48fec03d0d -> 
  custom:audio-encoder-webm-vorbis: bf7c407c2cedff20999df2af8eb42d56 -> 
  custom:scripting/monoscript/fileName/KeepOnSurface.cs: b5186260965dd31cfcb27dea430d35ae -> 
========================================================================
Received Prepare
Begin MonoManager ReloadAssembly
Symbol file LoadedFromMemory is not a mono symbol file
- Loaded All Assemblies, in  0.247 seconds
Refreshing native plugins compatible for Editor in 1.60 ms, found 3 plugins.
Native extension for WindowsStandalone target not found
Native extension for WebGL target not found
[Package Manager] Server::EnsureServerProcessIsRunning -- launch failed, reason: Unity was launched with the -noUpm command-line argument
[Package Manager] UpmClient::Send -- Unable to send message (not connected to UPM process).
[Package Manager] Cannot connect to Unity Package Manager local server
Mono: successfully reloaded assembly
- Finished resetting the current domain, in  0.651 seconds
Domain Reload Profiling: 897ms
	BeginReloadAssembly (94ms)
		ExecutionOrderSort (0ms)
		DisableScriptedObjects (3ms)
		BackupInstance (0ms)
		ReleaseScriptingObjects (0ms)
		CreateAndSetChildDomain (26ms)
	RebuildCommonClasses (18ms)
	RebuildNativeTypeToScriptingClass (6ms)
	initialDomainReloadingComplete (16ms)
	LoadAllAssembliesAndSetupDomain (111ms)
		LoadAssemblies (145ms)
		RebuildTransferFunctionScriptingTraits (0ms)
		AnalyzeDomain (9ms)
			TypeCache.Refresh (3ms)
				TypeCache.ScanAssembly (0ms)
			ScanForSourceGeneratedMonoScriptInfo (0ms)
			ResolveRequiredComponents (4ms)
	FinalizeReload (651ms)
		ReleaseScriptCaches (0ms)
		RebuildScriptCaches (0ms)
		SetupLoadedEditorAssemblies (358ms)
			LogAssemblyErrors (0ms)
			InitializePlatformSupportModulesInManaged (4ms)
			SetLoadedEditorAssemblies (2ms)
			RefreshPlugins (0ms)
			BeforeProcessingInitializeOnLoad (41ms)
			ProcessInitializeOnLoadAttributes (288ms)
			ProcessInitializeOnLoadMethodAttributes (19ms)
			AfterProcessingInitializeOnLoad (4ms)
			EditorAssembliesLoaded (0ms)
		ExecutionOrderSort2 (0ms)
		AwakeInstancesAfterBackupRestoration (5ms)
Failed to load shader (instanceID 438, GUID e008cddabe2ee464e86c31af2b5b07c9)
Failed to load shader (instanceID 424, GUID e8f3ce2cbe4971147b1b7f04b791e52a)
Refreshing native plugins compatible for Editor in 2.32 ms, found 3 plugins.
Preloading 0 native plugins for Editor in 0.00 ms.
Unloading 3708 Unused Serialized files (Serialized files now loaded: 0)
Unloading 26 unused Assets / (32.6 KB). Loaded Objects now: 4286.
Memory consumption went from 170.1 MB to 170.0 MB.
Total: 2.214400 ms (FindLiveObjects: 0.227900 ms CreateObjectMapping: 0.050400 ms MarkObjects: 1.896800 ms  DeleteObjects: 0.038700 ms)

Prepare: number of updated asset objects reloaded= 0
AssetImportParameters requested are different than current active one (requested -> active):
  custom:container-demuxer-ogg: 62fdf1f143b41e24485cea50d1cbac27 -> 
  custom:video-codec-MediaFoundation-h265: 746d11721c4dcdbdad8f713fa42b33f4 -> 
  custom:video-decoder-ogg-theora: a1e56fd34408186e4bbccfd4996cb3dc -> 
  custom:scripting/monoscript/fileName/PlayerHoverController.cs: 7c3b24e6003bfc3753fe4dcd628b63d3 -> 
  custom:framework-win-MediaFoundation: 216162199b28c13a410421893ffa2e32 -> 
  custom:scripting/monoscript/fileName/Camera2DFollow.cs: 36d4332d4c2ffe3b416bc2a4e8365925 -> 
  custom:scripting/monoscript/fileName/SplatMapGenerator.cs: 978523f7220bcfbfe4e97dde54f01a88 -> 
  custom:CustomObjectIndexerAttribute: 6d391050e5a25f67b0a2c618074f2cd9 -> 
  custom:scripting/monoscript/fileName/SimpleSmoothMouseLook.cs: cff7259a09eaa180476819b446c45906 -> 
  custom:container-demuxer-webm: 4f35f7cbe854078d1ac9338744f61a02 -> 
  custom:scripting/monoscript/fileName/ForceGrassDistanceInEditor.cs: c02d90dd62271f0368ce2fc0457cb68c -> 
  custom:container-muxer-webm: aa71ff27fc2769a1b78a27578f13a17b -> 
  custom:scripting/monoscript/fileName/PlaceOnSurfaceAtStart.cs: 6425012b1be9be14fc1a64db64d75783 -> 
  custom:video-decoder-webm-vp8: 9c59270c3fd7afecdb556c50c9e8de78 -> 
  custom:scripting/monoscript/fileName/CircleMoverSample.cs: abdbac9546c68b758ba1e8d085187f86 -> 
  custom:scripting/monoscript/fileName/SpawnInArea.cs: d58f698a91ea9cb4b48b0bb3ab224695 -> 
  custom:scripting/monoscript/fileName/TreeExplosion.cs: ff76bbd7bd3d2bad80b109a5f521d638 -> 
  custom:SearchIndexIgnoredProperties: e643bd26f0fe6173181afceb89e7c659 -> 
  custom:AudioImporter_EditorPlatform: d09bf68614088b80899f8185d706f6e7 -> 
  custom:scripting/monoscript/fileName/TerrainTools.cs: 0a67150dc84c7f556953f508bb42ee41 -> 
  custom:scripting/monoscript/fileName/TerrainQualitySettings.cs: 97d80f5eabf04f6efb29519e09b7914e -> 
  custom:scripting/monoscript/fileName/RandomObjectMap.cs: c5c361040658a3dbeb1ecde31a0ba042 -> 
  custom:video-encoder-webm-vp8: eb34c28f22e8b96e1ab97ce403110664 -> 
  custom:scripting/monoscript/fileName/TTTools2D.cs: 938225aaf3ff01b2de05233ebd91ba4b -> 
  custom:audio-decoder-ogg-vorbis: bf7c407c2cedff20999df2af8eb42d56 -> 
  custom:scripting/monoscript/fileName/PlaceOnTerrain.cs: 16680a467d31626be1291a9d1cb5e268 -> 
  custom:scripting/monoscript/fileName/IncrementalSplatmapping.cs: 4c2306b73b507e70f0971eb6fe596f3e -> 
  custom:scripting/monoscript/fileName/ClearWaterLevel.cs: 63b8059750396ec04cedbc48fec03d0d -> 
  custom:audio-encoder-webm-vorbis: bf7c407c2cedff20999df2af8eb42d56 -> 
  custom:scripting/monoscript/fileName/KeepOnSurface.cs: b5186260965dd31cfcb27dea430d35ae -> 
========================================================================
Received Prepare
Begin MonoManager ReloadAssembly
Symbol file LoadedFromMemory is not a mono symbol file
- Loaded All Assemblies, in  0.247 seconds
Refreshing native plugins compatible for Editor in 2.01 ms, found 3 plugins.
Native extension for WindowsStandalone target not found
Native extension for WebGL target not found
[Package Manager] Server::EnsureServerProcessIsRunning -- launch failed, reason: Unity was launched with the -noUpm command-line argument
[Package Manager] UpmClient::Send -- Unable to send message (not connected to UPM process).
[Package Manager] Cannot connect to Unity Package Manager local server
Mono: successfully reloaded assembly
- Finished resetting the current domain, in  0.664 seconds
Domain Reload Profiling: 909ms
	BeginReloadAssembly (94ms)
		ExecutionOrderSort (0ms)
		DisableScriptedObjects (2ms)
		BackupInstance (0ms)
		ReleaseScriptingObjects (0ms)
		CreateAndSetChildDomain (25ms)
	RebuildCommonClasses (18ms)
	RebuildNativeTypeToScriptingClass (6ms)
	initialDomainReloadingComplete (15ms)
	LoadAllAssembliesAndSetupDomain (111ms)
		LoadAssemblies (148ms)
		RebuildTransferFunctionScriptingTraits (0ms)
		AnalyzeDomain (8ms)
			TypeCache.Refresh (3ms)
				TypeCache.ScanAssembly (0ms)
			ScanForSourceGeneratedMonoScriptInfo (0ms)
			ResolveRequiredComponents (3ms)
	FinalizeReload (664ms)
		ReleaseScriptCaches (0ms)
		RebuildScriptCaches (0ms)
		SetupLoadedEditorAssemblies (355ms)
			LogAssemblyErrors (0ms)
			InitializePlatformSupportModulesInManaged (3ms)
			SetLoadedEditorAssemblies (2ms)
			RefreshPlugins (0ms)
			BeforeProcessingInitializeOnLoad (40ms)
			ProcessInitializeOnLoadAttributes (286ms)
			ProcessInitializeOnLoadMethodAttributes (20ms)
			AfterProcessingInitializeOnLoad (3ms)
			EditorAssembliesLoaded (0ms)
		ExecutionOrderSort2 (0ms)
		AwakeInstancesAfterBackupRestoration (5ms)
Failed to load shader (instanceID 438, GUID e008cddabe2ee464e86c31af2b5b07c9)
Failed to load shader (instanceID 424, GUID e8f3ce2cbe4971147b1b7f04b791e52a)
Refreshing native plugins compatible for Editor in 1.97 ms, found 3 plugins.
Preloading 0 native plugins for Editor in 0.00 ms.
Unloading 3708 Unused Serialized files (Serialized files now loaded: 0)
Unloading 26 unused Assets / (32.7 KB). Loaded Objects now: 4289.
Memory consumption went from 172.0 MB to 171.9 MB.
Total: 2.339900 ms (FindLiveObjects: 0.223300 ms CreateObjectMapping: 0.051700 ms MarkObjects: 2.022700 ms  DeleteObjects: 0.041500 ms)

Prepare: number of updated asset objects reloaded= 0
AssetImportParameters requested are different than current active one (requested -> active):
  custom:container-demuxer-ogg: 62fdf1f143b41e24485cea50d1cbac27 -> 
  custom:video-codec-MediaFoundation-h265: 746d11721c4dcdbdad8f713fa42b33f4 -> 
  custom:video-decoder-ogg-theora: a1e56fd34408186e4bbccfd4996cb3dc -> 
  custom:scripting/monoscript/fileName/PlayerHoverController.cs: 7c3b24e6003bfc3753fe4dcd628b63d3 -> 
  custom:framework-win-MediaFoundation: 216162199b28c13a410421893ffa2e32 -> 
  custom:scripting/monoscript/fileName/Camera2DFollow.cs: 36d4332d4c2ffe3b416bc2a4e8365925 -> 
  custom:scripting/monoscript/fileName/SplatMapGenerator.cs: 978523f7220bcfbfe4e97dde54f01a88 -> 
  custom:CustomObjectIndexerAttribute: 6d391050e5a25f67b0a2c618074f2cd9 -> 
  custom:scripting/monoscript/fileName/SimpleSmoothMouseLook.cs: cff7259a09eaa180476819b446c45906 -> 
  custom:container-demuxer-webm: 4f35f7cbe854078d1ac9338744f61a02 -> 
  custom:scripting/monoscript/fileName/ForceGrassDistanceInEditor.cs: c02d90dd62271f0368ce2fc0457cb68c -> 
  custom:container-muxer-webm: aa71ff27fc2769a1b78a27578f13a17b -> 
  custom:scripting/monoscript/fileName/PlaceOnSurfaceAtStart.cs: 6425012b1be9be14fc1a64db64d75783 -> 
  custom:video-decoder-webm-vp8: 9c59270c3fd7afecdb556c50c9e8de78 -> 
  custom:scripting/monoscript/fileName/CircleMoverSample.cs: abdbac9546c68b758ba1e8d085187f86 -> 
  custom:scripting/monoscript/fileName/SpawnInArea.cs: d58f698a91ea9cb4b48b0bb3ab224695 -> 
  custom:scripting/monoscript/fileName/TreeExplosion.cs: ff76bbd7bd3d2bad80b109a5f521d638 -> 
  custom:SearchIndexIgnoredProperties: e643bd26f0fe6173181afceb89e7c659 -> 
  custom:AudioImporter_EditorPlatform: d09bf68614088b80899f8185d706f6e7 -> 
  custom:scripting/monoscript/fileName/TerrainTools.cs: 0a67150dc84c7f556953f508bb42ee41 -> 
  custom:scripting/monoscript/fileName/TerrainQualitySettings.cs: 97d80f5eabf04f6efb29519e09b7914e -> 
  custom:scripting/monoscript/fileName/RandomObjectMap.cs: c5c361040658a3dbeb1ecde31a0ba042 -> 
  custom:video-encoder-webm-vp8: eb34c28f22e8b96e1ab97ce403110664 -> 
  custom:scripting/monoscript/fileName/TTTools2D.cs: 938225aaf3ff01b2de05233ebd91ba4b -> 
  custom:audio-decoder-ogg-vorbis: bf7c407c2cedff20999df2af8eb42d56 -> 
  custom:scripting/monoscript/fileName/PlaceOnTerrain.cs: 16680a467d31626be1291a9d1cb5e268 -> 
  custom:scripting/monoscript/fileName/IncrementalSplatmapping.cs: 4c2306b73b507e70f0971eb6fe596f3e -> 
  custom:scripting/monoscript/fileName/ClearWaterLevel.cs: 63b8059750396ec04cedbc48fec03d0d -> 
  custom:audio-encoder-webm-vorbis: bf7c407c2cedff20999df2af8eb42d56 -> 
  custom:scripting/monoscript/fileName/KeepOnSurface.cs: b5186260965dd31cfcb27dea430d35ae -> 
========================================================================
Received Prepare
Begin MonoManager ReloadAssembly
Symbol file LoadedFromMemory is not a mono symbol file
- Loaded All Assemblies, in  0.258 seconds
Refreshing native plugins compatible for Editor in 1.66 ms, found 3 plugins.
Native extension for WindowsStandalone target not found
Native extension for WebGL target not found
[Package Manager] Server::EnsureServerProcessIsRunning -- launch failed, reason: Unity was launched with the -noUpm command-line argument
[Package Manager] UpmClient::Send -- Unable to send message (not connected to UPM process).
[Package Manager] Cannot connect to Unity Package Manager local server
Mono: successfully reloaded assembly
- Finished resetting the current domain, in  0.653 seconds
Domain Reload Profiling: 911ms
	BeginReloadAssembly (99ms)
		ExecutionOrderSort (0ms)
		DisableScriptedObjects (2ms)
		BackupInstance (0ms)
		ReleaseScriptingObjects (0ms)
		CreateAndSetChildDomain (26ms)
	RebuildCommonClasses (18ms)
	RebuildNativeTypeToScriptingClass (6ms)
	initialDomainReloadingComplete (15ms)
	LoadAllAssembliesAndSetupDomain (119ms)
		LoadAssemblies (160ms)
		RebuildTransferFunctionScriptingTraits (0ms)
		AnalyzeDomain (7ms)
			TypeCache.Refresh (3ms)
				TypeCache.ScanAssembly (0ms)
			ScanForSourceGeneratedMonoScriptInfo (0ms)
			ResolveRequiredComponents (2ms)
	FinalizeReload (654ms)
		ReleaseScriptCaches (0ms)
		RebuildScriptCaches (0ms)
		SetupLoadedEditorAssemblies (354ms)
			LogAssemblyErrors (0ms)
			InitializePlatformSupportModulesInManaged (4ms)
			SetLoadedEditorAssemblies (2ms)
			RefreshPlugins (0ms)
			BeforeProcessingInitializeOnLoad (42ms)
			ProcessInitializeOnLoadAttributes (284ms)
			ProcessInitializeOnLoadMethodAttributes (19ms)
			AfterProcessingInitializeOnLoad (4ms)
			EditorAssembliesLoaded (0ms)
		ExecutionOrderSort2 (0ms)
		AwakeInstancesAfterBackupRestoration (5ms)
Failed to load shader (instanceID 438, GUID e008cddabe2ee464e86c31af2b5b07c9)
Failed to load shader (instanceID 424, GUID e8f3ce2cbe4971147b1b7f04b791e52a)
Refreshing native plugins compatible for Editor in 2.10 ms, found 3 plugins.
Preloading 0 native plugins for Editor in 0.00 ms.
Unloading 3708 Unused Serialized files (Serialized files now loaded: 0)
Unloading 26 unused Assets / (32.8 KB). Loaded Objects now: 4292.
Memory consumption went from 173.9 MB to 173.9 MB.
Total: 2.376300 ms (FindLiveObjects: 0.223000 ms CreateObjectMapping: 0.052700 ms MarkObjects: 2.057600 ms  DeleteObjects: 0.042500 ms)

Prepare: number of updated asset objects reloaded= 0
AssetImportParameters requested are different than current active one (requested -> active):
  custom:container-demuxer-ogg: 62fdf1f143b41e24485cea50d1cbac27 -> 
  custom:video-codec-MediaFoundation-h265: 746d11721c4dcdbdad8f713fa42b33f4 -> 
  custom:video-decoder-ogg-theora: a1e56fd34408186e4bbccfd4996cb3dc -> 
  custom:scripting/monoscript/fileName/PlayerHoverController.cs: 7c3b24e6003bfc3753fe4dcd628b63d3 -> 
  custom:framework-win-MediaFoundation: 216162199b28c13a410421893ffa2e32 -> 
  custom:scripting/monoscript/fileName/Camera2DFollow.cs: 36d4332d4c2ffe3b416bc2a4e8365925 -> 
  custom:scripting/monoscript/fileName/SplatMapGenerator.cs: 978523f7220bcfbfe4e97dde54f01a88 -> 
  custom:CustomObjectIndexerAttribute: 6d391050e5a25f67b0a2c618074f2cd9 -> 
  custom:scripting/monoscript/fileName/SimpleSmoothMouseLook.cs: cff7259a09eaa180476819b446c45906 -> 
  custom:container-demuxer-webm: 4f35f7cbe854078d1ac9338744f61a02 -> 
  custom:scripting/monoscript/fileName/ForceGrassDistanceInEditor.cs: c02d90dd62271f0368ce2fc0457cb68c -> 
  custom:container-muxer-webm: aa71ff27fc2769a1b78a27578f13a17b -> 
  custom:scripting/monoscript/fileName/PlaceOnSurfaceAtStart.cs: 6425012b1be9be14fc1a64db64d75783 -> 
  custom:video-decoder-webm-vp8: 9c59270c3fd7afecdb556c50c9e8de78 -> 
  custom:scripting/monoscript/fileName/CircleMoverSample.cs: abdbac9546c68b758ba1e8d085187f86 -> 
  custom:scripting/monoscript/fileName/SpawnInArea.cs: d58f698a91ea9cb4b48b0bb3ab224695 -> 
  custom:scripting/monoscript/fileName/TreeExplosion.cs: ff76bbd7bd3d2bad80b109a5f521d638 -> 
  custom:SearchIndexIgnoredProperties: e643bd26f0fe6173181afceb89e7c659 -> 
  custom:AudioImporter_EditorPlatform: d09bf68614088b80899f8185d706f6e7 -> 
  custom:scripting/monoscript/fileName/TerrainTools.cs: 0a67150dc84c7f556953f508bb42ee41 -> 
  custom:scripting/monoscript/fileName/TerrainQualitySettings.cs: 97d80f5eabf04f6efb29519e09b7914e -> 
  custom:scripting/monoscript/fileName/RandomObjectMap.cs: c5c361040658a3dbeb1ecde31a0ba042 -> 
  custom:video-encoder-webm-vp8: eb34c28f22e8b96e1ab97ce403110664 -> 
  custom:scripting/monoscript/fileName/TTTools2D.cs: 938225aaf3ff01b2de05233ebd91ba4b -> 
  custom:audio-decoder-ogg-vorbis: bf7c407c2cedff20999df2af8eb42d56 -> 
  custom:scripting/monoscript/fileName/PlaceOnTerrain.cs: 16680a467d31626be1291a9d1cb5e268 -> 
  custom:scripting/monoscript/fileName/IncrementalSplatmapping.cs: 4c2306b73b507e70f0971eb6fe596f3e -> 
  custom:scripting/monoscript/fileName/ClearWaterLevel.cs: 63b8059750396ec04cedbc48fec03d0d -> 
  custom:audio-encoder-webm-vorbis: bf7c407c2cedff20999df2af8eb42d56 -> 
  custom:scripting/monoscript/fileName/KeepOnSurface.cs: b5186260965dd31cfcb27dea430d35ae -> 
========================================================================
Received Import Request.
  Time since last request: 1312.742809 seconds.
  path: Assets/Barrels
  artifactKey: Guid(6e26d8b1f77ea2848a990a0487ddd94d) Importer(815301076,1909f56bfc062723c751e8b465ee728b)
Start importing Assets/Barrels using Guid(6e26d8b1f77ea2848a990a0487ddd94d) Importer(815301076,1909f56bfc062723c751e8b465ee728b)  -> (artifact id: '6c473ac66cee9f88c5234ae3ac380e72') in 0.001185 seconds
Number of updated asset objects reloaded before import = 0
Number of asset objects unloaded after import = 0
========================================================================
Received Import Request.
  Time since last request: 2.699352 seconds.
  path: Assets/Barrels/Materials
  artifactKey: Guid(a22197aef8cf31643b4727b51b63f6eb) Importer(815301076,1909f56bfc062723c751e8b465ee728b)
Start importing Assets/Barrels/Materials using Guid(a22197aef8cf31643b4727b51b63f6eb) Importer(815301076,1909f56bfc062723c751e8b465ee728b)  -> (artifact id: '66563f9bbfbcfc42914bc29cb008883f') in 0.000286 seconds
Number of updated asset objects reloaded before import = 0
Number of asset objects unloaded after import = 0
========================================================================
Received Import Request.
  Time since last request: 0.062436 seconds.
  path: Assets/Barrels/Materials/Barrels_diffuse.mat
  artifactKey: Guid(e006c15e3b42e6349b9ba1149e83cc23) Importer(815301076,1909f56bfc062723c751e8b465ee728b)
Start importing Assets/Barrels/Materials/Barrels_diffuse.mat using Guid(e006c15e3b42e6349b9ba1149e83cc23) Importer(815301076,1909f56bfc062723c751e8b465ee728b)  -> (artifact id: '7070120d9dfb0084aa6feb6ab4449cfc') in 0.167632 seconds
Number of updated asset objects reloaded before import = 0
Number of asset objects unloaded after import = 3
========================================================================
Received Import Request.
  Time since last request: 7.288623 seconds.
  path: Assets/Barrels/Prefab
  artifactKey: Guid(8163ba4b94b486842907dcb823a9ce57) Importer(815301076,1909f56bfc062723c751e8b465ee728b)
Start importing Assets/Barrels/Prefab using Guid(8163ba4b94b486842907dcb823a9ce57) Importer(815301076,1909f56bfc062723c751e8b465ee728b)  -> (artifact id: 'd72c138b897d1813566eb4e0f664a790') in 0.000320 seconds
Number of updated asset objects reloaded before import = 0
Number of asset objects unloaded after import = 0
========================================================================
Received Import Request.
  Time since last request: 0.056228 seconds.
  path: Assets/Barrels/Prefab/Barrels(1).prefab
  artifactKey: Guid(5c6ad8a67c9a6eb449f746c270e1d1fa) Importer(815301076,1909f56bfc062723c751e8b465ee728b)
Start importing Assets/Barrels/Prefab/Barrels(1).prefab using Guid(5c6ad8a67c9a6eb449f746c270e1d1fa) Importer(815301076,1909f56bfc062723c751e8b465ee728b)  -> (artifact id: 'd4549d9a3c6b968c83240c69a8af5239') in 0.017384 seconds
Number of updated asset objects reloaded before import = 0
Number of asset objects unloaded after import = 10
========================================================================
Received Import Request.
  Time since last request: 0.000010 seconds.
  path: Assets/Barrels/Prefab/Barrels(4).prefab
  artifactKey: Guid(3f977774962264d44b97f2b61673e700) Importer(815301076,1909f56bfc062723c751e8b465ee728b)
Start importing Assets/Barrels/Prefab/Barrels(4).prefab using Guid(3f977774962264d44b97f2b61673e700) Importer(815301076,1909f56bfc062723c751e8b465ee728b)  -> (artifact id: '27e249bf77aabf5ccfe31746049a3667') in 0.011300 seconds
Number of updated asset objects reloaded before import = 0
Number of asset objects unloaded after import = 10
========================================================================
Received Prepare
Begin MonoManager ReloadAssembly
Symbol file LoadedFromMemory is not a mono symbol file
- Loaded All Assemblies, in  0.266 seconds
Refreshing native plugins compatible for Editor in 2.33 ms, found 3 plugins.
Native extension for WindowsStandalone target not found
Native extension for WebGL target not found
[Package Manager] Server::EnsureServerProcessIsRunning -- launch failed, reason: Unity was launched with the -noUpm command-line argument
[Package Manager] UpmClient::Send -- Unable to send message (not connected to UPM process).
[Package Manager] Cannot connect to Unity Package Manager local server
Mono: successfully reloaded assembly
- Finished resetting the current domain, in  0.681 seconds
Domain Reload Profiling: 946ms
	BeginReloadAssembly (102ms)
		ExecutionOrderSort (0ms)
		DisableScriptedObjects (2ms)
		BackupInstance (0ms)
		ReleaseScriptingObjects (0ms)
		CreateAndSetChildDomain (25ms)
	RebuildCommonClasses (18ms)
	RebuildNativeTypeToScriptingClass (6ms)
	initialDomainReloadingComplete (16ms)
	LoadAllAssembliesAndSetupDomain (122ms)
		LoadAssemblies (167ms)
		RebuildTransferFunctionScriptingTraits (0ms)
		AnalyzeDomain (8ms)
			TypeCache.Refresh (4ms)
				TypeCache.ScanAssembly (0ms)
			ScanForSourceGeneratedMonoScriptInfo (0ms)
			ResolveRequiredComponents (3ms)
	FinalizeReload (682ms)
		ReleaseScriptCaches (0ms)
		RebuildScriptCaches (0ms)
		SetupLoadedEditorAssemblies (364ms)
			LogAssemblyErrors (0ms)
			InitializePlatformSupportModulesInManaged (4ms)
			SetLoadedEditorAssemblies (2ms)
			RefreshPlugins (0ms)
			BeforeProcessingInitializeOnLoad (42ms)
			ProcessInitializeOnLoadAttributes (291ms)
			ProcessInitializeOnLoadMethodAttributes (21ms)
			AfterProcessingInitializeOnLoad (3ms)
			EditorAssembliesLoaded (0ms)
		ExecutionOrderSort2 (0ms)
		AwakeInstancesAfterBackupRestoration (5ms)
Failed to load shader (instanceID 438, GUID e008cddabe2ee464e86c31af2b5b07c9)
Failed to load shader (instanceID 424, GUID e8f3ce2cbe4971147b1b7f04b791e52a)
Refreshing native plugins compatible for Editor in 2.30 ms, found 3 plugins.
Preloading 0 native plugins for Editor in 0.00 ms.
Unloading 3708 Unused Serialized files (Serialized files now loaded: 0)
Unloading 26 unused Assets / (32.7 KB). Loaded Objects now: 4296.
Memory consumption went from 176.3 MB to 176.3 MB.
Total: 2.434700 ms (FindLiveObjects: 0.219300 ms CreateObjectMapping: 0.051200 ms MarkObjects: 2.123600 ms  DeleteObjects: 0.039800 ms)

Prepare: number of updated asset objects reloaded= 0
AssetImportParameters requested are different than current active one (requested -> active):
  custom:container-demuxer-ogg: 62fdf1f143b41e24485cea50d1cbac27 -> 
  custom:video-codec-MediaFoundation-h265: 746d11721c4dcdbdad8f713fa42b33f4 -> 
  custom:video-decoder-ogg-theora: a1e56fd34408186e4bbccfd4996cb3dc -> 
  custom:scripting/monoscript/fileName/PlayerHoverController.cs: 7c3b24e6003bfc3753fe4dcd628b63d3 -> 
  custom:framework-win-MediaFoundation: 216162199b28c13a410421893ffa2e32 -> 
  custom:scripting/monoscript/fileName/Camera2DFollow.cs: 36d4332d4c2ffe3b416bc2a4e8365925 -> 
  custom:scripting/monoscript/fileName/SplatMapGenerator.cs: 978523f7220bcfbfe4e97dde54f01a88 -> 
  custom:CustomObjectIndexerAttribute: 6d391050e5a25f67b0a2c618074f2cd9 -> 
  custom:scripting/monoscript/fileName/SimpleSmoothMouseLook.cs: cff7259a09eaa180476819b446c45906 -> 
  custom:container-demuxer-webm: 4f35f7cbe854078d1ac9338744f61a02 -> 
  custom:scripting/monoscript/fileName/ForceGrassDistanceInEditor.cs: c02d90dd62271f0368ce2fc0457cb68c -> 
  custom:container-muxer-webm: aa71ff27fc2769a1b78a27578f13a17b -> 
  custom:scripting/monoscript/fileName/PlaceOnSurfaceAtStart.cs: 6425012b1be9be14fc1a64db64d75783 -> 
  custom:video-decoder-webm-vp8: 9c59270c3fd7afecdb556c50c9e8de78 -> 
  custom:scripting/monoscript/fileName/CircleMoverSample.cs: abdbac9546c68b758ba1e8d085187f86 -> 
  custom:scripting/monoscript/fileName/SpawnInArea.cs: d58f698a91ea9cb4b48b0bb3ab224695 -> 
  custom:scripting/monoscript/fileName/TreeExplosion.cs: ff76bbd7bd3d2bad80b109a5f521d638 -> 
  custom:SearchIndexIgnoredProperties: e643bd26f0fe6173181afceb89e7c659 -> 
  custom:AudioImporter_EditorPlatform: d09bf68614088b80899f8185d706f6e7 -> 
  custom:scripting/monoscript/fileName/TerrainTools.cs: 0a67150dc84c7f556953f508bb42ee41 -> 
  custom:scripting/monoscript/fileName/TerrainQualitySettings.cs: 97d80f5eabf04f6efb29519e09b7914e -> 
  custom:scripting/monoscript/fileName/RandomObjectMap.cs: c5c361040658a3dbeb1ecde31a0ba042 -> 
  custom:video-encoder-webm-vp8: eb34c28f22e8b96e1ab97ce403110664 -> 
  custom:scripting/monoscript/fileName/TTTools2D.cs: 938225aaf3ff01b2de05233ebd91ba4b -> 
  custom:audio-decoder-ogg-vorbis: bf7c407c2cedff20999df2af8eb42d56 -> 
  custom:scripting/monoscript/fileName/PlaceOnTerrain.cs: 16680a467d31626be1291a9d1cb5e268 -> 
  custom:scripting/monoscript/fileName/IncrementalSplatmapping.cs: 4c2306b73b507e70f0971eb6fe596f3e -> 
  custom:scripting/monoscript/fileName/ClearWaterLevel.cs: 63b8059750396ec04cedbc48fec03d0d -> 
  custom:audio-encoder-webm-vorbis: bf7c407c2cedff20999df2af8eb42d56 -> 
  custom:scripting/monoscript/fileName/KeepOnSurface.cs: b5186260965dd31cfcb27dea430d35ae -> 
========================================================================
Received Import Request.
  Time since last request: 157.573180 seconds.
  path: Assets/TexturesPart01/Materials/asphalt_01.mat
  artifactKey: Guid(82e6f2f316188a340ad4ef8f1239a67a) Importer(815301076,1909f56bfc062723c751e8b465ee728b)
Start importing Assets/TexturesPart01/Materials/asphalt_01.mat using Guid(82e6f2f316188a340ad4ef8f1239a67a) Importer(815301076,1909f56bfc062723c751e8b465ee728b)  -> (artifact id: '31848062949d9072909e7b556760c069') in 0.053237 seconds
Number of updated asset objects reloaded before import = 0
Number of asset objects unloaded after import = 3
========================================================================
Received Import Request.
  Time since last request: 0.000012 seconds.
  path: Assets/TexturesPart01/Materials/brick_04.mat
  artifactKey: Guid(ae05a216b935ee6428ef95995dc2e2c8) Importer(815301076,1909f56bfc062723c751e8b465ee728b)
Start importing Assets/TexturesPart01/Materials/brick_04.mat using Guid(ae05a216b935ee6428ef95995dc2e2c8) Importer(815301076,1909f56bfc062723c751e8b465ee728b)  -> (artifact id: '0ad3368aaa5d2b706cd6a0c1a346331d') in 0.010232 seconds
Number of updated asset objects reloaded before import = 0
Number of asset objects unloaded after import = 3
========================================================================
Received Import Request.
  Time since last request: 32.470580 seconds.
  path: Assets/Asphalt_materials/Materials/Asphalt_material_10.mat
  artifactKey: Guid(4c157cc8cdc264bcf9f241bcd0fdd202) Importer(815301076,1909f56bfc062723c751e8b465ee728b)
Start importing Assets/Asphalt_materials/Materials/Asphalt_material_10.mat using Guid(4c157cc8cdc264bcf9f241bcd0fdd202) Importer(815301076,1909f56bfc062723c751e8b465ee728b)  -> (artifact id: '9934d79b245e5546ebf5a4a06c74d4fa') in 0.013452 seconds
Number of updated asset objects reloaded before import = 0
Number of asset objects unloaded after import = 10
========================================================================
Received Import Request.
  Time since last request: 31.026938 seconds.
  path: Assets/Scenes
  artifactKey: Guid(0a60a8819ea28234d986bde27b25e202) Importer(815301076,1909f56bfc062723c751e8b465ee728b)
Start importing Assets/Scenes using Guid(0a60a8819ea28234d986bde27b25e202) Importer(815301076,1909f56bfc062723c751e8b465ee728b)  -> (artifact id: '14cfae4e0daf2beb6a9d2cbc2f7329c9') in 0.000343 seconds
Number of updated asset objects reloaded before import = 0
Number of asset objects unloaded after import = 0
========================================================================
Received Import Request.
  Time since last request: 46.084812 seconds.
  path: Assets/Zololgo/Old urban brick texture/Textures
  artifactKey: Guid(a02f814f82df8344081962fde4bfb4cf) Importer(815301076,1909f56bfc062723c751e8b465ee728b)
Start importing Assets/Zololgo/Old urban brick texture/Textures using Guid(a02f814f82df8344081962fde4bfb4cf) Importer(815301076,1909f56bfc062723c751e8b465ee728b)  -> (artifact id: '68e207123e0c616879a080c98a9a2fee') in 0.000304 seconds
Number of updated asset objects reloaded before import = 0
Number of asset objects unloaded after import = 0
========================================================================
Received Import Request.
  Time since last request: 0.039829 seconds.
  path: Assets/Zololgo/Old urban brick texture/Textures/albedo_2k.png
  artifactKey: Guid(373ba2d21421f06458bc3c8d83c3c20f) Importer(815301076,1909f56bfc062723c751e8b465ee728b)
Start importing Assets/Zololgo/Old urban brick texture/Textures/albedo_2k.png using Guid(373ba2d21421f06458bc3c8d83c3c20f) Importer(815301076,1909f56bfc062723c751e8b465ee728b)  -> (artifact id: '4ab0ae699b849152934f1ffbfc411d07') in 0.015906 seconds
Number of updated asset objects reloaded before import = 0
Number of asset objects unloaded after import = 2
========================================================================
Received Import Request.
  Time since last request: 0.000013 seconds.
  path: Assets/Zololgo/Old urban brick texture/Textures/normals_2k.png
  artifactKey: Guid(de7d7ecd06d1ff04ea63c4af5cafd719) Importer(815301076,1909f56bfc062723c751e8b465ee728b)
Start importing Assets/Zololgo/Old urban brick texture/Textures/normals_2k.png using Guid(de7d7ecd06d1ff04ea63c4af5cafd719) Importer(815301076,1909f56bfc062723c751e8b465ee728b)  -> (artifact id: 'c90f2d14ac1d746b068662c653b5971f') in 0.015613 seconds
Number of updated asset objects reloaded before import = 0
Number of asset objects unloaded after import = 2
========================================================================
Received Import Request.
  Time since last request: 1.526452 seconds.
  path: Assets/Zololgo/Old urban brick texture/Shaders
  artifactKey: Guid(2d524bcb8a24c4d43a1ff3b16c14558a) Importer(815301076,1909f56bfc062723c751e8b465ee728b)
Start importing Assets/Zololgo/Old urban brick texture/Shaders using Guid(2d524bcb8a24c4d43a1ff3b16c14558a) Importer(815301076,1909f56bfc062723c751e8b465ee728b)  -> (artifact id: 'f52c86c1e3ad1481a154a01a5abf10c4') in 0.000318 seconds
Number of updated asset objects reloaded before import = 0
Number of asset objects unloaded after import = 0
========================================================================
Received Prepare
Begin MonoManager ReloadAssembly
Symbol file LoadedFromMemory is not a mono symbol file
- Loaded All Assemblies, in  0.288 seconds
Refreshing native plugins compatible for Editor in 1.56 ms, found 3 plugins.
Native extension for WindowsStandalone target not found
Native extension for WebGL target not found
[Package Manager] Server::EnsureServerProcessIsRunning -- launch failed, reason: Unity was launched with the -noUpm command-line argument
[Package Manager] UpmClient::Send -- Unable to send message (not connected to UPM process).
[Package Manager] Cannot connect to Unity Package Manager local server
Mono: successfully reloaded assembly
- Finished resetting the current domain, in  0.660 seconds
Domain Reload Profiling: 948ms
	BeginReloadAssembly (108ms)
		ExecutionOrderSort (0ms)
		DisableScriptedObjects (2ms)
		BackupInstance (0ms)
		ReleaseScriptingObjects (0ms)
		CreateAndSetChildDomain (30ms)
	RebuildCommonClasses (18ms)
	RebuildNativeTypeToScriptingClass (8ms)
	initialDomainReloadingComplete (17ms)
	LoadAllAssembliesAndSetupDomain (137ms)
		LoadAssemblies (177ms)
		RebuildTransferFunctionScriptingTraits (0ms)
		AnalyzeDomain (11ms)
			TypeCache.Refresh (5ms)
				TypeCache.ScanAssembly (0ms)
			ScanForSourceGeneratedMonoScriptInfo (4ms)
			ResolveRequiredComponents (2ms)
	FinalizeReload (661ms)
		ReleaseScriptCaches (0ms)
		RebuildScriptCaches (0ms)
		SetupLoadedEditorAssemblies (371ms)
			LogAssemblyErrors (0ms)
			InitializePlatformSupportModulesInManaged (4ms)
			SetLoadedEditorAssemblies (2ms)
			RefreshPlugins (0ms)
			BeforeProcessingInitializeOnLoad (41ms)
			ProcessInitializeOnLoadAttributes (299ms)
			ProcessInitializeOnLoadMethodAttributes (21ms)
			AfterProcessingInitializeOnLoad (4ms)
			EditorAssembliesLoaded (0ms)
		ExecutionOrderSort2 (0ms)
		AwakeInstancesAfterBackupRestoration (5ms)
Refreshing native plugins compatible for Editor in 2.20 ms, found 3 plugins.
Preloading 0 native plugins for Editor in 0.00 ms.
Unloading 3696 Unused Serialized files (Serialized files now loaded: 0)
Unloading 34 unused Assets / (37.0 KB). Loaded Objects now: 4294.
Memory consumption went from 177.5 MB to 177.5 MB.
Total: 2.173700 ms (FindLiveObjects: 0.219200 ms CreateObjectMapping: 0.049100 ms MarkObjects: 1.861900 ms  DeleteObjects: 0.043000 ms)

Prepare: number of updated asset objects reloaded= 13
AssetImportParameters requested are different than current active one (requested -> active):
  custom:container-demuxer-ogg: 62fdf1f143b41e24485cea50d1cbac27 -> 
  custom:video-codec-MediaFoundation-h265: 746d11721c4dcdbdad8f713fa42b33f4 -> 
  custom:video-decoder-ogg-theora: a1e56fd34408186e4bbccfd4996cb3dc -> 
  custom:scripting/monoscript/fileName/PlayerHoverController.cs: 7c3b24e6003bfc3753fe4dcd628b63d3 -> 
  custom:framework-win-MediaFoundation: 216162199b28c13a410421893ffa2e32 -> 
  custom:scripting/monoscript/fileName/Camera2DFollow.cs: 36d4332d4c2ffe3b416bc2a4e8365925 -> 
  custom:scripting/monoscript/fileName/SplatMapGenerator.cs: 978523f7220bcfbfe4e97dde54f01a88 -> 
  custom:CustomObjectIndexerAttribute: 6d391050e5a25f67b0a2c618074f2cd9 -> 
  custom:scripting/monoscript/fileName/SimpleSmoothMouseLook.cs: cff7259a09eaa180476819b446c45906 -> 
  custom:container-demuxer-webm: 4f35f7cbe854078d1ac9338744f61a02 -> 
  custom:scripting/monoscript/fileName/ForceGrassDistanceInEditor.cs: c02d90dd62271f0368ce2fc0457cb68c -> 
  custom:container-muxer-webm: aa71ff27fc2769a1b78a27578f13a17b -> 
  custom:scripting/monoscript/fileName/PlaceOnSurfaceAtStart.cs: 6425012b1be9be14fc1a64db64d75783 -> 
  custom:video-decoder-webm-vp8: 9c59270c3fd7afecdb556c50c9e8de78 -> 
  custom:scripting/monoscript/fileName/CircleMoverSample.cs: abdbac9546c68b758ba1e8d085187f86 -> 
  custom:scripting/monoscript/fileName/SpawnInArea.cs: d58f698a91ea9cb4b48b0bb3ab224695 -> 
  custom:scripting/monoscript/fileName/TreeExplosion.cs: ff76bbd7bd3d2bad80b109a5f521d638 -> 
  custom:SearchIndexIgnoredProperties: e643bd26f0fe6173181afceb89e7c659 -> 
  custom:AudioImporter_EditorPlatform: d09bf68614088b80899f8185d706f6e7 -> 
  custom:scripting/monoscript/fileName/TerrainTools.cs: 0a67150dc84c7f556953f508bb42ee41 -> 
  custom:scripting/monoscript/fileName/TerrainQualitySettings.cs: 97d80f5eabf04f6efb29519e09b7914e -> 
  custom:scripting/monoscript/fileName/RandomObjectMap.cs: c5c361040658a3dbeb1ecde31a0ba042 -> 
  custom:video-encoder-webm-vp8: eb34c28f22e8b96e1ab97ce403110664 -> 
  custom:scripting/monoscript/fileName/TTTools2D.cs: 938225aaf3ff01b2de05233ebd91ba4b -> 
  custom:audio-decoder-ogg-vorbis: bf7c407c2cedff20999df2af8eb42d56 -> 
  custom:scripting/monoscript/fileName/PlaceOnTerrain.cs: 16680a467d31626be1291a9d1cb5e268 -> 
  custom:scripting/monoscript/fileName/IncrementalSplatmapping.cs: 4c2306b73b507e70f0971eb6fe596f3e -> 
  custom:scripting/monoscript/fileName/ClearWaterLevel.cs: 63b8059750396ec04cedbc48fec03d0d -> 
  custom:audio-encoder-webm-vorbis: bf7c407c2cedff20999df2af8eb42d56 -> 
  custom:scripting/monoscript/fileName/KeepOnSurface.cs: b5186260965dd31cfcb27dea430d35ae -> 
========================================================================
Received Import Request.
  Time since last request: 23.314720 seconds.
  path: Assets/Road Blocker/Materials/RoadBlocker1_D.mat
  artifactKey: Guid(7ba603fd238d61447820f924d08430d6) Importer(815301076,1909f56bfc062723c751e8b465ee728b)
Start importing Assets/Road Blocker/Materials/RoadBlocker1_D.mat using Guid(7ba603fd238d61447820f924d08430d6) Importer(815301076,1909f56bfc062723c751e8b465ee728b)  -> (artifact id: '873435885b664d667050b1d8a7289345') in 0.048284 seconds
Number of updated asset objects reloaded before import = 0
Number of asset objects unloaded after import = 2
Editor requested this worker to shutdown with reason: Scaling down because of idle timeout
TcpMessagingSession - receive error: operation aborted. errorcode: 995, details: The I/O operation has been aborted because of either a thread exit or an application request.
AssetImportWorker is now disconnected from the server
Process exiting
Exiting without the bug reporter. Application will terminate with return code 0