Using pre-set license
Built from '2022.3/release' branch; Version is '2022.3.18f1 (d29bea25151d) revision 13802474'; Using compiler version '192829333'; Build Type 'Release'
OS: 'Windows 10  (10.0.19042) 64bit Professional' Language: 'en' Physical Memory: 8063 MB
BatchMode: 1, IsHumanControllingUs: 0, StartBugReporterOnCrash: 0, Is64bit: 1, IsPro: 1

COMMAND LINE ARGUMENTS:
C:\Program Files\Unity\Hub\Editor\2022.3.18f1\Editor\Unity.exe
-adb2
-batchMode
-noUpm
-name
AssetImportWorker1
-projectPath
C:/Users/gimn desni/Documents/GitHub/Zombocalypse/Zombocalypse
-logFile
Logs/AssetImportWorker1.log
-srvPort
51702
Successfully changed project path to: C:/Users/gimn desni/Documents/GitHub/Zombocalypse/Zombocalypse
C:/Users/gimn desni/Documents/GitHub/Zombocalypse/Zombocalypse
[UnityMemory] Configuration Parameters - Can be set up in boot.config
    "memorysetup-bucket-allocator-granularity=16"
    "memorysetup-bucket-allocator-bucket-count=8"
    "memorysetup-bucket-allocator-block-size=33554432"
    "memorysetup-bucket-allocator-block-count=8"
    "memorysetup-main-allocator-block-size=16777216"
    "memorysetup-thread-allocator-block-size=16777216"
    "memorysetup-gfx-main-allocator-block-size=16777216"
    "memorysetup-gfx-thread-allocator-block-size=16777216"
    "memorysetup-cache-allocator-block-size=4194304"
    "memorysetup-typetree-allocator-block-size=2097152"
    "memorysetup-profiler-bucket-allocator-granularity=16"
    "memorysetup-profiler-bucket-allocator-bucket-count=8"
    "memorysetup-profiler-bucket-allocator-block-size=33554432"
    "memorysetup-profiler-bucket-allocator-block-count=8"
    "memorysetup-profiler-allocator-block-size=16777216"
    "memorysetup-profiler-editor-allocator-block-size=1048576"
    "memorysetup-temp-allocator-size-main=16777216"
    "memorysetup-job-temp-allocator-block-size=2097152"
    "memorysetup-job-temp-allocator-block-size-background=1048576"
    "memorysetup-job-temp-allocator-reduction-small-platforms=262144"
    "memorysetup-allocator-temp-initial-block-size-main=262144"
    "memorysetup-allocator-temp-initial-block-size-worker=262144"
    "memorysetup-temp-allocator-size-background-worker=32768"
    "memorysetup-temp-allocator-size-job-worker=262144"
    "memorysetup-temp-allocator-size-preload-manager=33554432"
    "memorysetup-temp-allocator-size-nav-mesh-worker=65536"
    "memorysetup-temp-allocator-size-audio-worker=65536"
    "memorysetup-temp-allocator-size-cloud-worker=32768"
    "memorysetup-temp-allocator-size-gi-baking-worker=262144"
    "memorysetup-temp-allocator-size-gfx=262144"
Player connection [8584] Host "[IP] 10.65.11.156 [Port] 0 [Flags] 2 [Guid] 631949982 [EditorId] 631949982 [Version] 1048832 [Id] WindowsEditor(7,DESKTOP-Q7SCP4M) [Debug] 1 [PackageName] WindowsEditor [ProjectName] Editor" joined multi-casting on [225.0.0.222:54997]...

Player connection [8584] Host "[IP] 10.65.11.156 [Port] 0 [Flags] 2 [Guid] 631949982 [EditorId] 631949982 [Version] 1048832 [Id] WindowsEditor(7,DESKTOP-Q7SCP4M) [Debug] 1 [PackageName] WindowsEditor [ProjectName] Editor" joined alternative multi-casting on [225.0.0.222:34997]...

[Physics::Module] Initialized MultithreadedJobDispatcher with 1 workers.
Refreshing native plugins compatible for Editor in 25.23 ms, found 3 plugins.
Preloading 0 native plugins for Editor in 0.00 ms.
Initialize engine version: 2022.3.18f1 (d29bea25151d)
[Subsystems] Discovering subsystems at path C:/Program Files/Unity/Hub/Editor/2022.3.18f1/Editor/Data/Resources/UnitySubsystems
[Subsystems] Discovering subsystems at path C:/Users/gimn desni/Documents/GitHub/Zombocalypse/Zombocalypse/Assets
GfxDevice: creating device client; threaded=0; jobified=0
Direct3D:
    Version:  Direct3D 11.0 [level 11.0]
    Renderer: Intel(R) HD Graphics (ID=0x152)
    Vendor:   Intel
    VRAM:     128 MB
    Driver:   10.18.10.4252
Initialize mono
Mono path[0] = 'C:/Program Files/Unity/Hub/Editor/2022.3.18f1/Editor/Data/Managed'
Mono path[1] = 'C:/Program Files/Unity/Hub/Editor/2022.3.18f1/Editor/Data/MonoBleedingEdge/lib/mono/unityjit-win32'
Mono config path = 'C:/Program Files/Unity/Hub/Editor/2022.3.18f1/Editor/Data/MonoBleedingEdge/etc'
Using monoOptions --debugger-agent=transport=dt_socket,embedding=1,server=y,suspend=n,address=127.0.0.1:56136
Begin MonoManager ReloadAssembly
Registering precompiled unity dll's ...
Register platform support module: C:/Program Files/Unity/Hub/Editor/2022.3.18f1/Editor/Data/PlaybackEngines/WindowsStandaloneSupport/UnityEditor.WindowsStandalone.Extensions.dll
Registered in 0.038338 seconds.
- Loaded All Assemblies, in  5.824 seconds
Native extension for WindowsStandalone target not found
Mono: successfully reloaded assembly
- Finished resetting the current domain, in  2.598 seconds
Domain Reload Profiling: 8411ms
	BeginReloadAssembly (1081ms)
		ExecutionOrderSort (0ms)
		DisableScriptedObjects (0ms)
		BackupInstance (0ms)
		ReleaseScriptingObjects (0ms)
		CreateAndSetChildDomain (1ms)
	RebuildCommonClasses (521ms)
	RebuildNativeTypeToScriptingClass (69ms)
	initialDomainReloadingComplete (1024ms)
	LoadAllAssembliesAndSetupDomain (3118ms)
		LoadAssemblies (1079ms)
		RebuildTransferFunctionScriptingTraits (0ms)
		AnalyzeDomain (3104ms)
			TypeCache.Refresh (3096ms)
				TypeCache.ScanAssembly (2871ms)
			ScanForSourceGeneratedMonoScriptInfo (1ms)
			ResolveRequiredComponents (3ms)
	FinalizeReload (2599ms)
		ReleaseScriptCaches (0ms)
		RebuildScriptCaches (0ms)
		SetupLoadedEditorAssemblies (1602ms)
			LogAssemblyErrors (0ms)
			InitializePlatformSupportModulesInManaged (192ms)
			SetLoadedEditorAssemblies (170ms)
			RefreshPlugins (0ms)
			BeforeProcessingInitializeOnLoad (29ms)
			ProcessInitializeOnLoadAttributes (977ms)
			ProcessInitializeOnLoadMethodAttributes (235ms)
			AfterProcessingInitializeOnLoad (0ms)
			EditorAssembliesLoaded (0ms)
		ExecutionOrderSort2 (0ms)
		AwakeInstancesAfterBackupRestoration (0ms)
========================================================================
Worker process is ready to serve import requests
Begin MonoManager ReloadAssembly
Symbol file LoadedFromMemory is not a mono symbol file
- Loaded All Assemblies, in  1.529 seconds
Refreshing native plugins compatible for Editor in 5.93 ms, found 3 plugins.
Native extension for WindowsStandalone target not found
Package Manager log level set to [2]
[Package Manager] Server::EnsureServerProcessIsRunning -- launch failed, reason: Unity was launched with the -noUpm command-line argument
[Package Manager] UpmClient::Send -- Unable to send message (not connected to UPM process).
[Package Manager] Cannot connect to Unity Package Manager local server
Mono: successfully reloaded assembly
- Finished resetting the current domain, in  2.758 seconds
Domain Reload Profiling: 4284ms
	BeginReloadAssembly (273ms)
		ExecutionOrderSort (0ms)
		DisableScriptedObjects (10ms)
		BackupInstance (0ms)
		ReleaseScriptingObjects (0ms)
		CreateAndSetChildDomain (41ms)
	RebuildCommonClasses (60ms)
	RebuildNativeTypeToScriptingClass (20ms)
	initialDomainReloadingComplete (80ms)
	LoadAllAssembliesAndSetupDomain (1092ms)
		LoadAssemblies (640ms)
		RebuildTransferFunctionScriptingTraits (0ms)
		AnalyzeDomain (603ms)
			TypeCache.Refresh (526ms)
				TypeCache.ScanAssembly (445ms)
			ScanForSourceGeneratedMonoScriptInfo (68ms)
			ResolveRequiredComponents (7ms)
	FinalizeReload (2760ms)
		ReleaseScriptCaches (0ms)
		RebuildScriptCaches (0ms)
		SetupLoadedEditorAssemblies (2054ms)
			LogAssemblyErrors (0ms)
			InitializePlatformSupportModulesInManaged (11ms)
			SetLoadedEditorAssemblies (6ms)
			RefreshPlugins (0ms)
			BeforeProcessingInitializeOnLoad (310ms)
			ProcessInitializeOnLoadAttributes (1506ms)
			ProcessInitializeOnLoadMethodAttributes (196ms)
			AfterProcessingInitializeOnLoad (24ms)
			EditorAssembliesLoaded (2ms)
		ExecutionOrderSort2 (0ms)
		AwakeInstancesAfterBackupRestoration (52ms)
Failed to load shader (instanceID 450, GUID dd89cf5b9246416f84610a006f916af7)
Failed to load shader (instanceID 452, GUID 14eb328de4b8eb245bb7cea29e4ac00b)
Failed to load shader (instanceID 454, GUID 68e6db2ebdc24f95958faec2be5558d6)
Failed to load shader (instanceID 456, GUID bc1ede39bf3643ee8e493720e4259791)
Failed to load shader (instanceID 446, GUID fe393ace9b354375a9cb14cdbbc28be4)
Failed to load shader (instanceID 448, GUID cf81c85f95fe47e1a27f6ae460cf182c)
Failed to load shader (instanceID 458, GUID 48bb5f55d8670e349b6e614913f9d910)
Failed to load shader (instanceID 460, GUID 85187c2149c549c5b33f0cdb02836b17)
Failed to load shader (instanceID 462, GUID 128e987d567d4e2c824d754223b3f3b0)
Failed to load shader (instanceID 470, GUID f7ada0af4f174f0694ca6a487b8f543d)
Failed to load shader (instanceID 466, GUID a02a7d8c237544f1962732b55a9aebf1)
Failed to load shader (instanceID 468, GUID c8d12adcee749c344b8117cf7c7eb912)
Failed to load shader (instanceID 464, GUID 1e3b057af24249748ff873be7fafee47)
Launched and connected shader compiler UnityShaderCompiler.exe after 0.83 seconds
Refreshing native plugins compatible for Editor in 16.94 ms, found 3 plugins.
Preloading 0 native plugins for Editor in 0.00 ms.
Unloading 3708 Unused Serialized files (Serialized files now loaded: 0)
Unloading 35 unused Assets / (59.6 KB). Loaded Objects now: 4202.
Memory consumption went from 151.1 MB to 151.0 MB.
Total: 8.286400 ms (FindLiveObjects: 0.623800 ms CreateObjectMapping: 0.461800 ms MarkObjects: 6.678100 ms  DeleteObjects: 0.519800 ms)

AssetImportParameters requested are different than current active one (requested -> active):
  custom:container-demuxer-ogg: 62fdf1f143b41e24485cea50d1cbac27 -> 
  custom:video-decoder-ogg-theora: a1e56fd34408186e4bbccfd4996cb3dc -> 
  custom:framework-win-MediaFoundation: 216162199b28c13a410421893ffa2e32 -> 
  custom:CustomObjectIndexerAttribute: 6d391050e5a25f67b0a2c618074f2cd9 -> 
  custom:container-demuxer-webm: 4f35f7cbe854078d1ac9338744f61a02 -> 
  custom:container-muxer-webm: aa71ff27fc2769a1b78a27578f13a17b -> 
  custom:video-decoder-webm-vp8: 9c59270c3fd7afecdb556c50c9e8de78 -> 
  custom:SearchIndexIgnoredProperties: e643bd26f0fe6173181afceb89e7c659 -> 
  custom:AudioImporter_EditorPlatform: d09bf68614088b80899f8185d706f6e7 -> 
  custom:video-encoder-webm-vp8: eb34c28f22e8b96e1ab97ce403110664 -> 
  custom:audio-decoder-ogg-vorbis: bf7c407c2cedff20999df2af8eb42d56 -> 
  custom:audio-encoder-webm-vorbis: bf7c407c2cedff20999df2af8eb42d56 -> 
========================================================================
Received Prepare
Begin MonoManager ReloadAssembly
Symbol file LoadedFromMemory is not a mono symbol file
- Loaded All Assemblies, in  2.487 seconds
Refreshing native plugins compatible for Editor in 8.20 ms, found 3 plugins.
Native extension for WindowsStandalone target not found
[Package Manager] Server::EnsureServerProcessIsRunning -- launch failed, reason: Unity was launched with the -noUpm command-line argument
[Package Manager] UpmClient::Send -- Unable to send message (not connected to UPM process).
[Package Manager] Cannot connect to Unity Package Manager local server
Mono: successfully reloaded assembly
- Finished resetting the current domain, in  4.296 seconds
Domain Reload Profiling: 6765ms
	BeginReloadAssembly (846ms)
		ExecutionOrderSort (0ms)
		DisableScriptedObjects (41ms)
		BackupInstance (0ms)
		ReleaseScriptingObjects (0ms)
		CreateAndSetChildDomain (194ms)
	RebuildCommonClasses (243ms)
	RebuildNativeTypeToScriptingClass (41ms)
	initialDomainReloadingComplete (179ms)
	LoadAllAssembliesAndSetupDomain (1158ms)
		LoadAssemblies (1562ms)
		RebuildTransferFunctionScriptingTraits (0ms)
		AnalyzeDomain (62ms)
			TypeCache.Refresh (32ms)
				TypeCache.ScanAssembly (0ms)
			ScanForSourceGeneratedMonoScriptInfo (0ms)
			ResolveRequiredComponents (25ms)
	FinalizeReload (4297ms)
		ReleaseScriptCaches (0ms)
		RebuildScriptCaches (0ms)
		SetupLoadedEditorAssemblies (1981ms)
			LogAssemblyErrors (0ms)
			InitializePlatformSupportModulesInManaged (37ms)
			SetLoadedEditorAssemblies (11ms)
			RefreshPlugins (0ms)
			BeforeProcessingInitializeOnLoad (292ms)
			ProcessInitializeOnLoadAttributes (1439ms)
			ProcessInitializeOnLoadMethodAttributes (177ms)
			AfterProcessingInitializeOnLoad (23ms)
			EditorAssembliesLoaded (2ms)
		ExecutionOrderSort2 (0ms)
		AwakeInstancesAfterBackupRestoration (32ms)
Failed to load shader (instanceID 450, GUID dd89cf5b9246416f84610a006f916af7)
Failed to load shader (instanceID 452, GUID 14eb328de4b8eb245bb7cea29e4ac00b)
Failed to load shader (instanceID 454, GUID 68e6db2ebdc24f95958faec2be5558d6)
Failed to load shader (instanceID 456, GUID bc1ede39bf3643ee8e493720e4259791)
Failed to load shader (instanceID 446, GUID fe393ace9b354375a9cb14cdbbc28be4)
Failed to load shader (instanceID 448, GUID cf81c85f95fe47e1a27f6ae460cf182c)
Failed to load shader (instanceID 458, GUID 48bb5f55d8670e349b6e614913f9d910)
Failed to load shader (instanceID 460, GUID 85187c2149c549c5b33f0cdb02836b17)
Failed to load shader (instanceID 462, GUID 128e987d567d4e2c824d754223b3f3b0)
Failed to load shader (instanceID 470, GUID f7ada0af4f174f0694ca6a487b8f543d)
Failed to load shader (instanceID 466, GUID a02a7d8c237544f1962732b55a9aebf1)
Failed to load shader (instanceID 468, GUID c8d12adcee749c344b8117cf7c7eb912)
Failed to load shader (instanceID 464, GUID 1e3b057af24249748ff873be7fafee47)
Refreshing native plugins compatible for Editor in 6.96 ms, found 3 plugins.
Preloading 0 native plugins for Editor in 0.00 ms.
Unloading 3699 Unused Serialized files (Serialized files now loaded: 0)
Unloading 26 unused Assets / (32.6 KB). Loaded Objects now: 4205.
Memory consumption went from 151.2 MB to 151.2 MB.
Total: 6.519400 ms (FindLiveObjects: 0.453500 ms CreateObjectMapping: 0.295600 ms MarkObjects: 5.528600 ms  DeleteObjects: 0.234000 ms)

Prepare: number of updated asset objects reloaded= 0
AssetImportParameters requested are different than current active one (requested -> active):
  custom:container-demuxer-ogg: 62fdf1f143b41e24485cea50d1cbac27 -> 
  custom:video-decoder-ogg-theora: a1e56fd34408186e4bbccfd4996cb3dc -> 
  custom:framework-win-MediaFoundation: 216162199b28c13a410421893ffa2e32 -> 
  custom:CustomObjectIndexerAttribute: 6d391050e5a25f67b0a2c618074f2cd9 -> 
  custom:container-demuxer-webm: 4f35f7cbe854078d1ac9338744f61a02 -> 
  custom:container-muxer-webm: aa71ff27fc2769a1b78a27578f13a17b -> 
  custom:video-decoder-webm-vp8: 9c59270c3fd7afecdb556c50c9e8de78 -> 
  custom:SearchIndexIgnoredProperties: e643bd26f0fe6173181afceb89e7c659 -> 
  custom:AudioImporter_EditorPlatform: d09bf68614088b80899f8185d706f6e7 -> 
  custom:video-encoder-webm-vp8: eb34c28f22e8b96e1ab97ce403110664 -> 
  custom:audio-decoder-ogg-vorbis: bf7c407c2cedff20999df2af8eb42d56 -> 
  custom:audio-encoder-webm-vorbis: bf7c407c2cedff20999df2af8eb42d56 -> 
========================================================================
Received Import Request.
  Time since last request: 238465.620832 seconds.
  path: Assets/Switch.cs
  artifactKey: Guid(b4ad6ada8365099489e20faefdbf1654) Importer(815301076,1909f56bfc062723c751e8b465ee728b)
Start importing Assets/Switch.cs using Guid(b4ad6ada8365099489e20faefdbf1654) Importer(815301076,1909f56bfc062723c751e8b465ee728b)  -> (artifact id: '10aa1e7f9a230391e1b1d2673b96f081') in 0.003109 seconds
Number of updated asset objects reloaded before import = 0
Number of asset objects unloaded after import = 0
========================================================================
Received Import Request.
  Time since last request: 13.329273 seconds.
  path: Assets/Zombie/Prefabs/Zombie2.prefab
  artifactKey: Guid(d58be77cba3adf54cb14b15052b86514) Importer(815301076,1909f56bfc062723c751e8b465ee728b)
Start importing Assets/Zombie/Prefabs/Zombie2.prefab using Guid(d58be77cba3adf54cb14b15052b86514) Importer(815301076,1909f56bfc062723c751e8b465ee728b)  -> (artifact id: 'daca6516352e2d7a467c1c2a06eeffc5') in 0.683151 seconds
Number of updated asset objects reloaded before import = 0
Number of asset objects unloaded after import = 121
========================================================================
Received Import Request.
  Time since last request: 0.019171 seconds.
  path: Assets/Zombie/Prefabs/Zombie3.prefab
  artifactKey: Guid(06cb2b131fe009c47a523671a8fa9ed8) Importer(815301076,1909f56bfc062723c751e8b465ee728b)
Start importing Assets/Zombie/Prefabs/Zombie3.prefab using Guid(06cb2b131fe009c47a523671a8fa9ed8) Importer(815301076,1909f56bfc062723c751e8b465ee728b)  -> (artifact id: 'f4553196d742335fb0e5a8ff46b1ee24') in 0.022405 seconds
Number of updated asset objects reloaded before import = 0
Number of asset objects unloaded after import = 123
========================================================================
Received Import Request.
  Time since last request: 128.051694 seconds.
  path: Assets/Zombie/Prefabs/Zombie2.prefab
  artifactKey: Guid(d58be77cba3adf54cb14b15052b86514) Importer(815301076,1909f56bfc062723c751e8b465ee728b)
Start importing Assets/Zombie/Prefabs/Zombie2.prefab using Guid(d58be77cba3adf54cb14b15052b86514) Importer(815301076,1909f56bfc062723c751e8b465ee728b)  -> (artifact id: '58e73720b2731813892fae69fb50a4cc') in 2.231886 seconds
Number of updated asset objects reloaded before import = 0
Number of asset objects unloaded after import = 153
========================================================================
Received Prepare
Begin MonoManager ReloadAssembly
Symbol file LoadedFromMemory is not a mono symbol file
- Loaded All Assemblies, in  2.271 seconds
Refreshing native plugins compatible for Editor in 18.96 ms, found 3 plugins.
Native extension for WindowsStandalone target not found
[Package Manager] Server::EnsureServerProcessIsRunning -- launch failed, reason: Unity was launched with the -noUpm command-line argument
[Package Manager] UpmClient::Send -- Unable to send message (not connected to UPM process).
[Package Manager] Cannot connect to Unity Package Manager local server
Mono: successfully reloaded assembly
- Finished resetting the current domain, in  4.724 seconds
Domain Reload Profiling: 6981ms
	BeginReloadAssembly (578ms)
		ExecutionOrderSort (0ms)
		DisableScriptedObjects (10ms)
		BackupInstance (0ms)
		ReleaseScriptingObjects (0ms)
		CreateAndSetChildDomain (115ms)
	RebuildCommonClasses (116ms)
	RebuildNativeTypeToScriptingClass (33ms)
	initialDomainReloadingComplete (102ms)
	LoadAllAssembliesAndSetupDomain (1424ms)
		LoadAssemblies (1763ms)
		RebuildTransferFunctionScriptingTraits (0ms)
		AnalyzeDomain (46ms)
			TypeCache.Refresh (20ms)
				TypeCache.ScanAssembly (0ms)
			ScanForSourceGeneratedMonoScriptInfo (12ms)
			ResolveRequiredComponents (11ms)
	FinalizeReload (4726ms)
		ReleaseScriptCaches (0ms)
		RebuildScriptCaches (0ms)
		SetupLoadedEditorAssemblies (1643ms)
			LogAssemblyErrors (0ms)
			InitializePlatformSupportModulesInManaged (29ms)
			SetLoadedEditorAssemblies (18ms)
			RefreshPlugins (0ms)
			BeforeProcessingInitializeOnLoad (228ms)
			ProcessInitializeOnLoadAttributes (1162ms)
			ProcessInitializeOnLoadMethodAttributes (177ms)
			AfterProcessingInitializeOnLoad (24ms)
			EditorAssembliesLoaded (4ms)
		ExecutionOrderSort2 (0ms)
		AwakeInstancesAfterBackupRestoration (28ms)
Failed to load shader (instanceID 450, GUID dd89cf5b9246416f84610a006f916af7)
Failed to load shader (instanceID 452, GUID 14eb328de4b8eb245bb7cea29e4ac00b)
Failed to load shader (instanceID 454, GUID 68e6db2ebdc24f95958faec2be5558d6)
Failed to load shader (instanceID 456, GUID bc1ede39bf3643ee8e493720e4259791)
Failed to load shader (instanceID 446, GUID fe393ace9b354375a9cb14cdbbc28be4)
Failed to load shader (instanceID 448, GUID cf81c85f95fe47e1a27f6ae460cf182c)
Failed to load shader (instanceID 458, GUID 48bb5f55d8670e349b6e614913f9d910)
Failed to load shader (instanceID 460, GUID 85187c2149c549c5b33f0cdb02836b17)
Failed to load shader (instanceID 462, GUID 128e987d567d4e2c824d754223b3f3b0)
Failed to load shader (instanceID 470, GUID f7ada0af4f174f0694ca6a487b8f543d)
Failed to load shader (instanceID 466, GUID a02a7d8c237544f1962732b55a9aebf1)
Failed to load shader (instanceID 468, GUID c8d12adcee749c344b8117cf7c7eb912)
Failed to load shader (instanceID 464, GUID 1e3b057af24249748ff873be7fafee47)
Refreshing native plugins compatible for Editor in 17.36 ms, found 3 plugins.
Preloading 0 native plugins for Editor in 0.00 ms.
Unloading 3698 Unused Serialized files (Serialized files now loaded: 0)
Unloading 26 unused Assets / (32.7 KB). Loaded Objects now: 4217.
Memory consumption went from 159.0 MB to 159.0 MB.
Total: 40.181500 ms (FindLiveObjects: 1.678600 ms CreateObjectMapping: 0.827000 ms MarkObjects: 36.409900 ms  DeleteObjects: 1.259300 ms)

Prepare: number of updated asset objects reloaded= 0
AssetImportParameters requested are different than current active one (requested -> active):
  custom:container-demuxer-ogg: 62fdf1f143b41e24485cea50d1cbac27 -> 
  custom:video-decoder-ogg-theora: a1e56fd34408186e4bbccfd4996cb3dc -> 
  custom:framework-win-MediaFoundation: 216162199b28c13a410421893ffa2e32 -> 
  custom:CustomObjectIndexerAttribute: 6d391050e5a25f67b0a2c618074f2cd9 -> 
  custom:container-demuxer-webm: 4f35f7cbe854078d1ac9338744f61a02 -> 
  custom:container-muxer-webm: aa71ff27fc2769a1b78a27578f13a17b -> 
  custom:video-decoder-webm-vp8: 9c59270c3fd7afecdb556c50c9e8de78 -> 
  custom:SearchIndexIgnoredProperties: e643bd26f0fe6173181afceb89e7c659 -> 
  custom:AudioImporter_EditorPlatform: d09bf68614088b80899f8185d706f6e7 -> 
  custom:video-encoder-webm-vp8: eb34c28f22e8b96e1ab97ce403110664 -> 
  custom:audio-decoder-ogg-vorbis: bf7c407c2cedff20999df2af8eb42d56 -> 
  custom:audio-encoder-webm-vorbis: bf7c407c2cedff20999df2af8eb42d56 -> 
========================================================================
Received Import Request.
  Time since last request: 241.816662 seconds.
  path: Assets/Zombie/Animations/Zombie@Z_FallingForward.FBX
  artifactKey: Guid(d870b4f0cba458640b29cda304d40186) Importer(815301076,1909f56bfc062723c751e8b465ee728b)
Start importing Assets/Zombie/Animations/Zombie@Z_FallingForward.FBX using Guid(d870b4f0cba458640b29cda304d40186) Importer(815301076,1909f56bfc062723c751e8b465ee728b)  -> (artifact id: 'a9bce28d81caba03ac698e89ac642fcc') in 1.324659 seconds
Number of updated asset objects reloaded before import = 0
Number of asset objects unloaded after import = 120
========================================================================
Received Prepare
Begin MonoManager ReloadAssembly
Symbol file LoadedFromMemory is not a mono symbol file
- Loaded All Assemblies, in  2.130 seconds
Refreshing native plugins compatible for Editor in 7.39 ms, found 3 plugins.
Native extension for WindowsStandalone target not found
[Package Manager] Server::EnsureServerProcessIsRunning -- launch failed, reason: Unity was launched with the -noUpm command-line argument
[Package Manager] UpmClient::Send -- Unable to send message (not connected to UPM process).
[Package Manager] Cannot connect to Unity Package Manager local server
Mono: successfully reloaded assembly
- Finished resetting the current domain, in  3.609 seconds
Domain Reload Profiling: 5727ms
	BeginReloadAssembly (693ms)
		ExecutionOrderSort (0ms)
		DisableScriptedObjects (7ms)
		BackupInstance (0ms)
		ReleaseScriptingObjects (0ms)
		CreateAndSetChildDomain (115ms)
	RebuildCommonClasses (155ms)
	RebuildNativeTypeToScriptingClass (35ms)
	initialDomainReloadingComplete (120ms)
	LoadAllAssembliesAndSetupDomain (1114ms)
		LoadAssemblies (1511ms)
		RebuildTransferFunctionScriptingTraits (0ms)
		AnalyzeDomain (57ms)
			TypeCache.Refresh (29ms)
				TypeCache.ScanAssembly (0ms)
			ScanForSourceGeneratedMonoScriptInfo (0ms)
			ResolveRequiredComponents (25ms)
	FinalizeReload (3610ms)
		ReleaseScriptCaches (0ms)
		RebuildScriptCaches (0ms)
		SetupLoadedEditorAssemblies (1691ms)
			LogAssemblyErrors (0ms)
			InitializePlatformSupportModulesInManaged (31ms)
			SetLoadedEditorAssemblies (11ms)
			RefreshPlugins (0ms)
			BeforeProcessingInitializeOnLoad (231ms)
			ProcessInitializeOnLoadAttributes (1220ms)
			ProcessInitializeOnLoadMethodAttributes (175ms)
			AfterProcessingInitializeOnLoad (22ms)
			EditorAssembliesLoaded (1ms)
		ExecutionOrderSort2 (0ms)
		AwakeInstancesAfterBackupRestoration (27ms)
Failed to load shader (instanceID 450, GUID dd89cf5b9246416f84610a006f916af7)
Failed to load shader (instanceID 452, GUID 14eb328de4b8eb245bb7cea29e4ac00b)
Failed to load shader (instanceID 454, GUID 68e6db2ebdc24f95958faec2be5558d6)
Failed to load shader (instanceID 456, GUID bc1ede39bf3643ee8e493720e4259791)
Failed to load shader (instanceID 446, GUID fe393ace9b354375a9cb14cdbbc28be4)
Failed to load shader (instanceID 448, GUID cf81c85f95fe47e1a27f6ae460cf182c)
Failed to load shader (instanceID 458, GUID 48bb5f55d8670e349b6e614913f9d910)
Failed to load shader (instanceID 460, GUID 85187c2149c549c5b33f0cdb02836b17)
Failed to load shader (instanceID 462, GUID 128e987d567d4e2c824d754223b3f3b0)
Failed to load shader (instanceID 470, GUID f7ada0af4f174f0694ca6a487b8f543d)
Failed to load shader (instanceID 466, GUID a02a7d8c237544f1962732b55a9aebf1)
Failed to load shader (instanceID 468, GUID c8d12adcee749c344b8117cf7c7eb912)
Failed to load shader (instanceID 464, GUID 1e3b057af24249748ff873be7fafee47)
Refreshing native plugins compatible for Editor in 6.81 ms, found 3 plugins.
Preloading 0 native plugins for Editor in 0.00 ms.
Unloading 3698 Unused Serialized files (Serialized files now loaded: 0)
Unloading 26 unused Assets / (32.6 KB). Loaded Objects now: 4256.
Memory consumption went from 161.3 MB to 161.2 MB.
Total: 7.359300 ms (FindLiveObjects: 0.535900 ms CreateObjectMapping: 0.365700 ms MarkObjects: 6.269800 ms  DeleteObjects: 0.183800 ms)

Prepare: number of updated asset objects reloaded= 0
AssetImportParameters requested are different than current active one (requested -> active):
  custom:container-demuxer-ogg: 62fdf1f143b41e24485cea50d1cbac27 -> 
  custom:video-decoder-ogg-theora: a1e56fd34408186e4bbccfd4996cb3dc -> 
  custom:framework-win-MediaFoundation: 216162199b28c13a410421893ffa2e32 -> 
  custom:CustomObjectIndexerAttribute: 6d391050e5a25f67b0a2c618074f2cd9 -> 
  custom:container-demuxer-webm: 4f35f7cbe854078d1ac9338744f61a02 -> 
  custom:container-muxer-webm: aa71ff27fc2769a1b78a27578f13a17b -> 
  custom:video-decoder-webm-vp8: 9c59270c3fd7afecdb556c50c9e8de78 -> 
  custom:SearchIndexIgnoredProperties: e643bd26f0fe6173181afceb89e7c659 -> 
  custom:AudioImporter_EditorPlatform: d09bf68614088b80899f8185d706f6e7 -> 
  custom:video-encoder-webm-vp8: eb34c28f22e8b96e1ab97ce403110664 -> 
  custom:audio-decoder-ogg-vorbis: bf7c407c2cedff20999df2af8eb42d56 -> 
  custom:audio-encoder-webm-vorbis: bf7c407c2cedff20999df2af8eb42d56 -> 
========================================================================
Received Import Request.
  Time since last request: 101.749979 seconds.
  path: Assets/Zombie/Animations/Zombie@Z_Idle.FBX
  artifactKey: Guid(0d6373858f853604b960cf84b7d3dfbf) Importer(815301076,1909f56bfc062723c751e8b465ee728b)
Start importing Assets/Zombie/Animations/Zombie@Z_Idle.FBX using Guid(0d6373858f853604b960cf84b7d3dfbf) Importer(815301076,1909f56bfc062723c751e8b465ee728b)  -> (artifact id: 'ccced5d981506faef386eb163eeacf4c') in 5.766077 seconds
Number of updated asset objects reloaded before import = 0
Number of asset objects unloaded after import = 172
========================================================================
Received Import Request.
  Time since last request: 0.000030 seconds.
  path: Assets/Zombie/Animations/Zombie@Z_Walk_InPlace.FBX
  artifactKey: Guid(165698eac7ca81041ad603fc5a3afa55) Importer(815301076,1909f56bfc062723c751e8b465ee728b)
Start importing Assets/Zombie/Animations/Zombie@Z_Walk_InPlace.FBX using Guid(165698eac7ca81041ad603fc5a3afa55) Importer(815301076,1909f56bfc062723c751e8b465ee728b)  -> (artifact id: 'f01c630fa5227a6f6c90fa7301577ada') in 2.395814 seconds
Number of updated asset objects reloaded before import = 0
Number of asset objects unloaded after import = 177
========================================================================
Received Import Request.
  Time since last request: 0.000052 seconds.
  path: Assets/Zombie/Animations/Zombie.controller
  artifactKey: Guid(2ef8e6599b7f9934e8ff0d64c5325a1f) Importer(815301076,1909f56bfc062723c751e8b465ee728b)
Start importing Assets/Zombie/Animations/Zombie.controller using Guid(2ef8e6599b7f9934e8ff0d64c5325a1f) Importer(815301076,1909f56bfc062723c751e8b465ee728b)  -> (artifact id: 'e5c4e9f89fcb131cd78f65a33d0ec405') in 0.367240 seconds
Number of updated asset objects reloaded before import = 0
Number of asset objects unloaded after import = 23
========================================================================
Received Import Request.
  Time since last request: 0.000037 seconds.
  path: Assets/Zombie/Animations/Zombie@Z_Walk.FBX
  artifactKey: Guid(59dbfb66512f63c4eb6e1e30e0603198) Importer(815301076,1909f56bfc062723c751e8b465ee728b)
Start importing Assets/Zombie/Animations/Zombie@Z_Walk.FBX using Guid(59dbfb66512f63c4eb6e1e30e0603198) Importer(815301076,1909f56bfc062723c751e8b465ee728b)  -> (artifact id: 'f14db1b67c1e06db55f84206a28f7478') in 0.451208 seconds
Number of updated asset objects reloaded before import = 0
Number of asset objects unloaded after import = 172
========================================================================
Received Import Request.
  Time since last request: 0.000502 seconds.
  path: Assets/Zombie/Animations/Zombie@Z_Run_InPlace.FBX
  artifactKey: Guid(79969b20b5ba62e499ee433a4dd38701) Importer(815301076,1909f56bfc062723c751e8b465ee728b)
Start importing Assets/Zombie/Animations/Zombie@Z_Run_InPlace.FBX using Guid(79969b20b5ba62e499ee433a4dd38701) Importer(815301076,1909f56bfc062723c751e8b465ee728b)  -> (artifact id: '8bc97a14ca6bfccf90170f5cac303164') in 1.049012 seconds
Number of updated asset objects reloaded before import = 0
Number of asset objects unloaded after import = 172
========================================================================
Received Prepare
Begin MonoManager ReloadAssembly
Symbol file LoadedFromMemory is not a mono symbol file
- Loaded All Assemblies, in 10.422 seconds
Refreshing native plugins compatible for Editor in 17.13 ms, found 3 plugins.
Native extension for WindowsStandalone target not found
[Package Manager] Server::EnsureServerProcessIsRunning -- launch failed, reason: Unity was launched with the -noUpm command-line argument
[Package Manager] UpmClient::Send -- Unable to send message (not connected to UPM process).
[Package Manager] Cannot connect to Unity Package Manager local server
Mono: successfully reloaded assembly
- Finished resetting the current domain, in  5.404 seconds
Domain Reload Profiling: 15821ms
	BeginReloadAssembly (7539ms)
		ExecutionOrderSort (0ms)
		DisableScriptedObjects (87ms)
		BackupInstance (0ms)
		ReleaseScriptingObjects (0ms)
		CreateAndSetChildDomain (1073ms)
	RebuildCommonClasses (189ms)
	RebuildNativeTypeToScriptingClass (41ms)
	initialDomainReloadingComplete (340ms)
	LoadAllAssembliesAndSetupDomain (2307ms)
		LoadAssemblies (8462ms)
		RebuildTransferFunctionScriptingTraits (0ms)
		AnalyzeDomain (49ms)
			TypeCache.Refresh (35ms)
				TypeCache.ScanAssembly (0ms)
			ScanForSourceGeneratedMonoScriptInfo (0ms)
			ResolveRequiredComponents (9ms)
	FinalizeReload (5405ms)
		ReleaseScriptCaches (0ms)
		RebuildScriptCaches (0ms)
		SetupLoadedEditorAssemblies (2704ms)
			LogAssemblyErrors (0ms)
			InitializePlatformSupportModulesInManaged (86ms)
			SetLoadedEditorAssemblies (24ms)
			RefreshPlugins (0ms)
			BeforeProcessingInitializeOnLoad (400ms)
			ProcessInitializeOnLoadAttributes (1967ms)
			ProcessInitializeOnLoadMethodAttributes (203ms)
			AfterProcessingInitializeOnLoad (24ms)
			EditorAssembliesLoaded (1ms)
		ExecutionOrderSort2 (0ms)
		AwakeInstancesAfterBackupRestoration (70ms)
Failed to load shader (instanceID 450, GUID dd89cf5b9246416f84610a006f916af7)
Failed to load shader (instanceID 452, GUID 14eb328de4b8eb245bb7cea29e4ac00b)
Failed to load shader (instanceID 454, GUID 68e6db2ebdc24f95958faec2be5558d6)
Failed to load shader (instanceID 456, GUID bc1ede39bf3643ee8e493720e4259791)
Failed to load shader (instanceID 446, GUID fe393ace9b354375a9cb14cdbbc28be4)
Failed to load shader (instanceID 448, GUID cf81c85f95fe47e1a27f6ae460cf182c)
Failed to load shader (instanceID 458, GUID 48bb5f55d8670e349b6e614913f9d910)
Failed to load shader (instanceID 460, GUID 85187c2149c549c5b33f0cdb02836b17)
Failed to load shader (instanceID 462, GUID 128e987d567d4e2c824d754223b3f3b0)
Failed to load shader (instanceID 470, GUID f7ada0af4f174f0694ca6a487b8f543d)
Failed to load shader (instanceID 466, GUID a02a7d8c237544f1962732b55a9aebf1)
Failed to load shader (instanceID 468, GUID c8d12adcee749c344b8117cf7c7eb912)
Failed to load shader (instanceID 464, GUID 1e3b057af24249748ff873be7fafee47)
Refreshing native plugins compatible for Editor in 7.08 ms, found 3 plugins.
Preloading 0 native plugins for Editor in 0.00 ms.
Unloading 3698 Unused Serialized files (Serialized files now loaded: 0)
Unloading 26 unused Assets / (32.9 KB). Loaded Objects now: 4259.
Memory consumption went from 163.3 MB to 163.3 MB.
Total: 8.754400 ms (FindLiveObjects: 0.543500 ms CreateObjectMapping: 0.431600 ms MarkObjects: 7.457500 ms  DeleteObjects: 0.314600 ms)

Prepare: number of updated asset objects reloaded= 0
AssetImportParameters requested are different than current active one (requested -> active):
  custom:container-demuxer-ogg: 62fdf1f143b41e24485cea50d1cbac27 -> 
  custom:video-decoder-ogg-theora: a1e56fd34408186e4bbccfd4996cb3dc -> 
  custom:framework-win-MediaFoundation: 216162199b28c13a410421893ffa2e32 -> 
  custom:CustomObjectIndexerAttribute: 6d391050e5a25f67b0a2c618074f2cd9 -> 
  custom:container-demuxer-webm: 4f35f7cbe854078d1ac9338744f61a02 -> 
  custom:container-muxer-webm: aa71ff27fc2769a1b78a27578f13a17b -> 
  custom:video-decoder-webm-vp8: 9c59270c3fd7afecdb556c50c9e8de78 -> 
  custom:SearchIndexIgnoredProperties: e643bd26f0fe6173181afceb89e7c659 -> 
  custom:AudioImporter_EditorPlatform: d09bf68614088b80899f8185d706f6e7 -> 
  custom:video-encoder-webm-vp8: eb34c28f22e8b96e1ab97ce403110664 -> 
  custom:audio-decoder-ogg-vorbis: bf7c407c2cedff20999df2af8eb42d56 -> 
  custom:audio-encoder-webm-vorbis: bf7c407c2cedff20999df2af8eb42d56 -> 
========================================================================
Received Prepare
Begin MonoManager ReloadAssembly
Symbol file LoadedFromMemory is not a mono symbol file
- Loaded All Assemblies, in  1.530 seconds
Refreshing native plugins compatible for Editor in 5.52 ms, found 3 plugins.
Native extension for WindowsStandalone target not found
[Package Manager] Server::EnsureServerProcessIsRunning -- launch failed, reason: Unity was launched with the -noUpm command-line argument
[Package Manager] UpmClient::Send -- Unable to send message (not connected to UPM process).
[Package Manager] Cannot connect to Unity Package Manager local server
Mono: successfully reloaded assembly
- Finished resetting the current domain, in  4.655 seconds
Domain Reload Profiling: 6178ms
	BeginReloadAssembly (270ms)
		ExecutionOrderSort (0ms)
		DisableScriptedObjects (11ms)
		BackupInstance (0ms)
		ReleaseScriptingObjects (0ms)
		CreateAndSetChildDomain (56ms)
	RebuildCommonClasses (64ms)
	RebuildNativeTypeToScriptingClass (22ms)
	initialDomainReloadingComplete (55ms)
	LoadAllAssembliesAndSetupDomain (1111ms)
		LoadAssemblies (1185ms)
		RebuildTransferFunctionScriptingTraits (0ms)
		AnalyzeDomain (75ms)
			TypeCache.Refresh (15ms)
				TypeCache.ScanAssembly (0ms)
			ScanForSourceGeneratedMonoScriptInfo (13ms)
			ResolveRequiredComponents (46ms)
	FinalizeReload (4656ms)
		ReleaseScriptCaches (0ms)
		RebuildScriptCaches (0ms)
		SetupLoadedEditorAssemblies (3446ms)
			LogAssemblyErrors (0ms)
			InitializePlatformSupportModulesInManaged (11ms)
			SetLoadedEditorAssemblies (6ms)
			RefreshPlugins (0ms)
			BeforeProcessingInitializeOnLoad (126ms)
			ProcessInitializeOnLoadAttributes (3018ms)
			ProcessInitializeOnLoadMethodAttributes (241ms)
			AfterProcessingInitializeOnLoad (43ms)
			EditorAssembliesLoaded (1ms)
		ExecutionOrderSort2 (0ms)
		AwakeInstancesAfterBackupRestoration (12ms)
Failed to load shader (instanceID 450, GUID dd89cf5b9246416f84610a006f916af7)
Failed to load shader (instanceID 452, GUID 14eb328de4b8eb245bb7cea29e4ac00b)
Failed to load shader (instanceID 454, GUID 68e6db2ebdc24f95958faec2be5558d6)
Failed to load shader (instanceID 456, GUID bc1ede39bf3643ee8e493720e4259791)
Failed to load shader (instanceID 446, GUID fe393ace9b354375a9cb14cdbbc28be4)
Failed to load shader (instanceID 448, GUID cf81c85f95fe47e1a27f6ae460cf182c)
Failed to load shader (instanceID 458, GUID 48bb5f55d8670e349b6e614913f9d910)
Failed to load shader (instanceID 460, GUID 85187c2149c549c5b33f0cdb02836b17)
Failed to load shader (instanceID 462, GUID 128e987d567d4e2c824d754223b3f3b0)
Failed to load shader (instanceID 470, GUID f7ada0af4f174f0694ca6a487b8f543d)
Failed to load shader (instanceID 466, GUID a02a7d8c237544f1962732b55a9aebf1)
Failed to load shader (instanceID 468, GUID c8d12adcee749c344b8117cf7c7eb912)
Failed to load shader (instanceID 464, GUID 1e3b057af24249748ff873be7fafee47)
Refreshing native plugins compatible for Editor in 5.18 ms, found 3 plugins.
Preloading 0 native plugins for Editor in 0.00 ms.
Unloading 3699 Unused Serialized files (Serialized files now loaded: 0)
Unloading 26 unused Assets / (32.7 KB). Loaded Objects now: 4262.
Memory consumption went from 165.5 MB to 165.5 MB.
Total: 5.284800 ms (FindLiveObjects: 0.496500 ms CreateObjectMapping: 0.206500 ms MarkObjects: 4.476300 ms  DeleteObjects: 0.102300 ms)

Prepare: number of updated asset objects reloaded= 0
AssetImportParameters requested are different than current active one (requested -> active):
  custom:container-demuxer-ogg: 62fdf1f143b41e24485cea50d1cbac27 -> 
  custom:video-decoder-ogg-theora: a1e56fd34408186e4bbccfd4996cb3dc -> 
  custom:framework-win-MediaFoundation: 216162199b28c13a410421893ffa2e32 -> 
  custom:CustomObjectIndexerAttribute: 6d391050e5a25f67b0a2c618074f2cd9 -> 
  custom:container-demuxer-webm: 4f35f7cbe854078d1ac9338744f61a02 -> 
  custom:container-muxer-webm: aa71ff27fc2769a1b78a27578f13a17b -> 
  custom:video-decoder-webm-vp8: 9c59270c3fd7afecdb556c50c9e8de78 -> 
  custom:SearchIndexIgnoredProperties: e643bd26f0fe6173181afceb89e7c659 -> 
  custom:AudioImporter_EditorPlatform: d09bf68614088b80899f8185d706f6e7 -> 
  custom:video-encoder-webm-vp8: eb34c28f22e8b96e1ab97ce403110664 -> 
  custom:audio-decoder-ogg-vorbis: bf7c407c2cedff20999df2af8eb42d56 -> 
  custom:audio-encoder-webm-vorbis: bf7c407c2cedff20999df2af8eb42d56 -> 
========================================================================
Received Prepare
Begin MonoManager ReloadAssembly
Symbol file LoadedFromMemory is not a mono symbol file
- Loaded All Assemblies, in  2.162 seconds
Refreshing native plugins compatible for Editor in 20.11 ms, found 3 plugins.
Native extension for WindowsStandalone target not found
[Package Manager] Server::EnsureServerProcessIsRunning -- launch failed, reason: Unity was launched with the -noUpm command-line argument
[Package Manager] UpmClient::Send -- Unable to send message (not connected to UPM process).
[Package Manager] Cannot connect to Unity Package Manager local server
Mono: successfully reloaded assembly
- Finished resetting the current domain, in  5.164 seconds
Domain Reload Profiling: 7319ms
	BeginReloadAssembly (689ms)
		ExecutionOrderSort (0ms)
		DisableScriptedObjects (41ms)
		BackupInstance (0ms)
		ReleaseScriptingObjects (0ms)
		CreateAndSetChildDomain (147ms)
	RebuildCommonClasses (153ms)
	RebuildNativeTypeToScriptingClass (38ms)
	initialDomainReloadingComplete (152ms)
	LoadAllAssembliesAndSetupDomain (1122ms)
		LoadAssemblies (1446ms)
		RebuildTransferFunctionScriptingTraits (0ms)
		AnalyzeDomain (49ms)
			TypeCache.Refresh (18ms)
				TypeCache.ScanAssembly (0ms)
			ScanForSourceGeneratedMonoScriptInfo (0ms)
			ResolveRequiredComponents (25ms)
	FinalizeReload (5166ms)
		ReleaseScriptCaches (0ms)
		RebuildScriptCaches (0ms)
		SetupLoadedEditorAssemblies (2575ms)
			LogAssemblyErrors (0ms)
			InitializePlatformSupportModulesInManaged (32ms)
			SetLoadedEditorAssemblies (22ms)
			RefreshPlugins (0ms)
			BeforeProcessingInitializeOnLoad (294ms)
			ProcessInitializeOnLoadAttributes (1938ms)
			ProcessInitializeOnLoadMethodAttributes (258ms)
			AfterProcessingInitializeOnLoad (29ms)
			EditorAssembliesLoaded (2ms)
		ExecutionOrderSort2 (0ms)
		AwakeInstancesAfterBackupRestoration (48ms)
Failed to load shader (instanceID 450, GUID dd89cf5b9246416f84610a006f916af7)
Failed to load shader (instanceID 452, GUID 14eb328de4b8eb245bb7cea29e4ac00b)
Failed to load shader (instanceID 454, GUID 68e6db2ebdc24f95958faec2be5558d6)
Failed to load shader (instanceID 456, GUID bc1ede39bf3643ee8e493720e4259791)
Failed to load shader (instanceID 446, GUID fe393ace9b354375a9cb14cdbbc28be4)
Failed to load shader (instanceID 448, GUID cf81c85f95fe47e1a27f6ae460cf182c)
Failed to load shader (instanceID 458, GUID 48bb5f55d8670e349b6e614913f9d910)
Failed to load shader (instanceID 460, GUID 85187c2149c549c5b33f0cdb02836b17)
Failed to load shader (instanceID 462, GUID 128e987d567d4e2c824d754223b3f3b0)
Failed to load shader (instanceID 470, GUID f7ada0af4f174f0694ca6a487b8f543d)
Failed to load shader (instanceID 466, GUID a02a7d8c237544f1962732b55a9aebf1)
Failed to load shader (instanceID 468, GUID c8d12adcee749c344b8117cf7c7eb912)
Failed to load shader (instanceID 464, GUID 1e3b057af24249748ff873be7fafee47)
Refreshing native plugins compatible for Editor in 642.69 ms, found 3 plugins.
Preloading 0 native plugins for Editor in 0.00 ms.
Unloading 3699 Unused Serialized files (Serialized files now loaded: 0)
Unloading 26 unused Assets / (32.7 KB). Loaded Objects now: 4265.
Memory consumption went from 167.4 MB to 167.4 MB.
Total: 9.581500 ms (FindLiveObjects: 0.866500 ms CreateObjectMapping: 0.733500 ms MarkObjects: 6.211000 ms  DeleteObjects: 1.761700 ms)

Prepare: number of updated asset objects reloaded= 0
AssetImportParameters requested are different than current active one (requested -> active):
  custom:container-demuxer-ogg: 62fdf1f143b41e24485cea50d1cbac27 -> 
  custom:video-decoder-ogg-theora: a1e56fd34408186e4bbccfd4996cb3dc -> 
  custom:framework-win-MediaFoundation: 216162199b28c13a410421893ffa2e32 -> 
  custom:CustomObjectIndexerAttribute: 6d391050e5a25f67b0a2c618074f2cd9 -> 
  custom:container-demuxer-webm: 4f35f7cbe854078d1ac9338744f61a02 -> 
  custom:container-muxer-webm: aa71ff27fc2769a1b78a27578f13a17b -> 
  custom:video-decoder-webm-vp8: 9c59270c3fd7afecdb556c50c9e8de78 -> 
  custom:SearchIndexIgnoredProperties: e643bd26f0fe6173181afceb89e7c659 -> 
  custom:AudioImporter_EditorPlatform: d09bf68614088b80899f8185d706f6e7 -> 
  custom:video-encoder-webm-vp8: eb34c28f22e8b96e1ab97ce403110664 -> 
  custom:audio-decoder-ogg-vorbis: bf7c407c2cedff20999df2af8eb42d56 -> 
  custom:audio-encoder-webm-vorbis: bf7c407c2cedff20999df2af8eb42d56 -> 
========================================================================
Received Prepare
Begin MonoManager ReloadAssembly
Symbol file LoadedFromMemory is not a mono symbol file
- Loaded All Assemblies, in  2.205 seconds
Refreshing native plugins compatible for Editor in 20.70 ms, found 3 plugins.
Native extension for WindowsStandalone target not found
[Package Manager] Server::EnsureServerProcessIsRunning -- launch failed, reason: Unity was launched with the -noUpm command-line argument
[Package Manager] UpmClient::Send -- Unable to send message (not connected to UPM process).
[Package Manager] Cannot connect to Unity Package Manager local server
Mono: successfully reloaded assembly
- Finished resetting the current domain, in  4.368 seconds
Domain Reload Profiling: 6569ms
	BeginReloadAssembly (785ms)
		ExecutionOrderSort (0ms)
		DisableScriptedObjects (10ms)
		BackupInstance (0ms)
		ReleaseScriptingObjects (0ms)
		CreateAndSetChildDomain (189ms)
	RebuildCommonClasses (135ms)
	RebuildNativeTypeToScriptingClass (48ms)
	initialDomainReloadingComplete (127ms)
	LoadAllAssembliesAndSetupDomain (1105ms)
		LoadAssemblies (1507ms)
		RebuildTransferFunctionScriptingTraits (0ms)
		AnalyzeDomain (43ms)
			TypeCache.Refresh (23ms)
				TypeCache.ScanAssembly (0ms)
			ScanForSourceGeneratedMonoScriptInfo (1ms)
			ResolveRequiredComponents (16ms)
	FinalizeReload (4369ms)
		ReleaseScriptCaches (0ms)
		RebuildScriptCaches (0ms)
		SetupLoadedEditorAssemblies (2113ms)
			LogAssemblyErrors (0ms)
			InitializePlatformSupportModulesInManaged (34ms)
			SetLoadedEditorAssemblies (23ms)
			RefreshPlugins (0ms)
			BeforeProcessingInitializeOnLoad (279ms)
			ProcessInitializeOnLoadAttributes (1564ms)
			ProcessInitializeOnLoadMethodAttributes (188ms)
			AfterProcessingInitializeOnLoad (24ms)
			EditorAssembliesLoaded (2ms)
		ExecutionOrderSort2 (0ms)
		AwakeInstancesAfterBackupRestoration (37ms)
Failed to load shader (instanceID 450, GUID dd89cf5b9246416f84610a006f916af7)
Failed to load shader (instanceID 452, GUID 14eb328de4b8eb245bb7cea29e4ac00b)
Failed to load shader (instanceID 454, GUID 68e6db2ebdc24f95958faec2be5558d6)
Failed to load shader (instanceID 456, GUID bc1ede39bf3643ee8e493720e4259791)
Failed to load shader (instanceID 446, GUID fe393ace9b354375a9cb14cdbbc28be4)
Failed to load shader (instanceID 448, GUID cf81c85f95fe47e1a27f6ae460cf182c)
Failed to load shader (instanceID 458, GUID 48bb5f55d8670e349b6e614913f9d910)
Failed to load shader (instanceID 460, GUID 85187c2149c549c5b33f0cdb02836b17)
Failed to load shader (instanceID 462, GUID 128e987d567d4e2c824d754223b3f3b0)
Failed to load shader (instanceID 470, GUID f7ada0af4f174f0694ca6a487b8f543d)
Failed to load shader (instanceID 466, GUID a02a7d8c237544f1962732b55a9aebf1)
Failed to load shader (instanceID 468, GUID c8d12adcee749c344b8117cf7c7eb912)
Failed to load shader (instanceID 464, GUID 1e3b057af24249748ff873be7fafee47)
Refreshing native plugins compatible for Editor in 8.52 ms, found 3 plugins.
Preloading 0 native plugins for Editor in 0.00 ms.
Unloading 3699 Unused Serialized files (Serialized files now loaded: 0)
Unloading 26 unused Assets / (32.8 KB). Loaded Objects now: 4268.
Memory consumption went from 169.3 MB to 169.3 MB.
Total: 23.074700 ms (FindLiveObjects: 0.986000 ms CreateObjectMapping: 2.252000 ms MarkObjects: 19.658300 ms  DeleteObjects: 0.174700 ms)

Prepare: number of updated asset objects reloaded= 0
AssetImportParameters requested are different than current active one (requested -> active):
  custom:container-demuxer-ogg: 62fdf1f143b41e24485cea50d1cbac27 -> 
  custom:video-decoder-ogg-theora: a1e56fd34408186e4bbccfd4996cb3dc -> 
  custom:framework-win-MediaFoundation: 216162199b28c13a410421893ffa2e32 -> 
  custom:CustomObjectIndexerAttribute: 6d391050e5a25f67b0a2c618074f2cd9 -> 
  custom:container-demuxer-webm: 4f35f7cbe854078d1ac9338744f61a02 -> 
  custom:container-muxer-webm: aa71ff27fc2769a1b78a27578f13a17b -> 
  custom:video-decoder-webm-vp8: 9c59270c3fd7afecdb556c50c9e8de78 -> 
  custom:SearchIndexIgnoredProperties: e643bd26f0fe6173181afceb89e7c659 -> 
  custom:AudioImporter_EditorPlatform: d09bf68614088b80899f8185d706f6e7 -> 
  custom:video-encoder-webm-vp8: eb34c28f22e8b96e1ab97ce403110664 -> 
  custom:audio-decoder-ogg-vorbis: bf7c407c2cedff20999df2af8eb42d56 -> 
  custom:audio-encoder-webm-vorbis: bf7c407c2cedff20999df2af8eb42d56 -> 
========================================================================
Received Import Request.
  Time since last request: 655.091182 seconds.
  path: Assets/Zombie/FBXs/Zombie2.FBX
  artifactKey: Guid(6a28a82791e0b224081a04d42d031ccf) Importer(815301076,1909f56bfc062723c751e8b465ee728b)
Start importing Assets/Zombie/FBXs/Zombie2.FBX using Guid(6a28a82791e0b224081a04d42d031ccf) Importer(815301076,1909f56bfc062723c751e8b465ee728b)  -> (artifact id: 'f4eab6a4a63ed14a134a464b4a8d4e64') in 1.905267 seconds
Number of updated asset objects reloaded before import = 0
Number of asset objects unloaded after import = 129
========================================================================
Received Prepare
Begin MonoManager ReloadAssembly
Symbol file LoadedFromMemory is not a mono symbol file
- Loaded All Assemblies, in  2.214 seconds
Refreshing native plugins compatible for Editor in 18.65 ms, found 3 plugins.
Native extension for WindowsStandalone target not found
[Package Manager] Server::EnsureServerProcessIsRunning -- launch failed, reason: Unity was launched with the -noUpm command-line argument
[Package Manager] UpmClient::Send -- Unable to send message (not connected to UPM process).
[Package Manager] Cannot connect to Unity Package Manager local server
Mono: successfully reloaded assembly
- Finished resetting the current domain, in  4.425 seconds
Domain Reload Profiling: 6622ms
	BeginReloadAssembly (728ms)
		ExecutionOrderSort (0ms)
		DisableScriptedObjects (28ms)
		BackupInstance (0ms)
		ReleaseScriptingObjects (0ms)
		CreateAndSetChildDomain (156ms)
	RebuildCommonClasses (124ms)
	RebuildNativeTypeToScriptingClass (37ms)
	initialDomainReloadingComplete (123ms)
	LoadAllAssembliesAndSetupDomain (1183ms)
		LoadAssemblies (1575ms)
		RebuildTransferFunctionScriptingTraits (0ms)
		AnalyzeDomain (48ms)
			TypeCache.Refresh (32ms)
				TypeCache.ScanAssembly (0ms)
			ScanForSourceGeneratedMonoScriptInfo (0ms)
			ResolveRequiredComponents (11ms)
	FinalizeReload (4426ms)
		ReleaseScriptCaches (0ms)
		RebuildScriptCaches (0ms)
		SetupLoadedEditorAssemblies (2107ms)
			LogAssemblyErrors (0ms)
			InitializePlatformSupportModulesInManaged (27ms)
			SetLoadedEditorAssemblies (27ms)
			RefreshPlugins (0ms)
			BeforeProcessingInitializeOnLoad (337ms)
			ProcessInitializeOnLoadAttributes (1506ms)
			ProcessInitializeOnLoadMethodAttributes (176ms)
			AfterProcessingInitializeOnLoad (31ms)
			EditorAssembliesLoaded (2ms)
		ExecutionOrderSort2 (0ms)
		AwakeInstancesAfterBackupRestoration (33ms)
Failed to load shader (instanceID 450, GUID dd89cf5b9246416f84610a006f916af7)
Failed to load shader (instanceID 452, GUID 14eb328de4b8eb245bb7cea29e4ac00b)
Failed to load shader (instanceID 454, GUID 68e6db2ebdc24f95958faec2be5558d6)
Failed to load shader (instanceID 456, GUID bc1ede39bf3643ee8e493720e4259791)
Failed to load shader (instanceID 446, GUID fe393ace9b354375a9cb14cdbbc28be4)
Failed to load shader (instanceID 448, GUID cf81c85f95fe47e1a27f6ae460cf182c)
Failed to load shader (instanceID 458, GUID 48bb5f55d8670e349b6e614913f9d910)
Failed to load shader (instanceID 460, GUID 85187c2149c549c5b33f0cdb02836b17)
Failed to load shader (instanceID 462, GUID 128e987d567d4e2c824d754223b3f3b0)
Failed to load shader (instanceID 470, GUID f7ada0af4f174f0694ca6a487b8f543d)
Failed to load shader (instanceID 466, GUID a02a7d8c237544f1962732b55a9aebf1)
Failed to load shader (instanceID 468, GUID c8d12adcee749c344b8117cf7c7eb912)
Failed to load shader (instanceID 464, GUID 1e3b057af24249748ff873be7fafee47)
Refreshing native plugins compatible for Editor in 20.61 ms, found 3 plugins.
Preloading 0 native plugins for Editor in 0.00 ms.
Unloading 3698 Unused Serialized files (Serialized files now loaded: 0)
Unloading 26 unused Assets / (32.8 KB). Loaded Objects now: 4271.
Memory consumption went from 171.0 MB to 171.0 MB.
Total: 19.177100 ms (FindLiveObjects: 1.404800 ms CreateObjectMapping: 1.083800 ms MarkObjects: 16.584600 ms  DeleteObjects: 0.099700 ms)

Prepare: number of updated asset objects reloaded= 0
AssetImportParameters requested are different than current active one (requested -> active):
  custom:container-demuxer-ogg: 62fdf1f143b41e24485cea50d1cbac27 -> 
  custom:video-decoder-ogg-theora: a1e56fd34408186e4bbccfd4996cb3dc -> 
  custom:framework-win-MediaFoundation: 216162199b28c13a410421893ffa2e32 -> 
  custom:CustomObjectIndexerAttribute: 6d391050e5a25f67b0a2c618074f2cd9 -> 
  custom:container-demuxer-webm: 4f35f7cbe854078d1ac9338744f61a02 -> 
  custom:container-muxer-webm: aa71ff27fc2769a1b78a27578f13a17b -> 
  custom:video-decoder-webm-vp8: 9c59270c3fd7afecdb556c50c9e8de78 -> 
  custom:SearchIndexIgnoredProperties: e643bd26f0fe6173181afceb89e7c659 -> 
  custom:AudioImporter_EditorPlatform: d09bf68614088b80899f8185d706f6e7 -> 
  custom:video-encoder-webm-vp8: eb34c28f22e8b96e1ab97ce403110664 -> 
  custom:audio-decoder-ogg-vorbis: bf7c407c2cedff20999df2af8eb42d56 -> 
  custom:audio-encoder-webm-vorbis: bf7c407c2cedff20999df2af8eb42d56 -> 
========================================================================
Received Prepare
Begin MonoManager ReloadAssembly
Symbol file LoadedFromMemory is not a mono symbol file
- Loaded All Assemblies, in  2.023 seconds
Refreshing native plugins compatible for Editor in 18.22 ms, found 3 plugins.
Native extension for WindowsStandalone target not found
[Package Manager] Server::EnsureServerProcessIsRunning -- launch failed, reason: Unity was launched with the -noUpm command-line argument
[Package Manager] UpmClient::Send -- Unable to send message (not connected to UPM process).
[Package Manager] Cannot connect to Unity Package Manager local server
Mono: successfully reloaded assembly
- Finished resetting the current domain, in  4.988 seconds
Domain Reload Profiling: 7007ms
	BeginReloadAssembly (721ms)
		ExecutionOrderSort (0ms)
		DisableScriptedObjects (9ms)
		BackupInstance (0ms)
		ReleaseScriptingObjects (0ms)
		CreateAndSetChildDomain (157ms)
	RebuildCommonClasses (126ms)
	RebuildNativeTypeToScriptingClass (35ms)
	initialDomainReloadingComplete (120ms)
	LoadAllAssembliesAndSetupDomain (1016ms)
		LoadAssemblies (1375ms)
		RebuildTransferFunctionScriptingTraits (0ms)
		AnalyzeDomain (69ms)
			TypeCache.Refresh (32ms)
				TypeCache.ScanAssembly (0ms)
			ScanForSourceGeneratedMonoScriptInfo (1ms)
			ResolveRequiredComponents (31ms)
	FinalizeReload (4989ms)
		ReleaseScriptCaches (0ms)
		RebuildScriptCaches (0ms)
		SetupLoadedEditorAssemblies (2278ms)
			LogAssemblyErrors (0ms)
			InitializePlatformSupportModulesInManaged (32ms)
			SetLoadedEditorAssemblies (16ms)
			RefreshPlugins (0ms)
			BeforeProcessingInitializeOnLoad (282ms)
			ProcessInitializeOnLoadAttributes (1757ms)
			ProcessInitializeOnLoadMethodAttributes (167ms)
			AfterProcessingInitializeOnLoad (24ms)
			EditorAssembliesLoaded (1ms)
		ExecutionOrderSort2 (0ms)
		AwakeInstancesAfterBackupRestoration (30ms)
Failed to load shader (instanceID 450, GUID dd89cf5b9246416f84610a006f916af7)
Failed to load shader (instanceID 452, GUID 14eb328de4b8eb245bb7cea29e4ac00b)
Failed to load shader (instanceID 454, GUID 68e6db2ebdc24f95958faec2be5558d6)
Failed to load shader (instanceID 456, GUID bc1ede39bf3643ee8e493720e4259791)
Failed to load shader (instanceID 446, GUID fe393ace9b354375a9cb14cdbbc28be4)
Failed to load shader (instanceID 448, GUID cf81c85f95fe47e1a27f6ae460cf182c)
Failed to load shader (instanceID 458, GUID 48bb5f55d8670e349b6e614913f9d910)
Failed to load shader (instanceID 460, GUID 85187c2149c549c5b33f0cdb02836b17)
Failed to load shader (instanceID 462, GUID 128e987d567d4e2c824d754223b3f3b0)
Failed to load shader (instanceID 470, GUID f7ada0af4f174f0694ca6a487b8f543d)
Failed to load shader (instanceID 466, GUID a02a7d8c237544f1962732b55a9aebf1)
Failed to load shader (instanceID 468, GUID c8d12adcee749c344b8117cf7c7eb912)
Failed to load shader (instanceID 464, GUID 1e3b057af24249748ff873be7fafee47)
Refreshing native plugins compatible for Editor in 242.19 ms, found 3 plugins.
Preloading 0 native plugins for Editor in 0.00 ms.
Unloading 3699 Unused Serialized files (Serialized files now loaded: 0)
Unloading 26 unused Assets / (32.8 KB). Loaded Objects now: 4274.
Memory consumption went from 173.2 MB to 173.1 MB.
Total: 21.504700 ms (FindLiveObjects: 1.048800 ms CreateObjectMapping: 1.531900 ms MarkObjects: 18.817000 ms  DeleteObjects: 0.102900 ms)

Prepare: number of updated asset objects reloaded= 0
AssetImportParameters requested are different than current active one (requested -> active):
  custom:container-demuxer-ogg: 62fdf1f143b41e24485cea50d1cbac27 -> 
  custom:video-decoder-ogg-theora: a1e56fd34408186e4bbccfd4996cb3dc -> 
  custom:framework-win-MediaFoundation: 216162199b28c13a410421893ffa2e32 -> 
  custom:CustomObjectIndexerAttribute: 6d391050e5a25f67b0a2c618074f2cd9 -> 
  custom:container-demuxer-webm: 4f35f7cbe854078d1ac9338744f61a02 -> 
  custom:container-muxer-webm: aa71ff27fc2769a1b78a27578f13a17b -> 
  custom:video-decoder-webm-vp8: 9c59270c3fd7afecdb556c50c9e8de78 -> 
  custom:SearchIndexIgnoredProperties: e643bd26f0fe6173181afceb89e7c659 -> 
  custom:AudioImporter_EditorPlatform: d09bf68614088b80899f8185d706f6e7 -> 
  custom:video-encoder-webm-vp8: eb34c28f22e8b96e1ab97ce403110664 -> 
  custom:audio-decoder-ogg-vorbis: bf7c407c2cedff20999df2af8eb42d56 -> 
  custom:audio-encoder-webm-vorbis: bf7c407c2cedff20999df2af8eb42d56 -> 
========================================================================
Received Prepare
Begin MonoManager ReloadAssembly
Symbol file LoadedFromMemory is not a mono symbol file
- Loaded All Assemblies, in  1.922 seconds
Refreshing native plugins compatible for Editor in 7.46 ms, found 3 plugins.
Native extension for WindowsStandalone target not found
[Package Manager] Server::EnsureServerProcessIsRunning -- launch failed, reason: Unity was launched with the -noUpm command-line argument
[Package Manager] UpmClient::Send -- Unable to send message (not connected to UPM process).
[Package Manager] Cannot connect to Unity Package Manager local server
Mono: successfully reloaded assembly
- Finished resetting the current domain, in  2.246 seconds
Domain Reload Profiling: 4162ms
	BeginReloadAssembly (751ms)
		ExecutionOrderSort (0ms)
		DisableScriptedObjects (9ms)
		BackupInstance (0ms)
		ReleaseScriptingObjects (0ms)
		CreateAndSetChildDomain (149ms)
	RebuildCommonClasses (108ms)
	RebuildNativeTypeToScriptingClass (33ms)
	initialDomainReloadingComplete (114ms)
	LoadAllAssembliesAndSetupDomain (909ms)
		LoadAssemblies (1328ms)
		RebuildTransferFunctionScriptingTraits (0ms)
		AnalyzeDomain (26ms)
			TypeCache.Refresh (12ms)
				TypeCache.ScanAssembly (0ms)
			ScanForSourceGeneratedMonoScriptInfo (0ms)
			ResolveRequiredComponents (12ms)
	FinalizeReload (2247ms)
		ReleaseScriptCaches (0ms)
		RebuildScriptCaches (0ms)
		SetupLoadedEditorAssemblies (985ms)
			LogAssemblyErrors (0ms)
			InitializePlatformSupportModulesInManaged (11ms)
			SetLoadedEditorAssemblies (5ms)
			RefreshPlugins (0ms)
			BeforeProcessingInitializeOnLoad (206ms)
			ProcessInitializeOnLoadAttributes (661ms)
			ProcessInitializeOnLoadMethodAttributes (89ms)
			AfterProcessingInitializeOnLoad (13ms)
			EditorAssembliesLoaded (1ms)
		ExecutionOrderSort2 (0ms)
		AwakeInstancesAfterBackupRestoration (17ms)
Failed to load shader (instanceID 450, GUID dd89cf5b9246416f84610a006f916af7)
Failed to load shader (instanceID 452, GUID 14eb328de4b8eb245bb7cea29e4ac00b)
Failed to load shader (instanceID 454, GUID 68e6db2ebdc24f95958faec2be5558d6)
Failed to load shader (instanceID 456, GUID bc1ede39bf3643ee8e493720e4259791)
Failed to load shader (instanceID 446, GUID fe393ace9b354375a9cb14cdbbc28be4)
Failed to load shader (instanceID 448, GUID cf81c85f95fe47e1a27f6ae460cf182c)
Failed to load shader (instanceID 458, GUID 48bb5f55d8670e349b6e614913f9d910)
Failed to load shader (instanceID 460, GUID 85187c2149c549c5b33f0cdb02836b17)
Failed to load shader (instanceID 462, GUID 128e987d567d4e2c824d754223b3f3b0)
Failed to load shader (instanceID 470, GUID f7ada0af4f174f0694ca6a487b8f543d)
Failed to load shader (instanceID 466, GUID a02a7d8c237544f1962732b55a9aebf1)
Failed to load shader (instanceID 468, GUID c8d12adcee749c344b8117cf7c7eb912)
Failed to load shader (instanceID 464, GUID 1e3b057af24249748ff873be7fafee47)
Refreshing native plugins compatible for Editor in 6.04 ms, found 3 plugins.
Preloading 0 native plugins for Editor in 0.00 ms.
Unloading 3699 Unused Serialized files (Serialized files now loaded: 0)
Unloading 26 unused Assets / (32.7 KB). Loaded Objects now: 4277.
Memory consumption went from 175.1 MB to 175.1 MB.
Total: 16.393500 ms (FindLiveObjects: 4.654900 ms CreateObjectMapping: 0.306200 ms MarkObjects: 11.341200 ms  DeleteObjects: 0.088800 ms)

Prepare: number of updated asset objects reloaded= 0
AssetImportParameters requested are different than current active one (requested -> active):
  custom:container-demuxer-ogg: 62fdf1f143b41e24485cea50d1cbac27 -> 
  custom:video-decoder-ogg-theora: a1e56fd34408186e4bbccfd4996cb3dc -> 
  custom:framework-win-MediaFoundation: 216162199b28c13a410421893ffa2e32 -> 
  custom:CustomObjectIndexerAttribute: 6d391050e5a25f67b0a2c618074f2cd9 -> 
  custom:container-demuxer-webm: 4f35f7cbe854078d1ac9338744f61a02 -> 
  custom:container-muxer-webm: aa71ff27fc2769a1b78a27578f13a17b -> 
  custom:video-decoder-webm-vp8: 9c59270c3fd7afecdb556c50c9e8de78 -> 
  custom:SearchIndexIgnoredProperties: e643bd26f0fe6173181afceb89e7c659 -> 
  custom:AudioImporter_EditorPlatform: d09bf68614088b80899f8185d706f6e7 -> 
  custom:video-encoder-webm-vp8: eb34c28f22e8b96e1ab97ce403110664 -> 
  custom:audio-decoder-ogg-vorbis: bf7c407c2cedff20999df2af8eb42d56 -> 
  custom:audio-encoder-webm-vorbis: bf7c407c2cedff20999df2af8eb42d56 -> 
========================================================================
Received Import Request.
  Time since last request: 134.438390 seconds.
  path: Assets/Zombie/Prefabs/Zombie3.prefab
  artifactKey: Guid(06cb2b131fe009c47a523671a8fa9ed8) Importer(815301076,1909f56bfc062723c751e8b465ee728b)
Start importing Assets/Zombie/Prefabs/Zombie3.prefab using Guid(06cb2b131fe009c47a523671a8fa9ed8) Importer(815301076,1909f56bfc062723c751e8b465ee728b)  -> (artifact id: '9115cc3e3f8508548c149c74633c4a23') in 1.005071 seconds
Number of updated asset objects reloaded before import = 0
Number of asset objects unloaded after import = 153
========================================================================
Received Prepare
Begin MonoManager ReloadAssembly
Symbol file LoadedFromMemory is not a mono symbol file
- Loaded All Assemblies, in  2.222 seconds
Refreshing native plugins compatible for Editor in 19.71 ms, found 3 plugins.
Native extension for WindowsStandalone target not found
[Package Manager] Server::EnsureServerProcessIsRunning -- launch failed, reason: Unity was launched with the -noUpm command-line argument
[Package Manager] UpmClient::Send -- Unable to send message (not connected to UPM process).
[Package Manager] Cannot connect to Unity Package Manager local server
Mono: successfully reloaded assembly
- Finished resetting the current domain, in  5.457 seconds
Domain Reload Profiling: 7674ms
	BeginReloadAssembly (719ms)
		ExecutionOrderSort (0ms)
		DisableScriptedObjects (48ms)
		BackupInstance (0ms)
		ReleaseScriptingObjects (0ms)
		CreateAndSetChildDomain (137ms)
	RebuildCommonClasses (153ms)
	RebuildNativeTypeToScriptingClass (33ms)
	initialDomainReloadingComplete (140ms)
	LoadAllAssembliesAndSetupDomain (1170ms)
		LoadAssemblies (1562ms)
		RebuildTransferFunctionScriptingTraits (0ms)
		AnalyzeDomain (64ms)
			TypeCache.Refresh (34ms)
				TypeCache.ScanAssembly (0ms)
			ScanForSourceGeneratedMonoScriptInfo (0ms)
			ResolveRequiredComponents (24ms)
	FinalizeReload (5458ms)
		ReleaseScriptCaches (0ms)
		RebuildScriptCaches (0ms)
		SetupLoadedEditorAssemblies (3315ms)
			LogAssemblyErrors (0ms)
			InitializePlatformSupportModulesInManaged (26ms)
			SetLoadedEditorAssemblies (8ms)
			RefreshPlugins (0ms)
			BeforeProcessingInitializeOnLoad (374ms)
			ProcessInitializeOnLoadAttributes (2677ms)
			ProcessInitializeOnLoadMethodAttributes (199ms)
			AfterProcessingInitializeOnLoad (20ms)
			EditorAssembliesLoaded (11ms)
		ExecutionOrderSort2 (0ms)
		AwakeInstancesAfterBackupRestoration (31ms)
Failed to load shader (instanceID 450, GUID dd89cf5b9246416f84610a006f916af7)
Failed to load shader (instanceID 452, GUID 14eb328de4b8eb245bb7cea29e4ac00b)
Failed to load shader (instanceID 454, GUID 68e6db2ebdc24f95958faec2be5558d6)
Failed to load shader (instanceID 456, GUID bc1ede39bf3643ee8e493720e4259791)
Failed to load shader (instanceID 446, GUID fe393ace9b354375a9cb14cdbbc28be4)
Failed to load shader (instanceID 448, GUID cf81c85f95fe47e1a27f6ae460cf182c)
Failed to load shader (instanceID 458, GUID 48bb5f55d8670e349b6e614913f9d910)
Failed to load shader (instanceID 460, GUID 85187c2149c549c5b33f0cdb02836b17)
Failed to load shader (instanceID 462, GUID 128e987d567d4e2c824d754223b3f3b0)
Failed to load shader (instanceID 470, GUID f7ada0af4f174f0694ca6a487b8f543d)
Failed to load shader (instanceID 466, GUID a02a7d8c237544f1962732b55a9aebf1)
Failed to load shader (instanceID 468, GUID c8d12adcee749c344b8117cf7c7eb912)
Failed to load shader (instanceID 464, GUID 1e3b057af24249748ff873be7fafee47)
Refreshing native plugins compatible for Editor in 7.93 ms, found 3 plugins.
Preloading 0 native plugins for Editor in 0.00 ms.
Unloading 3698 Unused Serialized files (Serialized files now loaded: 0)
Unloading 26 unused Assets / (32.8 KB). Loaded Objects now: 4281.
Memory consumption went from 176.8 MB to 176.7 MB.
Total: 19.761500 ms (FindLiveObjects: 0.806700 ms CreateObjectMapping: 1.870800 ms MarkObjects: 16.733000 ms  DeleteObjects: 0.345700 ms)

Prepare: number of updated asset objects reloaded= 0
AssetImportParameters requested are different than current active one (requested -> active):
  custom:container-demuxer-ogg: 62fdf1f143b41e24485cea50d1cbac27 -> 
  custom:video-decoder-ogg-theora: a1e56fd34408186e4bbccfd4996cb3dc -> 
  custom:framework-win-MediaFoundation: 216162199b28c13a410421893ffa2e32 -> 
  custom:CustomObjectIndexerAttribute: 6d391050e5a25f67b0a2c618074f2cd9 -> 
  custom:container-demuxer-webm: 4f35f7cbe854078d1ac9338744f61a02 -> 
  custom:container-muxer-webm: aa71ff27fc2769a1b78a27578f13a17b -> 
  custom:video-decoder-webm-vp8: 9c59270c3fd7afecdb556c50c9e8de78 -> 
  custom:SearchIndexIgnoredProperties: e643bd26f0fe6173181afceb89e7c659 -> 
  custom:AudioImporter_EditorPlatform: d09bf68614088b80899f8185d706f6e7 -> 
  custom:video-encoder-webm-vp8: eb34c28f22e8b96e1ab97ce403110664 -> 
  custom:audio-decoder-ogg-vorbis: bf7c407c2cedff20999df2af8eb42d56 -> 
  custom:audio-encoder-webm-vorbis: bf7c407c2cedff20999df2af8eb42d56 -> 
========================================================================
Received Import Request.
  Time since last request: 64.142575 seconds.
  path: Assets/Road Blocker/RoadBlocker2.fbx
  artifactKey: Guid(f2291f59a57ca054e9248a5721e0594b) Importer(815301076,1909f56bfc062723c751e8b465ee728b)
Start importing Assets/Road Blocker/RoadBlocker2.fbx using Guid(f2291f59a57ca054e9248a5721e0594b) Importer(815301076,1909f56bfc062723c751e8b465ee728b)  -> (artifact id: 'd72e0c54396ae3cf8c525f2b5e840c8d') in 1.163077 seconds
Number of updated asset objects reloaded before import = 0
Number of asset objects unloaded after import = 11
========================================================================
Received Import Request.
  Time since last request: 261.020168 seconds.
  path: Assets/Zombie/Materials/Zombie.mat
  artifactKey: Guid(9fdb5531bdf185e448dd06dfa8192f8d) Importer(815301076,1909f56bfc062723c751e8b465ee728b)
Start importing Assets/Zombie/Materials/Zombie.mat using Guid(9fdb5531bdf185e448dd06dfa8192f8d) Importer(815301076,1909f56bfc062723c751e8b465ee728b)  -> (artifact id: '6e285378e710303c404a77c89e388dec') in 0.476043 seconds
Number of updated asset objects reloaded before import = 0
Number of asset objects unloaded after import = 6
========================================================================
Received Import Request.
  Time since last request: 711.439095 seconds.
  path: Assets/Zombie/Prefabs/Zombie3.prefab
  artifactKey: Guid(06cb2b131fe009c47a523671a8fa9ed8) Importer(815301076,1909f56bfc062723c751e8b465ee728b)
Start importing Assets/Zombie/Prefabs/Zombie3.prefab using Guid(06cb2b131fe009c47a523671a8fa9ed8) Importer(815301076,1909f56bfc062723c751e8b465ee728b)  -> (artifact id: 'e0637735c0c972578f1a17c05d9dbd4a') in 1.524724 seconds
Number of updated asset objects reloaded before import = 0
Number of asset objects unloaded after import = 153
========================================================================
Received Import Request.
  Time since last request: 0.690220 seconds.
  path: Assets/Zombie/Prefabs/Zombie3.prefab
  artifactKey: Guid(06cb2b131fe009c47a523671a8fa9ed8) Importer(815301076,1909f56bfc062723c751e8b465ee728b)
Start importing Assets/Zombie/Prefabs/Zombie3.prefab using Guid(06cb2b131fe009c47a523671a8fa9ed8) Importer(815301076,1909f56bfc062723c751e8b465ee728b)  -> (artifact id: 'cd3cd057de92e6130010a3c56c48a6b5') in 0.966463 seconds
Number of updated asset objects reloaded before import = 0
Number of asset objects unloaded after import = 154
========================================================================
Received Import Request.
  Time since last request: 20.302863 seconds.
  path: Assets/Zombie/Prefabs/Zombie3.prefab
  artifactKey: Guid(06cb2b131fe009c47a523671a8fa9ed8) Importer(815301076,1909f56bfc062723c751e8b465ee728b)
Start importing Assets/Zombie/Prefabs/Zombie3.prefab using Guid(06cb2b131fe009c47a523671a8fa9ed8) Importer(815301076,1909f56bfc062723c751e8b465ee728b)  -> (artifact id: 'da16b1bd0602e7b258b70870d5a531bd') in 0.794530 seconds
Number of updated asset objects reloaded before import = 0
Number of asset objects unloaded after import = 154
========================================================================
Received Prepare
Begin MonoManager ReloadAssembly
Symbol file LoadedFromMemory is not a mono symbol file
- Loaded All Assemblies, in  2.210 seconds
Refreshing native plugins compatible for Editor in 14.09 ms, found 3 plugins.
Native extension for WindowsStandalone target not found
[Package Manager] Server::EnsureServerProcessIsRunning -- launch failed, reason: Unity was launched with the -noUpm command-line argument
[Package Manager] UpmClient::Send -- Unable to send message (not connected to UPM process).
[Package Manager] Cannot connect to Unity Package Manager local server
Mono: successfully reloaded assembly
- Finished resetting the current domain, in  5.491 seconds
Domain Reload Profiling: 7698ms
	BeginReloadAssembly (689ms)
		ExecutionOrderSort (0ms)
		DisableScriptedObjects (41ms)
		BackupInstance (0ms)
		ReleaseScriptingObjects (0ms)
		CreateAndSetChildDomain (152ms)
	RebuildCommonClasses (154ms)
	RebuildNativeTypeToScriptingClass (49ms)
	initialDomainReloadingComplete (161ms)
	LoadAllAssembliesAndSetupDomain (1152ms)
		LoadAssemblies (1521ms)
		RebuildTransferFunctionScriptingTraits (0ms)
		AnalyzeDomain (72ms)
			TypeCache.Refresh (34ms)
				TypeCache.ScanAssembly (0ms)
			ScanForSourceGeneratedMonoScriptInfo (0ms)
			ResolveRequiredComponents (32ms)
	FinalizeReload (5493ms)
		ReleaseScriptCaches (0ms)
		RebuildScriptCaches (0ms)
		SetupLoadedEditorAssemblies (2533ms)
			LogAssemblyErrors (0ms)
			InitializePlatformSupportModulesInManaged (36ms)
			SetLoadedEditorAssemblies (26ms)
			RefreshPlugins (0ms)
			BeforeProcessingInitializeOnLoad (318ms)
			ProcessInitializeOnLoadAttributes (1888ms)
			ProcessInitializeOnLoadMethodAttributes (227ms)
			AfterProcessingInitializeOnLoad (36ms)
			EditorAssembliesLoaded (3ms)
		ExecutionOrderSort2 (0ms)
		AwakeInstancesAfterBackupRestoration (35ms)
Failed to load shader (instanceID 450, GUID dd89cf5b9246416f84610a006f916af7)
Failed to load shader (instanceID 452, GUID 14eb328de4b8eb245bb7cea29e4ac00b)
Failed to load shader (instanceID 454, GUID 68e6db2ebdc24f95958faec2be5558d6)
Failed to load shader (instanceID 456, GUID bc1ede39bf3643ee8e493720e4259791)
Failed to load shader (instanceID 446, GUID fe393ace9b354375a9cb14cdbbc28be4)
Failed to load shader (instanceID 448, GUID cf81c85f95fe47e1a27f6ae460cf182c)
Failed to load shader (instanceID 458, GUID 48bb5f55d8670e349b6e614913f9d910)
Failed to load shader (instanceID 460, GUID 85187c2149c549c5b33f0cdb02836b17)
Failed to load shader (instanceID 462, GUID 128e987d567d4e2c824d754223b3f3b0)
Failed to load shader (instanceID 470, GUID f7ada0af4f174f0694ca6a487b8f543d)
Failed to load shader (instanceID 466, GUID a02a7d8c237544f1962732b55a9aebf1)
Failed to load shader (instanceID 468, GUID c8d12adcee749c344b8117cf7c7eb912)
Failed to load shader (instanceID 464, GUID 1e3b057af24249748ff873be7fafee47)
Refreshing native plugins compatible for Editor in 8.38 ms, found 3 plugins.
Preloading 0 native plugins for Editor in 0.00 ms.
Unloading 3698 Unused Serialized files (Serialized files now loaded: 0)
Unloading 26 unused Assets / (32.7 KB). Loaded Objects now: 4285.
Memory consumption went from 178.7 MB to 178.7 MB.
Total: 20.355200 ms (FindLiveObjects: 13.909900 ms CreateObjectMapping: 0.629300 ms MarkObjects: 5.613900 ms  DeleteObjects: 0.196500 ms)

Prepare: number of updated asset objects reloaded= 0
AssetImportParameters requested are different than current active one (requested -> active):
  custom:container-demuxer-ogg: 62fdf1f143b41e24485cea50d1cbac27 -> 
  custom:video-decoder-ogg-theora: a1e56fd34408186e4bbccfd4996cb3dc -> 
  custom:framework-win-MediaFoundation: 216162199b28c13a410421893ffa2e32 -> 
  custom:CustomObjectIndexerAttribute: 6d391050e5a25f67b0a2c618074f2cd9 -> 
  custom:container-demuxer-webm: 4f35f7cbe854078d1ac9338744f61a02 -> 
  custom:container-muxer-webm: aa71ff27fc2769a1b78a27578f13a17b -> 
  custom:video-decoder-webm-vp8: 9c59270c3fd7afecdb556c50c9e8de78 -> 
  custom:SearchIndexIgnoredProperties: e643bd26f0fe6173181afceb89e7c659 -> 
  custom:AudioImporter_EditorPlatform: d09bf68614088b80899f8185d706f6e7 -> 
  custom:video-encoder-webm-vp8: eb34c28f22e8b96e1ab97ce403110664 -> 
  custom:audio-decoder-ogg-vorbis: bf7c407c2cedff20999df2af8eb42d56 -> 
  custom:audio-encoder-webm-vorbis: bf7c407c2cedff20999df2af8eb42d56 -> 
========================================================================
Received Prepare
Begin MonoManager ReloadAssembly
Symbol file LoadedFromMemory is not a mono symbol file
- Loaded All Assemblies, in  1.982 seconds
Refreshing native plugins compatible for Editor in 6.14 ms, found 3 plugins.
Native extension for WindowsStandalone target not found
[Package Manager] Server::EnsureServerProcessIsRunning -- launch failed, reason: Unity was launched with the -noUpm command-line argument
[Package Manager] UpmClient::Send -- Unable to send message (not connected to UPM process).
[Package Manager] Cannot connect to Unity Package Manager local server
Mono: successfully reloaded assembly
- Finished resetting the current domain, in  3.721 seconds
Domain Reload Profiling: 5707ms
	BeginReloadAssembly (648ms)
		ExecutionOrderSort (0ms)
		DisableScriptedObjects (49ms)
		BackupInstance (0ms)
		ReleaseScriptingObjects (0ms)
		CreateAndSetChildDomain (152ms)
	RebuildCommonClasses (119ms)
	RebuildNativeTypeToScriptingClass (34ms)
	initialDomainReloadingComplete (126ms)
	LoadAllAssembliesAndSetupDomain (1054ms)
		LoadAssemblies (1381ms)
		RebuildTransferFunctionScriptingTraits (0ms)
		AnalyzeDomain (58ms)
			TypeCache.Refresh (34ms)
				TypeCache.ScanAssembly (0ms)
			ScanForSourceGeneratedMonoScriptInfo (0ms)
			ResolveRequiredComponents (13ms)
	FinalizeReload (3725ms)
		ReleaseScriptCaches (0ms)
		RebuildScriptCaches (0ms)
		SetupLoadedEditorAssemblies (1791ms)
			LogAssemblyErrors (0ms)
			InitializePlatformSupportModulesInManaged (25ms)
			SetLoadedEditorAssemblies (20ms)
			RefreshPlugins (0ms)
			BeforeProcessingInitializeOnLoad (255ms)
			ProcessInitializeOnLoadAttributes (1334ms)
			ProcessInitializeOnLoadMethodAttributes (142ms)
			AfterProcessingInitializeOnLoad (13ms)
			EditorAssembliesLoaded (2ms)
		ExecutionOrderSort2 (0ms)
		AwakeInstancesAfterBackupRestoration (33ms)
Failed to load shader (instanceID 450, GUID dd89cf5b9246416f84610a006f916af7)
Failed to load shader (instanceID 452, GUID 14eb328de4b8eb245bb7cea29e4ac00b)
Failed to load shader (instanceID 454, GUID 68e6db2ebdc24f95958faec2be5558d6)
Failed to load shader (instanceID 456, GUID bc1ede39bf3643ee8e493720e4259791)
Failed to load shader (instanceID 446, GUID fe393ace9b354375a9cb14cdbbc28be4)
Failed to load shader (instanceID 448, GUID cf81c85f95fe47e1a27f6ae460cf182c)
Failed to load shader (instanceID 458, GUID 48bb5f55d8670e349b6e614913f9d910)
Failed to load shader (instanceID 460, GUID 85187c2149c549c5b33f0cdb02836b17)
Failed to load shader (instanceID 462, GUID 128e987d567d4e2c824d754223b3f3b0)
Failed to load shader (instanceID 470, GUID f7ada0af4f174f0694ca6a487b8f543d)
Failed to load shader (instanceID 466, GUID a02a7d8c237544f1962732b55a9aebf1)
Failed to load shader (instanceID 468, GUID c8d12adcee749c344b8117cf7c7eb912)
Failed to load shader (instanceID 464, GUID 1e3b057af24249748ff873be7fafee47)
Refreshing native plugins compatible for Editor in 18.40 ms, found 3 plugins.
Preloading 0 native plugins for Editor in 0.00 ms.
Unloading 3699 Unused Serialized files (Serialized files now loaded: 0)
Unloading 26 unused Assets / (32.8 KB). Loaded Objects now: 4288.
Memory consumption went from 180.9 MB to 180.9 MB.
Total: 10.118500 ms (FindLiveObjects: 0.566300 ms CreateObjectMapping: 0.531000 ms MarkObjects: 8.665400 ms  DeleteObjects: 0.348000 ms)

Prepare: number of updated asset objects reloaded= 0
AssetImportParameters requested are different than current active one (requested -> active):
  custom:container-demuxer-ogg: 62fdf1f143b41e24485cea50d1cbac27 -> 
  custom:video-decoder-ogg-theora: a1e56fd34408186e4bbccfd4996cb3dc -> 
  custom:framework-win-MediaFoundation: 216162199b28c13a410421893ffa2e32 -> 
  custom:CustomObjectIndexerAttribute: 6d391050e5a25f67b0a2c618074f2cd9 -> 
  custom:container-demuxer-webm: 4f35f7cbe854078d1ac9338744f61a02 -> 
  custom:container-muxer-webm: aa71ff27fc2769a1b78a27578f13a17b -> 
  custom:video-decoder-webm-vp8: 9c59270c3fd7afecdb556c50c9e8de78 -> 
  custom:SearchIndexIgnoredProperties: e643bd26f0fe6173181afceb89e7c659 -> 
  custom:AudioImporter_EditorPlatform: d09bf68614088b80899f8185d706f6e7 -> 
  custom:video-encoder-webm-vp8: eb34c28f22e8b96e1ab97ce403110664 -> 
  custom:audio-decoder-ogg-vorbis: bf7c407c2cedff20999df2af8eb42d56 -> 
  custom:audio-encoder-webm-vorbis: bf7c407c2cedff20999df2af8eb42d56 -> 
========================================================================
Received Prepare
Begin MonoManager ReloadAssembly
Symbol file LoadedFromMemory is not a mono symbol file
- Loaded All Assemblies, in  2.158 seconds
Refreshing native plugins compatible for Editor in 18.83 ms, found 3 plugins.
Native extension for WindowsStandalone target not found
[Package Manager] Server::EnsureServerProcessIsRunning -- launch failed, reason: Unity was launched with the -noUpm command-line argument
[Package Manager] UpmClient::Send -- Unable to send message (not connected to UPM process).
[Package Manager] Cannot connect to Unity Package Manager local server
Mono: successfully reloaded assembly
- Finished resetting the current domain, in  4.347 seconds
Domain Reload Profiling: 6497ms
	BeginReloadAssembly (686ms)
		ExecutionOrderSort (0ms)
		DisableScriptedObjects (46ms)
		BackupInstance (0ms)
		ReleaseScriptingObjects (0ms)
		CreateAndSetChildDomain (141ms)
	RebuildCommonClasses (123ms)
	RebuildNativeTypeToScriptingClass (34ms)
	initialDomainReloadingComplete (131ms)
	LoadAllAssembliesAndSetupDomain (1164ms)
		LoadAssemblies (1498ms)
		RebuildTransferFunctionScriptingTraits (0ms)
		AnalyzeDomain (67ms)
			TypeCache.Refresh (50ms)
				TypeCache.ScanAssembly (0ms)
			ScanForSourceGeneratedMonoScriptInfo (0ms)
			ResolveRequiredComponents (10ms)
	FinalizeReload (4359ms)
		ReleaseScriptCaches (0ms)
		RebuildScriptCaches (0ms)
		SetupLoadedEditorAssemblies (2193ms)
			LogAssemblyErrors (0ms)
			InitializePlatformSupportModulesInManaged (28ms)
			SetLoadedEditorAssemblies (23ms)
			RefreshPlugins (0ms)
			BeforeProcessingInitializeOnLoad (292ms)
			ProcessInitializeOnLoadAttributes (1651ms)
			ProcessInitializeOnLoadMethodAttributes (172ms)
			AfterProcessingInitializeOnLoad (26ms)
			EditorAssembliesLoaded (1ms)
		ExecutionOrderSort2 (0ms)
		AwakeInstancesAfterBackupRestoration (29ms)
Failed to load shader (instanceID 450, GUID dd89cf5b9246416f84610a006f916af7)
Failed to load shader (instanceID 452, GUID 14eb328de4b8eb245bb7cea29e4ac00b)
Failed to load shader (instanceID 454, GUID 68e6db2ebdc24f95958faec2be5558d6)
Failed to load shader (instanceID 456, GUID bc1ede39bf3643ee8e493720e4259791)
Failed to load shader (instanceID 446, GUID fe393ace9b354375a9cb14cdbbc28be4)
Failed to load shader (instanceID 448, GUID cf81c85f95fe47e1a27f6ae460cf182c)
Failed to load shader (instanceID 458, GUID 48bb5f55d8670e349b6e614913f9d910)
Failed to load shader (instanceID 460, GUID 85187c2149c549c5b33f0cdb02836b17)
Failed to load shader (instanceID 462, GUID 128e987d567d4e2c824d754223b3f3b0)
Failed to load shader (instanceID 470, GUID f7ada0af4f174f0694ca6a487b8f543d)
Failed to load shader (instanceID 466, GUID a02a7d8c237544f1962732b55a9aebf1)
Failed to load shader (instanceID 468, GUID c8d12adcee749c344b8117cf7c7eb912)
Failed to load shader (instanceID 464, GUID 1e3b057af24249748ff873be7fafee47)
Refreshing native plugins compatible for Editor in 10.27 ms, found 3 plugins.
Preloading 0 native plugins for Editor in 0.00 ms.
Unloading 3699 Unused Serialized files (Serialized files now loaded: 0)
Unloading 26 unused Assets / (32.9 KB). Loaded Objects now: 4291.
Memory consumption went from 182.8 MB to 182.8 MB.
Total: 17.194800 ms (FindLiveObjects: 2.596500 ms CreateObjectMapping: 2.827700 ms MarkObjects: 11.521000 ms  DeleteObjects: 0.245100 ms)

Prepare: number of updated asset objects reloaded= 0
AssetImportParameters requested are different than current active one (requested -> active):
  custom:container-demuxer-ogg: 62fdf1f143b41e24485cea50d1cbac27 -> 
  custom:video-decoder-ogg-theora: a1e56fd34408186e4bbccfd4996cb3dc -> 
  custom:framework-win-MediaFoundation: 216162199b28c13a410421893ffa2e32 -> 
  custom:CustomObjectIndexerAttribute: 6d391050e5a25f67b0a2c618074f2cd9 -> 
  custom:container-demuxer-webm: 4f35f7cbe854078d1ac9338744f61a02 -> 
  custom:container-muxer-webm: aa71ff27fc2769a1b78a27578f13a17b -> 
  custom:video-decoder-webm-vp8: 9c59270c3fd7afecdb556c50c9e8de78 -> 
  custom:SearchIndexIgnoredProperties: e643bd26f0fe6173181afceb89e7c659 -> 
  custom:AudioImporter_EditorPlatform: d09bf68614088b80899f8185d706f6e7 -> 
  custom:video-encoder-webm-vp8: eb34c28f22e8b96e1ab97ce403110664 -> 
  custom:audio-decoder-ogg-vorbis: bf7c407c2cedff20999df2af8eb42d56 -> 
  custom:audio-encoder-webm-vorbis: bf7c407c2cedff20999df2af8eb42d56 -> 
========================================================================
Received Prepare
Begin MonoManager ReloadAssembly
Symbol file LoadedFromMemory is not a mono symbol file
- Loaded All Assemblies, in  2.182 seconds
Refreshing native plugins compatible for Editor in 19.31 ms, found 3 plugins.
Native extension for WindowsStandalone target not found
[Package Manager] Server::EnsureServerProcessIsRunning -- launch failed, reason: Unity was launched with the -noUpm command-line argument
[Package Manager] UpmClient::Send -- Unable to send message (not connected to UPM process).
[Package Manager] Cannot connect to Unity Package Manager local server
Mono: successfully reloaded assembly
- Finished resetting the current domain, in  4.780 seconds
Domain Reload Profiling: 6950ms
	BeginReloadAssembly (721ms)
		ExecutionOrderSort (0ms)
		DisableScriptedObjects (47ms)
		BackupInstance (0ms)
		ReleaseScriptingObjects (0ms)
		CreateAndSetChildDomain (124ms)
	RebuildCommonClasses (127ms)
	RebuildNativeTypeToScriptingClass (29ms)
	initialDomainReloadingComplete (137ms)
	LoadAllAssembliesAndSetupDomain (1155ms)
		LoadAssemblies (1500ms)
		RebuildTransferFunctionScriptingTraits (0ms)
		AnalyzeDomain (45ms)
			TypeCache.Refresh (17ms)
				TypeCache.ScanAssembly (0ms)
			ScanForSourceGeneratedMonoScriptInfo (0ms)
			ResolveRequiredComponents (23ms)
	FinalizeReload (4781ms)
		ReleaseScriptCaches (0ms)
		RebuildScriptCaches (0ms)
		SetupLoadedEditorAssemblies (2594ms)
			LogAssemblyErrors (0ms)
			InitializePlatformSupportModulesInManaged (15ms)
			SetLoadedEditorAssemblies (18ms)
			RefreshPlugins (0ms)
			BeforeProcessingInitializeOnLoad (316ms)
			ProcessInitializeOnLoadAttributes (1899ms)
			ProcessInitializeOnLoadMethodAttributes (313ms)
			AfterProcessingInitializeOnLoad (30ms)
			EditorAssembliesLoaded (2ms)
		ExecutionOrderSort2 (0ms)
		AwakeInstancesAfterBackupRestoration (48ms)
Failed to load shader (instanceID 450, GUID dd89cf5b9246416f84610a006f916af7)
Failed to load shader (instanceID 452, GUID 14eb328de4b8eb245bb7cea29e4ac00b)
Failed to load shader (instanceID 454, GUID 68e6db2ebdc24f95958faec2be5558d6)
Failed to load shader (instanceID 456, GUID bc1ede39bf3643ee8e493720e4259791)
Failed to load shader (instanceID 446, GUID fe393ace9b354375a9cb14cdbbc28be4)
Failed to load shader (instanceID 448, GUID cf81c85f95fe47e1a27f6ae460cf182c)
Failed to load shader (instanceID 458, GUID 48bb5f55d8670e349b6e614913f9d910)
Failed to load shader (instanceID 460, GUID 85187c2149c549c5b33f0cdb02836b17)
Failed to load shader (instanceID 462, GUID 128e987d567d4e2c824d754223b3f3b0)
Failed to load shader (instanceID 470, GUID f7ada0af4f174f0694ca6a487b8f543d)
Failed to load shader (instanceID 466, GUID a02a7d8c237544f1962732b55a9aebf1)
Failed to load shader (instanceID 468, GUID c8d12adcee749c344b8117cf7c7eb912)
Failed to load shader (instanceID 464, GUID 1e3b057af24249748ff873be7fafee47)
Refreshing native plugins compatible for Editor in 9.00 ms, found 3 plugins.
Preloading 0 native plugins for Editor in 0.00 ms.
Unloading 3699 Unused Serialized files (Serialized files now loaded: 0)
Unloading 26 unused Assets / (32.8 KB). Loaded Objects now: 4294.
Memory consumption went from 184.7 MB to 184.7 MB.
Total: 22.206300 ms (FindLiveObjects: 2.906800 ms CreateObjectMapping: 0.804700 ms MarkObjects: 11.879900 ms  DeleteObjects: 6.608400 ms)

Prepare: number of updated asset objects reloaded= 0
AssetImportParameters requested are different than current active one (requested -> active):
  custom:container-demuxer-ogg: 62fdf1f143b41e24485cea50d1cbac27 -> 
  custom:video-decoder-ogg-theora: a1e56fd34408186e4bbccfd4996cb3dc -> 
  custom:framework-win-MediaFoundation: 216162199b28c13a410421893ffa2e32 -> 
  custom:CustomObjectIndexerAttribute: 6d391050e5a25f67b0a2c618074f2cd9 -> 
  custom:container-demuxer-webm: 4f35f7cbe854078d1ac9338744f61a02 -> 
  custom:container-muxer-webm: aa71ff27fc2769a1b78a27578f13a17b -> 
  custom:video-decoder-webm-vp8: 9c59270c3fd7afecdb556c50c9e8de78 -> 
  custom:SearchIndexIgnoredProperties: e643bd26f0fe6173181afceb89e7c659 -> 
  custom:AudioImporter_EditorPlatform: d09bf68614088b80899f8185d706f6e7 -> 
  custom:video-encoder-webm-vp8: eb34c28f22e8b96e1ab97ce403110664 -> 
  custom:audio-decoder-ogg-vorbis: bf7c407c2cedff20999df2af8eb42d56 -> 
  custom:audio-encoder-webm-vorbis: bf7c407c2cedff20999df2af8eb42d56 -> 
========================================================================
Received Prepare
Begin MonoManager ReloadAssembly
Symbol file LoadedFromMemory is not a mono symbol file
- Loaded All Assemblies, in  1.992 seconds
Refreshing native plugins compatible for Editor in 11.10 ms, found 3 plugins.
Native extension for WindowsStandalone target not found
[Package Manager] Server::EnsureServerProcessIsRunning -- launch failed, reason: Unity was launched with the -noUpm command-line argument
[Package Manager] UpmClient::Send -- Unable to send message (not connected to UPM process).
[Package Manager] Cannot connect to Unity Package Manager local server
Mono: successfully reloaded assembly
- Finished resetting the current domain, in  4.335 seconds
Domain Reload Profiling: 6307ms
	BeginReloadAssembly (694ms)
		ExecutionOrderSort (0ms)
		DisableScriptedObjects (47ms)
		BackupInstance (0ms)
		ReleaseScriptingObjects (0ms)
		CreateAndSetChildDomain (95ms)
	RebuildCommonClasses (112ms)
	RebuildNativeTypeToScriptingClass (35ms)
	initialDomainReloadingComplete (103ms)
	LoadAllAssembliesAndSetupDomain (1027ms)
		LoadAssemblies (1392ms)
		RebuildTransferFunctionScriptingTraits (0ms)
		AnalyzeDomain (69ms)
			TypeCache.Refresh (32ms)
				TypeCache.ScanAssembly (0ms)
			ScanForSourceGeneratedMonoScriptInfo (0ms)
			ResolveRequiredComponents (33ms)
	FinalizeReload (4337ms)
		ReleaseScriptCaches (0ms)
		RebuildScriptCaches (0ms)
		SetupLoadedEditorAssemblies (2377ms)
			LogAssemblyErrors (0ms)
			InitializePlatformSupportModulesInManaged (25ms)
			SetLoadedEditorAssemblies (7ms)
			RefreshPlugins (0ms)
			BeforeProcessingInitializeOnLoad (250ms)
			ProcessInitializeOnLoadAttributes (1877ms)
			ProcessInitializeOnLoadMethodAttributes (190ms)
			AfterProcessingInitializeOnLoad (27ms)
			EditorAssembliesLoaded (1ms)
		ExecutionOrderSort2 (0ms)
		AwakeInstancesAfterBackupRestoration (30ms)
Failed to load shader (instanceID 450, GUID dd89cf5b9246416f84610a006f916af7)
Failed to load shader (instanceID 452, GUID 14eb328de4b8eb245bb7cea29e4ac00b)
Failed to load shader (instanceID 454, GUID 68e6db2ebdc24f95958faec2be5558d6)
Failed to load shader (instanceID 456, GUID bc1ede39bf3643ee8e493720e4259791)
Failed to load shader (instanceID 446, GUID fe393ace9b354375a9cb14cdbbc28be4)
Failed to load shader (instanceID 448, GUID cf81c85f95fe47e1a27f6ae460cf182c)
Failed to load shader (instanceID 458, GUID 48bb5f55d8670e349b6e614913f9d910)
Failed to load shader (instanceID 460, GUID 85187c2149c549c5b33f0cdb02836b17)
Failed to load shader (instanceID 462, GUID 128e987d567d4e2c824d754223b3f3b0)
Failed to load shader (instanceID 470, GUID f7ada0af4f174f0694ca6a487b8f543d)
Failed to load shader (instanceID 466, GUID a02a7d8c237544f1962732b55a9aebf1)
Failed to load shader (instanceID 468, GUID c8d12adcee749c344b8117cf7c7eb912)
Failed to load shader (instanceID 464, GUID 1e3b057af24249748ff873be7fafee47)
Refreshing native plugins compatible for Editor in 8.64 ms, found 3 plugins.
Preloading 0 native plugins for Editor in 0.00 ms.
Unloading 3699 Unused Serialized files (Serialized files now loaded: 0)
Unloading 26 unused Assets / (32.7 KB). Loaded Objects now: 4297.
Memory consumption went from 186.6 MB to 186.6 MB.
Total: 151.662600 ms (FindLiveObjects: 3.076100 ms CreateObjectMapping: 143.431400 ms MarkObjects: 5.058100 ms  DeleteObjects: 0.094000 ms)

Prepare: number of updated asset objects reloaded= 0
AssetImportParameters requested are different than current active one (requested -> active):
  custom:container-demuxer-ogg: 62fdf1f143b41e24485cea50d1cbac27 -> 
  custom:video-decoder-ogg-theora: a1e56fd34408186e4bbccfd4996cb3dc -> 
  custom:framework-win-MediaFoundation: 216162199b28c13a410421893ffa2e32 -> 
  custom:CustomObjectIndexerAttribute: 6d391050e5a25f67b0a2c618074f2cd9 -> 
  custom:container-demuxer-webm: 4f35f7cbe854078d1ac9338744f61a02 -> 
  custom:container-muxer-webm: aa71ff27fc2769a1b78a27578f13a17b -> 
  custom:video-decoder-webm-vp8: 9c59270c3fd7afecdb556c50c9e8de78 -> 
  custom:SearchIndexIgnoredProperties: e643bd26f0fe6173181afceb89e7c659 -> 
  custom:AudioImporter_EditorPlatform: d09bf68614088b80899f8185d706f6e7 -> 
  custom:video-encoder-webm-vp8: eb34c28f22e8b96e1ab97ce403110664 -> 
  custom:audio-decoder-ogg-vorbis: bf7c407c2cedff20999df2af8eb42d56 -> 
  custom:audio-encoder-webm-vorbis: bf7c407c2cedff20999df2af8eb42d56 -> 
========================================================================
Received Import Request.
  Time since last request: 1331.130843 seconds.
  path: Assets/Asphalt_materials/Materials/Asphalt_material_12.mat
  artifactKey: Guid(fb4ab74263784417d8011e1a5147f0ff) Importer(815301076,1909f56bfc062723c751e8b465ee728b)
Start importing Assets/Asphalt_materials/Materials/Asphalt_material_12.mat using Guid(fb4ab74263784417d8011e1a5147f0ff) Importer(815301076,1909f56bfc062723c751e8b465ee728b)  -> (artifact id: '13612e5c400ecb2b98cefb229e994215') in 3.376875 seconds
Number of updated asset objects reloaded before import = 0
Number of asset objects unloaded after import = 5
========================================================================
Received Import Request.
  Time since last request: 31.280405 seconds.
  path: Assets/Concrete Mixer/low_M_engine_Normal.png
  artifactKey: Guid(ebe32b1d08b6726499ec8f2d97b87141) Importer(815301076,1909f56bfc062723c751e8b465ee728b)
Start importing Assets/Concrete Mixer/low_M_engine_Normal.png using Guid(ebe32b1d08b6726499ec8f2d97b87141) Importer(815301076,1909f56bfc062723c751e8b465ee728b)  -> (artifact id: '4d1c7cedc823e990e5efdd670f056a1c') in 0.001126 seconds
Number of updated asset objects reloaded before import = 0
Number of asset objects unloaded after import = 0
========================================================================
Received Import Request.
  Time since last request: 0.701286 seconds.
  path: Assets/Concrete Mixer/Materials/low_M_engine_Normal.mat
  artifactKey: Guid(623dbd37c95e29744b775062910f4029) Importer(815301076,1909f56bfc062723c751e8b465ee728b)
Start importing Assets/Concrete Mixer/Materials/low_M_engine_Normal.mat using Guid(623dbd37c95e29744b775062910f4029) Importer(815301076,1909f56bfc062723c751e8b465ee728b)  -> (artifact id: '053985a5efbe200aeb568944885b8c27') in 0.413693 seconds
Number of updated asset objects reloaded before import = 0
Number of asset objects unloaded after import = 1
========================================================================
Received Import Request.
  Time since last request: 2.480978 seconds.
  path: Assets/Garage/Garage_Metalness 1.png
  artifactKey: Guid(1905c17808d744b4589ee9739ccd0c81) Importer(815301076,1909f56bfc062723c751e8b465ee728b)
Start importing Assets/Garage/Garage_Metalness 1.png using Guid(1905c17808d744b4589ee9739ccd0c81) Importer(815301076,1909f56bfc062723c751e8b465ee728b)  -> (artifact id: '50347a7e39ebe6bfda9822c8e34b41d5') in 0.658993 seconds
Number of updated asset objects reloaded before import = 0
Number of asset objects unloaded after import = 2
========================================================================
Received Import Request.
  Time since last request: 4.475327 seconds.
  path: Assets/Road Blocker/RoadBlocker1_D.tga
  artifactKey: Guid(57f6f40c3961fad4f9b71d7c0afff0d2) Importer(815301076,1909f56bfc062723c751e8b465ee728b)
Start importing Assets/Road Blocker/RoadBlocker1_D.tga using Guid(57f6f40c3961fad4f9b71d7c0afff0d2) Importer(815301076,1909f56bfc062723c751e8b465ee728b)  -> (artifact id: '181070938588d267c33f34df1420afaf') in 0.295586 seconds
Number of updated asset objects reloaded before import = 0
Number of asset objects unloaded after import = 2
========================================================================
Received Import Request.
  Time since last request: 0.000039 seconds.
  path: Assets/Road Blocker/RoadBlocker2_N.tga
  artifactKey: Guid(a80e329fb3e8aa94b895e82c3bc04b6e) Importer(815301076,1909f56bfc062723c751e8b465ee728b)
Start importing Assets/Road Blocker/RoadBlocker2_N.tga using Guid(a80e329fb3e8aa94b895e82c3bc04b6e) Importer(815301076,1909f56bfc062723c751e8b465ee728b)  -> (artifact id: '6f4fdc57db2f9c20b7bb00aaf1bdb5e5') in 0.286808 seconds
Number of updated asset objects reloaded before import = 0
Number of asset objects unloaded after import = 2
========================================================================
Received Import Request.
  Time since last request: 0.494166 seconds.
  path: Assets/Road Blocker/RoadBlocker1_S.tga
  artifactKey: Guid(9625dde1f82c43244a4f4b234c38e6a4) Importer(815301076,1909f56bfc062723c751e8b465ee728b)
Start importing Assets/Road Blocker/RoadBlocker1_S.tga using Guid(9625dde1f82c43244a4f4b234c38e6a4) Importer(815301076,1909f56bfc062723c751e8b465ee728b)  -> (artifact id: '1248b99f1e81cc69a23180a367a76375') in 0.606536 seconds
Number of updated asset objects reloaded before import = 0
Number of asset objects unloaded after import = 2
========================================================================
Received Import Request.
  Time since last request: 0.142311 seconds.
  path: Assets/Road Blocker/RoadBlocker2_D.tga
  artifactKey: Guid(54c1ff3d523354e41ae0afd9573fddb2) Importer(815301076,1909f56bfc062723c751e8b465ee728b)
Start importing Assets/Road Blocker/RoadBlocker2_D.tga using Guid(54c1ff3d523354e41ae0afd9573fddb2) Importer(815301076,1909f56bfc062723c751e8b465ee728b)  -> (artifact id: '7089847134ad97fca43292b165d1c985') in 0.473869 seconds
Number of updated asset objects reloaded before import = 0
Number of asset objects unloaded after import = 2
========================================================================
Received Import Request.
  Time since last request: 7.521313 seconds.
  path: Assets/TexturesPart01/Materials/asphalt_03.mat
  artifactKey: Guid(968fec0a955030c44bfcae378855ed73) Importer(815301076,1909f56bfc062723c751e8b465ee728b)
Start importing Assets/TexturesPart01/Materials/asphalt_03.mat using Guid(968fec0a955030c44bfcae378855ed73) Importer(815301076,1909f56bfc062723c751e8b465ee728b)  -> (artifact id: '18f129849b3ec999aa41912b9085ba95') in 3.672964 seconds
Number of updated asset objects reloaded before import = 0
Number of asset objects unloaded after import = 3
========================================================================
Received Import Request.
  Time since last request: 0.000082 seconds.
  path: Assets/TexturesPart01/Materials/brick_04.mat
  artifactKey: Guid(ae05a216b935ee6428ef95995dc2e2c8) Importer(815301076,1909f56bfc062723c751e8b465ee728b)
Start importing Assets/TexturesPart01/Materials/brick_04.mat using Guid(ae05a216b935ee6428ef95995dc2e2c8) Importer(815301076,1909f56bfc062723c751e8b465ee728b)  -> (artifact id: 'b4da45da06886bea9827328fd4c6bebf') in 0.399669 seconds
Number of updated asset objects reloaded before import = 0
Number of asset objects unloaded after import = 3
========================================================================
Received Import Request.
  Time since last request: 0.000381 seconds.
  path: Assets/TexturesPart01/Materials/brick_broken_01.mat
  artifactKey: Guid(c1cae046fc1890a40bc176b013827536) Importer(815301076,1909f56bfc062723c751e8b465ee728b)
Start importing Assets/TexturesPart01/Materials/brick_broken_01.mat using Guid(c1cae046fc1890a40bc176b013827536) Importer(815301076,1909f56bfc062723c751e8b465ee728b)  -> (artifact id: 'f9596382494384377f6542dc475f1890') in 0.392957 seconds
Number of updated asset objects reloaded before import = 0
Number of asset objects unloaded after import = 3
Editor requested this worker to shutdown with reason: Scaling down because of idle timeout
TcpMessagingSession - receive error
AssetImportWorkerClient::OnTransportError - code=2 error=End of file
AssetImportWorker is now disconnected from the server
Process exiting
Exiting without the bug reporter. Application will terminate with return code 0