Using pre-set license
Built from '2022.3/release' branch; Version is '2022.3.18f1 (d29bea25151d) revision 13802474'; Using compiler version '192829333'; Build Type 'Release'
OS: 'Windows 11  (10.0.22631) 64bit Professional' Language: 'en' Physical Memory: 31968 MB
BatchMode: 1, IsHumanControllingUs: 0, StartBugReporterOnCrash: 0, Is64bit: 1, IsPro: 1

COMMAND LINE ARGUMENTS:
C:\Program Files\Unity\Hub\Editor\2022.3.18f1\Editor\Unity.exe
-adb2
-batchMode
-noUpm
-name
AssetImportWorker12
-projectPath
C:/Users/Nikola/Documents/GitHub/Zombocalypse/Zombocalypse
-logFile
Logs/AssetImportWorker12.log
-srvPort
50446
Successfully changed project path to: C:/Users/Nikola/Documents/GitHub/Zombocalypse/Zombocalypse
C:/Users/Nikola/Documents/GitHub/Zombocalypse/Zombocalypse
[UnityMemory] Configuration Parameters - Can be set up in boot.config
    "memorysetup-bucket-allocator-granularity=16"
    "memorysetup-bucket-allocator-bucket-count=8"
    "memorysetup-bucket-allocator-block-size=33554432"
    "memorysetup-bucket-allocator-block-count=8"
    "memorysetup-main-allocator-block-size=16777216"
    "memorysetup-thread-allocator-block-size=16777216"
    "memorysetup-gfx-main-allocator-block-size=16777216"
    "memorysetup-gfx-thread-allocator-block-size=16777216"
    "memorysetup-cache-allocator-block-size=4194304"
    "memorysetup-typetree-allocator-block-size=2097152"
    "memorysetup-profiler-bucket-allocator-granularity=16"
    "memorysetup-profiler-bucket-allocator-bucket-count=8"
    "memorysetup-profiler-bucket-allocator-block-size=33554432"
    "memorysetup-profiler-bucket-allocator-block-count=8"
    "memorysetup-profiler-allocator-block-size=16777216"
    "memorysetup-profiler-editor-allocator-block-size=1048576"
    "memorysetup-temp-allocator-size-main=16777216"
    "memorysetup-job-temp-allocator-block-size=2097152"
    "memorysetup-job-temp-allocator-block-size-background=1048576"
    "memorysetup-job-temp-allocator-reduction-small-platforms=262144"
    "memorysetup-allocator-temp-initial-block-size-main=262144"
    "memorysetup-allocator-temp-initial-block-size-worker=262144"
    "memorysetup-temp-allocator-size-background-worker=32768"
    "memorysetup-temp-allocator-size-job-worker=262144"
    "memorysetup-temp-allocator-size-preload-manager=33554432"
    "memorysetup-temp-allocator-size-nav-mesh-worker=65536"
    "memorysetup-temp-allocator-size-audio-worker=65536"
    "memorysetup-temp-allocator-size-cloud-worker=32768"
    "memorysetup-temp-allocator-size-gi-baking-worker=262144"
    "memorysetup-temp-allocator-size-gfx=262144"
Player connection [54136] Host "[IP] 192.168.1.99 [Port] 0 [Flags] 2 [Guid] 1185014956 [EditorId] 1185014956 [Version] 1048832 [Id] WindowsEditor(7,PC) [Debug] 1 [PackageName] WindowsEditor [ProjectName] Editor" joined multi-casting on [225.0.0.222:54997]...

Player connection [54136] Host "[IP] 192.168.1.99 [Port] 0 [Flags] 2 [Guid] 1185014956 [EditorId] 1185014956 [Version] 1048832 [Id] WindowsEditor(7,PC) [Debug] 1 [PackageName] WindowsEditor [ProjectName] Editor" joined alternative multi-casting on [225.0.0.222:34997]...

[Physics::Module] Initialized MultithreadedJobDispatcher with 11 workers.
Refreshing native plugins compatible for Editor in 6.11 ms, found 3 plugins.
Preloading 0 native plugins for Editor in 0.00 ms.
Initialize engine version: 2022.3.18f1 (d29bea25151d)
[Subsystems] Discovering subsystems at path C:/Program Files/Unity/Hub/Editor/2022.3.18f1/Editor/Data/Resources/UnitySubsystems
[Subsystems] Discovering subsystems at path C:/Users/Nikola/Documents/GitHub/Zombocalypse/Zombocalypse/Assets
GfxDevice: creating device client; threaded=0; jobified=0
Direct3D:
    Version:  Direct3D 11.0 [level 11.1]
    Renderer: AMD Radeon RX 7800 XT (ID=0x747e)
    Vendor:   ATI
    VRAM:     16172 MB
    Driver:   31.0.24002.92
Initialize mono
Mono path[0] = 'C:/Program Files/Unity/Hub/Editor/2022.3.18f1/Editor/Data/Managed'
Mono path[1] = 'C:/Program Files/Unity/Hub/Editor/2022.3.18f1/Editor/Data/MonoBleedingEdge/lib/mono/unityjit-win32'
Mono config path = 'C:/Program Files/Unity/Hub/Editor/2022.3.18f1/Editor/Data/MonoBleedingEdge/etc'
Using monoOptions --debugger-agent=transport=dt_socket,embedding=1,server=y,suspend=n,address=127.0.0.1:56780
Begin MonoManager ReloadAssembly
Registering precompiled unity dll's ...
Register platform support module: C:/Program Files/Unity/Hub/Editor/2022.3.18f1/Editor/Data/PlaybackEngines/WebGLSupport/UnityEditor.WebGL.Extensions.dll
Register platform support module: C:/Program Files/Unity/Hub/Editor/2022.3.18f1/Editor/Data/PlaybackEngines/WindowsStandaloneSupport/UnityEditor.WindowsStandalone.Extensions.dll
Registered in 0.003395 seconds.
- Loaded All Assemblies, in  0.181 seconds
Native extension for WindowsStandalone target not found
Native extension for WebGL target not found
Mono: successfully reloaded assembly
- Finished resetting the current domain, in  0.135 seconds
Domain Reload Profiling: 315ms
	BeginReloadAssembly (59ms)
		ExecutionOrderSort (0ms)
		DisableScriptedObjects (0ms)
		BackupInstance (0ms)
		ReleaseScriptingObjects (0ms)
		CreateAndSetChildDomain (1ms)
	RebuildCommonClasses (17ms)
	RebuildNativeTypeToScriptingClass (8ms)
	initialDomainReloadingComplete (28ms)
	LoadAllAssembliesAndSetupDomain (68ms)
		LoadAssemblies (58ms)
		RebuildTransferFunctionScriptingTraits (0ms)
		AnalyzeDomain (67ms)
			TypeCache.Refresh (67ms)
				TypeCache.ScanAssembly (60ms)
			ScanForSourceGeneratedMonoScriptInfo (0ms)
			ResolveRequiredComponents (0ms)
	FinalizeReload (135ms)
		ReleaseScriptCaches (0ms)
		RebuildScriptCaches (0ms)
		SetupLoadedEditorAssemblies (107ms)
			LogAssemblyErrors (0ms)
			InitializePlatformSupportModulesInManaged (5ms)
			SetLoadedEditorAssemblies (3ms)
			RefreshPlugins (0ms)
			BeforeProcessingInitializeOnLoad (1ms)
			ProcessInitializeOnLoadAttributes (75ms)
			ProcessInitializeOnLoadMethodAttributes (24ms)
			AfterProcessingInitializeOnLoad (0ms)
			EditorAssembliesLoaded (0ms)
		ExecutionOrderSort2 (0ms)
		AwakeInstancesAfterBackupRestoration (0ms)
========================================================================
Worker process is ready to serve import requests
Begin MonoManager ReloadAssembly
Symbol file LoadedFromMemory is not a mono symbol file
- Loaded All Assemblies, in  0.320 seconds
Refreshing native plugins compatible for Editor in 1.52 ms, found 3 plugins.
Native extension for WindowsStandalone target not found
Native extension for WebGL target not found
Package Manager log level set to [2]
[Package Manager] Server::EnsureServerProcessIsRunning -- launch failed, reason: Unity was launched with the -noUpm command-line argument
[Package Manager] UpmClient::Send -- Unable to send message (not connected to UPM process).
[Package Manager] Cannot connect to Unity Package Manager local server
Mono: successfully reloaded assembly
- Finished resetting the current domain, in  0.370 seconds
Domain Reload Profiling: 689ms
	BeginReloadAssembly (79ms)
		ExecutionOrderSort (0ms)
		DisableScriptedObjects (3ms)
		BackupInstance (0ms)
		ReleaseScriptingObjects (0ms)
		CreateAndSetChildDomain (12ms)
	RebuildCommonClasses (18ms)
	RebuildNativeTypeToScriptingClass (6ms)
	initialDomainReloadingComplete (20ms)
	LoadAllAssembliesAndSetupDomain (197ms)
		LoadAssemblies (147ms)
		RebuildTransferFunctionScriptingTraits (0ms)
		AnalyzeDomain (96ms)
			TypeCache.Refresh (83ms)
				TypeCache.ScanAssembly (74ms)
			ScanForSourceGeneratedMonoScriptInfo (10ms)
			ResolveRequiredComponents (2ms)
	FinalizeReload (370ms)
		ReleaseScriptCaches (0ms)
		RebuildScriptCaches (0ms)
		SetupLoadedEditorAssemblies (298ms)
			LogAssemblyErrors (0ms)
			InitializePlatformSupportModulesInManaged (3ms)
			SetLoadedEditorAssemblies (2ms)
			RefreshPlugins (0ms)
			BeforeProcessingInitializeOnLoad (34ms)
			ProcessInitializeOnLoadAttributes (241ms)
			ProcessInitializeOnLoadMethodAttributes (14ms)
			AfterProcessingInitializeOnLoad (3ms)
			EditorAssembliesLoaded (0ms)
		ExecutionOrderSort2 (0ms)
		AwakeInstancesAfterBackupRestoration (3ms)
Launched and connected shader compiler UnityShaderCompiler.exe after 0.03 seconds
Refreshing native plugins compatible for Editor in 1.51 ms, found 3 plugins.
Preloading 0 native plugins for Editor in 0.00 ms.
Unloading 3706 Unused Serialized files (Serialized files now loaded: 0)
Unloading 35 unused Assets / (59.0 KB). Loaded Objects now: 4199.
Memory consumption went from 151.5 MB to 151.4 MB.
Total: 2.331000 ms (FindLiveObjects: 0.178700 ms CreateObjectMapping: 0.060400 ms MarkObjects: 2.011400 ms  DeleteObjects: 0.080000 ms)

AssetImportParameters requested are different than current active one (requested -> active):
  custom:container-demuxer-ogg: 62fdf1f143b41e24485cea50d1cbac27 -> 
  custom:video-codec-MediaFoundation-h265: 746d11721c4dcdbdad8f713fa42b33f4 -> 
  custom:scripting/monoscript/fileName/NoiseGenerator.cs: 1bf30b12c94ca7a893d906e963a37b1a -> 
  custom:video-decoder-ogg-theora: a1e56fd34408186e4bbccfd4996cb3dc -> 
  custom:scripting/monoscript/fileName/CloudsReadonlyAttribute.cs: 99fb72792ddd337215da71ed187276e7 -> 
  custom:scripting/monoscript/fileName/PlayerHoverController.cs: 7c3b24e6003bfc3753fe4dcd628b63d3 -> 
  custom:framework-win-MediaFoundation: 216162199b28c13a410421893ffa2e32 -> 
  custom:scripting/monoscript/fileName/Camera2DFollow.cs: 36d4332d4c2ffe3b416bc2a4e8365925 -> 
  custom:scripting/monoscript/fileName/SplatMapGenerator.cs: 978523f7220bcfbfe4e97dde54f01a88 -> 
  custom:scripting/monoscript/fileName/CloudsGenerator.cs: 3a33e63794ff4bb7342eba1e7235faf3 -> 
  custom:CustomObjectIndexerAttribute: 6d391050e5a25f67b0a2c618074f2cd9 -> 
  custom:scripting/monoscript/fileName/SimpleSmoothMouseLook.cs: cff7259a09eaa180476819b446c45906 -> 
  custom:scripting/monoscript/fileName/TrueCloudsReadonlyDrawer.cs: 1a2fe270e01b7ec19dbcd6088cd52fcf -> 
  custom:container-demuxer-webm: 4f35f7cbe854078d1ac9338744f61a02 -> 
  custom:scripting/monoscript/fileName/ForceGrassDistanceInEditor.cs: c02d90dd62271f0368ce2fc0457cb68c -> 
  custom:scripting/monoscript/fileName/ScriptPerformanceMeasure.cs: 13b6165a67a72dccaac3fc401abf1c2a -> 
  custom:scripting/monoscript/fileName/FPSDisplay.cs: a0c41dbc4ae6c04adf898e43aaff908a -> 
  custom:scripting/monoscript/fileName/CloudCamera.cs: b3989901aff0d8dff40fdba5a2660336 -> 
  custom:container-muxer-webm: aa71ff27fc2769a1b78a27578f13a17b -> 
  custom:scripting/monoscript/fileName/PlaceOnSurfaceAtStart.cs: 6425012b1be9be14fc1a64db64d75783 -> 
  custom:video-decoder-webm-vp8: 9c59270c3fd7afecdb556c50c9e8de78 -> 
  custom:scripting/monoscript/fileName/CircleMoverSample.cs: abdbac9546c68b758ba1e8d085187f86 -> 
  custom:scripting/monoscript/fileName/SpawnInArea.cs: d58f698a91ea9cb4b48b0bb3ab224695 -> 
  custom:scripting/monoscript/fileName/TreeExplosion.cs: ff76bbd7bd3d2bad80b109a5f521d638 -> 
  custom:SearchIndexIgnoredProperties: e643bd26f0fe6173181afceb89e7c659 -> 
  custom:AudioImporter_EditorPlatform: d09bf68614088b80899f8185d706f6e7 -> 
  custom:scripting/monoscript/fileName/TerrainTools.cs: 0a67150dc84c7f556953f508bb42ee41 -> 
  custom:scripting/monoscript/fileName/CloudCameraEditor.cs: e9fa8c0208c19da0f60ac65bb1c44aa8 -> 
  custom:scripting/monoscript/fileName/TerrainQualitySettings.cs: 97d80f5eabf04f6efb29519e09b7914e -> 
  custom:scripting/monoscript/fileName/RandomObjectMap.cs: c5c361040658a3dbeb1ecde31a0ba042 -> 
  custom:scripting/monoscript/fileName/FPS60.cs: f54ec3dc7ea7d7eb92522b7f4976f75d -> 
  custom:video-encoder-webm-vp8: eb34c28f22e8b96e1ab97ce403110664 -> 
  custom:scripting/monoscript/fileName/TTTools2D.cs: 938225aaf3ff01b2de05233ebd91ba4b -> 
  custom:scripting/monoscript/fileName/CloudCamera3D.cs: c7de6b54486caeaa7c551e3ef466fac9 -> 
  custom:audio-decoder-ogg-vorbis: bf7c407c2cedff20999df2af8eb42d56 -> 
  custom:scripting/monoscript/fileName/PlaceOnTerrain.cs: 16680a467d31626be1291a9d1cb5e268 -> 
  custom:scripting/monoscript/fileName/CloudPointLight.cs: 480b2910262c24ea5f1bc0107ffaf65a -> 
  custom:scripting/monoscript/fileName/IncrementalSplatmapping.cs: 4c2306b73b507e70f0971eb6fe596f3e -> 
  custom:scripting/monoscript/fileName/ClearWaterLevel.cs: 63b8059750396ec04cedbc48fec03d0d -> 
  custom:audio-encoder-webm-vorbis: bf7c407c2cedff20999df2af8eb42d56 -> 
  custom:scripting/monoscript/fileName/KeepOnSurface.cs: b5186260965dd31cfcb27dea430d35ae -> 
========================================================================
Received Prepare
Begin MonoManager ReloadAssembly
Symbol file LoadedFromMemory is not a mono symbol file
- Loaded All Assemblies, in  0.251 seconds
Refreshing native plugins compatible for Editor in 1.59 ms, found 3 plugins.
Native extension for WindowsStandalone target not found
Native extension for WebGL target not found
[Package Manager] Server::EnsureServerProcessIsRunning -- launch failed, reason: Unity was launched with the -noUpm command-line argument
[Package Manager] UpmClient::Send -- Unable to send message (not connected to UPM process).
[Package Manager] Cannot connect to Unity Package Manager local server
Mono: successfully reloaded assembly
- Finished resetting the current domain, in  0.615 seconds
Domain Reload Profiling: 865ms
	BeginReloadAssembly (95ms)
		ExecutionOrderSort (0ms)
		DisableScriptedObjects (4ms)
		BackupInstance (0ms)
		ReleaseScriptingObjects (0ms)
		CreateAndSetChildDomain (23ms)
	RebuildCommonClasses (16ms)
	RebuildNativeTypeToScriptingClass (8ms)
	initialDomainReloadingComplete (18ms)
	LoadAllAssembliesAndSetupDomain (112ms)
		LoadAssemblies (152ms)
		RebuildTransferFunctionScriptingTraits (0ms)
		AnalyzeDomain (6ms)
			TypeCache.Refresh (3ms)
				TypeCache.ScanAssembly (0ms)
			ScanForSourceGeneratedMonoScriptInfo (0ms)
			ResolveRequiredComponents (2ms)
	FinalizeReload (616ms)
		ReleaseScriptCaches (0ms)
		RebuildScriptCaches (0ms)
		SetupLoadedEditorAssemblies (343ms)
			LogAssemblyErrors (0ms)
			InitializePlatformSupportModulesInManaged (4ms)
			SetLoadedEditorAssemblies (2ms)
			RefreshPlugins (0ms)
			BeforeProcessingInitializeOnLoad (39ms)
			ProcessInitializeOnLoadAttributes (275ms)
			ProcessInitializeOnLoadMethodAttributes (19ms)
			AfterProcessingInitializeOnLoad (4ms)
			EditorAssembliesLoaded (0ms)
		ExecutionOrderSort2 (0ms)
		AwakeInstancesAfterBackupRestoration (4ms)
Refreshing native plugins compatible for Editor in 1.82 ms, found 3 plugins.
Preloading 0 native plugins for Editor in 0.00 ms.
Unloading 3697 Unused Serialized files (Serialized files now loaded: 0)
Unloading 26 unused Assets / (32.7 KB). Loaded Objects now: 4202.
Memory consumption went from 151.6 MB to 151.6 MB.
Total: 2.884400 ms (FindLiveObjects: 0.188800 ms CreateObjectMapping: 0.101700 ms MarkObjects: 2.555400 ms  DeleteObjects: 0.037900 ms)

Prepare: number of updated asset objects reloaded= 0
AssetImportParameters requested are different than current active one (requested -> active):
  custom:container-demuxer-ogg: 62fdf1f143b41e24485cea50d1cbac27 -> 
  custom:video-codec-MediaFoundation-h265: 746d11721c4dcdbdad8f713fa42b33f4 -> 
  custom:scripting/monoscript/fileName/NoiseGenerator.cs: 1bf30b12c94ca7a893d906e963a37b1a -> 
  custom:video-decoder-ogg-theora: a1e56fd34408186e4bbccfd4996cb3dc -> 
  custom:scripting/monoscript/fileName/CloudsReadonlyAttribute.cs: 99fb72792ddd337215da71ed187276e7 -> 
  custom:scripting/monoscript/fileName/PlayerHoverController.cs: 7c3b24e6003bfc3753fe4dcd628b63d3 -> 
  custom:framework-win-MediaFoundation: 216162199b28c13a410421893ffa2e32 -> 
  custom:scripting/monoscript/fileName/Camera2DFollow.cs: 36d4332d4c2ffe3b416bc2a4e8365925 -> 
  custom:scripting/monoscript/fileName/SplatMapGenerator.cs: 978523f7220bcfbfe4e97dde54f01a88 -> 
  custom:scripting/monoscript/fileName/CloudsGenerator.cs: 3a33e63794ff4bb7342eba1e7235faf3 -> 
  custom:CustomObjectIndexerAttribute: 6d391050e5a25f67b0a2c618074f2cd9 -> 
  custom:scripting/monoscript/fileName/SimpleSmoothMouseLook.cs: cff7259a09eaa180476819b446c45906 -> 
  custom:scripting/monoscript/fileName/TrueCloudsReadonlyDrawer.cs: 1a2fe270e01b7ec19dbcd6088cd52fcf -> 
  custom:container-demuxer-webm: 4f35f7cbe854078d1ac9338744f61a02 -> 
  custom:scripting/monoscript/fileName/ForceGrassDistanceInEditor.cs: c02d90dd62271f0368ce2fc0457cb68c -> 
  custom:scripting/monoscript/fileName/ScriptPerformanceMeasure.cs: 13b6165a67a72dccaac3fc401abf1c2a -> 
  custom:scripting/monoscript/fileName/FPSDisplay.cs: a0c41dbc4ae6c04adf898e43aaff908a -> 
  custom:scripting/monoscript/fileName/CloudCamera.cs: b3989901aff0d8dff40fdba5a2660336 -> 
  custom:container-muxer-webm: aa71ff27fc2769a1b78a27578f13a17b -> 
  custom:scripting/monoscript/fileName/PlaceOnSurfaceAtStart.cs: 6425012b1be9be14fc1a64db64d75783 -> 
  custom:video-decoder-webm-vp8: 9c59270c3fd7afecdb556c50c9e8de78 -> 
  custom:scripting/monoscript/fileName/CircleMoverSample.cs: abdbac9546c68b758ba1e8d085187f86 -> 
  custom:scripting/monoscript/fileName/SpawnInArea.cs: d58f698a91ea9cb4b48b0bb3ab224695 -> 
  custom:scripting/monoscript/fileName/TreeExplosion.cs: ff76bbd7bd3d2bad80b109a5f521d638 -> 
  custom:SearchIndexIgnoredProperties: e643bd26f0fe6173181afceb89e7c659 -> 
  custom:AudioImporter_EditorPlatform: d09bf68614088b80899f8185d706f6e7 -> 
  custom:scripting/monoscript/fileName/TerrainTools.cs: 0a67150dc84c7f556953f508bb42ee41 -> 
  custom:scripting/monoscript/fileName/CloudCameraEditor.cs: e9fa8c0208c19da0f60ac65bb1c44aa8 -> 
  custom:scripting/monoscript/fileName/TerrainQualitySettings.cs: 97d80f5eabf04f6efb29519e09b7914e -> 
  custom:scripting/monoscript/fileName/RandomObjectMap.cs: c5c361040658a3dbeb1ecde31a0ba042 -> 
  custom:scripting/monoscript/fileName/FPS60.cs: f54ec3dc7ea7d7eb92522b7f4976f75d -> 
  custom:video-encoder-webm-vp8: eb34c28f22e8b96e1ab97ce403110664 -> 
  custom:scripting/monoscript/fileName/TTTools2D.cs: 938225aaf3ff01b2de05233ebd91ba4b -> 
  custom:scripting/monoscript/fileName/CloudCamera3D.cs: c7de6b54486caeaa7c551e3ef466fac9 -> 
  custom:audio-decoder-ogg-vorbis: bf7c407c2cedff20999df2af8eb42d56 -> 
  custom:scripting/monoscript/fileName/PlaceOnTerrain.cs: 16680a467d31626be1291a9d1cb5e268 -> 
  custom:scripting/monoscript/fileName/CloudPointLight.cs: 480b2910262c24ea5f1bc0107ffaf65a -> 
  custom:scripting/monoscript/fileName/IncrementalSplatmapping.cs: 4c2306b73b507e70f0971eb6fe596f3e -> 
  custom:scripting/monoscript/fileName/ClearWaterLevel.cs: 63b8059750396ec04cedbc48fec03d0d -> 
  custom:audio-encoder-webm-vorbis: bf7c407c2cedff20999df2af8eb42d56 -> 
  custom:scripting/monoscript/fileName/KeepOnSurface.cs: b5186260965dd31cfcb27dea430d35ae -> 
========================================================================
Received Prepare
Begin MonoManager ReloadAssembly
Symbol file LoadedFromMemory is not a mono symbol file
- Loaded All Assemblies, in  0.239 seconds
Refreshing native plugins compatible for Editor in 1.56 ms, found 3 plugins.
Native extension for WindowsStandalone target not found
Native extension for WebGL target not found
[Package Manager] Server::EnsureServerProcessIsRunning -- launch failed, reason: Unity was launched with the -noUpm command-line argument
[Package Manager] UpmClient::Send -- Unable to send message (not connected to UPM process).
[Package Manager] Cannot connect to Unity Package Manager local server
Mono: successfully reloaded assembly
- Finished resetting the current domain, in  0.607 seconds
Domain Reload Profiling: 845ms
	BeginReloadAssembly (96ms)
		ExecutionOrderSort (0ms)
		DisableScriptedObjects (2ms)
		BackupInstance (0ms)
		ReleaseScriptingObjects (0ms)
		CreateAndSetChildDomain (23ms)
	RebuildCommonClasses (19ms)
	RebuildNativeTypeToScriptingClass (6ms)
	initialDomainReloadingComplete (14ms)
	LoadAllAssembliesAndSetupDomain (102ms)
		LoadAssemblies (145ms)
		RebuildTransferFunctionScriptingTraits (0ms)
		AnalyzeDomain (6ms)
			TypeCache.Refresh (3ms)
				TypeCache.ScanAssembly (0ms)
			ScanForSourceGeneratedMonoScriptInfo (0ms)
			ResolveRequiredComponents (2ms)
	FinalizeReload (608ms)
		ReleaseScriptCaches (0ms)
		RebuildScriptCaches (0ms)
		SetupLoadedEditorAssemblies (335ms)
			LogAssemblyErrors (0ms)
			InitializePlatformSupportModulesInManaged (4ms)
			SetLoadedEditorAssemblies (2ms)
			RefreshPlugins (0ms)
			BeforeProcessingInitializeOnLoad (39ms)
			ProcessInitializeOnLoadAttributes (268ms)
			ProcessInitializeOnLoadMethodAttributes (19ms)
			AfterProcessingInitializeOnLoad (3ms)
			EditorAssembliesLoaded (0ms)
		ExecutionOrderSort2 (0ms)
		AwakeInstancesAfterBackupRestoration (4ms)
Refreshing native plugins compatible for Editor in 1.74 ms, found 3 plugins.
Preloading 0 native plugins for Editor in 0.00 ms.
Unloading 3697 Unused Serialized files (Serialized files now loaded: 0)
Unloading 26 unused Assets / (32.7 KB). Loaded Objects now: 4205.
Memory consumption went from 153.6 MB to 153.5 MB.
Total: 2.185700 ms (FindLiveObjects: 0.206000 ms CreateObjectMapping: 0.070000 ms MarkObjects: 1.874100 ms  DeleteObjects: 0.034700 ms)

Prepare: number of updated asset objects reloaded= 0
AssetImportParameters requested are different than current active one (requested -> active):
  custom:container-demuxer-ogg: 62fdf1f143b41e24485cea50d1cbac27 -> 
  custom:video-codec-MediaFoundation-h265: 746d11721c4dcdbdad8f713fa42b33f4 -> 
  custom:scripting/monoscript/fileName/NoiseGenerator.cs: 1bf30b12c94ca7a893d906e963a37b1a -> 
  custom:video-decoder-ogg-theora: a1e56fd34408186e4bbccfd4996cb3dc -> 
  custom:scripting/monoscript/fileName/CloudsReadonlyAttribute.cs: 99fb72792ddd337215da71ed187276e7 -> 
  custom:scripting/monoscript/fileName/PlayerHoverController.cs: 7c3b24e6003bfc3753fe4dcd628b63d3 -> 
  custom:framework-win-MediaFoundation: 216162199b28c13a410421893ffa2e32 -> 
  custom:scripting/monoscript/fileName/Camera2DFollow.cs: 36d4332d4c2ffe3b416bc2a4e8365925 -> 
  custom:scripting/monoscript/fileName/SplatMapGenerator.cs: 978523f7220bcfbfe4e97dde54f01a88 -> 
  custom:scripting/monoscript/fileName/CloudsGenerator.cs: 3a33e63794ff4bb7342eba1e7235faf3 -> 
  custom:CustomObjectIndexerAttribute: 6d391050e5a25f67b0a2c618074f2cd9 -> 
  custom:scripting/monoscript/fileName/SimpleSmoothMouseLook.cs: cff7259a09eaa180476819b446c45906 -> 
  custom:scripting/monoscript/fileName/TrueCloudsReadonlyDrawer.cs: 1a2fe270e01b7ec19dbcd6088cd52fcf -> 
  custom:container-demuxer-webm: 4f35f7cbe854078d1ac9338744f61a02 -> 
  custom:scripting/monoscript/fileName/ForceGrassDistanceInEditor.cs: c02d90dd62271f0368ce2fc0457cb68c -> 
  custom:scripting/monoscript/fileName/ScriptPerformanceMeasure.cs: 13b6165a67a72dccaac3fc401abf1c2a -> 
  custom:scripting/monoscript/fileName/FPSDisplay.cs: a0c41dbc4ae6c04adf898e43aaff908a -> 
  custom:scripting/monoscript/fileName/CloudCamera.cs: b3989901aff0d8dff40fdba5a2660336 -> 
  custom:container-muxer-webm: aa71ff27fc2769a1b78a27578f13a17b -> 
  custom:scripting/monoscript/fileName/PlaceOnSurfaceAtStart.cs: 6425012b1be9be14fc1a64db64d75783 -> 
  custom:video-decoder-webm-vp8: 9c59270c3fd7afecdb556c50c9e8de78 -> 
  custom:scripting/monoscript/fileName/CircleMoverSample.cs: abdbac9546c68b758ba1e8d085187f86 -> 
  custom:scripting/monoscript/fileName/SpawnInArea.cs: d58f698a91ea9cb4b48b0bb3ab224695 -> 
  custom:scripting/monoscript/fileName/TreeExplosion.cs: ff76bbd7bd3d2bad80b109a5f521d638 -> 
  custom:SearchIndexIgnoredProperties: e643bd26f0fe6173181afceb89e7c659 -> 
  custom:AudioImporter_EditorPlatform: d09bf68614088b80899f8185d706f6e7 -> 
  custom:scripting/monoscript/fileName/TerrainTools.cs: 0a67150dc84c7f556953f508bb42ee41 -> 
  custom:scripting/monoscript/fileName/CloudCameraEditor.cs: e9fa8c0208c19da0f60ac65bb1c44aa8 -> 
  custom:scripting/monoscript/fileName/TerrainQualitySettings.cs: 97d80f5eabf04f6efb29519e09b7914e -> 
  custom:scripting/monoscript/fileName/RandomObjectMap.cs: c5c361040658a3dbeb1ecde31a0ba042 -> 
  custom:scripting/monoscript/fileName/FPS60.cs: f54ec3dc7ea7d7eb92522b7f4976f75d -> 
  custom:video-encoder-webm-vp8: eb34c28f22e8b96e1ab97ce403110664 -> 
  custom:scripting/monoscript/fileName/TTTools2D.cs: 938225aaf3ff01b2de05233ebd91ba4b -> 
  custom:scripting/monoscript/fileName/CloudCamera3D.cs: c7de6b54486caeaa7c551e3ef466fac9 -> 
  custom:audio-decoder-ogg-vorbis: bf7c407c2cedff20999df2af8eb42d56 -> 
  custom:scripting/monoscript/fileName/PlaceOnTerrain.cs: 16680a467d31626be1291a9d1cb5e268 -> 
  custom:scripting/monoscript/fileName/CloudPointLight.cs: 480b2910262c24ea5f1bc0107ffaf65a -> 
  custom:scripting/monoscript/fileName/IncrementalSplatmapping.cs: 4c2306b73b507e70f0971eb6fe596f3e -> 
  custom:scripting/monoscript/fileName/ClearWaterLevel.cs: 63b8059750396ec04cedbc48fec03d0d -> 
  custom:audio-encoder-webm-vorbis: bf7c407c2cedff20999df2af8eb42d56 -> 
  custom:scripting/monoscript/fileName/KeepOnSurface.cs: b5186260965dd31cfcb27dea430d35ae -> 
========================================================================
Received Prepare
Begin MonoManager ReloadAssembly
Symbol file LoadedFromMemory is not a mono symbol file
- Loaded All Assemblies, in  0.243 seconds
Refreshing native plugins compatible for Editor in 2.30 ms, found 3 plugins.
Native extension for WindowsStandalone target not found
Native extension for WebGL target not found
[Package Manager] Server::EnsureServerProcessIsRunning -- launch failed, reason: Unity was launched with the -noUpm command-line argument
[Package Manager] UpmClient::Send -- Unable to send message (not connected to UPM process).
[Package Manager] Cannot connect to Unity Package Manager local server
Mono: successfully reloaded assembly
- Finished resetting the current domain, in  0.589 seconds
Domain Reload Profiling: 831ms
	BeginReloadAssembly (99ms)
		ExecutionOrderSort (0ms)
		DisableScriptedObjects (2ms)
		BackupInstance (0ms)
		ReleaseScriptingObjects (0ms)
		CreateAndSetChildDomain (24ms)
	RebuildCommonClasses (17ms)
	RebuildNativeTypeToScriptingClass (6ms)
	initialDomainReloadingComplete (15ms)
	LoadAllAssembliesAndSetupDomain (104ms)
		LoadAssemblies (149ms)
		RebuildTransferFunctionScriptingTraits (0ms)
		AnalyzeDomain (6ms)
			TypeCache.Refresh (3ms)
				TypeCache.ScanAssembly (0ms)
			ScanForSourceGeneratedMonoScriptInfo (0ms)
			ResolveRequiredComponents (2ms)
	FinalizeReload (590ms)
		ReleaseScriptCaches (0ms)
		RebuildScriptCaches (0ms)
		SetupLoadedEditorAssemblies (320ms)
			LogAssemblyErrors (0ms)
			InitializePlatformSupportModulesInManaged (4ms)
			SetLoadedEditorAssemblies (2ms)
			RefreshPlugins (0ms)
			BeforeProcessingInitializeOnLoad (38ms)
			ProcessInitializeOnLoadAttributes (256ms)
			ProcessInitializeOnLoadMethodAttributes (18ms)
			AfterProcessingInitializeOnLoad (3ms)
			EditorAssembliesLoaded (0ms)
		ExecutionOrderSort2 (0ms)
		AwakeInstancesAfterBackupRestoration (4ms)
Refreshing native plugins compatible for Editor in 1.96 ms, found 3 plugins.
Preloading 0 native plugins for Editor in 0.00 ms.
Unloading 3697 Unused Serialized files (Serialized files now loaded: 0)
Unloading 26 unused Assets / (32.6 KB). Loaded Objects now: 4208.
Memory consumption went from 155.5 MB to 155.5 MB.
Total: 2.186900 ms (FindLiveObjects: 0.224000 ms CreateObjectMapping: 0.065400 ms MarkObjects: 1.862200 ms  DeleteObjects: 0.034900 ms)

Prepare: number of updated asset objects reloaded= 0
AssetImportParameters requested are different than current active one (requested -> active):
  custom:container-demuxer-ogg: 62fdf1f143b41e24485cea50d1cbac27 -> 
  custom:video-codec-MediaFoundation-h265: 746d11721c4dcdbdad8f713fa42b33f4 -> 
  custom:scripting/monoscript/fileName/NoiseGenerator.cs: 1bf30b12c94ca7a893d906e963a37b1a -> 
  custom:video-decoder-ogg-theora: a1e56fd34408186e4bbccfd4996cb3dc -> 
  custom:scripting/monoscript/fileName/CloudsReadonlyAttribute.cs: 99fb72792ddd337215da71ed187276e7 -> 
  custom:scripting/monoscript/fileName/PlayerHoverController.cs: 7c3b24e6003bfc3753fe4dcd628b63d3 -> 
  custom:framework-win-MediaFoundation: 216162199b28c13a410421893ffa2e32 -> 
  custom:scripting/monoscript/fileName/Camera2DFollow.cs: 36d4332d4c2ffe3b416bc2a4e8365925 -> 
  custom:scripting/monoscript/fileName/SplatMapGenerator.cs: 978523f7220bcfbfe4e97dde54f01a88 -> 
  custom:scripting/monoscript/fileName/CloudsGenerator.cs: 3a33e63794ff4bb7342eba1e7235faf3 -> 
  custom:CustomObjectIndexerAttribute: 6d391050e5a25f67b0a2c618074f2cd9 -> 
  custom:scripting/monoscript/fileName/SimpleSmoothMouseLook.cs: cff7259a09eaa180476819b446c45906 -> 
  custom:scripting/monoscript/fileName/TrueCloudsReadonlyDrawer.cs: 1a2fe270e01b7ec19dbcd6088cd52fcf -> 
  custom:container-demuxer-webm: 4f35f7cbe854078d1ac9338744f61a02 -> 
  custom:scripting/monoscript/fileName/ForceGrassDistanceInEditor.cs: c02d90dd62271f0368ce2fc0457cb68c -> 
  custom:scripting/monoscript/fileName/ScriptPerformanceMeasure.cs: 13b6165a67a72dccaac3fc401abf1c2a -> 
  custom:scripting/monoscript/fileName/FPSDisplay.cs: a0c41dbc4ae6c04adf898e43aaff908a -> 
  custom:scripting/monoscript/fileName/CloudCamera.cs: b3989901aff0d8dff40fdba5a2660336 -> 
  custom:container-muxer-webm: aa71ff27fc2769a1b78a27578f13a17b -> 
  custom:scripting/monoscript/fileName/PlaceOnSurfaceAtStart.cs: 6425012b1be9be14fc1a64db64d75783 -> 
  custom:video-decoder-webm-vp8: 9c59270c3fd7afecdb556c50c9e8de78 -> 
  custom:scripting/monoscript/fileName/CircleMoverSample.cs: abdbac9546c68b758ba1e8d085187f86 -> 
  custom:scripting/monoscript/fileName/SpawnInArea.cs: d58f698a91ea9cb4b48b0bb3ab224695 -> 
  custom:scripting/monoscript/fileName/TreeExplosion.cs: ff76bbd7bd3d2bad80b109a5f521d638 -> 
  custom:SearchIndexIgnoredProperties: e643bd26f0fe6173181afceb89e7c659 -> 
  custom:AudioImporter_EditorPlatform: d09bf68614088b80899f8185d706f6e7 -> 
  custom:scripting/monoscript/fileName/TerrainTools.cs: 0a67150dc84c7f556953f508bb42ee41 -> 
  custom:scripting/monoscript/fileName/CloudCameraEditor.cs: e9fa8c0208c19da0f60ac65bb1c44aa8 -> 
  custom:scripting/monoscript/fileName/TerrainQualitySettings.cs: 97d80f5eabf04f6efb29519e09b7914e -> 
  custom:scripting/monoscript/fileName/RandomObjectMap.cs: c5c361040658a3dbeb1ecde31a0ba042 -> 
  custom:scripting/monoscript/fileName/FPS60.cs: f54ec3dc7ea7d7eb92522b7f4976f75d -> 
  custom:video-encoder-webm-vp8: eb34c28f22e8b96e1ab97ce403110664 -> 
  custom:scripting/monoscript/fileName/TTTools2D.cs: 938225aaf3ff01b2de05233ebd91ba4b -> 
  custom:scripting/monoscript/fileName/CloudCamera3D.cs: c7de6b54486caeaa7c551e3ef466fac9 -> 
  custom:audio-decoder-ogg-vorbis: bf7c407c2cedff20999df2af8eb42d56 -> 
  custom:scripting/monoscript/fileName/PlaceOnTerrain.cs: 16680a467d31626be1291a9d1cb5e268 -> 
  custom:scripting/monoscript/fileName/CloudPointLight.cs: 480b2910262c24ea5f1bc0107ffaf65a -> 
  custom:scripting/monoscript/fileName/IncrementalSplatmapping.cs: 4c2306b73b507e70f0971eb6fe596f3e -> 
  custom:scripting/monoscript/fileName/ClearWaterLevel.cs: 63b8059750396ec04cedbc48fec03d0d -> 
  custom:audio-encoder-webm-vorbis: bf7c407c2cedff20999df2af8eb42d56 -> 
  custom:scripting/monoscript/fileName/KeepOnSurface.cs: b5186260965dd31cfcb27dea430d35ae -> 
========================================================================
Received Prepare
Begin MonoManager ReloadAssembly
Symbol file LoadedFromMemory is not a mono symbol file
- Loaded All Assemblies, in  0.244 seconds
Refreshing native plugins compatible for Editor in 1.66 ms, found 3 plugins.
Native extension for WindowsStandalone target not found
Native extension for WebGL target not found
[Package Manager] Server::EnsureServerProcessIsRunning -- launch failed, reason: Unity was launched with the -noUpm command-line argument
[Package Manager] UpmClient::Send -- Unable to send message (not connected to UPM process).
[Package Manager] Cannot connect to Unity Package Manager local server
Mono: successfully reloaded assembly
- Finished resetting the current domain, in  0.605 seconds
Domain Reload Profiling: 848ms
	BeginReloadAssembly (92ms)
		ExecutionOrderSort (0ms)
		DisableScriptedObjects (2ms)
		BackupInstance (0ms)
		ReleaseScriptingObjects (0ms)
		CreateAndSetChildDomain (23ms)
	RebuildCommonClasses (16ms)
	RebuildNativeTypeToScriptingClass (10ms)
	initialDomainReloadingComplete (16ms)
	LoadAllAssembliesAndSetupDomain (109ms)
		LoadAssemblies (148ms)
		RebuildTransferFunctionScriptingTraits (0ms)
		AnalyzeDomain (6ms)
			TypeCache.Refresh (3ms)
				TypeCache.ScanAssembly (0ms)
			ScanForSourceGeneratedMonoScriptInfo (0ms)
			ResolveRequiredComponents (2ms)
	FinalizeReload (605ms)
		ReleaseScriptCaches (0ms)
		RebuildScriptCaches (0ms)
		SetupLoadedEditorAssemblies (330ms)
			LogAssemblyErrors (0ms)
			InitializePlatformSupportModulesInManaged (4ms)
			SetLoadedEditorAssemblies (2ms)
			RefreshPlugins (0ms)
			BeforeProcessingInitializeOnLoad (37ms)
			ProcessInitializeOnLoadAttributes (265ms)
			ProcessInitializeOnLoadMethodAttributes (18ms)
			AfterProcessingInitializeOnLoad (3ms)
			EditorAssembliesLoaded (0ms)
		ExecutionOrderSort2 (0ms)
		AwakeInstancesAfterBackupRestoration (4ms)
Refreshing native plugins compatible for Editor in 1.65 ms, found 3 plugins.
Preloading 0 native plugins for Editor in 0.00 ms.
Unloading 3697 Unused Serialized files (Serialized files now loaded: 0)
Unloading 26 unused Assets / (32.6 KB). Loaded Objects now: 4211.
Memory consumption went from 157.4 MB to 157.4 MB.
Total: 2.333000 ms (FindLiveObjects: 0.230100 ms CreateObjectMapping: 0.053500 ms MarkObjects: 2.011900 ms  DeleteObjects: 0.036900 ms)

Prepare: number of updated asset objects reloaded= 0
AssetImportParameters requested are different than current active one (requested -> active):
  custom:container-demuxer-ogg: 62fdf1f143b41e24485cea50d1cbac27 -> 
  custom:video-codec-MediaFoundation-h265: 746d11721c4dcdbdad8f713fa42b33f4 -> 
  custom:scripting/monoscript/fileName/NoiseGenerator.cs: 1bf30b12c94ca7a893d906e963a37b1a -> 
  custom:video-decoder-ogg-theora: a1e56fd34408186e4bbccfd4996cb3dc -> 
  custom:scripting/monoscript/fileName/CloudsReadonlyAttribute.cs: 99fb72792ddd337215da71ed187276e7 -> 
  custom:scripting/monoscript/fileName/PlayerHoverController.cs: 7c3b24e6003bfc3753fe4dcd628b63d3 -> 
  custom:framework-win-MediaFoundation: 216162199b28c13a410421893ffa2e32 -> 
  custom:scripting/monoscript/fileName/Camera2DFollow.cs: 36d4332d4c2ffe3b416bc2a4e8365925 -> 
  custom:scripting/monoscript/fileName/SplatMapGenerator.cs: 978523f7220bcfbfe4e97dde54f01a88 -> 
  custom:scripting/monoscript/fileName/CloudsGenerator.cs: 3a33e63794ff4bb7342eba1e7235faf3 -> 
  custom:CustomObjectIndexerAttribute: 6d391050e5a25f67b0a2c618074f2cd9 -> 
  custom:scripting/monoscript/fileName/SimpleSmoothMouseLook.cs: cff7259a09eaa180476819b446c45906 -> 
  custom:scripting/monoscript/fileName/TrueCloudsReadonlyDrawer.cs: 1a2fe270e01b7ec19dbcd6088cd52fcf -> 
  custom:container-demuxer-webm: 4f35f7cbe854078d1ac9338744f61a02 -> 
  custom:scripting/monoscript/fileName/ForceGrassDistanceInEditor.cs: c02d90dd62271f0368ce2fc0457cb68c -> 
  custom:scripting/monoscript/fileName/ScriptPerformanceMeasure.cs: 13b6165a67a72dccaac3fc401abf1c2a -> 
  custom:scripting/monoscript/fileName/FPSDisplay.cs: a0c41dbc4ae6c04adf898e43aaff908a -> 
  custom:scripting/monoscript/fileName/CloudCamera.cs: b3989901aff0d8dff40fdba5a2660336 -> 
  custom:container-muxer-webm: aa71ff27fc2769a1b78a27578f13a17b -> 
  custom:scripting/monoscript/fileName/PlaceOnSurfaceAtStart.cs: 6425012b1be9be14fc1a64db64d75783 -> 
  custom:video-decoder-webm-vp8: 9c59270c3fd7afecdb556c50c9e8de78 -> 
  custom:scripting/monoscript/fileName/CircleMoverSample.cs: abdbac9546c68b758ba1e8d085187f86 -> 
  custom:scripting/monoscript/fileName/SpawnInArea.cs: d58f698a91ea9cb4b48b0bb3ab224695 -> 
  custom:scripting/monoscript/fileName/TreeExplosion.cs: ff76bbd7bd3d2bad80b109a5f521d638 -> 
  custom:SearchIndexIgnoredProperties: e643bd26f0fe6173181afceb89e7c659 -> 
  custom:AudioImporter_EditorPlatform: d09bf68614088b80899f8185d706f6e7 -> 
  custom:scripting/monoscript/fileName/TerrainTools.cs: 0a67150dc84c7f556953f508bb42ee41 -> 
  custom:scripting/monoscript/fileName/CloudCameraEditor.cs: e9fa8c0208c19da0f60ac65bb1c44aa8 -> 
  custom:scripting/monoscript/fileName/TerrainQualitySettings.cs: 97d80f5eabf04f6efb29519e09b7914e -> 
  custom:scripting/monoscript/fileName/RandomObjectMap.cs: c5c361040658a3dbeb1ecde31a0ba042 -> 
  custom:scripting/monoscript/fileName/FPS60.cs: f54ec3dc7ea7d7eb92522b7f4976f75d -> 
  custom:video-encoder-webm-vp8: eb34c28f22e8b96e1ab97ce403110664 -> 
  custom:scripting/monoscript/fileName/TTTools2D.cs: 938225aaf3ff01b2de05233ebd91ba4b -> 
  custom:scripting/monoscript/fileName/CloudCamera3D.cs: c7de6b54486caeaa7c551e3ef466fac9 -> 
  custom:audio-decoder-ogg-vorbis: bf7c407c2cedff20999df2af8eb42d56 -> 
  custom:scripting/monoscript/fileName/PlaceOnTerrain.cs: 16680a467d31626be1291a9d1cb5e268 -> 
  custom:scripting/monoscript/fileName/CloudPointLight.cs: 480b2910262c24ea5f1bc0107ffaf65a -> 
  custom:scripting/monoscript/fileName/IncrementalSplatmapping.cs: 4c2306b73b507e70f0971eb6fe596f3e -> 
  custom:scripting/monoscript/fileName/ClearWaterLevel.cs: 63b8059750396ec04cedbc48fec03d0d -> 
  custom:audio-encoder-webm-vorbis: bf7c407c2cedff20999df2af8eb42d56 -> 
  custom:scripting/monoscript/fileName/KeepOnSurface.cs: b5186260965dd31cfcb27dea430d35ae -> 
========================================================================
Received Prepare
Begin MonoManager ReloadAssembly
Symbol file LoadedFromMemory is not a mono symbol file
- Loaded All Assemblies, in  0.243 seconds
Refreshing native plugins compatible for Editor in 3.46 ms, found 3 plugins.
Native extension for WindowsStandalone target not found
Native extension for WebGL target not found
[Package Manager] Server::EnsureServerProcessIsRunning -- launch failed, reason: Unity was launched with the -noUpm command-line argument
[Package Manager] UpmClient::Send -- Unable to send message (not connected to UPM process).
[Package Manager] Cannot connect to Unity Package Manager local server
Mono: successfully reloaded assembly
- Finished resetting the current domain, in  0.621 seconds
Domain Reload Profiling: 863ms
	BeginReloadAssembly (92ms)
		ExecutionOrderSort (0ms)
		DisableScriptedObjects (3ms)
		BackupInstance (0ms)
		ReleaseScriptingObjects (0ms)
		CreateAndSetChildDomain (24ms)
	RebuildCommonClasses (17ms)
	RebuildNativeTypeToScriptingClass (6ms)
	initialDomainReloadingComplete (14ms)
	LoadAllAssembliesAndSetupDomain (113ms)
		LoadAssemblies (149ms)
		RebuildTransferFunctionScriptingTraits (0ms)
		AnalyzeDomain (7ms)
			TypeCache.Refresh (3ms)
				TypeCache.ScanAssembly (0ms)
			ScanForSourceGeneratedMonoScriptInfo (0ms)
			ResolveRequiredComponents (3ms)
	FinalizeReload (622ms)
		ReleaseScriptCaches (0ms)
		RebuildScriptCaches (0ms)
		SetupLoadedEditorAssemblies (337ms)
			LogAssemblyErrors (0ms)
			InitializePlatformSupportModulesInManaged (5ms)
			SetLoadedEditorAssemblies (2ms)
			RefreshPlugins (0ms)
			BeforeProcessingInitializeOnLoad (39ms)
			ProcessInitializeOnLoadAttributes (266ms)
			ProcessInitializeOnLoadMethodAttributes (20ms)
			AfterProcessingInitializeOnLoad (4ms)
			EditorAssembliesLoaded (0ms)
		ExecutionOrderSort2 (0ms)
		AwakeInstancesAfterBackupRestoration (4ms)
Refreshing native plugins compatible for Editor in 2.02 ms, found 3 plugins.
Preloading 0 native plugins for Editor in 0.00 ms.
Unloading 3697 Unused Serialized files (Serialized files now loaded: 0)
Unloading 26 unused Assets / (32.7 KB). Loaded Objects now: 4214.
Memory consumption went from 159.4 MB to 159.3 MB.
Total: 2.227400 ms (FindLiveObjects: 0.185000 ms CreateObjectMapping: 0.064300 ms MarkObjects: 1.940200 ms  DeleteObjects: 0.037200 ms)

Prepare: number of updated asset objects reloaded= 0
AssetImportParameters requested are different than current active one (requested -> active):
  custom:container-demuxer-ogg: 62fdf1f143b41e24485cea50d1cbac27 -> 
  custom:video-codec-MediaFoundation-h265: 746d11721c4dcdbdad8f713fa42b33f4 -> 
  custom:scripting/monoscript/fileName/NoiseGenerator.cs: 1bf30b12c94ca7a893d906e963a37b1a -> 
  custom:video-decoder-ogg-theora: a1e56fd34408186e4bbccfd4996cb3dc -> 
  custom:scripting/monoscript/fileName/CloudsReadonlyAttribute.cs: 99fb72792ddd337215da71ed187276e7 -> 
  custom:scripting/monoscript/fileName/PlayerHoverController.cs: 7c3b24e6003bfc3753fe4dcd628b63d3 -> 
  custom:framework-win-MediaFoundation: 216162199b28c13a410421893ffa2e32 -> 
  custom:scripting/monoscript/fileName/Camera2DFollow.cs: 36d4332d4c2ffe3b416bc2a4e8365925 -> 
  custom:scripting/monoscript/fileName/SplatMapGenerator.cs: 978523f7220bcfbfe4e97dde54f01a88 -> 
  custom:scripting/monoscript/fileName/CloudsGenerator.cs: 3a33e63794ff4bb7342eba1e7235faf3 -> 
  custom:CustomObjectIndexerAttribute: 6d391050e5a25f67b0a2c618074f2cd9 -> 
  custom:scripting/monoscript/fileName/SimpleSmoothMouseLook.cs: cff7259a09eaa180476819b446c45906 -> 
  custom:scripting/monoscript/fileName/TrueCloudsReadonlyDrawer.cs: 1a2fe270e01b7ec19dbcd6088cd52fcf -> 
  custom:container-demuxer-webm: 4f35f7cbe854078d1ac9338744f61a02 -> 
  custom:scripting/monoscript/fileName/ForceGrassDistanceInEditor.cs: c02d90dd62271f0368ce2fc0457cb68c -> 
  custom:scripting/monoscript/fileName/ScriptPerformanceMeasure.cs: 13b6165a67a72dccaac3fc401abf1c2a -> 
  custom:scripting/monoscript/fileName/FPSDisplay.cs: a0c41dbc4ae6c04adf898e43aaff908a -> 
  custom:scripting/monoscript/fileName/CloudCamera.cs: b3989901aff0d8dff40fdba5a2660336 -> 
  custom:container-muxer-webm: aa71ff27fc2769a1b78a27578f13a17b -> 
  custom:scripting/monoscript/fileName/PlaceOnSurfaceAtStart.cs: 6425012b1be9be14fc1a64db64d75783 -> 
  custom:video-decoder-webm-vp8: 9c59270c3fd7afecdb556c50c9e8de78 -> 
  custom:scripting/monoscript/fileName/CircleMoverSample.cs: abdbac9546c68b758ba1e8d085187f86 -> 
  custom:scripting/monoscript/fileName/SpawnInArea.cs: d58f698a91ea9cb4b48b0bb3ab224695 -> 
  custom:scripting/monoscript/fileName/TreeExplosion.cs: ff76bbd7bd3d2bad80b109a5f521d638 -> 
  custom:SearchIndexIgnoredProperties: e643bd26f0fe6173181afceb89e7c659 -> 
  custom:AudioImporter_EditorPlatform: d09bf68614088b80899f8185d706f6e7 -> 
  custom:scripting/monoscript/fileName/TerrainTools.cs: 0a67150dc84c7f556953f508bb42ee41 -> 
  custom:scripting/monoscript/fileName/CloudCameraEditor.cs: e9fa8c0208c19da0f60ac65bb1c44aa8 -> 
  custom:scripting/monoscript/fileName/TerrainQualitySettings.cs: 97d80f5eabf04f6efb29519e09b7914e -> 
  custom:scripting/monoscript/fileName/RandomObjectMap.cs: c5c361040658a3dbeb1ecde31a0ba042 -> 
  custom:scripting/monoscript/fileName/FPS60.cs: f54ec3dc7ea7d7eb92522b7f4976f75d -> 
  custom:video-encoder-webm-vp8: eb34c28f22e8b96e1ab97ce403110664 -> 
  custom:scripting/monoscript/fileName/TTTools2D.cs: 938225aaf3ff01b2de05233ebd91ba4b -> 
  custom:scripting/monoscript/fileName/CloudCamera3D.cs: c7de6b54486caeaa7c551e3ef466fac9 -> 
  custom:audio-decoder-ogg-vorbis: bf7c407c2cedff20999df2af8eb42d56 -> 
  custom:scripting/monoscript/fileName/PlaceOnTerrain.cs: 16680a467d31626be1291a9d1cb5e268 -> 
  custom:scripting/monoscript/fileName/CloudPointLight.cs: 480b2910262c24ea5f1bc0107ffaf65a -> 
  custom:scripting/monoscript/fileName/IncrementalSplatmapping.cs: 4c2306b73b507e70f0971eb6fe596f3e -> 
  custom:scripting/monoscript/fileName/ClearWaterLevel.cs: 63b8059750396ec04cedbc48fec03d0d -> 
  custom:audio-encoder-webm-vorbis: bf7c407c2cedff20999df2af8eb42d56 -> 
  custom:scripting/monoscript/fileName/KeepOnSurface.cs: b5186260965dd31cfcb27dea430d35ae -> 
