Using pre-set license
Built from '2022.3/release' branch; Version is '2022.3.18f1 (d29bea25151d) revision 13802474'; Using compiler version '192829333'; Build Type 'Release'
OS: 'Windows 11  (10.0.22631) 64bit Professional' Language: 'en' Physical Memory: 31968 MB
BatchMode: 1, IsHumanControllingUs: 0, StartBugReporterOnCrash: 0, Is64bit: 1, IsPro: 1

COMMAND LINE ARGUMENTS:
C:\Program Files\Unity\Hub\Editor\2022.3.18f1\Editor\Unity.exe
-adb2
-batchMode
-noUpm
-name
AssetImportWorker27
-projectPath
C:/Users/Nikola/Documents/GitHub/Zombocalypse/Zombocalypse
-logFile
Logs/AssetImportWorker27.log
-srvPort
54640
Successfully changed project path to: C:/Users/Nikola/Documents/GitHub/Zombocalypse/Zombocalypse
C:/Users/Nikola/Documents/GitHub/Zombocalypse/Zombocalypse
[UnityMemory] Configuration Parameters - Can be set up in boot.config
    "memorysetup-bucket-allocator-granularity=16"
    "memorysetup-bucket-allocator-bucket-count=8"
    "memorysetup-bucket-allocator-block-size=33554432"
    "memorysetup-bucket-allocator-block-count=8"
    "memorysetup-main-allocator-block-size=16777216"
    "memorysetup-thread-allocator-block-size=16777216"
    "memorysetup-gfx-main-allocator-block-size=16777216"
    "memorysetup-gfx-thread-allocator-block-size=16777216"
    "memorysetup-cache-allocator-block-size=4194304"
    "memorysetup-typetree-allocator-block-size=2097152"
    "memorysetup-profiler-bucket-allocator-granularity=16"
    "memorysetup-profiler-bucket-allocator-bucket-count=8"
    "memorysetup-profiler-bucket-allocator-block-size=33554432"
    "memorysetup-profiler-bucket-allocator-block-count=8"
    "memorysetup-profiler-allocator-block-size=16777216"
    "memorysetup-profiler-editor-allocator-block-size=1048576"
    "memorysetup-temp-allocator-size-main=16777216"
    "memorysetup-job-temp-allocator-block-size=2097152"
    "memorysetup-job-temp-allocator-block-size-background=1048576"
    "memorysetup-job-temp-allocator-reduction-small-platforms=262144"
    "memorysetup-allocator-temp-initial-block-size-main=262144"
    "memorysetup-allocator-temp-initial-block-size-worker=262144"
    "memorysetup-temp-allocator-size-background-worker=32768"
    "memorysetup-temp-allocator-size-job-worker=262144"
    "memorysetup-temp-allocator-size-preload-manager=33554432"
    "memorysetup-temp-allocator-size-nav-mesh-worker=65536"
    "memorysetup-temp-allocator-size-audio-worker=65536"
    "memorysetup-temp-allocator-size-cloud-worker=32768"
    "memorysetup-temp-allocator-size-gi-baking-worker=262144"
    "memorysetup-temp-allocator-size-gfx=262144"
Player connection [69132] Host "[IP] 192.168.1.99 [Port] 0 [Flags] 2 [Guid] 880792728 [EditorId] 880792728 [Version] 1048832 [Id] WindowsEditor(7,PC) [Debug] 1 [PackageName] WindowsEditor [ProjectName] Editor" joined multi-casting on [225.0.0.222:54997]...

Player connection [69132] Host "[IP] 192.168.1.99 [Port] 0 [Flags] 2 [Guid] 880792728 [EditorId] 880792728 [Version] 1048832 [Id] WindowsEditor(7,PC) [Debug] 1 [PackageName] WindowsEditor [ProjectName] Editor" joined alternative multi-casting on [225.0.0.222:34997]...

[Physics::Module] Initialized MultithreadedJobDispatcher with 11 workers.
Refreshing native plugins compatible for Editor in 9.45 ms, found 3 plugins.
Preloading 0 native plugins for Editor in 0.00 ms.
Initialize engine version: 2022.3.18f1 (d29bea25151d)
[Subsystems] Discovering subsystems at path C:/Program Files/Unity/Hub/Editor/2022.3.18f1/Editor/Data/Resources/UnitySubsystems
[Subsystems] Discovering subsystems at path C:/Users/Nikola/Documents/GitHub/Zombocalypse/Zombocalypse/Assets
GfxDevice: creating device client; threaded=0; jobified=0
Direct3D:
    Version:  Direct3D 11.0 [level 11.1]
    Renderer: AMD Radeon RX 7800 XT (ID=0x747e)
    Vendor:   ATI
    VRAM:     16172 MB
    Driver:   31.0.24002.92
Initialize mono
Mono path[0] = 'C:/Program Files/Unity/Hub/Editor/2022.3.18f1/Editor/Data/Managed'
Mono path[1] = 'C:/Program Files/Unity/Hub/Editor/2022.3.18f1/Editor/Data/MonoBleedingEdge/lib/mono/unityjit-win32'
Mono config path = 'C:/Program Files/Unity/Hub/Editor/2022.3.18f1/Editor/Data/MonoBleedingEdge/etc'
Using monoOptions --debugger-agent=transport=dt_socket,embedding=1,server=y,suspend=n,address=127.0.0.1:56844
Begin MonoManager ReloadAssembly
Registering precompiled unity dll's ...
Register platform support module: C:/Program Files/Unity/Hub/Editor/2022.3.18f1/Editor/Data/PlaybackEngines/WebGLSupport/UnityEditor.WebGL.Extensions.dll
Register platform support module: C:/Program Files/Unity/Hub/Editor/2022.3.18f1/Editor/Data/PlaybackEngines/WindowsStandaloneSupport/UnityEditor.WindowsStandalone.Extensions.dll
Registered in 0.004113 seconds.
- Loaded All Assemblies, in  0.216 seconds
Native extension for WindowsStandalone target not found
Native extension for WebGL target not found
Mono: successfully reloaded assembly
- Finished resetting the current domain, in  0.143 seconds
Domain Reload Profiling: 359ms
	BeginReloadAssembly (73ms)
		ExecutionOrderSort (0ms)
		DisableScriptedObjects (0ms)
		BackupInstance (0ms)
		ReleaseScriptingObjects (0ms)
		CreateAndSetChildDomain (0ms)
	RebuildCommonClasses (20ms)
	RebuildNativeTypeToScriptingClass (8ms)
	initialDomainReloadingComplete (37ms)
	LoadAllAssembliesAndSetupDomain (77ms)
		LoadAssemblies (72ms)
		RebuildTransferFunctionScriptingTraits (0ms)
		AnalyzeDomain (76ms)
			TypeCache.Refresh (75ms)
				TypeCache.ScanAssembly (68ms)
			ScanForSourceGeneratedMonoScriptInfo (0ms)
			ResolveRequiredComponents (0ms)
	FinalizeReload (143ms)
		ReleaseScriptCaches (0ms)
		RebuildScriptCaches (0ms)
		SetupLoadedEditorAssemblies (111ms)
			LogAssemblyErrors (0ms)
			InitializePlatformSupportModulesInManaged (5ms)
			SetLoadedEditorAssemblies (3ms)
			RefreshPlugins (0ms)
			BeforeProcessingInitializeOnLoad (1ms)
			ProcessInitializeOnLoadAttributes (79ms)
			ProcessInitializeOnLoadMethodAttributes (24ms)
			AfterProcessingInitializeOnLoad (0ms)
			EditorAssembliesLoaded (0ms)
		ExecutionOrderSort2 (0ms)
		AwakeInstancesAfterBackupRestoration (0ms)
========================================================================
Worker process is ready to serve import requests
Begin MonoManager ReloadAssembly
Symbol file LoadedFromMemory is not a mono symbol file
- Loaded All Assemblies, in  0.429 seconds
Refreshing native plugins compatible for Editor in 4.72 ms, found 3 plugins.
Native extension for WindowsStandalone target not found
Native extension for WebGL target not found
Package Manager log level set to [2]
[Package Manager] Server::EnsureServerProcessIsRunning -- launch failed, reason: Unity was launched with the -noUpm command-line argument
[Package Manager] UpmClient::Send -- Unable to send message (not connected to UPM process).
[Package Manager] Cannot connect to Unity Package Manager local server
Mono: successfully reloaded assembly
- Finished resetting the current domain, in  0.529 seconds
Domain Reload Profiling: 957ms
	BeginReloadAssembly (79ms)
		ExecutionOrderSort (0ms)
		DisableScriptedObjects (3ms)
		BackupInstance (0ms)
		ReleaseScriptingObjects (0ms)
		CreateAndSetChildDomain (14ms)
	RebuildCommonClasses (16ms)
	RebuildNativeTypeToScriptingClass (6ms)
	initialDomainReloadingComplete (22ms)
	LoadAllAssembliesAndSetupDomain (305ms)
		LoadAssemblies (189ms)
		RebuildTransferFunctionScriptingTraits (0ms)
		AnalyzeDomain (160ms)
			TypeCache.Refresh (135ms)
				TypeCache.ScanAssembly (121ms)
			ScanForSourceGeneratedMonoScriptInfo (19ms)
			ResolveRequiredComponents (5ms)
	FinalizeReload (529ms)
		ReleaseScriptCaches (0ms)
		RebuildScriptCaches (0ms)
		SetupLoadedEditorAssemblies (431ms)
			LogAssemblyErrors (0ms)
			InitializePlatformSupportModulesInManaged (3ms)
			SetLoadedEditorAssemblies (3ms)
			RefreshPlugins (0ms)
			BeforeProcessingInitializeOnLoad (54ms)
			ProcessInitializeOnLoadAttributes (287ms)
			ProcessInitializeOnLoadMethodAttributes (80ms)
			AfterProcessingInitializeOnLoad (3ms)
			EditorAssembliesLoaded (0ms)
		ExecutionOrderSort2 (0ms)
		AwakeInstancesAfterBackupRestoration (3ms)
Failed to load shader (instanceID 474, GUID 2f0aaacddead9f44fa76535dbd52811b)
Failed to load shader (instanceID 472, GUID b90e352d9db3cd5489afb4a5254f731a)
Launched and connected shader compiler UnityShaderCompiler.exe after 0.03 seconds
Refreshing native plugins compatible for Editor in 3.91 ms, found 3 plugins.
Preloading 0 native plugins for Editor in 0.00 ms.
Unloading 7331 Unused Serialized files (Serialized files now loaded: 0)
Unloading 235 unused Assets / (12.9 MB). Loaded Objects now: 7672.
Memory consumption went from 299.9 MB to 287.0 MB.
Total: 6.843000 ms (FindLiveObjects: 0.453400 ms CreateObjectMapping: 0.223400 ms MarkObjects: 4.392500 ms  DeleteObjects: 1.773200 ms)

AssetImportParameters requested are different than current active one (requested -> active):
  custom:scripting/monoscript/fileName/Main_Menu.cs: f6348e4255d4512d0dcdb2fb49162e25 -> c07e093dccce13c197b810bf8802b5e4
  custom:container-demuxer-ogg: 62fdf1f143b41e24485cea50d1cbac27 -> 
  custom:framework-win-MediaFoundation: 216162199b28c13a410421893ffa2e32 -> 
  custom:container-muxer-webm: aa71ff27fc2769a1b78a27578f13a17b -> 
  custom:video-decoder-webm-vp8: 9c59270c3fd7afecdb556c50c9e8de78 -> 
  custom:SearchIndexIgnoredProperties: e643bd26f0fe6173181afceb89e7c659 -> 
  custom:AudioImporter_EditorPlatform: d09bf68614088b80899f8185d706f6e7 -> 
  custom:scripting/monoscript/fileName/Switch.cs: 2839744650f07515a9d8eb9f5bfa9bf8 -> 36c0428b387c36ade4f9771c68b66c29
  custom:audio-decoder-ogg-vorbis: bf7c407c2cedff20999df2af8eb42d56 -> 
  custom:scripting/monoscript/fileName/CameraRotate.cs: 55021f2be27f9cda2dee249715bfd9ca -> 
  custom:audio-encoder-webm-vorbis: bf7c407c2cedff20999df2af8eb42d56 -> 
  custom:video-codec-MediaFoundation-h265: 746d11721c4dcdbdad8f713fa42b33f4 -> 
  custom:video-decoder-ogg-theora: a1e56fd34408186e4bbccfd4996cb3dc -> 
  custom:CustomObjectIndexerAttribute: 6d391050e5a25f67b0a2c618074f2cd9 -> 
  custom:container-demuxer-webm: 4f35f7cbe854078d1ac9338744f61a02 -> 
  custom:scripting/monoscript/fileName/SpawnerScript.cs: b7f8adfa93716db5a1df93ee8c966b59 -> 28b700d83b75292fea389dbbbe9a4219
  custom:video-encoder-webm-vp8: eb34c28f22e8b96e1ab97ce403110664 -> 
  custom:scripting/monoscript/fileName/MoveTowardsPlayer.cs: 777982c501ad9aacbefd44f136d0753d -> acefa007f51206f632fdf0398532f8d5
========================================================================
Received Import Request.
  Time since last request: 106025.972187 seconds.
  path: Assets/Enemies/Enemies/Zombie/FBXs/Zombie3.FBX
  artifactKey: Guid(a1b4b8144e2a4054199287da62cdd0da) Importer(815301076,1909f56bfc062723c751e8b465ee728b)
Start importing Assets/Enemies/Enemies/Zombie/FBXs/Zombie3.FBX using Guid(a1b4b8144e2a4054199287da62cdd0da) Importer(815301076,1909f56bfc062723c751e8b465ee728b)  -> (artifact id: 'ed02b8d07fb240f5536037527892c4ad') in 0.085785 seconds
Number of updated asset objects reloaded before import = 0
Number of asset objects unloaded after import = 125
========================================================================
Received Import Request.
  Time since last request: 0.000014 seconds.
  path: Assets/Enemies/Enemies/Zombie/Animations/Zombie@Z_Walk1_InPlace.FBX
  artifactKey: Guid(3fa7045af54b82c47852949257d136c7) Importer(815301076,1909f56bfc062723c751e8b465ee728b)
Start importing Assets/Enemies/Enemies/Zombie/Animations/Zombie@Z_Walk1_InPlace.FBX using Guid(3fa7045af54b82c47852949257d136c7) Importer(815301076,1909f56bfc062723c751e8b465ee728b)  -> (artifact id: '7c09dcc18d29ebd6d113cebb91d30e4f') in 0.088717 seconds
Number of updated asset objects reloaded before import = 0
Number of asset objects unloaded after import = 172
========================================================================
Received Import Request.
  Time since last request: 0.000013 seconds.
  path: Assets/Enemies/Enemies/Zombie/Animations/Zombie@Z_Run.FBX
  artifactKey: Guid(55edd2c9d257d3f4481dfd16015bf8c1) Importer(815301076,1909f56bfc062723c751e8b465ee728b)
Start importing Assets/Enemies/Enemies/Zombie/Animations/Zombie@Z_Run.FBX using Guid(55edd2c9d257d3f4481dfd16015bf8c1) Importer(815301076,1909f56bfc062723c751e8b465ee728b)  -> (artifact id: '48ad8a1d3fe393e25c9ad545c2a8c8cf') in 0.080897 seconds
Number of updated asset objects reloaded before import = 0
Number of asset objects unloaded after import = 172
========================================================================
Received Import Request.
  Time since last request: 0.000015 seconds.
  path: Assets/Enemies/Enemies/Zombie/Animations/Zombie@Z_FallingBack.FBX
  artifactKey: Guid(857241dcf6bb2ea45a0b3f46d78f44b5) Importer(815301076,1909f56bfc062723c751e8b465ee728b)
Start importing Assets/Enemies/Enemies/Zombie/Animations/Zombie@Z_FallingBack.FBX using Guid(857241dcf6bb2ea45a0b3f46d78f44b5) Importer(815301076,1909f56bfc062723c751e8b465ee728b)  -> (artifact id: 'b7379e3af0d7758b7af86555f7cb9199') in 0.017090 seconds
Number of updated asset objects reloaded before import = 0
Number of asset objects unloaded after import = 120
========================================================================
Received Prepare
Begin MonoManager ReloadAssembly
Symbol file LoadedFromMemory is not a mono symbol file
- Loaded All Assemblies, in  0.330 seconds
Refreshing native plugins compatible for Editor in 5.27 ms, found 3 plugins.
Native extension for WindowsStandalone target not found
Native extension for WebGL target not found
[Package Manager] Server::EnsureServerProcessIsRunning -- launch failed, reason: Unity was launched with the -noUpm command-line argument
[Package Manager] UpmClient::Send -- Unable to send message (not connected to UPM process).
[Package Manager] Cannot connect to Unity Package Manager local server
Mono: successfully reloaded assembly
- Finished resetting the current domain, in  0.902 seconds
Domain Reload Profiling: 1231ms
	BeginReloadAssembly (116ms)
		ExecutionOrderSort (0ms)
		DisableScriptedObjects (3ms)
		BackupInstance (0ms)
		ReleaseScriptingObjects (0ms)
		CreateAndSetChildDomain (37ms)
	RebuildCommonClasses (24ms)
	RebuildNativeTypeToScriptingClass (10ms)
	initialDomainReloadingComplete (18ms)
	LoadAllAssembliesAndSetupDomain (161ms)
		LoadAssemblies (201ms)
		RebuildTransferFunctionScriptingTraits (0ms)
		AnalyzeDomain (13ms)
			TypeCache.Refresh (4ms)
				TypeCache.ScanAssembly (0ms)
			ScanForSourceGeneratedMonoScriptInfo (0ms)
			ResolveRequiredComponents (7ms)
	FinalizeReload (902ms)
		ReleaseScriptCaches (0ms)
		RebuildScriptCaches (0ms)
		SetupLoadedEditorAssemblies (417ms)
			LogAssemblyErrors (0ms)
			InitializePlatformSupportModulesInManaged (5ms)
			SetLoadedEditorAssemblies (3ms)
			RefreshPlugins (0ms)
			BeforeProcessingInitializeOnLoad (61ms)
			ProcessInitializeOnLoadAttributes (264ms)
			ProcessInitializeOnLoadMethodAttributes (81ms)
			AfterProcessingInitializeOnLoad (3ms)
			EditorAssembliesLoaded (0ms)
		ExecutionOrderSort2 (0ms)
		AwakeInstancesAfterBackupRestoration (3ms)
Failed to load shader (instanceID 474, GUID 2f0aaacddead9f44fa76535dbd52811b)
Failed to load shader (instanceID 472, GUID b90e352d9db3cd5489afb4a5254f731a)
Refreshing native plugins compatible for Editor in 3.99 ms, found 3 plugins.
Preloading 0 native plugins for Editor in 0.00 ms.
Unloading 7195 Unused Serialized files (Serialized files now loaded: 0)
Unloading 206 unused Assets / (12.9 MB). Loaded Objects now: 7720.
Memory consumption went from 276.1 MB to 263.2 MB.
Total: 6.994900 ms (FindLiveObjects: 0.411200 ms CreateObjectMapping: 0.241100 ms MarkObjects: 4.525000 ms  DeleteObjects: 1.817100 ms)

Prepare: number of updated asset objects reloaded= 0
AssetImportParameters requested are different than current active one (requested -> active):
  custom:scripting/monoscript/fileName/Main_Menu.cs: f6348e4255d4512d0dcdb2fb49162e25 -> c07e093dccce13c197b810bf8802b5e4
  custom:container-demuxer-ogg: 62fdf1f143b41e24485cea50d1cbac27 -> 
  custom:framework-win-MediaFoundation: 216162199b28c13a410421893ffa2e32 -> 
  custom:container-muxer-webm: aa71ff27fc2769a1b78a27578f13a17b -> 
  custom:video-decoder-webm-vp8: 9c59270c3fd7afecdb556c50c9e8de78 -> 
  custom:SearchIndexIgnoredProperties: e643bd26f0fe6173181afceb89e7c659 -> 
  custom:AudioImporter_EditorPlatform: d09bf68614088b80899f8185d706f6e7 -> 
  custom:scripting/monoscript/fileName/Switch.cs: 2839744650f07515a9d8eb9f5bfa9bf8 -> 36c0428b387c36ade4f9771c68b66c29
  custom:audio-decoder-ogg-vorbis: bf7c407c2cedff20999df2af8eb42d56 -> 
  custom:scripting/monoscript/fileName/CameraRotate.cs: 55021f2be27f9cda2dee249715bfd9ca -> 
  custom:audio-encoder-webm-vorbis: bf7c407c2cedff20999df2af8eb42d56 -> 
  custom:video-codec-MediaFoundation-h265: 746d11721c4dcdbdad8f713fa42b33f4 -> 
  custom:video-decoder-ogg-theora: a1e56fd34408186e4bbccfd4996cb3dc -> 
  custom:CustomObjectIndexerAttribute: 6d391050e5a25f67b0a2c618074f2cd9 -> 
  custom:container-demuxer-webm: 4f35f7cbe854078d1ac9338744f61a02 -> 
  custom:scripting/monoscript/fileName/SpawnerScript.cs: b7f8adfa93716db5a1df93ee8c966b59 -> 28b700d83b75292fea389dbbbe9a4219
  custom:video-encoder-webm-vp8: eb34c28f22e8b96e1ab97ce403110664 -> 
  custom:scripting/monoscript/fileName/MoveTowardsPlayer.cs: 777982c501ad9aacbefd44f136d0753d -> acefa007f51206f632fdf0398532f8d5
========================================================================
Received Prepare
Begin MonoManager ReloadAssembly
Symbol file LoadedFromMemory is not a mono symbol file
- Loaded All Assemblies, in  0.312 seconds
Refreshing native plugins compatible for Editor in 5.98 ms, found 3 plugins.
Native extension for WindowsStandalone target not found
Native extension for WebGL target not found
[Package Manager] Server::EnsureServerProcessIsRunning -- launch failed, reason: Unity was launched with the -noUpm command-line argument
[Package Manager] UpmClient::Send -- Unable to send message (not connected to UPM process).
[Package Manager] Cannot connect to Unity Package Manager local server
Mono: successfully reloaded assembly
- Finished resetting the current domain, in  1.079 seconds
Domain Reload Profiling: 1389ms
	BeginReloadAssembly (112ms)
		ExecutionOrderSort (0ms)
		DisableScriptedObjects (2ms)
		BackupInstance (0ms)
		ReleaseScriptingObjects (0ms)
		CreateAndSetChildDomain (40ms)
	RebuildCommonClasses (17ms)
	RebuildNativeTypeToScriptingClass (6ms)
	initialDomainReloadingComplete (17ms)
	LoadAllAssembliesAndSetupDomain (158ms)
		LoadAssemblies (190ms)
		RebuildTransferFunctionScriptingTraits (0ms)
		AnalyzeDomain (13ms)
			TypeCache.Refresh (4ms)
				TypeCache.ScanAssembly (0ms)
			ScanForSourceGeneratedMonoScriptInfo (0ms)
			ResolveRequiredComponents (7ms)
	FinalizeReload (1079ms)
		ReleaseScriptCaches (0ms)
		RebuildScriptCaches (0ms)
		SetupLoadedEditorAssemblies (543ms)
			LogAssemblyErrors (0ms)
			InitializePlatformSupportModulesInManaged (6ms)
			SetLoadedEditorAssemblies (3ms)
			RefreshPlugins (0ms)
			BeforeProcessingInitializeOnLoad (74ms)
			ProcessInitializeOnLoadAttributes (360ms)
			ProcessInitializeOnLoadMethodAttributes (96ms)
			AfterProcessingInitializeOnLoad (3ms)
			EditorAssembliesLoaded (0ms)
		ExecutionOrderSort2 (0ms)
		AwakeInstancesAfterBackupRestoration (4ms)
Failed to load shader (instanceID 474, GUID 2f0aaacddead9f44fa76535dbd52811b)
Failed to load shader (instanceID 472, GUID b90e352d9db3cd5489afb4a5254f731a)
Refreshing native plugins compatible for Editor in 5.55 ms, found 3 plugins.
Preloading 0 native plugins for Editor in 0.00 ms.
Unloading 7196 Unused Serialized files (Serialized files now loaded: 0)
Unloading 206 unused Assets / (12.9 MB). Loaded Objects now: 7723.
Memory consumption went from 278.3 MB to 265.4 MB.
Total: 7.491500 ms (FindLiveObjects: 0.459900 ms CreateObjectMapping: 0.325400 ms MarkObjects: 4.512300 ms  DeleteObjects: 2.193200 ms)

Prepare: number of updated asset objects reloaded= 0
AssetImportParameters requested are different than current active one (requested -> active):
  custom:scripting/monoscript/fileName/Main_Menu.cs: f6348e4255d4512d0dcdb2fb49162e25 -> c07e093dccce13c197b810bf8802b5e4
  custom:container-demuxer-ogg: 62fdf1f143b41e24485cea50d1cbac27 -> 
  custom:framework-win-MediaFoundation: 216162199b28c13a410421893ffa2e32 -> 
  custom:container-muxer-webm: aa71ff27fc2769a1b78a27578f13a17b -> 
  custom:video-decoder-webm-vp8: 9c59270c3fd7afecdb556c50c9e8de78 -> 
  custom:SearchIndexIgnoredProperties: e643bd26f0fe6173181afceb89e7c659 -> 
  custom:AudioImporter_EditorPlatform: d09bf68614088b80899f8185d706f6e7 -> 
  custom:scripting/monoscript/fileName/Switch.cs: 2839744650f07515a9d8eb9f5bfa9bf8 -> 36c0428b387c36ade4f9771c68b66c29
  custom:audio-decoder-ogg-vorbis: bf7c407c2cedff20999df2af8eb42d56 -> 
  custom:scripting/monoscript/fileName/CameraRotate.cs: 55021f2be27f9cda2dee249715bfd9ca -> 
  custom:audio-encoder-webm-vorbis: bf7c407c2cedff20999df2af8eb42d56 -> 
  custom:video-codec-MediaFoundation-h265: 746d11721c4dcdbdad8f713fa42b33f4 -> 
  custom:video-decoder-ogg-theora: a1e56fd34408186e4bbccfd4996cb3dc -> 
  custom:CustomObjectIndexerAttribute: 6d391050e5a25f67b0a2c618074f2cd9 -> 
  custom:container-demuxer-webm: 4f35f7cbe854078d1ac9338744f61a02 -> 
  custom:scripting/monoscript/fileName/SpawnerScript.cs: b7f8adfa93716db5a1df93ee8c966b59 -> 28b700d83b75292fea389dbbbe9a4219
  custom:video-encoder-webm-vp8: eb34c28f22e8b96e1ab97ce403110664 -> 
  custom:scripting/monoscript/fileName/MoveTowardsPlayer.cs: 777982c501ad9aacbefd44f136d0753d -> acefa007f51206f632fdf0398532f8d5
========================================================================
Received Import Request.
  Time since last request: 60.659015 seconds.
  path: Assets/other/Signs/sign_stop_02_DMG_V2.FBX
  artifactKey: Guid(2d172b303280bec4d825029279826acd) Importer(815301076,1909f56bfc062723c751e8b465ee728b)
Start importing Assets/other/Signs/sign_stop_02_DMG_V2.FBX using Guid(2d172b303280bec4d825029279826acd) Importer(815301076,1909f56bfc062723c751e8b465ee728b)  -> (artifact id: 'ef5479a18297c1f340b51b403ca3b75f') in 0.063373 seconds
Number of updated asset objects reloaded before import = 0
Number of asset objects unloaded after import = 9
========================================================================
Received Import Request.
  Time since last request: 0.000013 seconds.
  path: Assets/Enemies/Enemies/Skeleton/source/Skeleton_Animated.fbx
  artifactKey: Guid(3afff5f84f013924e97780894ea4c8e2) Importer(815301076,1909f56bfc062723c751e8b465ee728b)
Start importing Assets/Enemies/Enemies/Skeleton/source/Skeleton_Animated.fbx using Guid(3afff5f84f013924e97780894ea4c8e2) Importer(815301076,1909f56bfc062723c751e8b465ee728b)  -> (artifact id: '2d4dd517a7436d75eff36d75be75802b') in 0.034140 seconds
Number of updated asset objects reloaded before import = 0
Number of asset objects unloaded after import = 232
========================================================================
Received Import Request.
  Time since last request: 0.676299 seconds.
  path: Assets/other/Signs/sign_speedlimit_65.FBX
  artifactKey: Guid(08f97668b14786f45b28b3a4e039d6e1) Importer(815301076,1909f56bfc062723c751e8b465ee728b)
Start importing Assets/other/Signs/sign_speedlimit_65.FBX using Guid(08f97668b14786f45b28b3a4e039d6e1) Importer(815301076,1909f56bfc062723c751e8b465ee728b)  -> (artifact id: '7206bec2c38f5fed38b74dbbee6ec0ac') in 0.012434 seconds
Number of updated asset objects reloaded before import = 0
Number of asset objects unloaded after import = 10
========================================================================
Received Import Request.
  Time since last request: 0.000014 seconds.
  path: Assets/other/Signs/sign_stop_02_DMG.FBX
  artifactKey: Guid(91b5184a6ceea3b448371177283204a9) Importer(815301076,1909f56bfc062723c751e8b465ee728b)
Start importing Assets/other/Signs/sign_stop_02_DMG.FBX using Guid(91b5184a6ceea3b448371177283204a9) Importer(815301076,1909f56bfc062723c751e8b465ee728b)  -> (artifact id: '980889b61e95df4f4edc3fb218ec5789') in 0.013210 seconds
Number of updated asset objects reloaded before import = 0
Number of asset objects unloaded after import = 10
========================================================================
Received Import Request.
  Time since last request: 0.000012 seconds.
  path: Assets/other/Signs/sign_speedlimit_65_LOD1.FBX
  artifactKey: Guid(7503415e91285ab41a8ba8ba6f1505fd) Importer(815301076,1909f56bfc062723c751e8b465ee728b)
Start importing Assets/other/Signs/sign_speedlimit_65_LOD1.FBX using Guid(7503415e91285ab41a8ba8ba6f1505fd) Importer(815301076,1909f56bfc062723c751e8b465ee728b)  -> (artifact id: 'dd29f0d2b959bca4d91a63335efe991b') in 0.012154 seconds
Number of updated asset objects reloaded before import = 0
Number of asset objects unloaded after import = 10
========================================================================
Received Import Request.
  Time since last request: 0.010535 seconds.
  path: Assets/other/Signs/sign_parking_DMG.FBX
  artifactKey: Guid(e5a136c80b557d5489d03cee7ee43e40) Importer(815301076,1909f56bfc062723c751e8b465ee728b)
Start importing Assets/other/Signs/sign_parking_DMG.FBX using Guid(e5a136c80b557d5489d03cee7ee43e40) Importer(815301076,1909f56bfc062723c751e8b465ee728b)  -> (artifact id: 'eece8179ab096a3263a1df36e349a653') in 0.013880 seconds
Number of updated asset objects reloaded before import = 0
Number of asset objects unloaded after import = 9
========================================================================
Received Import Request.
  Time since last request: 0.000014 seconds.
  path: Assets/other/Signs/sign_parking_LOD1.FBX
  artifactKey: Guid(6fb53949a6f354c4dbf42ebd50ee66c5) Importer(815301076,1909f56bfc062723c751e8b465ee728b)
Start importing Assets/other/Signs/sign_parking_LOD1.FBX using Guid(6fb53949a6f354c4dbf42ebd50ee66c5) Importer(815301076,1909f56bfc062723c751e8b465ee728b)  -> (artifact id: 'd6786261aa6b0138bf2741a9f17f9e25') in 0.013706 seconds
Number of updated asset objects reloaded before import = 0
Number of asset objects unloaded after import = 10
========================================================================
Received Import Request.
  Time since last request: 0.000011 seconds.
  path: Assets/other/Signs/sign_speedlimit_25_DMG.FBX
  artifactKey: Guid(c8fe6afe1477c104d9181ef06794f84b) Importer(815301076,1909f56bfc062723c751e8b465ee728b)
Start importing Assets/other/Signs/sign_speedlimit_25_DMG.FBX using Guid(c8fe6afe1477c104d9181ef06794f84b) Importer(815301076,1909f56bfc062723c751e8b465ee728b)  -> (artifact id: '4dc698aa3a8af8b1033703c6a83c5c00') in 0.012425 seconds
Number of updated asset objects reloaded before import = 0
Number of asset objects unloaded after import = 10
========================================================================
Received Import Request.
  Time since last request: 0.246644 seconds.
  path: Assets/other/Signs/sign_donotenter_LOD1.FBX
  artifactKey: Guid(db655ed1735647c4398c32949a9aa815) Importer(815301076,1909f56bfc062723c751e8b465ee728b)
Start importing Assets/other/Signs/sign_donotenter_LOD1.FBX using Guid(db655ed1735647c4398c32949a9aa815) Importer(815301076,1909f56bfc062723c751e8b465ee728b)  -> (artifact id: '799c6de9799bb059cb6db7e19b116d93') in 0.014495 seconds
Number of updated asset objects reloaded before import = 0
Number of asset objects unloaded after import = 10
========================================================================
Received Import Request.
  Time since last request: 0.000014 seconds.
  path: Assets/other/Signs/sign_oneway_LOD1.FBX
  artifactKey: Guid(ce2c6851ec796f44e895cfa9e09bf31c) Importer(815301076,1909f56bfc062723c751e8b465ee728b)
Start importing Assets/other/Signs/sign_oneway_LOD1.FBX using Guid(ce2c6851ec796f44e895cfa9e09bf31c) Importer(815301076,1909f56bfc062723c751e8b465ee728b)  -> (artifact id: 'def5af64cc4aa5e605479144a7469eb0') in 0.013216 seconds
Number of updated asset objects reloaded before import = 0
Number of asset objects unloaded after import = 10
========================================================================
Received Prepare
Begin MonoManager ReloadAssembly
Symbol file LoadedFromMemory is not a mono symbol file
- Loaded All Assemblies, in  0.365 seconds
Refreshing native plugins compatible for Editor in 4.94 ms, found 3 plugins.
Native extension for WindowsStandalone target not found
Native extension for WebGL target not found
[Package Manager] Server::EnsureServerProcessIsRunning -- launch failed, reason: Unity was launched with the -noUpm command-line argument
[Package Manager] UpmClient::Send -- Unable to send message (not connected to UPM process).
[Package Manager] Cannot connect to Unity Package Manager local server
Mono: successfully reloaded assembly
- Finished resetting the current domain, in  0.886 seconds
Domain Reload Profiling: 1248ms
	BeginReloadAssembly (131ms)
		ExecutionOrderSort (0ms)
		DisableScriptedObjects (2ms)
		BackupInstance (0ms)
		ReleaseScriptingObjects (0ms)
		CreateAndSetChildDomain (44ms)
	RebuildCommonClasses (24ms)
	RebuildNativeTypeToScriptingClass (10ms)
	initialDomainReloadingComplete (17ms)
	LoadAllAssembliesAndSetupDomain (179ms)
		LoadAssemblies (226ms)
		RebuildTransferFunctionScriptingTraits (0ms)
		AnalyzeDomain (14ms)
			TypeCache.Refresh (5ms)
				TypeCache.ScanAssembly (0ms)
			ScanForSourceGeneratedMonoScriptInfo (0ms)
			ResolveRequiredComponents (7ms)
	FinalizeReload (886ms)
		ReleaseScriptCaches (0ms)
		RebuildScriptCaches (0ms)
		SetupLoadedEditorAssemblies (424ms)
			LogAssemblyErrors (0ms)
			InitializePlatformSupportModulesInManaged (5ms)
			SetLoadedEditorAssemblies (3ms)
			RefreshPlugins (0ms)
			BeforeProcessingInitializeOnLoad (57ms)
			ProcessInitializeOnLoadAttributes (275ms)
			ProcessInitializeOnLoadMethodAttributes (80ms)
			AfterProcessingInitializeOnLoad (3ms)
			EditorAssembliesLoaded (0ms)
		ExecutionOrderSort2 (0ms)
		AwakeInstancesAfterBackupRestoration (3ms)
Failed to load shader (instanceID 474, GUID 2f0aaacddead9f44fa76535dbd52811b)
Failed to load shader (instanceID 472, GUID b90e352d9db3cd5489afb4a5254f731a)
Refreshing native plugins compatible for Editor in 4.37 ms, found 3 plugins.
Preloading 0 native plugins for Editor in 0.00 ms.
Unloading 7195 Unused Serialized files (Serialized files now loaded: 0)
Unloading 206 unused Assets / (12.9 MB). Loaded Objects now: 7726.
Memory consumption went from 280.1 MB to 267.2 MB.
Total: 6.760300 ms (FindLiveObjects: 0.449200 ms CreateObjectMapping: 0.107100 ms MarkObjects: 4.121200 ms  DeleteObjects: 2.082200 ms)

Prepare: number of updated asset objects reloaded= 0
AssetImportParameters requested are different than current active one (requested -> active):
  custom:scripting/monoscript/fileName/Main_Menu.cs: f6348e4255d4512d0dcdb2fb49162e25 -> c07e093dccce13c197b810bf8802b5e4
  custom:container-demuxer-ogg: 62fdf1f143b41e24485cea50d1cbac27 -> 
  custom:framework-win-MediaFoundation: 216162199b28c13a410421893ffa2e32 -> 
  custom:container-muxer-webm: aa71ff27fc2769a1b78a27578f13a17b -> 
  custom:video-decoder-webm-vp8: 9c59270c3fd7afecdb556c50c9e8de78 -> 
  custom:SearchIndexIgnoredProperties: e643bd26f0fe6173181afceb89e7c659 -> 
  custom:AudioImporter_EditorPlatform: d09bf68614088b80899f8185d706f6e7 -> 
  custom:scripting/monoscript/fileName/Switch.cs: 2839744650f07515a9d8eb9f5bfa9bf8 -> 36c0428b387c36ade4f9771c68b66c29
  custom:audio-decoder-ogg-vorbis: bf7c407c2cedff20999df2af8eb42d56 -> 
  custom:scripting/monoscript/fileName/CameraRotate.cs: 55021f2be27f9cda2dee249715bfd9ca -> 
  custom:audio-encoder-webm-vorbis: bf7c407c2cedff20999df2af8eb42d56 -> 
  custom:video-codec-MediaFoundation-h265: 746d11721c4dcdbdad8f713fa42b33f4 -> 
  custom:video-decoder-ogg-theora: a1e56fd34408186e4bbccfd4996cb3dc -> 
  custom:CustomObjectIndexerAttribute: 6d391050e5a25f67b0a2c618074f2cd9 -> 
  custom:container-demuxer-webm: 4f35f7cbe854078d1ac9338744f61a02 -> 
  custom:scripting/monoscript/fileName/SpawnerScript.cs: b7f8adfa93716db5a1df93ee8c966b59 -> 28b700d83b75292fea389dbbbe9a4219
  custom:video-encoder-webm-vp8: eb34c28f22e8b96e1ab97ce403110664 -> 
  custom:scripting/monoscript/fileName/MoveTowardsPlayer.cs: 777982c501ad9aacbefd44f136d0753d -> acefa007f51206f632fdf0398532f8d5
========================================================================
Received Prepare
Begin MonoManager ReloadAssembly
Symbol file LoadedFromMemory is not a mono symbol file
- Loaded All Assemblies, in  0.302 seconds
Refreshing native plugins compatible for Editor in 4.50 ms, found 3 plugins.
Native extension for WindowsStandalone target not found
Native extension for WebGL target not found
[Package Manager] Server::EnsureServerProcessIsRunning -- launch failed, reason: Unity was launched with the -noUpm command-line argument
[Package Manager] UpmClient::Send -- Unable to send message (not connected to UPM process).
[Package Manager] Cannot connect to Unity Package Manager local server
Mono: successfully reloaded assembly
- Finished resetting the current domain, in  1.046 seconds
Domain Reload Profiling: 1347ms
	BeginReloadAssembly (105ms)
		ExecutionOrderSort (0ms)
		DisableScriptedObjects (2ms)
		BackupInstance (0ms)
		ReleaseScriptingObjects (0ms)
		CreateAndSetChildDomain (36ms)
	RebuildCommonClasses (16ms)
	RebuildNativeTypeToScriptingClass (7ms)
	initialDomainReloadingComplete (15ms)
	LoadAllAssembliesAndSetupDomain (157ms)
		LoadAssemblies (189ms)
		RebuildTransferFunctionScriptingTraits (0ms)
		AnalyzeDomain (12ms)
			TypeCache.Refresh (4ms)
				TypeCache.ScanAssembly (0ms)
			ScanForSourceGeneratedMonoScriptInfo (0ms)
			ResolveRequiredComponents (6ms)
	FinalizeReload (1047ms)
		ReleaseScriptCaches (0ms)
		RebuildScriptCaches (0ms)
		SetupLoadedEditorAssemblies (538ms)
			LogAssemblyErrors (0ms)
			InitializePlatformSupportModulesInManaged (6ms)
			SetLoadedEditorAssemblies (4ms)
			RefreshPlugins (0ms)
			BeforeProcessingInitializeOnLoad (77ms)
			ProcessInitializeOnLoadAttributes (357ms)
			ProcessInitializeOnLoadMethodAttributes (90ms)
			AfterProcessingInitializeOnLoad (3ms)
			EditorAssembliesLoaded (0ms)
		ExecutionOrderSort2 (0ms)
		AwakeInstancesAfterBackupRestoration (4ms)
Failed to load shader (instanceID 474, GUID 2f0aaacddead9f44fa76535dbd52811b)
Failed to load shader (instanceID 472, GUID b90e352d9db3cd5489afb4a5254f731a)
Refreshing native plugins compatible for Editor in 4.82 ms, found 3 plugins.
Preloading 0 native plugins for Editor in 0.00 ms.
Unloading 7196 Unused Serialized files (Serialized files now loaded: 0)
Unloading 206 unused Assets / (12.9 MB). Loaded Objects now: 7729.
Memory consumption went from 282.3 MB to 269.4 MB.
Total: 7.984300 ms (FindLiveObjects: 0.442700 ms CreateObjectMapping: 0.289000 ms MarkObjects: 4.975000 ms  DeleteObjects: 2.276900 ms)

Prepare: number of updated asset objects reloaded= 0
AssetImportParameters requested are different than current active one (requested -> active):
  custom:scripting/monoscript/fileName/Main_Menu.cs: f6348e4255d4512d0dcdb2fb49162e25 -> c07e093dccce13c197b810bf8802b5e4
  custom:container-demuxer-ogg: 62fdf1f143b41e24485cea50d1cbac27 -> 
  custom:framework-win-MediaFoundation: 216162199b28c13a410421893ffa2e32 -> 
  custom:container-muxer-webm: aa71ff27fc2769a1b78a27578f13a17b -> 
  custom:video-decoder-webm-vp8: 9c59270c3fd7afecdb556c50c9e8de78 -> 
  custom:SearchIndexIgnoredProperties: e643bd26f0fe6173181afceb89e7c659 -> 
  custom:AudioImporter_EditorPlatform: d09bf68614088b80899f8185d706f6e7 -> 
  custom:scripting/monoscript/fileName/Switch.cs: 2839744650f07515a9d8eb9f5bfa9bf8 -> 36c0428b387c36ade4f9771c68b66c29
  custom:audio-decoder-ogg-vorbis: bf7c407c2cedff20999df2af8eb42d56 -> 
  custom:scripting/monoscript/fileName/CameraRotate.cs: 55021f2be27f9cda2dee249715bfd9ca -> 
  custom:audio-encoder-webm-vorbis: bf7c407c2cedff20999df2af8eb42d56 -> 
  custom:video-codec-MediaFoundation-h265: 746d11721c4dcdbdad8f713fa42b33f4 -> 
  custom:video-decoder-ogg-theora: a1e56fd34408186e4bbccfd4996cb3dc -> 
  custom:CustomObjectIndexerAttribute: 6d391050e5a25f67b0a2c618074f2cd9 -> 
  custom:container-demuxer-webm: 4f35f7cbe854078d1ac9338744f61a02 -> 
  custom:scripting/monoscript/fileName/SpawnerScript.cs: b7f8adfa93716db5a1df93ee8c966b59 -> 28b700d83b75292fea389dbbbe9a4219
  custom:video-encoder-webm-vp8: eb34c28f22e8b96e1ab97ce403110664 -> 
  custom:scripting/monoscript/fileName/MoveTowardsPlayer.cs: 777982c501ad9aacbefd44f136d0753d -> acefa007f51206f632fdf0398532f8d5
========================================================================
Received Prepare
Begin MonoManager ReloadAssembly
Symbol file LoadedFromMemory is not a mono symbol file
- Loaded All Assemblies, in  0.308 seconds
Refreshing native plugins compatible for Editor in 5.13 ms, found 3 plugins.
Native extension for WindowsStandalone target not found
Native extension for WebGL target not found
[Package Manager] Server::EnsureServerProcessIsRunning -- launch failed, reason: Unity was launched with the -noUpm command-line argument
[Package Manager] UpmClient::Send -- Unable to send message (not connected to UPM process).
[Package Manager] Cannot connect to Unity Package Manager local server
Mono: successfully reloaded assembly
- Finished resetting the current domain, in  0.979 seconds
Domain Reload Profiling: 1285ms
	BeginReloadAssembly (106ms)
		ExecutionOrderSort (0ms)
		DisableScriptedObjects (2ms)
		BackupInstance (0ms)
		ReleaseScriptingObjects (0ms)
		CreateAndSetChildDomain (37ms)
	RebuildCommonClasses (20ms)
	RebuildNativeTypeToScriptingClass (9ms)
	initialDomainReloadingComplete (16ms)
	LoadAllAssembliesAndSetupDomain (155ms)
		LoadAssemblies (187ms)
		RebuildTransferFunctionScriptingTraits (0ms)
		AnalyzeDomain (12ms)
			TypeCache.Refresh (4ms)
				TypeCache.ScanAssembly (0ms)
			ScanForSourceGeneratedMonoScriptInfo (0ms)
			ResolveRequiredComponents (6ms)
	FinalizeReload (979ms)
		ReleaseScriptCaches (0ms)
		RebuildScriptCaches (0ms)
		SetupLoadedEditorAssemblies (512ms)
			LogAssemblyErrors (0ms)
			InitializePlatformSupportModulesInManaged (6ms)
			SetLoadedEditorAssemblies (3ms)
			RefreshPlugins (0ms)
			BeforeProcessingInitializeOnLoad (66ms)
			ProcessInitializeOnLoadAttributes (342ms)
			ProcessInitializeOnLoadMethodAttributes (92ms)
			AfterProcessingInitializeOnLoad (3ms)
			EditorAssembliesLoaded (0ms)
		ExecutionOrderSort2 (0ms)
		AwakeInstancesAfterBackupRestoration (4ms)
Failed to load shader (instanceID 474, GUID 2f0aaacddead9f44fa76535dbd52811b)
Failed to load shader (instanceID 472, GUID b90e352d9db3cd5489afb4a5254f731a)
Refreshing native plugins compatible for Editor in 5.10 ms, found 3 plugins.
Preloading 0 native plugins for Editor in 0.00 ms.
Unloading 7196 Unused Serialized files (Serialized files now loaded: 0)
Unloading 206 unused Assets / (12.9 MB). Loaded Objects now: 7732.
Memory consumption went from 284.2 MB to 271.3 MB.
Total: 7.383700 ms (FindLiveObjects: 0.409800 ms CreateObjectMapping: 0.256300 ms MarkObjects: 4.595000 ms  DeleteObjects: 2.121600 ms)

Prepare: number of updated asset objects reloaded= 0
AssetImportParameters requested are different than current active one (requested -> active):
  custom:scripting/monoscript/fileName/Main_Menu.cs: f6348e4255d4512d0dcdb2fb49162e25 -> c07e093dccce13c197b810bf8802b5e4
  custom:container-demuxer-ogg: 62fdf1f143b41e24485cea50d1cbac27 -> 
  custom:framework-win-MediaFoundation: 216162199b28c13a410421893ffa2e32 -> 
  custom:container-muxer-webm: aa71ff27fc2769a1b78a27578f13a17b -> 
  custom:video-decoder-webm-vp8: 9c59270c3fd7afecdb556c50c9e8de78 -> 
  custom:SearchIndexIgnoredProperties: e643bd26f0fe6173181afceb89e7c659 -> 
  custom:AudioImporter_EditorPlatform: d09bf68614088b80899f8185d706f6e7 -> 
  custom:scripting/monoscript/fileName/Switch.cs: 2839744650f07515a9d8eb9f5bfa9bf8 -> 36c0428b387c36ade4f9771c68b66c29
  custom:audio-decoder-ogg-vorbis: bf7c407c2cedff20999df2af8eb42d56 -> 
  custom:scripting/monoscript/fileName/CameraRotate.cs: 55021f2be27f9cda2dee249715bfd9ca -> 
  custom:audio-encoder-webm-vorbis: bf7c407c2cedff20999df2af8eb42d56 -> 
  custom:video-codec-MediaFoundation-h265: 746d11721c4dcdbdad8f713fa42b33f4 -> 
  custom:video-decoder-ogg-theora: a1e56fd34408186e4bbccfd4996cb3dc -> 
  custom:CustomObjectIndexerAttribute: 6d391050e5a25f67b0a2c618074f2cd9 -> 
  custom:container-demuxer-webm: 4f35f7cbe854078d1ac9338744f61a02 -> 
  custom:scripting/monoscript/fileName/SpawnerScript.cs: b7f8adfa93716db5a1df93ee8c966b59 -> 28b700d83b75292fea389dbbbe9a4219
  custom:video-encoder-webm-vp8: eb34c28f22e8b96e1ab97ce403110664 -> 
  custom:scripting/monoscript/fileName/MoveTowardsPlayer.cs: 777982c501ad9aacbefd44f136d0753d -> acefa007f51206f632fdf0398532f8d5
