Using pre-set license
Built from '2022.3/release' branch; Version is '2022.3.18f1 (d29bea25151d) revision 13802474'; Using compiler version '192829333'; Build Type 'Release'
OS: 'Windows 11  (10.0.22631) 64bit Professional' Language: 'en' Physical Memory: 31968 MB
BatchMode: 1, IsHumanControllingUs: 0, StartBugReporterOnCrash: 0, Is64bit: 1, IsPro: 1

COMMAND LINE ARGUMENTS:
C:\Program Files\Unity\Hub\Editor\2022.3.18f1\Editor\Unity.exe
-adb2
-batchMode
-noUpm
-name
AssetImportWorker6
-projectPath
C:/Users/Nikola/Documents/GitHub/Zombocalypse/Zombocalypse
-logFile
Logs/AssetImportWorker6.log
-srvPort
50446
Successfully changed project path to: C:/Users/Nikola/Documents/GitHub/Zombocalypse/Zombocalypse
C:/Users/Nikola/Documents/GitHub/Zombocalypse/Zombocalypse
[UnityMemory] Configuration Parameters - Can be set up in boot.config
    "memorysetup-bucket-allocator-granularity=16"
    "memorysetup-bucket-allocator-bucket-count=8"
    "memorysetup-bucket-allocator-block-size=33554432"
    "memorysetup-bucket-allocator-block-count=8"
    "memorysetup-main-allocator-block-size=16777216"
    "memorysetup-thread-allocator-block-size=16777216"
    "memorysetup-gfx-main-allocator-block-size=16777216"
    "memorysetup-gfx-thread-allocator-block-size=16777216"
    "memorysetup-cache-allocator-block-size=4194304"
    "memorysetup-typetree-allocator-block-size=2097152"
    "memorysetup-profiler-bucket-allocator-granularity=16"
    "memorysetup-profiler-bucket-allocator-bucket-count=8"
    "memorysetup-profiler-bucket-allocator-block-size=33554432"
    "memorysetup-profiler-bucket-allocator-block-count=8"
    "memorysetup-profiler-allocator-block-size=16777216"
    "memorysetup-profiler-editor-allocator-block-size=1048576"
    "memorysetup-temp-allocator-size-main=16777216"
    "memorysetup-job-temp-allocator-block-size=2097152"
    "memorysetup-job-temp-allocator-block-size-background=1048576"
    "memorysetup-job-temp-allocator-reduction-small-platforms=262144"
    "memorysetup-allocator-temp-initial-block-size-main=262144"
    "memorysetup-allocator-temp-initial-block-size-worker=262144"
    "memorysetup-temp-allocator-size-background-worker=32768"
    "memorysetup-temp-allocator-size-job-worker=262144"
    "memorysetup-temp-allocator-size-preload-manager=33554432"
    "memorysetup-temp-allocator-size-nav-mesh-worker=65536"
    "memorysetup-temp-allocator-size-audio-worker=65536"
    "memorysetup-temp-allocator-size-cloud-worker=32768"
    "memorysetup-temp-allocator-size-gi-baking-worker=262144"
    "memorysetup-temp-allocator-size-gfx=262144"
Player connection [42904] Host "[IP] 192.168.1.99 [Port] 0 [Flags] 2 [Guid] 3920044363 [EditorId] 3920044363 [Version] 1048832 [Id] WindowsEditor(7,PC) [Debug] 1 [PackageName] WindowsEditor [ProjectName] Editor" joined multi-casting on [225.0.0.222:54997]...

Player connection [42904] Host "[IP] 192.168.1.99 [Port] 0 [Flags] 2 [Guid] 3920044363 [EditorId] 3920044363 [Version] 1048832 [Id] WindowsEditor(7,PC) [Debug] 1 [PackageName] WindowsEditor [ProjectName] Editor" joined alternative multi-casting on [225.0.0.222:34997]...

[Physics::Module] Initialized MultithreadedJobDispatcher with 11 workers.
Refreshing native plugins compatible for Editor in 4.63 ms, found 3 plugins.
Preloading 0 native plugins for Editor in 0.00 ms.
Initialize engine version: 2022.3.18f1 (d29bea25151d)
[Subsystems] Discovering subsystems at path C:/Program Files/Unity/Hub/Editor/2022.3.18f1/Editor/Data/Resources/UnitySubsystems
[Subsystems] Discovering subsystems at path C:/Users/Nikola/Documents/GitHub/Zombocalypse/Zombocalypse/Assets
GfxDevice: creating device client; threaded=0; jobified=0
Direct3D:
    Version:  Direct3D 11.0 [level 11.1]
    Renderer: AMD Radeon RX 7800 XT (ID=0x747e)
    Vendor:   ATI
    VRAM:     16172 MB
    Driver:   31.0.24002.92
Initialize mono
Mono path[0] = 'C:/Program Files/Unity/Hub/Editor/2022.3.18f1/Editor/Data/Managed'
Mono path[1] = 'C:/Program Files/Unity/Hub/Editor/2022.3.18f1/Editor/Data/MonoBleedingEdge/lib/mono/unityjit-win32'
Mono config path = 'C:/Program Files/Unity/Hub/Editor/2022.3.18f1/Editor/Data/MonoBleedingEdge/etc'
Using monoOptions --debugger-agent=transport=dt_socket,embedding=1,server=y,suspend=n,address=127.0.0.1:56832
Begin MonoManager ReloadAssembly
Registering precompiled unity dll's ...
Register platform support module: C:/Program Files/Unity/Hub/Editor/2022.3.18f1/Editor/Data/PlaybackEngines/WebGLSupport/UnityEditor.WebGL.Extensions.dll
Register platform support module: C:/Program Files/Unity/Hub/Editor/2022.3.18f1/Editor/Data/PlaybackEngines/WindowsStandaloneSupport/UnityEditor.WindowsStandalone.Extensions.dll
Registered in 0.003561 seconds.
- Loaded All Assemblies, in  0.180 seconds
Native extension for WindowsStandalone target not found
Native extension for WebGL target not found
Mono: successfully reloaded assembly
- Finished resetting the current domain, in  0.140 seconds
Domain Reload Profiling: 319ms
	BeginReloadAssembly (58ms)
		ExecutionOrderSort (0ms)
		DisableScriptedObjects (0ms)
		BackupInstance (0ms)
		ReleaseScriptingObjects (0ms)
		CreateAndSetChildDomain (0ms)
	RebuildCommonClasses (18ms)
	RebuildNativeTypeToScriptingClass (6ms)
	initialDomainReloadingComplete (28ms)
	LoadAllAssembliesAndSetupDomain (69ms)
		LoadAssemblies (57ms)
		RebuildTransferFunctionScriptingTraits (0ms)
		AnalyzeDomain (68ms)
			TypeCache.Refresh (67ms)
				TypeCache.ScanAssembly (61ms)
			ScanForSourceGeneratedMonoScriptInfo (0ms)
			ResolveRequiredComponents (0ms)
	FinalizeReload (140ms)
		ReleaseScriptCaches (0ms)
		RebuildScriptCaches (0ms)
		SetupLoadedEditorAssemblies (110ms)
			LogAssemblyErrors (0ms)
			InitializePlatformSupportModulesInManaged (5ms)
			SetLoadedEditorAssemblies (3ms)
			RefreshPlugins (0ms)
			BeforeProcessingInitializeOnLoad (1ms)
			ProcessInitializeOnLoadAttributes (77ms)
			ProcessInitializeOnLoadMethodAttributes (24ms)
			AfterProcessingInitializeOnLoad (0ms)
			EditorAssembliesLoaded (0ms)
		ExecutionOrderSort2 (0ms)
		AwakeInstancesAfterBackupRestoration (0ms)
========================================================================
Worker process is ready to serve import requests
Begin MonoManager ReloadAssembly
Symbol file LoadedFromMemory is not a mono symbol file
- Loaded All Assemblies, in  0.352 seconds
Refreshing native plugins compatible for Editor in 1.57 ms, found 3 plugins.
Native extension for WindowsStandalone target not found
Native extension for WebGL target not found
Package Manager log level set to [2]
[Package Manager] Server::EnsureServerProcessIsRunning -- launch failed, reason: Unity was launched with the -noUpm command-line argument
[Package Manager] UpmClient::Send -- Unable to send message (not connected to UPM process).
[Package Manager] Cannot connect to Unity Package Manager local server
Mono: successfully reloaded assembly
- Finished resetting the current domain, in  0.391 seconds
Domain Reload Profiling: 742ms
	BeginReloadAssembly (89ms)
		ExecutionOrderSort (0ms)
		DisableScriptedObjects (3ms)
		BackupInstance (0ms)
		ReleaseScriptingObjects (0ms)
		CreateAndSetChildDomain (15ms)
	RebuildCommonClasses (20ms)
	RebuildNativeTypeToScriptingClass (6ms)
	initialDomainReloadingComplete (22ms)
	LoadAllAssembliesAndSetupDomain (213ms)
		LoadAssemblies (159ms)
		RebuildTransferFunctionScriptingTraits (0ms)
		AnalyzeDomain (105ms)
			TypeCache.Refresh (91ms)
				TypeCache.ScanAssembly (81ms)
			ScanForSourceGeneratedMonoScriptInfo (11ms)
			ResolveRequiredComponents (2ms)
	FinalizeReload (391ms)
		ReleaseScriptCaches (0ms)
		RebuildScriptCaches (0ms)
		SetupLoadedEditorAssemblies (310ms)
			LogAssemblyErrors (0ms)
			InitializePlatformSupportModulesInManaged (4ms)
			SetLoadedEditorAssemblies (2ms)
			RefreshPlugins (0ms)
			BeforeProcessingInitializeOnLoad (33ms)
			ProcessInitializeOnLoadAttributes (253ms)
			ProcessInitializeOnLoadMethodAttributes (15ms)
			AfterProcessingInitializeOnLoad (3ms)
			EditorAssembliesLoaded (0ms)
		ExecutionOrderSort2 (0ms)
		AwakeInstancesAfterBackupRestoration (3ms)
Failed to load shader (instanceID 438, GUID e008cddabe2ee464e86c31af2b5b07c9)
Failed to load shader (instanceID 424, GUID e8f3ce2cbe4971147b1b7f04b791e52a)
Launched and connected shader compiler UnityShaderCompiler.exe after 0.03 seconds
Refreshing native plugins compatible for Editor in 1.49 ms, found 3 plugins.
Preloading 0 native plugins for Editor in 0.00 ms.
Unloading 3729 Unused Serialized files (Serialized files now loaded: 0)
Unloading 35 unused Assets / (59.3 KB). Loaded Objects now: 4220.
Memory consumption went from 154.2 MB to 154.2 MB.
Total: 2.548600 ms (FindLiveObjects: 0.198000 ms CreateObjectMapping: 0.059100 ms MarkObjects: 2.212100 ms  DeleteObjects: 0.078800 ms)

AssetImportParameters requested are different than current active one (requested -> active):
  custom:container-demuxer-ogg: 62fdf1f143b41e24485cea50d1cbac27 -> 
  custom:video-codec-MediaFoundation-h265: 746d11721c4dcdbdad8f713fa42b33f4 -> 
  custom:video-decoder-ogg-theora: a1e56fd34408186e4bbccfd4996cb3dc -> 
  custom:scripting/monoscript/fileName/PlayerHoverController.cs: 7c3b24e6003bfc3753fe4dcd628b63d3 -> 
  custom:framework-win-MediaFoundation: 216162199b28c13a410421893ffa2e32 -> 
  custom:scripting/monoscript/fileName/Camera2DFollow.cs: 36d4332d4c2ffe3b416bc2a4e8365925 -> 
  custom:scripting/monoscript/fileName/SplatMapGenerator.cs: 978523f7220bcfbfe4e97dde54f01a88 -> 
  custom:CustomObjectIndexerAttribute: 6d391050e5a25f67b0a2c618074f2cd9 -> 
  custom:scripting/monoscript/fileName/SimpleSmoothMouseLook.cs: cff7259a09eaa180476819b446c45906 -> 
  custom:container-demuxer-webm: 4f35f7cbe854078d1ac9338744f61a02 -> 
  custom:scripting/monoscript/fileName/ForceGrassDistanceInEditor.cs: c02d90dd62271f0368ce2fc0457cb68c -> 
  custom:container-muxer-webm: aa71ff27fc2769a1b78a27578f13a17b -> 
  custom:scripting/monoscript/fileName/PlaceOnSurfaceAtStart.cs: 6425012b1be9be14fc1a64db64d75783 -> 
  custom:video-decoder-webm-vp8: 9c59270c3fd7afecdb556c50c9e8de78 -> 
  custom:scripting/monoscript/fileName/CircleMoverSample.cs: abdbac9546c68b758ba1e8d085187f86 -> 
  custom:scripting/monoscript/fileName/SpawnInArea.cs: d58f698a91ea9cb4b48b0bb3ab224695 -> 
  custom:scripting/monoscript/fileName/TreeExplosion.cs: ff76bbd7bd3d2bad80b109a5f521d638 -> 
  custom:SearchIndexIgnoredProperties: e643bd26f0fe6173181afceb89e7c659 -> 
  custom:AudioImporter_EditorPlatform: d09bf68614088b80899f8185d706f6e7 -> 
  custom:scripting/monoscript/fileName/TerrainTools.cs: 0a67150dc84c7f556953f508bb42ee41 -> 
  custom:scripting/monoscript/fileName/TerrainQualitySettings.cs: 97d80f5eabf04f6efb29519e09b7914e -> 
  custom:scripting/monoscript/fileName/RandomObjectMap.cs: c5c361040658a3dbeb1ecde31a0ba042 -> 
  custom:video-encoder-webm-vp8: eb34c28f22e8b96e1ab97ce403110664 -> 
  custom:scripting/monoscript/fileName/TTTools2D.cs: 938225aaf3ff01b2de05233ebd91ba4b -> 
  custom:audio-decoder-ogg-vorbis: bf7c407c2cedff20999df2af8eb42d56 -> 
  custom:scripting/monoscript/fileName/PlaceOnTerrain.cs: 16680a467d31626be1291a9d1cb5e268 -> 
  custom:scripting/monoscript/fileName/IncrementalSplatmapping.cs: 4c2306b73b507e70f0971eb6fe596f3e -> 
  custom:scripting/monoscript/fileName/ClearWaterLevel.cs: 63b8059750396ec04cedbc48fec03d0d -> 
  custom:audio-encoder-webm-vorbis: bf7c407c2cedff20999df2af8eb42d56 -> 
  custom:scripting/monoscript/fileName/KeepOnSurface.cs: b5186260965dd31cfcb27dea430d35ae -> 
========================================================================
Received Prepare
Begin MonoManager ReloadAssembly
Symbol file LoadedFromMemory is not a mono symbol file
- Loaded All Assemblies, in  0.253 seconds
Refreshing native plugins compatible for Editor in 2.33 ms, found 3 plugins.
Native extension for WindowsStandalone target not found
Native extension for WebGL target not found
[Package Manager] Server::EnsureServerProcessIsRunning -- launch failed, reason: Unity was launched with the -noUpm command-line argument
[Package Manager] UpmClient::Send -- Unable to send message (not connected to UPM process).
[Package Manager] Cannot connect to Unity Package Manager local server
Mono: successfully reloaded assembly
- Finished resetting the current domain, in  0.649 seconds
Domain Reload Profiling: 901ms
	BeginReloadAssembly (93ms)
		ExecutionOrderSort (0ms)
		DisableScriptedObjects (3ms)
		BackupInstance (0ms)
		ReleaseScriptingObjects (0ms)
		CreateAndSetChildDomain (25ms)
	RebuildCommonClasses (19ms)
	RebuildNativeTypeToScriptingClass (8ms)
	initialDomainReloadingComplete (16ms)
	LoadAllAssembliesAndSetupDomain (117ms)
		LoadAssemblies (152ms)
		RebuildTransferFunctionScriptingTraits (0ms)
		AnalyzeDomain (8ms)
			TypeCache.Refresh (4ms)
				TypeCache.ScanAssembly (0ms)
			ScanForSourceGeneratedMonoScriptInfo (0ms)
			ResolveRequiredComponents (3ms)
	FinalizeReload (649ms)
		ReleaseScriptCaches (0ms)
		RebuildScriptCaches (0ms)
		SetupLoadedEditorAssemblies (358ms)
			LogAssemblyErrors (0ms)
			InitializePlatformSupportModulesInManaged (4ms)
			SetLoadedEditorAssemblies (2ms)
			RefreshPlugins (0ms)
			BeforeProcessingInitializeOnLoad (41ms)
			ProcessInitializeOnLoadAttributes (288ms)
			ProcessInitializeOnLoadMethodAttributes (19ms)
			AfterProcessingInitializeOnLoad (3ms)
			EditorAssembliesLoaded (0ms)
		ExecutionOrderSort2 (0ms)
		AwakeInstancesAfterBackupRestoration (5ms)
Failed to load shader (instanceID 438, GUID e008cddabe2ee464e86c31af2b5b07c9)
Failed to load shader (instanceID 424, GUID e8f3ce2cbe4971147b1b7f04b791e52a)
Refreshing native plugins compatible for Editor in 1.98 ms, found 3 plugins.
Preloading 0 native plugins for Editor in 0.00 ms.
Unloading 3708 Unused Serialized files (Serialized files now loaded: 0)
Unloading 26 unused Assets / (32.6 KB). Loaded Objects now: 4223.
Memory consumption went from 151.6 MB to 151.5 MB.
Total: 2.514900 ms (FindLiveObjects: 0.274700 ms CreateObjectMapping: 0.053600 ms MarkObjects: 2.147600 ms  DeleteObjects: 0.038200 ms)

Prepare: number of updated asset objects reloaded= 0
AssetImportParameters requested are different than current active one (requested -> active):
  custom:container-demuxer-ogg: 62fdf1f143b41e24485cea50d1cbac27 -> 
  custom:video-codec-MediaFoundation-h265: 746d11721c4dcdbdad8f713fa42b33f4 -> 
  custom:video-decoder-ogg-theora: a1e56fd34408186e4bbccfd4996cb3dc -> 
  custom:scripting/monoscript/fileName/PlayerHoverController.cs: 7c3b24e6003bfc3753fe4dcd628b63d3 -> 
  custom:framework-win-MediaFoundation: 216162199b28c13a410421893ffa2e32 -> 
  custom:scripting/monoscript/fileName/Camera2DFollow.cs: 36d4332d4c2ffe3b416bc2a4e8365925 -> 
  custom:scripting/monoscript/fileName/SplatMapGenerator.cs: 978523f7220bcfbfe4e97dde54f01a88 -> 
  custom:CustomObjectIndexerAttribute: 6d391050e5a25f67b0a2c618074f2cd9 -> 
  custom:scripting/monoscript/fileName/SimpleSmoothMouseLook.cs: cff7259a09eaa180476819b446c45906 -> 
  custom:container-demuxer-webm: 4f35f7cbe854078d1ac9338744f61a02 -> 
  custom:scripting/monoscript/fileName/ForceGrassDistanceInEditor.cs: c02d90dd62271f0368ce2fc0457cb68c -> 
  custom:container-muxer-webm: aa71ff27fc2769a1b78a27578f13a17b -> 
  custom:scripting/monoscript/fileName/PlaceOnSurfaceAtStart.cs: 6425012b1be9be14fc1a64db64d75783 -> 
  custom:video-decoder-webm-vp8: 9c59270c3fd7afecdb556c50c9e8de78 -> 
  custom:scripting/monoscript/fileName/CircleMoverSample.cs: abdbac9546c68b758ba1e8d085187f86 -> 
  custom:scripting/monoscript/fileName/SpawnInArea.cs: d58f698a91ea9cb4b48b0bb3ab224695 -> 
  custom:scripting/monoscript/fileName/TreeExplosion.cs: ff76bbd7bd3d2bad80b109a5f521d638 -> 
  custom:SearchIndexIgnoredProperties: e643bd26f0fe6173181afceb89e7c659 -> 
  custom:AudioImporter_EditorPlatform: d09bf68614088b80899f8185d706f6e7 -> 
  custom:scripting/monoscript/fileName/TerrainTools.cs: 0a67150dc84c7f556953f508bb42ee41 -> 
  custom:scripting/monoscript/fileName/TerrainQualitySettings.cs: 97d80f5eabf04f6efb29519e09b7914e -> 
  custom:scripting/monoscript/fileName/RandomObjectMap.cs: c5c361040658a3dbeb1ecde31a0ba042 -> 
  custom:video-encoder-webm-vp8: eb34c28f22e8b96e1ab97ce403110664 -> 
  custom:scripting/monoscript/fileName/TTTools2D.cs: 938225aaf3ff01b2de05233ebd91ba4b -> 
  custom:audio-decoder-ogg-vorbis: bf7c407c2cedff20999df2af8eb42d56 -> 
  custom:scripting/monoscript/fileName/PlaceOnTerrain.cs: 16680a467d31626be1291a9d1cb5e268 -> 
  custom:scripting/monoscript/fileName/IncrementalSplatmapping.cs: 4c2306b73b507e70f0971eb6fe596f3e -> 
  custom:scripting/monoscript/fileName/ClearWaterLevel.cs: 63b8059750396ec04cedbc48fec03d0d -> 
  custom:audio-encoder-webm-vorbis: bf7c407c2cedff20999df2af8eb42d56 -> 
  custom:scripting/monoscript/fileName/KeepOnSurface.cs: b5186260965dd31cfcb27dea430d35ae -> 
========================================================================
Received Prepare
Begin MonoManager ReloadAssembly
Symbol file LoadedFromMemory is not a mono symbol file
- Loaded All Assemblies, in  0.248 seconds
Refreshing native plugins compatible for Editor in 1.55 ms, found 3 plugins.
Native extension for WindowsStandalone target not found
Native extension for WebGL target not found
[Package Manager] Server::EnsureServerProcessIsRunning -- launch failed, reason: Unity was launched with the -noUpm command-line argument
[Package Manager] UpmClient::Send -- Unable to send message (not connected to UPM process).
[Package Manager] Cannot connect to Unity Package Manager local server
Mono: successfully reloaded assembly
- Finished resetting the current domain, in  0.656 seconds
Domain Reload Profiling: 903ms
	BeginReloadAssembly (93ms)
		ExecutionOrderSort (0ms)
		DisableScriptedObjects (3ms)
		BackupInstance (0ms)
		ReleaseScriptingObjects (0ms)
		CreateAndSetChildDomain (23ms)
	RebuildCommonClasses (17ms)
	RebuildNativeTypeToScriptingClass (6ms)
	initialDomainReloadingComplete (16ms)
	LoadAllAssembliesAndSetupDomain (115ms)
		LoadAssemblies (153ms)
		RebuildTransferFunctionScriptingTraits (0ms)
		AnalyzeDomain (8ms)
			TypeCache.Refresh (3ms)
				TypeCache.ScanAssembly (0ms)
			ScanForSourceGeneratedMonoScriptInfo (0ms)
			ResolveRequiredComponents (3ms)
	FinalizeReload (656ms)
		ReleaseScriptCaches (0ms)
		RebuildScriptCaches (0ms)
		SetupLoadedEditorAssemblies (354ms)
			LogAssemblyErrors (0ms)
			InitializePlatformSupportModulesInManaged (5ms)
			SetLoadedEditorAssemblies (2ms)
			RefreshPlugins (0ms)
			BeforeProcessingInitializeOnLoad (44ms)
			ProcessInitializeOnLoadAttributes (281ms)
			ProcessInitializeOnLoadMethodAttributes (18ms)
			AfterProcessingInitializeOnLoad (4ms)
			EditorAssembliesLoaded (0ms)
		ExecutionOrderSort2 (0ms)
		AwakeInstancesAfterBackupRestoration (4ms)
Failed to load shader (instanceID 438, GUID e008cddabe2ee464e86c31af2b5b07c9)
Failed to load shader (instanceID 424, GUID e8f3ce2cbe4971147b1b7f04b791e52a)
Refreshing native plugins compatible for Editor in 1.97 ms, found 3 plugins.
Preloading 0 native plugins for Editor in 0.00 ms.
Unloading 3708 Unused Serialized files (Serialized files now loaded: 0)
Unloading 26 unused Assets / (32.7 KB). Loaded Objects now: 4226.
Memory consumption went from 153.5 MB to 153.5 MB.
Total: 2.194600 ms (FindLiveObjects: 0.224400 ms CreateObjectMapping: 0.048400 ms MarkObjects: 1.884200 ms  DeleteObjects: 0.037200 ms)

Prepare: number of updated asset objects reloaded= 0
AssetImportParameters requested are different than current active one (requested -> active):
  custom:container-demuxer-ogg: 62fdf1f143b41e24485cea50d1cbac27 -> 
  custom:video-codec-MediaFoundation-h265: 746d11721c4dcdbdad8f713fa42b33f4 -> 
  custom:video-decoder-ogg-theora: a1e56fd34408186e4bbccfd4996cb3dc -> 
  custom:scripting/monoscript/fileName/PlayerHoverController.cs: 7c3b24e6003bfc3753fe4dcd628b63d3 -> 
  custom:framework-win-MediaFoundation: 216162199b28c13a410421893ffa2e32 -> 
  custom:scripting/monoscript/fileName/Camera2DFollow.cs: 36d4332d4c2ffe3b416bc2a4e8365925 -> 
  custom:scripting/monoscript/fileName/SplatMapGenerator.cs: 978523f7220bcfbfe4e97dde54f01a88 -> 
  custom:CustomObjectIndexerAttribute: 6d391050e5a25f67b0a2c618074f2cd9 -> 
  custom:scripting/monoscript/fileName/SimpleSmoothMouseLook.cs: cff7259a09eaa180476819b446c45906 -> 
  custom:container-demuxer-webm: 4f35f7cbe854078d1ac9338744f61a02 -> 
  custom:scripting/monoscript/fileName/ForceGrassDistanceInEditor.cs: c02d90dd62271f0368ce2fc0457cb68c -> 
  custom:container-muxer-webm: aa71ff27fc2769a1b78a27578f13a17b -> 
  custom:scripting/monoscript/fileName/PlaceOnSurfaceAtStart.cs: 6425012b1be9be14fc1a64db64d75783 -> 
  custom:video-decoder-webm-vp8: 9c59270c3fd7afecdb556c50c9e8de78 -> 
  custom:scripting/monoscript/fileName/CircleMoverSample.cs: abdbac9546c68b758ba1e8d085187f86 -> 
  custom:scripting/monoscript/fileName/SpawnInArea.cs: d58f698a91ea9cb4b48b0bb3ab224695 -> 
  custom:scripting/monoscript/fileName/TreeExplosion.cs: ff76bbd7bd3d2bad80b109a5f521d638 -> 
  custom:SearchIndexIgnoredProperties: e643bd26f0fe6173181afceb89e7c659 -> 
  custom:AudioImporter_EditorPlatform: d09bf68614088b80899f8185d706f6e7 -> 
  custom:scripting/monoscript/fileName/TerrainTools.cs: 0a67150dc84c7f556953f508bb42ee41 -> 
  custom:scripting/monoscript/fileName/TerrainQualitySettings.cs: 97d80f5eabf04f6efb29519e09b7914e -> 
  custom:scripting/monoscript/fileName/RandomObjectMap.cs: c5c361040658a3dbeb1ecde31a0ba042 -> 
  custom:video-encoder-webm-vp8: eb34c28f22e8b96e1ab97ce403110664 -> 
  custom:scripting/monoscript/fileName/TTTools2D.cs: 938225aaf3ff01b2de05233ebd91ba4b -> 
  custom:audio-decoder-ogg-vorbis: bf7c407c2cedff20999df2af8eb42d56 -> 
  custom:scripting/monoscript/fileName/PlaceOnTerrain.cs: 16680a467d31626be1291a9d1cb5e268 -> 
  custom:scripting/monoscript/fileName/IncrementalSplatmapping.cs: 4c2306b73b507e70f0971eb6fe596f3e -> 
  custom:scripting/monoscript/fileName/ClearWaterLevel.cs: 63b8059750396ec04cedbc48fec03d0d -> 
  custom:audio-encoder-webm-vorbis: bf7c407c2cedff20999df2af8eb42d56 -> 
  custom:scripting/monoscript/fileName/KeepOnSurface.cs: b5186260965dd31cfcb27dea430d35ae -> 
========================================================================
Received Prepare
Begin MonoManager ReloadAssembly
Symbol file LoadedFromMemory is not a mono symbol file
- Loaded All Assemblies, in  0.257 seconds
Refreshing native plugins compatible for Editor in 2.24 ms, found 3 plugins.
Native extension for WindowsStandalone target not found
Native extension for WebGL target not found
[Package Manager] Server::EnsureServerProcessIsRunning -- launch failed, reason: Unity was launched with the -noUpm command-line argument
[Package Manager] UpmClient::Send -- Unable to send message (not connected to UPM process).
[Package Manager] Cannot connect to Unity Package Manager local server
Mono: successfully reloaded assembly
- Finished resetting the current domain, in  0.673 seconds
Domain Reload Profiling: 930ms
	BeginReloadAssembly (102ms)
		ExecutionOrderSort (0ms)
		DisableScriptedObjects (2ms)
		BackupInstance (0ms)
		ReleaseScriptingObjects (0ms)
		CreateAndSetChildDomain (29ms)
	RebuildCommonClasses (17ms)
	RebuildNativeTypeToScriptingClass (6ms)
	initialDomainReloadingComplete (15ms)
	LoadAllAssembliesAndSetupDomain (116ms)
		LoadAssemblies (157ms)
		RebuildTransferFunctionScriptingTraits (0ms)
		AnalyzeDomain (7ms)
			TypeCache.Refresh (3ms)
				TypeCache.ScanAssembly (0ms)
			ScanForSourceGeneratedMonoScriptInfo (0ms)
			ResolveRequiredComponents (2ms)
	FinalizeReload (674ms)
		ReleaseScriptCaches (0ms)
		RebuildScriptCaches (0ms)
		SetupLoadedEditorAssemblies (361ms)
			LogAssemblyErrors (0ms)
			InitializePlatformSupportModulesInManaged (4ms)
			SetLoadedEditorAssemblies (2ms)
			RefreshPlugins (0ms)
			BeforeProcessingInitializeOnLoad (45ms)
			ProcessInitializeOnLoadAttributes (287ms)
			ProcessInitializeOnLoadMethodAttributes (19ms)
			AfterProcessingInitializeOnLoad (3ms)
			EditorAssembliesLoaded (0ms)
		ExecutionOrderSort2 (0ms)
		AwakeInstancesAfterBackupRestoration (5ms)
Failed to load shader (instanceID 438, GUID e008cddabe2ee464e86c31af2b5b07c9)
Failed to load shader (instanceID 424, GUID e8f3ce2cbe4971147b1b7f04b791e52a)
Refreshing native plugins compatible for Editor in 2.16 ms, found 3 plugins.
Preloading 0 native plugins for Editor in 0.00 ms.
Unloading 3708 Unused Serialized files (Serialized files now loaded: 0)
Unloading 26 unused Assets / (32.7 KB). Loaded Objects now: 4229.
Memory consumption went from 155.4 MB to 155.4 MB.
Total: 2.298100 ms (FindLiveObjects: 0.210000 ms CreateObjectMapping: 0.049200 ms MarkObjects: 1.989900 ms  DeleteObjects: 0.048300 ms)

Prepare: number of updated asset objects reloaded= 0
AssetImportParameters requested are different than current active one (requested -> active):
  custom:container-demuxer-ogg: 62fdf1f143b41e24485cea50d1cbac27 -> 
  custom:video-codec-MediaFoundation-h265: 746d11721c4dcdbdad8f713fa42b33f4 -> 
  custom:video-decoder-ogg-theora: a1e56fd34408186e4bbccfd4996cb3dc -> 
  custom:scripting/monoscript/fileName/PlayerHoverController.cs: 7c3b24e6003bfc3753fe4dcd628b63d3 -> 
  custom:framework-win-MediaFoundation: 216162199b28c13a410421893ffa2e32 -> 
  custom:scripting/monoscript/fileName/Camera2DFollow.cs: 36d4332d4c2ffe3b416bc2a4e8365925 -> 
  custom:scripting/monoscript/fileName/SplatMapGenerator.cs: 978523f7220bcfbfe4e97dde54f01a88 -> 
  custom:CustomObjectIndexerAttribute: 6d391050e5a25f67b0a2c618074f2cd9 -> 
  custom:scripting/monoscript/fileName/SimpleSmoothMouseLook.cs: cff7259a09eaa180476819b446c45906 -> 
  custom:container-demuxer-webm: 4f35f7cbe854078d1ac9338744f61a02 -> 
  custom:scripting/monoscript/fileName/ForceGrassDistanceInEditor.cs: c02d90dd62271f0368ce2fc0457cb68c -> 
  custom:container-muxer-webm: aa71ff27fc2769a1b78a27578f13a17b -> 
  custom:scripting/monoscript/fileName/PlaceOnSurfaceAtStart.cs: 6425012b1be9be14fc1a64db64d75783 -> 
  custom:video-decoder-webm-vp8: 9c59270c3fd7afecdb556c50c9e8de78 -> 
  custom:scripting/monoscript/fileName/CircleMoverSample.cs: abdbac9546c68b758ba1e8d085187f86 -> 
  custom:scripting/monoscript/fileName/SpawnInArea.cs: d58f698a91ea9cb4b48b0bb3ab224695 -> 
  custom:scripting/monoscript/fileName/TreeExplosion.cs: ff76bbd7bd3d2bad80b109a5f521d638 -> 
  custom:SearchIndexIgnoredProperties: e643bd26f0fe6173181afceb89e7c659 -> 
  custom:AudioImporter_EditorPlatform: d09bf68614088b80899f8185d706f6e7 -> 
  custom:scripting/monoscript/fileName/TerrainTools.cs: 0a67150dc84c7f556953f508bb42ee41 -> 
  custom:scripting/monoscript/fileName/TerrainQualitySettings.cs: 97d80f5eabf04f6efb29519e09b7914e -> 
  custom:scripting/monoscript/fileName/RandomObjectMap.cs: c5c361040658a3dbeb1ecde31a0ba042 -> 
  custom:video-encoder-webm-vp8: eb34c28f22e8b96e1ab97ce403110664 -> 
  custom:scripting/monoscript/fileName/TTTools2D.cs: 938225aaf3ff01b2de05233ebd91ba4b -> 
  custom:audio-decoder-ogg-vorbis: bf7c407c2cedff20999df2af8eb42d56 -> 
  custom:scripting/monoscript/fileName/PlaceOnTerrain.cs: 16680a467d31626be1291a9d1cb5e268 -> 
  custom:scripting/monoscript/fileName/IncrementalSplatmapping.cs: 4c2306b73b507e70f0971eb6fe596f3e -> 
  custom:scripting/monoscript/fileName/ClearWaterLevel.cs: 63b8059750396ec04cedbc48fec03d0d -> 
  custom:audio-encoder-webm-vorbis: bf7c407c2cedff20999df2af8eb42d56 -> 
  custom:scripting/monoscript/fileName/KeepOnSurface.cs: b5186260965dd31cfcb27dea430d35ae -> 
========================================================================
Received Prepare
Begin MonoManager ReloadAssembly
Symbol file LoadedFromMemory is not a mono symbol file
- Loaded All Assemblies, in  0.258 seconds
Refreshing native plugins compatible for Editor in 1.87 ms, found 3 plugins.
Native extension for WindowsStandalone target not found
Native extension for WebGL target not found
[Package Manager] Server::EnsureServerProcessIsRunning -- launch failed, reason: Unity was launched with the -noUpm command-line argument
[Package Manager] UpmClient::Send -- Unable to send message (not connected to UPM process).
[Package Manager] Cannot connect to Unity Package Manager local server
Mono: successfully reloaded assembly
- Finished resetting the current domain, in  0.647 seconds
Domain Reload Profiling: 904ms
	BeginReloadAssembly (102ms)
		ExecutionOrderSort (0ms)
		DisableScriptedObjects (4ms)
		BackupInstance (0ms)
		ReleaseScriptingObjects (0ms)
		CreateAndSetChildDomain (27ms)
	RebuildCommonClasses (20ms)
	RebuildNativeTypeToScriptingClass (6ms)
	initialDomainReloadingComplete (14ms)
	LoadAllAssembliesAndSetupDomain (115ms)
		LoadAssemblies (155ms)
		RebuildTransferFunctionScriptingTraits (0ms)
		AnalyzeDomain (8ms)
			TypeCache.Refresh (3ms)
				TypeCache.ScanAssembly (0ms)
			ScanForSourceGeneratedMonoScriptInfo (0ms)
			ResolveRequiredComponents (4ms)
	FinalizeReload (647ms)
		ReleaseScriptCaches (0ms)
		RebuildScriptCaches (0ms)
		SetupLoadedEditorAssemblies (357ms)
			LogAssemblyErrors (0ms)
			InitializePlatformSupportModulesInManaged (5ms)
			SetLoadedEditorAssemblies (2ms)
			RefreshPlugins (0ms)
			BeforeProcessingInitializeOnLoad (41ms)
			ProcessInitializeOnLoadAttributes (288ms)
			ProcessInitializeOnLoadMethodAttributes (17ms)
			AfterProcessingInitializeOnLoad (3ms)
			EditorAssembliesLoaded (0ms)
		ExecutionOrderSort2 (0ms)
		AwakeInstancesAfterBackupRestoration (5ms)
Failed to load shader (instanceID 438, GUID e008cddabe2ee464e86c31af2b5b07c9)
Failed to load shader (instanceID 424, GUID e8f3ce2cbe4971147b1b7f04b791e52a)
Refreshing native plugins compatible for Editor in 1.87 ms, found 3 plugins.
Preloading 0 native plugins for Editor in 0.00 ms.
Unloading 3708 Unused Serialized files (Serialized files now loaded: 0)
Unloading 26 unused Assets / (32.7 KB). Loaded Objects now: 4232.
Memory consumption went from 157.4 MB to 157.4 MB.
Total: 2.589800 ms (FindLiveObjects: 0.212300 ms CreateObjectMapping: 0.083700 ms MarkObjects: 2.251100 ms  DeleteObjects: 0.042200 ms)

Prepare: number of updated asset objects reloaded= 0
AssetImportParameters requested are different than current active one (requested -> active):
  custom:container-demuxer-ogg: 62fdf1f143b41e24485cea50d1cbac27 -> 
  custom:video-codec-MediaFoundation-h265: 746d11721c4dcdbdad8f713fa42b33f4 -> 
  custom:video-decoder-ogg-theora: a1e56fd34408186e4bbccfd4996cb3dc -> 
  custom:scripting/monoscript/fileName/PlayerHoverController.cs: 7c3b24e6003bfc3753fe4dcd628b63d3 -> 
  custom:framework-win-MediaFoundation: 216162199b28c13a410421893ffa2e32 -> 
  custom:scripting/monoscript/fileName/Camera2DFollow.cs: 36d4332d4c2ffe3b416bc2a4e8365925 -> 
  custom:scripting/monoscript/fileName/SplatMapGenerator.cs: 978523f7220bcfbfe4e97dde54f01a88 -> 
  custom:CustomObjectIndexerAttribute: 6d391050e5a25f67b0a2c618074f2cd9 -> 
  custom:scripting/monoscript/fileName/SimpleSmoothMouseLook.cs: cff7259a09eaa180476819b446c45906 -> 
  custom:container-demuxer-webm: 4f35f7cbe854078d1ac9338744f61a02 -> 
  custom:scripting/monoscript/fileName/ForceGrassDistanceInEditor.cs: c02d90dd62271f0368ce2fc0457cb68c -> 
  custom:container-muxer-webm: aa71ff27fc2769a1b78a27578f13a17b -> 
  custom:scripting/monoscript/fileName/PlaceOnSurfaceAtStart.cs: 6425012b1be9be14fc1a64db64d75783 -> 
  custom:video-decoder-webm-vp8: 9c59270c3fd7afecdb556c50c9e8de78 -> 
  custom:scripting/monoscript/fileName/CircleMoverSample.cs: abdbac9546c68b758ba1e8d085187f86 -> 
  custom:scripting/monoscript/fileName/SpawnInArea.cs: d58f698a91ea9cb4b48b0bb3ab224695 -> 
  custom:scripting/monoscript/fileName/TreeExplosion.cs: ff76bbd7bd3d2bad80b109a5f521d638 -> 
  custom:SearchIndexIgnoredProperties: e643bd26f0fe6173181afceb89e7c659 -> 
  custom:AudioImporter_EditorPlatform: d09bf68614088b80899f8185d706f6e7 -> 
  custom:scripting/monoscript/fileName/TerrainTools.cs: 0a67150dc84c7f556953f508bb42ee41 -> 
  custom:scripting/monoscript/fileName/TerrainQualitySettings.cs: 97d80f5eabf04f6efb29519e09b7914e -> 
  custom:scripting/monoscript/fileName/RandomObjectMap.cs: c5c361040658a3dbeb1ecde31a0ba042 -> 
  custom:video-encoder-webm-vp8: eb34c28f22e8b96e1ab97ce403110664 -> 
  custom:scripting/monoscript/fileName/TTTools2D.cs: 938225aaf3ff01b2de05233ebd91ba4b -> 
  custom:audio-decoder-ogg-vorbis: bf7c407c2cedff20999df2af8eb42d56 -> 
  custom:scripting/monoscript/fileName/PlaceOnTerrain.cs: 16680a467d31626be1291a9d1cb5e268 -> 
  custom:scripting/monoscript/fileName/IncrementalSplatmapping.cs: 4c2306b73b507e70f0971eb6fe596f3e -> 
  custom:scripting/monoscript/fileName/ClearWaterLevel.cs: 63b8059750396ec04cedbc48fec03d0d -> 
  custom:audio-encoder-webm-vorbis: bf7c407c2cedff20999df2af8eb42d56 -> 
  custom:scripting/monoscript/fileName/KeepOnSurface.cs: b5186260965dd31cfcb27dea430d35ae -> 
========================================================================
Received Prepare
Begin MonoManager ReloadAssembly
Symbol file LoadedFromMemory is not a mono symbol file
- Loaded All Assemblies, in  0.259 seconds
Refreshing native plugins compatible for Editor in 1.63 ms, found 3 plugins.
Native extension for WindowsStandalone target not found
Native extension for WebGL target not found
[Package Manager] Server::EnsureServerProcessIsRunning -- launch failed, reason: Unity was launched with the -noUpm command-line argument
[Package Manager] UpmClient::Send -- Unable to send message (not connected to UPM process).
[Package Manager] Cannot connect to Unity Package Manager local server
Mono: successfully reloaded assembly
- Finished resetting the current domain, in  0.649 seconds
Domain Reload Profiling: 907ms
	BeginReloadAssembly (102ms)
		ExecutionOrderSort (0ms)
		DisableScriptedObjects (2ms)
		BackupInstance (0ms)
		ReleaseScriptingObjects (0ms)
		CreateAndSetChildDomain (25ms)
	RebuildCommonClasses (18ms)
	RebuildNativeTypeToScriptingClass (6ms)
	initialDomainReloadingComplete (15ms)
	LoadAllAssembliesAndSetupDomain (116ms)
		LoadAssemblies (162ms)
		RebuildTransferFunctionScriptingTraits (0ms)
		AnalyzeDomain (7ms)
			TypeCache.Refresh (3ms)
				TypeCache.ScanAssembly (0ms)
			ScanForSourceGeneratedMonoScriptInfo (0ms)
			ResolveRequiredComponents (2ms)
	FinalizeReload (649ms)
		ReleaseScriptCaches (0ms)
		RebuildScriptCaches (0ms)
		SetupLoadedEditorAssemblies (352ms)
			LogAssemblyErrors (0ms)
			InitializePlatformSupportModulesInManaged (5ms)
			SetLoadedEditorAssemblies (2ms)
			RefreshPlugins (0ms)
			BeforeProcessingInitializeOnLoad (40ms)
			ProcessInitializeOnLoadAttributes (283ms)
			ProcessInitializeOnLoadMethodAttributes (18ms)
			AfterProcessingInitializeOnLoad (3ms)
			EditorAssembliesLoaded (0ms)
		ExecutionOrderSort2 (0ms)
		AwakeInstancesAfterBackupRestoration (5ms)
Failed to load shader (instanceID 438, GUID e008cddabe2ee464e86c31af2b5b07c9)
Failed to load shader (instanceID 424, GUID e8f3ce2cbe4971147b1b7f04b791e52a)
Refreshing native plugins compatible for Editor in 1.75 ms, found 3 plugins.
Preloading 0 native plugins for Editor in 0.00 ms.
Unloading 3708 Unused Serialized files (Serialized files now loaded: 0)
Unloading 26 unused Assets / (32.7 KB). Loaded Objects now: 4235.
Memory consumption went from 159.3 MB to 159.3 MB.
Total: 2.326600 ms (FindLiveObjects: 0.224700 ms CreateObjectMapping: 0.060100 ms MarkObjects: 2.000700 ms  DeleteObjects: 0.040700 ms)

Prepare: number of updated asset objects reloaded= 0
AssetImportParameters requested are different than current active one (requested -> active):
  custom:container-demuxer-ogg: 62fdf1f143b41e24485cea50d1cbac27 -> 
  custom:video-codec-MediaFoundation-h265: 746d11721c4dcdbdad8f713fa42b33f4 -> 
  custom:video-decoder-ogg-theora: a1e56fd34408186e4bbccfd4996cb3dc -> 
  custom:scripting/monoscript/fileName/PlayerHoverController.cs: 7c3b24e6003bfc3753fe4dcd628b63d3 -> 
  custom:framework-win-MediaFoundation: 216162199b28c13a410421893ffa2e32 -> 
  custom:scripting/monoscript/fileName/Camera2DFollow.cs: 36d4332d4c2ffe3b416bc2a4e8365925 -> 
  custom:scripting/monoscript/fileName/SplatMapGenerator.cs: 978523f7220bcfbfe4e97dde54f01a88 -> 
  custom:CustomObjectIndexerAttribute: 6d391050e5a25f67b0a2c618074f2cd9 -> 
  custom:scripting/monoscript/fileName/SimpleSmoothMouseLook.cs: cff7259a09eaa180476819b446c45906 -> 
  custom:container-demuxer-webm: 4f35f7cbe854078d1ac9338744f61a02 -> 
  custom:scripting/monoscript/fileName/ForceGrassDistanceInEditor.cs: c02d90dd62271f0368ce2fc0457cb68c -> 
  custom:container-muxer-webm: aa71ff27fc2769a1b78a27578f13a17b -> 
  custom:scripting/monoscript/fileName/PlaceOnSurfaceAtStart.cs: 6425012b1be9be14fc1a64db64d75783 -> 
  custom:video-decoder-webm-vp8: 9c59270c3fd7afecdb556c50c9e8de78 -> 
  custom:scripting/monoscript/fileName/CircleMoverSample.cs: abdbac9546c68b758ba1e8d085187f86 -> 
  custom:scripting/monoscript/fileName/SpawnInArea.cs: d58f698a91ea9cb4b48b0bb3ab224695 -> 
  custom:scripting/monoscript/fileName/TreeExplosion.cs: ff76bbd7bd3d2bad80b109a5f521d638 -> 
  custom:SearchIndexIgnoredProperties: e643bd26f0fe6173181afceb89e7c659 -> 
  custom:AudioImporter_EditorPlatform: d09bf68614088b80899f8185d706f6e7 -> 
  custom:scripting/monoscript/fileName/TerrainTools.cs: 0a67150dc84c7f556953f508bb42ee41 -> 
  custom:scripting/monoscript/fileName/TerrainQualitySettings.cs: 97d80f5eabf04f6efb29519e09b7914e -> 
  custom:scripting/monoscript/fileName/RandomObjectMap.cs: c5c361040658a3dbeb1ecde31a0ba042 -> 
  custom:video-encoder-webm-vp8: eb34c28f22e8b96e1ab97ce403110664 -> 
  custom:scripting/monoscript/fileName/TTTools2D.cs: 938225aaf3ff01b2de05233ebd91ba4b -> 
  custom:audio-decoder-ogg-vorbis: bf7c407c2cedff20999df2af8eb42d56 -> 
  custom:scripting/monoscript/fileName/PlaceOnTerrain.cs: 16680a467d31626be1291a9d1cb5e268 -> 
  custom:scripting/monoscript/fileName/IncrementalSplatmapping.cs: 4c2306b73b507e70f0971eb6fe596f3e -> 
  custom:scripting/monoscript/fileName/ClearWaterLevel.cs: 63b8059750396ec04cedbc48fec03d0d -> 
  custom:audio-encoder-webm-vorbis: bf7c407c2cedff20999df2af8eb42d56 -> 
  custom:scripting/monoscript/fileName/KeepOnSurface.cs: b5186260965dd31cfcb27dea430d35ae -> 
========================================================================
Received Prepare
Begin MonoManager ReloadAssembly
Symbol file LoadedFromMemory is not a mono symbol file
- Loaded All Assemblies, in  0.262 seconds
Refreshing native plugins compatible for Editor in 1.79 ms, found 3 plugins.
Native extension for WindowsStandalone target not found
Native extension for WebGL target not found
[Package Manager] Server::EnsureServerProcessIsRunning -- launch failed, reason: Unity was launched with the -noUpm command-line argument
[Package Manager] UpmClient::Send -- Unable to send message (not connected to UPM process).
[Package Manager] Cannot connect to Unity Package Manager local server
Mono: successfully reloaded assembly
- Finished resetting the current domain, in  0.644 seconds
Domain Reload Profiling: 905ms
	BeginReloadAssembly (99ms)
		ExecutionOrderSort (0ms)
		DisableScriptedObjects (2ms)
		BackupInstance (0ms)
		ReleaseScriptingObjects (0ms)
		CreateAndSetChildDomain (28ms)
	RebuildCommonClasses (23ms)
	RebuildNativeTypeToScriptingClass (7ms)
	initialDomainReloadingComplete (16ms)
	LoadAllAssembliesAndSetupDomain (117ms)
		LoadAssemblies (157ms)
		RebuildTransferFunctionScriptingTraits (0ms)
		AnalyzeDomain (7ms)
			TypeCache.Refresh (4ms)
				TypeCache.ScanAssembly (0ms)
			ScanForSourceGeneratedMonoScriptInfo (0ms)
			ResolveRequiredComponents (2ms)
	FinalizeReload (645ms)
		ReleaseScriptCaches (0ms)
		RebuildScriptCaches (0ms)
		SetupLoadedEditorAssemblies (350ms)
			LogAssemblyErrors (0ms)
			InitializePlatformSupportModulesInManaged (5ms)
			SetLoadedEditorAssemblies (2ms)
			RefreshPlugins (0ms)
			BeforeProcessingInitializeOnLoad (41ms)
			ProcessInitializeOnLoadAttributes (279ms)
			ProcessInitializeOnLoadMethodAttributes (19ms)
			AfterProcessingInitializeOnLoad (4ms)
			EditorAssembliesLoaded (0ms)
		ExecutionOrderSort2 (0ms)
		AwakeInstancesAfterBackupRestoration (5ms)
Failed to load shader (instanceID 438, GUID e008cddabe2ee464e86c31af2b5b07c9)
Failed to load shader (instanceID 424, GUID e8f3ce2cbe4971147b1b7f04b791e52a)
Refreshing native plugins compatible for Editor in 2.20 ms, found 3 plugins.
Preloading 0 native plugins for Editor in 0.00 ms.
Unloading 3708 Unused Serialized files (Serialized files now loaded: 0)
Unloading 26 unused Assets / (32.8 KB). Loaded Objects now: 4238.
Memory consumption went from 161.2 MB to 161.2 MB.
Total: 2.904200 ms (FindLiveObjects: 0.202700 ms CreateObjectMapping: 0.078300 ms MarkObjects: 2.583300 ms  DeleteObjects: 0.039200 ms)

Prepare: number of updated asset objects reloaded= 0
AssetImportParameters requested are different than current active one (requested -> active):
  custom:container-demuxer-ogg: 62fdf1f143b41e24485cea50d1cbac27 -> 
  custom:video-codec-MediaFoundation-h265: 746d11721c4dcdbdad8f713fa42b33f4 -> 
  custom:video-decoder-ogg-theora: a1e56fd34408186e4bbccfd4996cb3dc -> 
  custom:scripting/monoscript/fileName/PlayerHoverController.cs: 7c3b24e6003bfc3753fe4dcd628b63d3 -> 
  custom:framework-win-MediaFoundation: 216162199b28c13a410421893ffa2e32 -> 
  custom:scripting/monoscript/fileName/Camera2DFollow.cs: 36d4332d4c2ffe3b416bc2a4e8365925 -> 
  custom:scripting/monoscript/fileName/SplatMapGenerator.cs: 978523f7220bcfbfe4e97dde54f01a88 -> 
  custom:CustomObjectIndexerAttribute: 6d391050e5a25f67b0a2c618074f2cd9 -> 
  custom:scripting/monoscript/fileName/SimpleSmoothMouseLook.cs: cff7259a09eaa180476819b446c45906 -> 
  custom:container-demuxer-webm: 4f35f7cbe854078d1ac9338744f61a02 -> 
  custom:scripting/monoscript/fileName/ForceGrassDistanceInEditor.cs: c02d90dd62271f0368ce2fc0457cb68c -> 
  custom:container-muxer-webm: aa71ff27fc2769a1b78a27578f13a17b -> 
  custom:scripting/monoscript/fileName/PlaceOnSurfaceAtStart.cs: 6425012b1be9be14fc1a64db64d75783 -> 
  custom:video-decoder-webm-vp8: 9c59270c3fd7afecdb556c50c9e8de78 -> 
  custom:scripting/monoscript/fileName/CircleMoverSample.cs: abdbac9546c68b758ba1e8d085187f86 -> 
  custom:scripting/monoscript/fileName/SpawnInArea.cs: d58f698a91ea9cb4b48b0bb3ab224695 -> 
  custom:scripting/monoscript/fileName/TreeExplosion.cs: ff76bbd7bd3d2bad80b109a5f521d638 -> 
  custom:SearchIndexIgnoredProperties: e643bd26f0fe6173181afceb89e7c659 -> 
  custom:AudioImporter_EditorPlatform: d09bf68614088b80899f8185d706f6e7 -> 
  custom:scripting/monoscript/fileName/TerrainTools.cs: 0a67150dc84c7f556953f508bb42ee41 -> 
  custom:scripting/monoscript/fileName/TerrainQualitySettings.cs: 97d80f5eabf04f6efb29519e09b7914e -> 
  custom:scripting/monoscript/fileName/RandomObjectMap.cs: c5c361040658a3dbeb1ecde31a0ba042 -> 
  custom:video-encoder-webm-vp8: eb34c28f22e8b96e1ab97ce403110664 -> 
  custom:scripting/monoscript/fileName/TTTools2D.cs: 938225aaf3ff01b2de05233ebd91ba4b -> 
  custom:audio-decoder-ogg-vorbis: bf7c407c2cedff20999df2af8eb42d56 -> 
  custom:scripting/monoscript/fileName/PlaceOnTerrain.cs: 16680a467d31626be1291a9d1cb5e268 -> 
  custom:scripting/monoscript/fileName/IncrementalSplatmapping.cs: 4c2306b73b507e70f0971eb6fe596f3e -> 
  custom:scripting/monoscript/fileName/ClearWaterLevel.cs: 63b8059750396ec04cedbc48fec03d0d -> 
  custom:audio-encoder-webm-vorbis: bf7c407c2cedff20999df2af8eb42d56 -> 
  custom:scripting/monoscript/fileName/KeepOnSurface.cs: b5186260965dd31cfcb27dea430d35ae -> 
========================================================================
Received Import Request.
  Time since last request: 7393.925162 seconds.
  path: Assets/TexturesPart01/textures/asphalt_01_NRM.png
  artifactKey: Guid(c4df4a02e32f30043b6fcdc7bdd777af) Importer(815301076,1909f56bfc062723c751e8b465ee728b)
Start importing Assets/TexturesPart01/textures/asphalt_01_NRM.png using Guid(c4df4a02e32f30043b6fcdc7bdd777af) Importer(815301076,1909f56bfc062723c751e8b465ee728b)  -> (artifact id: '4cbc5c2455736228e88910c89de99c86') in 0.063300 seconds
Number of updated asset objects reloaded before import = 0
Number of asset objects unloaded after import = 2
========================================================================
Received Import Request.
  Time since last request: 0.000014 seconds.
  path: Assets/TexturesPart01/textures/ground_03_NRM.png
  artifactKey: Guid(d79b45fcc7856dd498bf97eb29c3b765) Importer(815301076,1909f56bfc062723c751e8b465ee728b)
Start importing Assets/TexturesPart01/textures/ground_03_NRM.png using Guid(d79b45fcc7856dd498bf97eb29c3b765) Importer(815301076,1909f56bfc062723c751e8b465ee728b)  -> (artifact id: '0745ced059dc4e8b7ff487bba7699d63') in 0.012449 seconds
Number of updated asset objects reloaded before import = 0
Number of asset objects unloaded after import = 2
========================================================================
Received Import Request.
  Time since last request: 0.000012 seconds.
  path: Assets/TexturesPart01/textures/brick_03_NRM.png
  artifactKey: Guid(932861f93909c8b4e8f389b28a094f45) Importer(815301076,1909f56bfc062723c751e8b465ee728b)
Start importing Assets/TexturesPart01/textures/brick_03_NRM.png using Guid(932861f93909c8b4e8f389b28a094f45) Importer(815301076,1909f56bfc062723c751e8b465ee728b)  -> (artifact id: '37b6a8230b99f436b4a0b8c68b78bdd0') in 0.011231 seconds
Number of updated asset objects reloaded before import = 0
Number of asset objects unloaded after import = 2
========================================================================
Received Import Request.
  Time since last request: 0.000013 seconds.
  path: Assets/TexturesPart01/textures/brick_02.png
  artifactKey: Guid(9b61fc3343ec8284788b892d495dd5e4) Importer(815301076,1909f56bfc062723c751e8b465ee728b)
Start importing Assets/TexturesPart01/textures/brick_02.png using Guid(9b61fc3343ec8284788b892d495dd5e4) Importer(815301076,1909f56bfc062723c751e8b465ee728b)  -> (artifact id: '3822a63776bf00d0bc17e814c0b4f4f3') in 0.012080 seconds
Number of updated asset objects reloaded before import = 0
Number of asset objects unloaded after import = 2
========================================================================
Received Import Request.
  Time since last request: 0.000013 seconds.
  path: Assets/TexturesPart01/textures/ground_01.png
  artifactKey: Guid(bc74cafddbc6edb4abe20ee0d553f4ea) Importer(815301076,1909f56bfc062723c751e8b465ee728b)
Start importing Assets/TexturesPart01/textures/ground_01.png using Guid(bc74cafddbc6edb4abe20ee0d553f4ea) Importer(815301076,1909f56bfc062723c751e8b465ee728b)  -> (artifact id: 'fecb09c5281857c311286b1e55253869') in 0.011011 seconds
Number of updated asset objects reloaded before import = 0
Number of asset objects unloaded after import = 2
========================================================================
Received Import Request.
  Time since last request: 0.000014 seconds.
  path: Assets/TexturesPart01/textures/ground_02.png
  artifactKey: Guid(1840132d04fc78649920201bfefa0177) Importer(815301076,1909f56bfc062723c751e8b465ee728b)
Start importing Assets/TexturesPart01/textures/ground_02.png using Guid(1840132d04fc78649920201bfefa0177) Importer(815301076,1909f56bfc062723c751e8b465ee728b)  -> (artifact id: 'ec5c33b4c64c6fca9240a2e59be9307d') in 0.012445 seconds
Number of updated asset objects reloaded before import = 0
Number of asset objects unloaded after import = 2
========================================================================
Received Import Request.
  Time since last request: 0.000013 seconds.
  path: Assets/TexturesPart01/textures/brick_03.png
  artifactKey: Guid(baf25f9d275b11941ba493d1bf57a115) Importer(815301076,1909f56bfc062723c751e8b465ee728b)
Start importing Assets/TexturesPart01/textures/brick_03.png using Guid(baf25f9d275b11941ba493d1bf57a115) Importer(815301076,1909f56bfc062723c751e8b465ee728b)  -> (artifact id: '48aa565893c2d8944653c78b4c305731') in 0.011868 seconds
Number of updated asset objects reloaded before import = 0
Number of asset objects unloaded after import = 2
========================================================================
Received Import Request.
  Time since last request: 0.000013 seconds.
  path: Assets/TexturesPart01/textures/asphalt_02.png
  artifactKey: Guid(ea0b7731ad9bc6a46be2625f012aaf74) Importer(815301076,1909f56bfc062723c751e8b465ee728b)
Start importing Assets/TexturesPart01/textures/asphalt_02.png using Guid(ea0b7731ad9bc6a46be2625f012aaf74) Importer(815301076,1909f56bfc062723c751e8b465ee728b)  -> (artifact id: '74df79a49e962fcac9624058bbe7b5cc') in 0.010701 seconds
Number of updated asset objects reloaded before import = 0
Number of asset objects unloaded after import = 2
========================================================================
Received Import Request.
  Time since last request: 0.000018 seconds.
  path: Assets/TexturesPart01/textures/asphalt_03.png
  artifactKey: Guid(e37ca78d251f32e4d93b913ad180bd91) Importer(815301076,1909f56bfc062723c751e8b465ee728b)
Start importing Assets/TexturesPart01/textures/asphalt_03.png using Guid(e37ca78d251f32e4d93b913ad180bd91) Importer(815301076,1909f56bfc062723c751e8b465ee728b)  -> (artifact id: '601cab82c601b751a37dcfd00725430a') in 0.012119 seconds
Number of updated asset objects reloaded before import = 0
Number of asset objects unloaded after import = 2
========================================================================
Received Import Request.
  Time since last request: 0.000012 seconds.
  path: Assets/TexturesPart01/textures/brick_04_NRM.png
  artifactKey: Guid(b54445743a50be043a6fc7616362ced0) Importer(815301076,1909f56bfc062723c751e8b465ee728b)
Start importing Assets/TexturesPart01/textures/brick_04_NRM.png using Guid(b54445743a50be043a6fc7616362ced0) Importer(815301076,1909f56bfc062723c751e8b465ee728b)  -> (artifact id: '967e3c6a253beda4c9bdc9c0c639de09') in 0.013641 seconds
Number of updated asset objects reloaded before import = 0
Number of asset objects unloaded after import = 2
========================================================================
Received Import Request.
  Time since last request: 0.000019 seconds.
  path: Assets/TexturesPart01/textures/brick_broken_01.png
  artifactKey: Guid(b8899a33cc26d234596f0a8b50357331) Importer(815301076,1909f56bfc062723c751e8b465ee728b)
Start importing Assets/TexturesPart01/textures/brick_broken_01.png using Guid(b8899a33cc26d234596f0a8b50357331) Importer(815301076,1909f56bfc062723c751e8b465ee728b)  -> (artifact id: '0ee1e7089f64d5557c79ff67b6184e03') in 0.011543 seconds
Number of updated asset objects reloaded before import = 0
Number of asset objects unloaded after import = 2
========================================================================
Received Import Request.
  Time since last request: 0.000012 seconds.
  path: Assets/TexturesPart01/textures/ground_01_NRM.png
  artifactKey: Guid(4b4f8c2efe8707641a952c72204432b3) Importer(815301076,1909f56bfc062723c751e8b465ee728b)
Start importing Assets/TexturesPart01/textures/ground_01_NRM.png using Guid(4b4f8c2efe8707641a952c72204432b3) Importer(815301076,1909f56bfc062723c751e8b465ee728b)  -> (artifact id: 'e0b2fd74d500c5624949b9504e242c8f') in 0.012564 seconds
Number of updated asset objects reloaded before import = 0
Number of asset objects unloaded after import = 2
========================================================================
Received Import Request.
  Time since last request: 0.000012 seconds.
  path: Assets/TexturesPart01/textures/asphalt_02_NRM.png
  artifactKey: Guid(df74a12b75f4cb44a8cec8e929e85c2d) Importer(815301076,1909f56bfc062723c751e8b465ee728b)
Start importing Assets/TexturesPart01/textures/asphalt_02_NRM.png using Guid(df74a12b75f4cb44a8cec8e929e85c2d) Importer(815301076,1909f56bfc062723c751e8b465ee728b)  -> (artifact id: '70c0c6dfcd4e72037829fdd4ec5d7e12') in 0.012356 seconds
Number of updated asset objects reloaded before import = 0
Number of asset objects unloaded after import = 2
========================================================================
Received Import Request.
  Time since last request: 8.062768 seconds.
  path: Assets/Zololgo/Old urban brick texture/Materials/OldUrbanBrickWall_Standard.mat
  artifactKey: Guid(57888ef85a4d7bd44a19d6ca24e74786) Importer(815301076,1909f56bfc062723c751e8b465ee728b)
Start importing Assets/Zololgo/Old urban brick texture/Materials/OldUrbanBrickWall_Standard.mat using Guid(57888ef85a4d7bd44a19d6ca24e74786) Importer(815301076,1909f56bfc062723c751e8b465ee728b)  -> (artifact id: '9b82f071fd1a6cb98af81dd1dde4dece') in 0.233796 seconds
Number of updated asset objects reloaded before import = 0
Number of asset objects unloaded after import = 5
========================================================================
Received Import Request.
  Time since last request: 6.612824 seconds.
  path: Assets/_TerrainAutoUpgrade/layer_Grass (Meadows)Grass (Meadows)_normalb956af97c33fc3d7.terrainlayer
  artifactKey: Guid(f65b7f2496e942643a4fb04ed25b174a) Importer(815301076,1909f56bfc062723c751e8b465ee728b)
Start importing Assets/_TerrainAutoUpgrade/layer_Grass (Meadows)Grass (Meadows)_normalb956af97c33fc3d7.terrainlayer using Guid(f65b7f2496e942643a4fb04ed25b174a) Importer(815301076,1909f56bfc062723c751e8b465ee728b)  -> (artifact id: 'b719ad2870fd73b235e4f01228134de2') in 0.006393 seconds
Number of updated asset objects reloaded before import = 0
Number of asset objects unloaded after import = 1
========================================================================
Received Import Request.
  Time since last request: 0.000011 seconds.
  path: Assets/_TerrainAutoUpgrade/layer_Grass&RockGrass&Rock_normalb956af97c33fc3d7.terrainlayer
  artifactKey: Guid(7c4b0446413899d458ad81b04981274c) Importer(815301076,1909f56bfc062723c751e8b465ee728b)
Start importing Assets/_TerrainAutoUpgrade/layer_Grass&RockGrass&Rock_normalb956af97c33fc3d7.terrainlayer using Guid(7c4b0446413899d458ad81b04981274c) Importer(815301076,1909f56bfc062723c751e8b465ee728b)  -> (artifact id: '9592471c19beeaa078cb9ad01b8d2757') in 0.003246 seconds
Number of updated asset objects reloaded before import = 0
Number of asset objects unloaded after import = 3
========================================================================
Received Import Request.
  Time since last request: 20.054159 seconds.
  path: Assets/Standard Assets/Environment/TerrainAssets/BillboardTextures/GrassFrond02AlbedoAlpha.psd
  artifactKey: Guid(d6cdc79ec19714fcd980ca3f6ac01a0a) Importer(815301076,1909f56bfc062723c751e8b465ee728b)
Start importing Assets/Standard Assets/Environment/TerrainAssets/BillboardTextures/GrassFrond02AlbedoAlpha.psd using Guid(d6cdc79ec19714fcd980ca3f6ac01a0a) Importer(815301076,1909f56bfc062723c751e8b465ee728b)  -> (artifact id: 'fb1ebad15e6b09dbedb67e21e31db72d') in 0.010247 seconds
Number of updated asset objects reloaded before import = 0
Number of asset objects unloaded after import = 2
========================================================================
Received Import Request.
  Time since last request: 2.317897 seconds.
  path: Assets/Standard Assets/Environment/TerrainAssets/SurfaceTextures/GrassHillAlbedo.psd
  artifactKey: Guid(c6e0767b1f8c34890ac245217f4b9731) Importer(815301076,1909f56bfc062723c751e8b465ee728b)
Start importing Assets/Standard Assets/Environment/TerrainAssets/SurfaceTextures/GrassHillAlbedo.psd using Guid(c6e0767b1f8c34890ac245217f4b9731) Importer(815301076,1909f56bfc062723c751e8b465ee728b)  -> (artifact id: '21c50c8265bc097d4607da2f7df8cd71') in 0.008961 seconds
Number of updated asset objects reloaded before import = 0
Number of asset objects unloaded after import = 2
========================================================================
Received Import Request.
  Time since last request: 0.003733 seconds.
  path: Assets/Standard Assets/Environment/TerrainAssets/SurfaceTextures/MudRockyNormals.bmp
  artifactKey: Guid(58a059b07b093a745b47c2191525ddce) Importer(815301076,1909f56bfc062723c751e8b465ee728b)
Start importing Assets/Standard Assets/Environment/TerrainAssets/SurfaceTextures/MudRockyNormals.bmp using Guid(58a059b07b093a745b47c2191525ddce) Importer(815301076,1909f56bfc062723c751e8b465ee728b)  -> (artifact id: '7785176d49dd020fe0c9b61b6b0e37c1') in 0.010821 seconds
Number of updated asset objects reloaded before import = 0
Number of asset objects unloaded after import = 2
Editor requested this worker to shutdown with reason: Scaling down because of idle timeout
TcpMessagingSession - receive error: operation aborted. errorcode: 995, details: The I/O operation has been aborted because of either a thread exit or an application request.
AssetImportWorker is now disconnected from the server
Process exiting
Exiting without the bug reporter. Application will terminate with return code 0