Using pre-set license
Built from '2022.3/release' branch; Version is '2022.3.18f1 (d29bea25151d) revision 13802474'; Using compiler version '192829333'; Build Type 'Release'
OS: 'Windows 11  (10.0.22631) 64bit Professional' Language: 'en' Physical Memory: 16016 MB
BatchMode: 1, IsHumanControllingUs: 0, StartBugReporterOnCrash: 0, Is64bit: 1, IsPro: 1

COMMAND LINE ARGUMENTS:
C:\Program Files\Unity\Hub\Editor\2022.3.18f1\Editor\Unity.exe
-adb2
-batchMode
-noUpm
-name
AssetImportWorker5
-projectPath
C:/Users/bekic/OneDrive/Documents/GitHub/Zombocalypse/Zombocalypse
-logFile
Logs/AssetImportWorker5.log
-srvPort
59697
Successfully changed project path to: C:/Users/bekic/OneDrive/Documents/GitHub/Zombocalypse/Zombocalypse
C:/Users/bekic/OneDrive/Documents/GitHub/Zombocalypse/Zombocalypse
[UnityMemory] Configuration Parameters - Can be set up in boot.config
    "memorysetup-bucket-allocator-granularity=16"
    "memorysetup-bucket-allocator-bucket-count=8"
    "memorysetup-bucket-allocator-block-size=33554432"
    "memorysetup-bucket-allocator-block-count=8"
    "memorysetup-main-allocator-block-size=16777216"
    "memorysetup-thread-allocator-block-size=16777216"
    "memorysetup-gfx-main-allocator-block-size=16777216"
    "memorysetup-gfx-thread-allocator-block-size=16777216"
    "memorysetup-cache-allocator-block-size=4194304"
    "memorysetup-typetree-allocator-block-size=2097152"
    "memorysetup-profiler-bucket-allocator-granularity=16"
    "memorysetup-profiler-bucket-allocator-bucket-count=8"
    "memorysetup-profiler-bucket-allocator-block-size=33554432"
    "memorysetup-profiler-bucket-allocator-block-count=8"
    "memorysetup-profiler-allocator-block-size=16777216"
    "memorysetup-profiler-editor-allocator-block-size=1048576"
    "memorysetup-temp-allocator-size-main=16777216"
    "memorysetup-job-temp-allocator-block-size=2097152"
    "memorysetup-job-temp-allocator-block-size-background=1048576"
    "memorysetup-job-temp-allocator-reduction-small-platforms=262144"
    "memorysetup-allocator-temp-initial-block-size-main=262144"
    "memorysetup-allocator-temp-initial-block-size-worker=262144"
    "memorysetup-temp-allocator-size-background-worker=32768"
    "memorysetup-temp-allocator-size-job-worker=262144"
    "memorysetup-temp-allocator-size-preload-manager=33554432"
    "memorysetup-temp-allocator-size-nav-mesh-worker=65536"
    "memorysetup-temp-allocator-size-audio-worker=65536"
    "memorysetup-temp-allocator-size-cloud-worker=32768"
    "memorysetup-temp-allocator-size-gi-baking-worker=262144"
    "memorysetup-temp-allocator-size-gfx=262144"
Player connection [5084] Host "[IP] 172.24.0.1 [Port] 0 [Flags] 2 [Guid] 3828422643 [EditorId] 3828422643 [Version] 1048832 [Id] WindowsEditor(7,Veljko) [Debug] 1 [PackageName] WindowsEditor [ProjectName] Editor" joined multi-casting on [225.0.0.222:54997]...

Player connection [5084] Host "[IP] 172.24.0.1 [Port] 0 [Flags] 2 [Guid] 3828422643 [EditorId] 3828422643 [Version] 1048832 [Id] WindowsEditor(7,Veljko) [Debug] 1 [PackageName] WindowsEditor [ProjectName] Editor" joined alternative multi-casting on [225.0.0.222:34997]...

[Physics::Module] Initialized MultithreadedJobDispatcher with 11 workers.
Refreshing native plugins compatible for Editor in 10.77 ms, found 3 plugins.
Preloading 0 native plugins for Editor in 0.00 ms.
Initialize engine version: 2022.3.18f1 (d29bea25151d)
[Subsystems] Discovering subsystems at path C:/Program Files/Unity/Hub/Editor/2022.3.18f1/Editor/Data/Resources/UnitySubsystems
[Subsystems] Discovering subsystems at path C:/Users/bekic/OneDrive/Documents/GitHub/Zombocalypse/Zombocalypse/Assets
GfxDevice: creating device client; threaded=0; jobified=0
Direct3D:
    Version:  Direct3D 11.0 [level 11.1]
    Renderer: Intel(R) UHD Graphics (ID=0x4628)
    Vendor:   Intel
    VRAM:     8008 MB
    Driver:   31.0.101.4887
Initialize mono
Mono path[0] = 'C:/Program Files/Unity/Hub/Editor/2022.3.18f1/Editor/Data/Managed'
Mono path[1] = 'C:/Program Files/Unity/Hub/Editor/2022.3.18f1/Editor/Data/MonoBleedingEdge/lib/mono/unityjit-win32'
Mono config path = 'C:/Program Files/Unity/Hub/Editor/2022.3.18f1/Editor/Data/MonoBleedingEdge/etc'
Using monoOptions --debugger-agent=transport=dt_socket,embedding=1,server=y,suspend=n,address=127.0.0.1:56868
Begin MonoManager ReloadAssembly
Registering precompiled unity dll's ...
Register platform support module: C:/Program Files/Unity/Hub/Editor/2022.3.18f1/Editor/Data/PlaybackEngines/WebGLSupport/UnityEditor.WebGL.Extensions.dll
Register platform support module: C:/Program Files/Unity/Hub/Editor/2022.3.18f1/Editor/Data/PlaybackEngines/WindowsStandaloneSupport/UnityEditor.WindowsStandalone.Extensions.dll
Registered in 0.007007 seconds.
- Loaded All Assemblies, in  0.269 seconds
Native extension for WindowsStandalone target not found
Native extension for WebGL target not found
Mono: successfully reloaded assembly
- Finished resetting the current domain, in  0.204 seconds
Domain Reload Profiling: 472ms
	BeginReloadAssembly (82ms)
		ExecutionOrderSort (0ms)
		DisableScriptedObjects (0ms)
		BackupInstance (0ms)
		ReleaseScriptingObjects (0ms)
		CreateAndSetChildDomain (1ms)
	RebuildCommonClasses (25ms)
	RebuildNativeTypeToScriptingClass (8ms)
	initialDomainReloadingComplete (46ms)
	LoadAllAssembliesAndSetupDomain (108ms)
		LoadAssemblies (81ms)
		RebuildTransferFunctionScriptingTraits (0ms)
		AnalyzeDomain (106ms)
			TypeCache.Refresh (105ms)
				TypeCache.ScanAssembly (95ms)
			ScanForSourceGeneratedMonoScriptInfo (0ms)
			ResolveRequiredComponents (0ms)
	FinalizeReload (204ms)
		ReleaseScriptCaches (0ms)
		RebuildScriptCaches (0ms)
		SetupLoadedEditorAssemblies (162ms)
			LogAssemblyErrors (0ms)
			InitializePlatformSupportModulesInManaged (7ms)
			SetLoadedEditorAssemblies (4ms)
			RefreshPlugins (0ms)
			BeforeProcessingInitializeOnLoad (2ms)
			ProcessInitializeOnLoadAttributes (114ms)
			ProcessInitializeOnLoadMethodAttributes (35ms)
			AfterProcessingInitializeOnLoad (0ms)
			EditorAssembliesLoaded (0ms)
		ExecutionOrderSort2 (0ms)
		AwakeInstancesAfterBackupRestoration (0ms)
========================================================================
Worker process is ready to serve import requests
Begin MonoManager ReloadAssembly
Symbol file data-000002B99275BC70 doesn't match image C:\Users\bekic\OneDrive\Documents\GitHub\Zombocalypse\Zombocalypse\Library\ScriptAssemblies\Unity.Services.Core.Environments.Internal.dll
Symbol file LoadedFromMemory is not a mono symbol file
Symbol file data-000002B96EAE54E0 doesn't match image C:\Users\bekic\OneDrive\Documents\GitHub\Zombocalypse\Zombocalypse\Library\ScriptAssemblies\Unity.Services.Core.dll
Symbol file LoadedFromMemory is not a mono symbol file
Symbol file data-000002B96EAE54E0 doesn't match image C:\Users\bekic\OneDrive\Documents\GitHub\Zombocalypse\Zombocalypse\Library\ScriptAssemblies\Unity.Services.Core.Networking.dll
Symbol file LoadedFromMemory is not a mono symbol file
Symbol file data-000002B991DC6C50 doesn't match image C:\Users\bekic\OneDrive\Documents\GitHub\Zombocalypse\Zombocalypse\Library\ScriptAssemblies\Unity.Rider.Editor.dll
Symbol file LoadedFromMemory is not a mono symbol file
Symbol file data-000002B992832220 doesn't match image C:\Users\bekic\OneDrive\Documents\GitHub\Zombocalypse\Zombocalypse\Library\ScriptAssemblies\Unity.VisualScripting.Flow.dll
Symbol file LoadedFromMemory is not a mono symbol file
Symbol file data-000002B991CD6640 doesn't match image C:\Users\bekic\OneDrive\Documents\GitHub\Zombocalypse\Zombocalypse\Library\ScriptAssemblies\Unity.Services.Core.Environments.Editor.dll
Symbol file LoadedFromMemory is not a mono symbol file
Symbol file data-000002B991CD6640 doesn't match image C:\Users\bekic\OneDrive\Documents\GitHub\Zombocalypse\Zombocalypse\Library\ScriptAssemblies\Unity.TestTools.CodeCoverage.Editor.OpenCover.Mono.Reflection.dll
Symbol file LoadedFromMemory is not a mono symbol file
Symbol file data-000002B991CE4E50 doesn't match image C:\Users\bekic\OneDrive\Documents\GitHub\Zombocalypse\Zombocalypse\Library\ScriptAssemblies\Unity.Services.Authentication.Editor.dll
Symbol file LoadedFromMemory is not a mono symbol file
Symbol file data-000002B96EAE54E0 doesn't match image C:\Users\bekic\OneDrive\Documents\GitHub\Zombocalypse\Zombocalypse\Library\ScriptAssemblies\Unity.Services.Core.Environments.dll
Symbol file LoadedFromMemory is not a mono symbol file
Symbol file data-000002B991CE4E50 doesn't match image C:\Users\bekic\OneDrive\Documents\GitHub\Zombocalypse\Zombocalypse\Library\ScriptAssemblies\Unity.Services.Core.Scheduler.dll
Symbol file LoadedFromMemory is not a mono symbol file
Symbol file data-000002B991FF25A0 doesn't match image C:\Users\bekic\OneDrive\Documents\GitHub\Zombocalypse\Zombocalypse\Library\ScriptAssemblies\Unity.Services.Core.Configuration.dll
Symbol file LoadedFromMemory is not a mono symbol file
Symbol file data-000002B992A08430 doesn't match image C:\Users\bekic\OneDrive\Documents\GitHub\Zombocalypse\Zombocalypse\Library\ScriptAssemblies\Unity.Performance.Profile-Analyzer.Editor.dll
Symbol file LoadedFromMemory is not a mono symbol file
Symbol file data-000002B992A08430 doesn't match image C:\Users\bekic\OneDrive\Documents\GitHub\Zombocalypse\Zombocalypse\Library\ScriptAssemblies\Unity.TestTools.CodeCoverage.Editor.dll
Symbol file LoadedFromMemory is not a mono symbol file
Symbol file data-000002B992A12840 doesn't match image C:\Users\bekic\OneDrive\Documents\GitHub\Zombocalypse\Zombocalypse\Library\ScriptAssemblies\Unity.Settings.Editor.dll
Symbol file LoadedFromMemory is not a mono symbol file
Symbol file data-000002B992655250 doesn't match image C:\Users\bekic\OneDrive\Documents\GitHub\Zombocalypse\Zombocalypse\Library\ScriptAssemblies\Unity.TextMeshPro.dll
Symbol file LoadedFromMemory is not a mono symbol file
Symbol file data-000002B96ECA5420 doesn't match image C:\Users\bekic\OneDrive\Documents\GitHub\Zombocalypse\Zombocalypse\Library\ScriptAssemblies\Unity.Services.Core.Analytics.dll
Symbol file LoadedFromMemory is not a mono symbol file
Symbol file data-000002B992A21D00 doesn't match image C:\Users\bekic\OneDrive\Documents\GitHub\Zombocalypse\Zombocalypse\Library\ScriptAssemblies\Unity.VSCode.Editor.dll
Symbol file LoadedFromMemory is not a mono symbol file
Symbol file data-000002B96F4F8570 doesn't match image C:\Users\bekic\OneDrive\Documents\GitHub\Zombocalypse\Zombocalypse\Library\ScriptAssemblies\Unity.EditorCoroutines.Editor.dll
Symbol file LoadedFromMemory is not a mono symbol file
Symbol file data-000002B96F519580 doesn't match image C:\Users\bekic\OneDrive\Documents\GitHub\Zombocalypse\Zombocalypse\Library\ScriptAssemblies\Unity.Services.Core.Editor.dll
Symbol file LoadedFromMemory is not a mono symbol file
Symbol file data-000002B991B1C620 doesn't match image C:\Users\bekic\OneDrive\Documents\GitHub\Zombocalypse\Zombocalypse\Library\ScriptAssemblies\Unity.PlasticSCM.Editor.dll
Symbol file LoadedFromMemory is not a mono symbol file
Symbol file data-000002B96F548C60 doesn't match image C:\Users\bekic\OneDrive\Documents\GitHub\Zombocalypse\Zombocalypse\Library\ScriptAssemblies\Unity.Services.Core.Internal.dll
Symbol file LoadedFromMemory is not a mono symbol file
Symbol file data-000002B96ED83E20 doesn't match image C:\Users\bekic\OneDrive\Documents\GitHub\Zombocalypse\Zombocalypse\Library\ScriptAssemblies\Unity.Timeline.Editor.dll
Symbol file LoadedFromMemory is not a mono symbol file
Symbol file data-000002B991A2F850 doesn't match image C:\Users\bekic\OneDrive\Documents\GitHub\Zombocalypse\Zombocalypse\Library\ScriptAssemblies\Unity.VisualScripting.Shared.Editor.dll
Symbol file LoadedFromMemory is not a mono symbol file
Symbol file data-000002B991A2F850 doesn't match image C:\Users\bekic\OneDrive\Documents\GitHub\Zombocalypse\Zombocalypse\Library\ScriptAssemblies\Unity.Services.Core.Device.dll
Symbol file LoadedFromMemory is not a mono symbol file
Symbol file data-000002B991A2F850 doesn't match image C:\Users\bekic\OneDrive\Documents\GitHub\Zombocalypse\Zombocalypse\Library\ScriptAssemblies\Unity.CollabProxy.Editor.dll
Symbol file LoadedFromMemory is not a mono symbol file
Symbol file data-000002B991B3E030 doesn't match image C:\Users\bekic\OneDrive\Documents\GitHub\Zombocalypse\Zombocalypse\Library\ScriptAssemblies\Unity.VisualStudio.Editor.dll
Symbol file LoadedFromMemory is not a mono symbol file
Symbol file data-000002B991A2F850 doesn't match image C:\Users\bekic\OneDrive\Documents\GitHub\Zombocalypse\Zombocalypse\Library\ScriptAssemblies\Unity.Services.Core.Threading.dll
Symbol file LoadedFromMemory is not a mono symbol file
Symbol file data-000002B991B53340 doesn't match image C:\Users\bekic\OneDrive\Documents\GitHub\Zombocalypse\Zombocalypse\Library\ScriptAssemblies\UnityEditor.UI.dll
Symbol file LoadedFromMemory is not a mono symbol file
Symbol file data-000002B96EBBFCD0 doesn't match image C:\Users\bekic\OneDrive\Documents\GitHub\Zombocalypse\Zombocalypse\Library\ScriptAssemblies\Unity.VisualScripting.Core.dll
Symbol file LoadedFromMemory is not a mono symbol file
Symbol file data-000002B96EEF2010 doesn't match image C:\Users\bekic\OneDrive\Documents\GitHub\Zombocalypse\Zombocalypse\Library\ScriptAssemblies\Unity.VisualScripting.Core.Editor.dll
Symbol file LoadedFromMemory is not a mono symbol file
Symbol file data-000002B991B53340 doesn't match image C:\Users\bekic\OneDrive\Documents\GitHub\Zombocalypse\Zombocalypse\Library\ScriptAssemblies\Unity.Services.CloudSave.Editor.dll
Symbol file LoadedFromMemory is not a mono symbol file
Symbol file data-000002B96EDA4A40 doesn't match image C:\Users\bekic\OneDrive\Documents\GitHub\Zombocalypse\Zombocalypse\Library\ScriptAssemblies\Unity.Services.Core.Telemetry.dll
Symbol file LoadedFromMemory is not a mono symbol file
Symbol file data-000002B96EDA4A40 doesn't match image C:\Users\bekic\OneDrive\Documents\GitHub\Zombocalypse\Zombocalypse\Library\ScriptAssemblies\UnityEngine.UI.dll
Symbol file LoadedFromMemory is not a mono symbol file
Symbol file data-000002B96EDA4A40 doesn't match image C:\Users\bekic\OneDrive\Documents\GitHub\Zombocalypse\Zombocalypse\Library\ScriptAssemblies\Unity.VisualScripting.Flow.Editor.dll
Symbol file LoadedFromMemory is not a mono symbol file
Symbol file data-000002B96EDBA3B0 doesn't match image C:\Users\bekic\OneDrive\Documents\GitHub\Zombocalypse\Zombocalypse\Library\ScriptAssemblies\Unity.Timeline.dll
Symbol file LoadedFromMemory is not a mono symbol file
Symbol file data-000002B96EF68C30 doesn't match image C:\Users\bekic\OneDrive\Documents\GitHub\Zombocalypse\Zombocalypse\Library\ScriptAssemblies\Unity.VisualScripting.SettingsProvider.Editor.dll
Symbol file LoadedFromMemory is not a mono symbol file
Symbol file data-000002B96EDC82B0 doesn't match image C:\Users\bekic\OneDrive\Documents\GitHub\Zombocalypse\Zombocalypse\Library\ScriptAssemblies\Unity.TestTools.CodeCoverage.Editor.OpenCover.Model.dll
Symbol file LoadedFromMemory is not a mono symbol file
Symbol file data-000002B96EC32930 doesn't match image C:\Users\bekic\OneDrive\Documents\GitHub\Zombocalypse\Zombocalypse\Library\ScriptAssemblies\Unity.VisualScripting.State.Editor.dll
Symbol file LoadedFromMemory is not a mono symbol file
Symbol file data-000002B96EC32930 doesn't match image C:\Users\bekic\OneDrive\Documents\GitHub\Zombocalypse\Zombocalypse\Library\ScriptAssemblies\Unity.Services.Authentication.dll
Symbol file LoadedFromMemory is not a mono symbol file
Symbol file data-000002B993EA0CE0 doesn't match image C:\Users\bekic\OneDrive\Documents\GitHub\Zombocalypse\Zombocalypse\Library\ScriptAssemblies\Unity.TextMeshPro.Editor.dll
Symbol file LoadedFromMemory is not a mono symbol file
Symbol file data-000002B993EA0CE0 doesn't match image C:\Users\bekic\OneDrive\Documents\GitHub\Zombocalypse\Zombocalypse\Library\ScriptAssemblies\Unity.Services.Core.Registration.dll
Symbol file LoadedFromMemory is not a mono symbol file
Symbol file data-000002B993EE94F0 doesn't match image C:\Users\bekic\OneDrive\Documents\GitHub\Zombocalypse\Zombocalypse\Library\ScriptAssemblies\Unity.Services.CloudSave.dll
Symbol file LoadedFromMemory is not a mono symbol file
Symbol file data-000002B993EE94F0 doesn't match image C:\Users\bekic\OneDrive\Documents\GitHub\Zombocalypse\Zombocalypse\Library\ScriptAssemblies\Unity.Services.Core.Configuration.Editor.dll
Symbol file LoadedFromMemory is not a mono symbol file
Symbol file data-000002B993EF1300 doesn't match image C:\Users\bekic\OneDrive\Documents\GitHub\Zombocalypse\Zombocalypse\Library\ScriptAssemblies\Unity.VisualScripting.State.dll
Symbol file LoadedFromMemory is not a mono symbol file
Symbol file LoadedFromMemory is not a mono symbol file
- Loaded All Assemblies, in  0.730 seconds
Refreshing native plugins compatible for Editor in 5.45 ms, found 3 plugins.
Native extension for WindowsStandalone target not found
Native extension for WebGL target not found
Package Manager log level set to [2]
[Package Manager] Server::EnsureServerProcessIsRunning -- launch failed, reason: Unity was launched with the -noUpm command-line argument
[Package Manager] UpmClient::Send -- Unable to send message (not connected to UPM process).
[Package Manager] Cannot connect to Unity Package Manager local server
Mono: successfully reloaded assembly
- Finished resetting the current domain, in  0.621 seconds
Domain Reload Profiling: 1347ms
	BeginReloadAssembly (144ms)
		ExecutionOrderSort (0ms)
		DisableScriptedObjects (4ms)
		BackupInstance (0ms)
		ReleaseScriptingObjects (0ms)
		CreateAndSetChildDomain (33ms)
	RebuildCommonClasses (24ms)
	RebuildNativeTypeToScriptingClass (8ms)
	initialDomainReloadingComplete (32ms)
	LoadAllAssembliesAndSetupDomain (518ms)
		LoadAssemblies (337ms)
		RebuildTransferFunctionScriptingTraits (0ms)
		AnalyzeDomain (242ms)
			TypeCache.Refresh (203ms)
				TypeCache.ScanAssembly (185ms)
			ScanForSourceGeneratedMonoScriptInfo (31ms)
			ResolveRequiredComponents (7ms)
	FinalizeReload (622ms)
		ReleaseScriptCaches (0ms)
		RebuildScriptCaches (0ms)
		SetupLoadedEditorAssemblies (508ms)
			LogAssemblyErrors (0ms)
			InitializePlatformSupportModulesInManaged (10ms)
			SetLoadedEditorAssemblies (5ms)
			RefreshPlugins (0ms)
			BeforeProcessingInitializeOnLoad (71ms)
			ProcessInitializeOnLoadAttributes (306ms)
			ProcessInitializeOnLoadMethodAttributes (113ms)
			AfterProcessingInitializeOnLoad (4ms)
			EditorAssembliesLoaded (0ms)
		ExecutionOrderSort2 (0ms)
		AwakeInstancesAfterBackupRestoration (4ms)
Failed to load shader (instanceID 484, GUID c4edd00ff2db5b24391a4fcb1762e459)
Failed to load shader (instanceID 676, GUID c8b6a681c7b4e2e4785ffab093907f9e)
Failed to load shader (instanceID 626, GUID 3dd9fd928fdb83743b1f27d15df22179)
Failed to load shader (instanceID 562, GUID 123ed592ad5c2494b8aed301fd609e7b)
Failed to load shader (instanceID 540, GUID 2e37131331fbdca449b1a2bc47a639ca)
Failed to load shader (instanceID 568, GUID 9bd32a6ece529fd4f9408b8d7e00c10d)
Failed to load shader (instanceID 508, GUID 0ef322534f047a34c96d29419d56d17a)
Failed to load shader (instanceID 644, GUID 0b3b82b438158984dbccd69f0afe6ae6)
Failed to load shader (instanceID 678, GUID 33a2079f6a2db4c4eb2e44b33f4ddf6b)
Failed to load shader (instanceID 550, GUID 42dfcc8fe803ece4096c58630689982f)
Failed to load shader (instanceID 600, GUID cef5ba33ee5063d4c8b495d2292e394d)
Failed to load shader (instanceID 658, GUID a16365e8c873daa4c94919438490b905)
Failed to load shader (instanceID 722, GUID 756bac9090102564582875f4c7e30202)
Failed to load shader (instanceID 536, GUID dedaf4ea0d134ca4aad1d95a558c46e5)
Failed to load shader (instanceID 552, GUID e22fc1942c664490980b8793dd4a163d)
Failed to load shader (instanceID 690, GUID 81d02e8644315b742b154842a3a2f98c)
Failed to load shader (instanceID 582, GUID 123f13d52852ef547b2962de4bd9eaad)
Failed to load shader (instanceID 474, GUID 2f0aaacddead9f44fa76535dbd52811b)
Failed to load shader (instanceID 632, GUID 08b7ad21d2b8e9142b730b22d7355821)
Failed to load shader (instanceID 724, GUID bc93937138cb1054e98cf187d5a71cbb)
Failed to load shader (instanceID 698, GUID 6510c57cccce5674092bdc0dd1ae98c1)
Failed to load shader (instanceID 610, GUID ca059f1af4587a24b9a9eed3b66cff0f)
Failed to load shader (instanceID 500, GUID 439949ea1bfa91b4ba0d04269fcde33d)
Failed to load shader (instanceID 692, GUID 3ef2b84260e542d4e8640a7e20bb5203)
Failed to load shader (instanceID 556, GUID 67d6171b0acc6554aad48c845ec7e67f)
Failed to load shader (instanceID 706, GUID 36e335017ad71d54fbb10842863188ae)
Failed to load shader (instanceID 512, GUID 8e706c0e71fcec34a8f5c9713e5e2943)
Failed to load shader (instanceID 574, GUID a06934a4863e778498be65d8f865b7a4)
Failed to load shader (instanceID 680, GUID 91d9e1751d0a17749819762ebf2b6846)
Failed to load shader (instanceID 490, GUID 50b406436c6214c49aaaa6011b71dde8)
Failed to load shader (instanceID 618, GUID ea18ca9826385e943979c46cf98968cc)
Failed to load shader (instanceID 584, GUID 3b3bf235775cf8b4baae7f3306787ab0)
Failed to load shader (instanceID 700, GUID 4386e57b23a56004c93e1d57d2bbcb4f)
Failed to load shader (instanceID 526, GUID 0024f9d09a828734192f3e1cd5931745)
Failed to load shader (instanceID 498, GUID c1d1d149a043a5349ba367da6c2051ba)
Failed to load shader (instanceID 710, GUID e96e3b8a4797c8f47b7ae6759a3e66af)
Failed to load shader (instanceID 608, GUID 93d40cc9a6e13994f86f576a624efa18)
Failed to load shader (instanceID 654, GUID 3818b9ab8df317a4283de6940b594723)
Failed to load shader (instanceID 496, GUID c4d81c6e573560444bb1ea11ae4acfcb)
Failed to load shader (instanceID 684, GUID 4517edda0467bb14489d5eccc9973ba2)
Failed to load shader (instanceID 592, GUID 595434cc3b6405246b6cd3086d0b6f7d)
Failed to load shader (instanceID 716, GUID 42be21d51861d204a889cbdf0eb57221)
Failed to load shader (instanceID 666, GUID 73be0053604e1d54388db4f32739a92f)
Failed to load shader (instanceID 532, GUID 2fcfb8d92f45e4549b3f0bad5d0654bf)
Failed to load shader (instanceID 714, GUID 8ced2ee46972912409c8ffd9ea2276a4)
Failed to load shader (instanceID 576, GUID 001a47fa123e95a4bba13ecb0442d944)
Failed to load shader (instanceID 594, GUID d850d0a2481878d4bbf17e5126b04163)
Failed to load shader (instanceID 530, GUID 00dd221e34a6ab349a1196b0f2fab693)
Failed to load shader (instanceID 506, GUID 8137b807709e178498f22ed710864bb0)
Failed to load shader (instanceID 580, GUID 286ed840dd86d4d4988916f3df5a1429)
Failed to load shader (instanceID 514, GUID cf5ca5b6ef18b3f429ed707ee9ceac9f)
Failed to load shader (instanceID 480, GUID eb607f5e8fc16e140b732f33d26c8c31)
Failed to load shader (instanceID 472, GUID b90e352d9db3cd5489afb4a5254f731a)
Failed to load shader (instanceID 528, GUID 7a09af24008164d40ae85ccd6bf87e17)
Failed to load shader (instanceID 620, GUID 5ac9ef0c50282754b93c7692488e7ee7)
Failed to load shader (instanceID 578, GUID 12f1a69ddf916f042ae6ce8a994506f3)
Failed to load shader (instanceID 588, GUID a6402c19b020b4a4fb7073aaa2e26aba)
Failed to load shader (instanceID 630, GUID 017a05924c0b0484ca29717ed0c60343)
Failed to load shader (instanceID 548, GUID 3d1574f1cdfa0ce4995f9bc79ed7f8ec)
Failed to load shader (instanceID 502, GUID c7c2bd17b06ceb4468e14081aaf1b96f)
Failed to load shader (instanceID 488, GUID 794f260d88f9fe74fa681fe5ab74a107)
Failed to load shader (instanceID 712, GUID 38f62d38eebe79c418d9572823b61386)
Failed to load shader (instanceID 524, GUID db8bd7436dc2c5f4c92655307d198381)
Failed to load shader (instanceID 534, GUID 02ae56f4306413c4a96dcf005cde1971)
Failed to load shader (instanceID 636, GUID 49feb6b111e82ec4eb6d3d08e4b6903e)
Failed to load shader (instanceID 554, GUID b22ad378c678348729d3a3f981b9f270)
Failed to load shader (instanceID 602, GUID e6255f98cf405eb45ab6f9006cf11e1f)
Failed to load shader (instanceID 510, GUID 9bc5229549892084da43ad706d84f1bc)
Failed to load shader (instanceID 538, GUID bfa43a48695613b4ea19c58858ae1a61)
Failed to load shader (instanceID 616, GUID dd7047092f3c82b40b3a07868f9c4de2)
Failed to load shader (instanceID 596, GUID c243aac96dda5fa40bed693ed5ba02c4)
Failed to load shader (instanceID 542, GUID 8371b763f09c7304889c22aa97ebdfd2)
Failed to load shader (instanceID 718, GUID 78ac6c44194fb734195d6049bcfaee71)
Failed to load shader (instanceID 492, GUID 5caf62d8bd7c44596ace77ef9eb8ea31)
Failed to load shader (instanceID 564, GUID 5685fd17e71045e4ca9fefca38a7c177)
Failed to load shader (instanceID 624, GUID 9655f4aa89a469c49aceaceabf9bc77b)
Failed to load shader (instanceID 726, GUID 19dfbb09098c9584a83c956fbd6c5d79)
Failed to load shader (instanceID 694, GUID 9629056a28f48b54a8537a7cd16e5d03)
Failed to load shader (instanceID 670, GUID 5df6daab6a21e1b4a8730bacdb8bdeec)
Failed to load shader (instanceID 598, GUID 7e3722d0388000848acb25fd3cc8c088)
Failed to load shader (instanceID 606, GUID e3cab24f27741f44d8af1e94d006267c)
Failed to load shader (instanceID 660, GUID 8486e1ca5cc45c34c94df540d5676ec3)
Failed to load shader (instanceID 520, GUID 392325671f122f540be9033ca5ae7a56)
Failed to load shader (instanceID 558, GUID 2ad7ce40f0dbaf64dadef1f58d8524d3)
Failed to load shader (instanceID 628, GUID 85330b3de0cfebc4ba78b2d61b1a2899)
Failed to load shader (instanceID 668, GUID de3b14d3ca49cd94f9a557d6469ae8fe)
Failed to load shader (instanceID 566, GUID 32f724728cf19904291226f239ec16f0)
Failed to load shader (instanceID 516, GUID 55d195396b03b804eb78c92d468e3c8e)
Failed to load shader (instanceID 570, GUID 48db2705cf2856d4e893eb30a6892d1b)
Failed to load shader (instanceID 662, GUID 08967e1a353252242a0c4cfc66ced645)
Failed to load shader (instanceID 612, GUID fd532bf1795188c4daaa66ea798b8b0a)
Failed to load shader (instanceID 494, GUID da07703fcc09f8d4799221050659bd55)
Failed to load shader (instanceID 682, GUID 0fcef9ef067b4cd44a62bd6ac0166384)
Failed to load shader (instanceID 708, GUID ba6961570ccc3ce4580b763cfc07d124)
Failed to load shader (instanceID 614, GUID 6e6a4a3dbb788234594aa74f2d6aeb6f)
Failed to load shader (instanceID 728, GUID 2df96b66b5510f94b98df2ac6f926ef4)
Failed to load shader (instanceID 482, GUID 6e4ae4064600d784cac1e41a9e6f2e59)
Failed to load shader (instanceID 634, GUID 4edd96259a5e8b44c90479928f0cd11e)
Failed to load shader (instanceID 656, GUID 61e53729ad706d049b12a441f328fe34)
Failed to load shader (instanceID 560, GUID d05913e251bed7a4992c921c62e1b647)
Failed to load shader (instanceID 522, GUID 3b21275fd12d65f49babb5286f040f2d)
Failed to load shader (instanceID 586, GUID d279c46a545b0af4f9f0c4fa82cd489e)
Failed to load shader (instanceID 638, GUID 9cef3686fa32c8840947ed99b561195c)
Failed to load shader (instanceID 544, GUID 035941b63024d1943af48811c1db20d9)
Failed to load shader (instanceID 604, GUID 46a45b32bb110604fb36216b63bcdb81)
Failed to load shader (instanceID 504, GUID e874aca2df8300a488258738c31f85cf)
Failed to load shader (instanceID 546, GUID 8ea49ef16606acd489439e676ab84040)
Failed to load shader (instanceID 518, GUID 79a966a5200a456188dec0d48d805614)
Failed to load shader (instanceID 478, GUID 1d64af84bdc970c4fae0c1e06dd95b73)
Failed to load shader (instanceID 590, GUID 31f36caf0a5e7f848a1b5328b6ad3eb8)
Failed to load shader (instanceID 622, GUID 3330c1503ea8c6d4d9408df3f64227eb)
Failed to load shader (instanceID 686, GUID 263f12c7593cf8841b5ccdbb717e3389)
Failed to load shader (instanceID 572, GUID 2b5d4f1b26f03dc4a873b093e0c4adb1)
Failed to load shader (instanceID 672, GUID eab0538d9d5746246806a9611c04ac4d)
Launched and connected shader compiler UnityShaderCompiler.exe after 0.06 seconds
Refreshing native plugins compatible for Editor in 5.49 ms, found 3 plugins.
Preloading 0 native plugins for Editor in 0.00 ms.
Unloading 3778 Unused Serialized files (Serialized files now loaded: 0)
Unloading 35 unused Assets / (59.5 KB). Loaded Objects now: 4273.
Memory consumption went from 174.1 MB to 174.0 MB.
Total: 5.361500 ms (FindLiveObjects: 0.203700 ms CreateObjectMapping: 0.091000 ms MarkObjects: 4.943100 ms  DeleteObjects: 0.122300 ms)

AssetImportParameters requested are different than current active one (requested -> active):
  custom:scripting/monoscript/fileName/Spawner.cs: 9efe634af024a91c48e4938ac319cf23 -> 7de732fab2c49f3068a483eb669d8d17
  custom:container-demuxer-ogg: 62fdf1f143b41e24485cea50d1cbac27 -> 
  custom:framework-win-MediaFoundation: 216162199b28c13a410421893ffa2e32 -> 
  custom:scripting/monoscript/fileName/SlowMotion.cs: 92e8a8ca454002082d96090954e4ff2a -> 6c5d9b58c293c5cf51ad1b65f8ecaed3
  custom:scripting/monoscript/fileName/Explosion.cs: e884e458a4728cc06decc939a8ddcef4 -> 1f33d8d0012df6686e52e896530a2d8e
  custom:scripting/monoscript/fileName/Projectile.cs: 544a57cf265c3b2e5e8c144813c5e1ad -> 5516e8a450d0b07e85069518e074fad4
  custom:scripting/monoscript/fileName/VibrationDemo.cs: 1b9ee906787ac1e2e7d743093e973c2e -> dbb2d35febef9f338ab06fd6faa23bb4
  custom:scripting/monoscript/fileName/FirstPersonHeadBob.cs: 9315d956c384ffcfd432377724430b49 -> eeac228c7472b34b71cb7fe52d68238f
  custom:container-muxer-webm: aa71ff27fc2769a1b78a27578f13a17b -> 
  custom:video-decoder-webm-vp8: 9c59270c3fd7afecdb556c50c9e8de78 -> 
  custom:SearchIndexIgnoredProperties: e643bd26f0fe6173181afceb89e7c659 -> 
  custom:AudioImporter_EditorPlatform: d09bf68614088b80899f8185d706f6e7 -> 
  custom:scripting/monoscript/fileName/BulletHole.cs: 8be21fceca693d0e937b0eb69f79831e -> 209ced4bc78ca90409fe409563d7994f
  custom:audio-decoder-ogg-vorbis: bf7c407c2cedff20999df2af8eb42d56 -> 
  custom:audio-encoder-webm-vorbis: bf7c407c2cedff20999df2af8eb42d56 -> 
  custom:scripting/monoscript/fileName/BulletHolePool.cs: 2e779a0eff500bed2b9985033a1db26b -> 81bbb92e359a911feeb72fee3652839e
  custom:scripting/monoscript/fileName/BombFragment.cs: 7df51c308a7dd868a7915081042e135e -> 8c148df060ba0a4f41059096359b9d24
  custom:video-codec-MediaFoundation-h265: 746d11721c4dcdbdad8f713fa42b33f4 -> 
  custom:scripting/monoscript/fileName/WeaponSystem.cs: 71122433ce5b7a9e141d4588750f62ff -> 433260471901a1449a203bf56eac1349
  custom:video-decoder-ogg-theora: a1e56fd34408186e4bbccfd4996cb3dc -> 
  custom:scripting/monoscript/fileName/Vibration.cs: c829619656c24ec9ed23324d60f6951b -> 922afddcb08d85956ed31673a1a696f1
  custom:scripting/monoscript/fileName/WeaponEditor.cs: 053d495e038fce8a9c6a2ee8053604f8 -> 96929289801bbcb0dd4a3f5280f00a84
  custom:scripting/monoscript/fileName/MouseRotator.cs: 0145cefaaf121562e9e79da123e89bd9 -> 57ba52bac73809895e81e1af40df244c
  custom:CustomObjectIndexerAttribute: 6d391050e5a25f67b0a2c618074f2cd9 -> 
  custom:container-demuxer-webm: 4f35f7cbe854078d1ac9338744f61a02 -> 
  custom:scripting/monoscript/fileName/Health.cs: e0cc46be09b95eca6156bb4ae431b815 -> 0e01c5d611b7e6f68d551fd8377c081b
  custom:scripting/monoscript/fileName/TimedObjectDestroyer.cs: 554de948bdf1c6542bf94047786c5abd -> dae2d30b029edb93b1ef5e6911e5e7f4
  custom:scripting/monoscript/fileName/Weapon.cs: 403d756fff915ba75c6416a2dbc89083 -> 1ae38deed03274213a0a3aabe6480ae9
  custom:video-encoder-webm-vp8: eb34c28f22e8b96e1ab97ce403110664 -> 
  custom:scripting/monoscript/fileName/FirstPersonCharacter.cs: 94381684b95b234d36232ecaefab9138 -> 2cd006be3ea909d3cb608b15864f7b66
========================================================================
Received Import Request.
  Time since last request: 599455.316081 seconds.
  path: Assets/Weapons/Easy Weapons/Textures/Lasers/laser_3.png
  artifactKey: Guid(cd088cb4c25b5324ab1a3cf8c75f5226) Importer(815301076,1909f56bfc062723c751e8b465ee728b)
Start importing Assets/Weapons/Easy Weapons/Textures/Lasers/laser_3.png using Guid(cd088cb4c25b5324ab1a3cf8c75f5226) Importer(815301076,1909f56bfc062723c751e8b465ee728b)  -> (artifact id: 'e047660cd60cb4164b7e867baf8937f4') in 0.061775 seconds
Number of updated asset objects reloaded before import = 0
Number of asset objects unloaded after import = 2
========================================================================
Received Import Request.
  Time since last request: 0.610541 seconds.
  path: Assets/Weapons/Easy Weapons/Textures/Particles/spark 2.tif
  artifactKey: Guid(9e118cb4acfc7214da3b2715c37bdba6) Importer(815301076,1909f56bfc062723c751e8b465ee728b)
Start importing Assets/Weapons/Easy Weapons/Textures/Particles/spark 2.tif using Guid(9e118cb4acfc7214da3b2715c37bdba6) Importer(815301076,1909f56bfc062723c751e8b465ee728b)  -> (artifact id: '02c4e3227f394bd3e884c7f23e516a21') in 0.018777 seconds
Number of updated asset objects reloaded before import = 0
Number of asset objects unloaded after import = 2
========================================================================
Received Import Request.
  Time since last request: 0.000040 seconds.
  path: Assets/Weapons/Easy Weapons/Textures/Particles/total_red.psd
  artifactKey: Guid(8227f4cbeafa8e041a28193639538b5d) Importer(815301076,1909f56bfc062723c751e8b465ee728b)
Start importing Assets/Weapons/Easy Weapons/Textures/Particles/total_red.psd using Guid(8227f4cbeafa8e041a28193639538b5d) Importer(815301076,1909f56bfc062723c751e8b465ee728b)  -> (artifact id: '0a9c23b56006912ba739801d7c63eff8') in 0.018569 seconds
Number of updated asset objects reloaded before import = 0
Number of asset objects unloaded after import = 2
========================================================================
Received Import Request.
  Time since last request: 0.811104 seconds.
  path: Assets/Weapons/Easy Weapons/Textures/Environment/wood.png
  artifactKey: Guid(9dd8f6ceb91b1644ba356deccd9da146) Importer(815301076,1909f56bfc062723c751e8b465ee728b)
Start importing Assets/Weapons/Easy Weapons/Textures/Environment/wood.png using Guid(9dd8f6ceb91b1644ba356deccd9da146) Importer(815301076,1909f56bfc062723c751e8b465ee728b)  -> (artifact id: '63a7b116889125b65a1b0ff975de9396') in 0.025145 seconds
Number of updated asset objects reloaded before import = 0
Number of asset objects unloaded after import = 2
========================================================================
Received Import Request.
  Time since last request: 1.399433 seconds.
  path: Assets/Weapons/Easy Weapons/Textures/Crosshairs/solid_white.png
  artifactKey: Guid(fb94e4cada149024181628b0f49b619d) Importer(815301076,1909f56bfc062723c751e8b465ee728b)
Start importing Assets/Weapons/Easy Weapons/Textures/Crosshairs/solid_white.png using Guid(fb94e4cada149024181628b0f49b619d) Importer(815301076,1909f56bfc062723c751e8b465ee728b)  -> (artifact id: 'c154fb309e91dbb2d2666f378b7ba289') in 0.024131 seconds
Number of updated asset objects reloaded before import = 0
Number of asset objects unloaded after import = 2
========================================================================
Received Import Request.
  Time since last request: 0.890151 seconds.
  path: Assets/Weapons/Easy Weapons/Textures/Bullet Holes/bullet_hole_3.png
  artifactKey: Guid(2703b9dad9a106947ba728b17d53203d) Importer(815301076,1909f56bfc062723c751e8b465ee728b)
Start importing Assets/Weapons/Easy Weapons/Textures/Bullet Holes/bullet_hole_3.png using Guid(2703b9dad9a106947ba728b17d53203d) Importer(815301076,1909f56bfc062723c751e8b465ee728b)  -> (artifact id: 'dda6f906afd872ee7bdd2effbd3d80ea') in 0.032072 seconds
Number of updated asset objects reloaded before import = 0
Number of asset objects unloaded after import = 2
========================================================================
Received Import Request.
  Time since last request: 0.000038 seconds.
  path: Assets/Weapons/Easy Weapons/Textures/Bullet Holes/bullet_hole_6.png
  artifactKey: Guid(f17dd123c45dd8b4eadd0d36c697422b) Importer(815301076,1909f56bfc062723c751e8b465ee728b)
Start importing Assets/Weapons/Easy Weapons/Textures/Bullet Holes/bullet_hole_6.png using Guid(f17dd123c45dd8b4eadd0d36c697422b) Importer(815301076,1909f56bfc062723c751e8b465ee728b)  -> (artifact id: '9cf4282e05f7ce5cfcaf26a0b833c014') in 0.019342 seconds
Number of updated asset objects reloaded before import = 0
Number of asset objects unloaded after import = 2
========================================================================
Received Import Request.
  Time since last request: 29.071554 seconds.
  path: Assets/Weapons/Easy Weapons/Models/rocket.fbx
  artifactKey: Guid(9d0e2d4f3d9ebe74abba0464af4f2d9e) Importer(815301076,1909f56bfc062723c751e8b465ee728b)
Start importing Assets/Weapons/Easy Weapons/Models/rocket.fbx using Guid(9d0e2d4f3d9ebe74abba0464af4f2d9e) Importer(815301076,1909f56bfc062723c751e8b465ee728b)  -> (artifact id: 'd230c2f974a43922e3d479fabae73a47') in 0.112579 seconds
Number of updated asset objects reloaded before import = 0
Number of asset objects unloaded after import = 11
Editor requested this worker to shutdown with reason: Scaling down because of idle timeout
TcpMessagingSession - receive error: operation aborted. errorcode: 995, details: The I/O operation has been aborted because of either a thread exit or an application request.
AssetImportWorker is now disconnected from the server
Process exiting
Exiting without the bug reporter. Application will terminate with return code 0