Using pre-set license
Built from '2022.3/release' branch; Version is '2022.3.18f1 (d29bea25151d) revision 13802474'; Using compiler version '192829333'; Build Type 'Release'
OS: 'Windows 11  (10.0.22631) 64bit Professional' Language: 'en' Physical Memory: 31968 MB
BatchMode: 1, IsHumanControllingUs: 0, StartBugReporterOnCrash: 0, Is64bit: 1, IsPro: 1

COMMAND LINE ARGUMENTS:
C:\Program Files\Unity\Hub\Editor\2022.3.18f1\Editor\Unity.exe
-adb2
-batchMode
-noUpm
-name
AssetImportWorker9
-projectPath
C:/Users/Nikola/Documents/GitHub/Zombocalypse/Zombocalypse
-logFile
Logs/AssetImportWorker9.log
-srvPort
50446
Successfully changed project path to: C:/Users/Nikola/Documents/GitHub/Zombocalypse/Zombocalypse
C:/Users/Nikola/Documents/GitHub/Zombocalypse/Zombocalypse
[UnityMemory] Configuration Parameters - Can be set up in boot.config
    "memorysetup-bucket-allocator-granularity=16"
    "memorysetup-bucket-allocator-bucket-count=8"
    "memorysetup-bucket-allocator-block-size=33554432"
    "memorysetup-bucket-allocator-block-count=8"
    "memorysetup-main-allocator-block-size=16777216"
    "memorysetup-thread-allocator-block-size=16777216"
    "memorysetup-gfx-main-allocator-block-size=16777216"
    "memorysetup-gfx-thread-allocator-block-size=16777216"
    "memorysetup-cache-allocator-block-size=4194304"
    "memorysetup-typetree-allocator-block-size=2097152"
    "memorysetup-profiler-bucket-allocator-granularity=16"
    "memorysetup-profiler-bucket-allocator-bucket-count=8"
    "memorysetup-profiler-bucket-allocator-block-size=33554432"
    "memorysetup-profiler-bucket-allocator-block-count=8"
    "memorysetup-profiler-allocator-block-size=16777216"
    "memorysetup-profiler-editor-allocator-block-size=1048576"
    "memorysetup-temp-allocator-size-main=16777216"
    "memorysetup-job-temp-allocator-block-size=2097152"
    "memorysetup-job-temp-allocator-block-size-background=1048576"
    "memorysetup-job-temp-allocator-reduction-small-platforms=262144"
    "memorysetup-allocator-temp-initial-block-size-main=262144"
    "memorysetup-allocator-temp-initial-block-size-worker=262144"
    "memorysetup-temp-allocator-size-background-worker=32768"
    "memorysetup-temp-allocator-size-job-worker=262144"
    "memorysetup-temp-allocator-size-preload-manager=33554432"
    "memorysetup-temp-allocator-size-nav-mesh-worker=65536"
    "memorysetup-temp-allocator-size-audio-worker=65536"
    "memorysetup-temp-allocator-size-cloud-worker=32768"
    "memorysetup-temp-allocator-size-gi-baking-worker=262144"
    "memorysetup-temp-allocator-size-gfx=262144"
Player connection [47620] Host "[IP] 192.168.1.99 [Port] 0 [Flags] 2 [Guid] 1679887371 [EditorId] 1679887371 [Version] 1048832 [Id] WindowsEditor(7,PC) [Debug] 1 [PackageName] WindowsEditor [ProjectName] Editor" joined multi-casting on [225.0.0.222:54997]...

Player connection [47620] Host "[IP] 192.168.1.99 [Port] 0 [Flags] 2 [Guid] 1679887371 [EditorId] 1679887371 [Version] 1048832 [Id] WindowsEditor(7,PC) [Debug] 1 [PackageName] WindowsEditor [ProjectName] Editor" joined alternative multi-casting on [225.0.0.222:34997]...

[Physics::Module] Initialized MultithreadedJobDispatcher with 11 workers.
Refreshing native plugins compatible for Editor in 5.09 ms, found 3 plugins.
Preloading 0 native plugins for Editor in 0.00 ms.
Initialize engine version: 2022.3.18f1 (d29bea25151d)
[Subsystems] Discovering subsystems at path C:/Program Files/Unity/Hub/Editor/2022.3.18f1/Editor/Data/Resources/UnitySubsystems
[Subsystems] Discovering subsystems at path C:/Users/Nikola/Documents/GitHub/Zombocalypse/Zombocalypse/Assets
GfxDevice: creating device client; threaded=0; jobified=0
Direct3D:
    Version:  Direct3D 11.0 [level 11.1]
    Renderer: AMD Radeon RX 7800 XT (ID=0x747e)
    Vendor:   ATI
    VRAM:     16172 MB
    Driver:   31.0.24002.92
Initialize mono
Mono path[0] = 'C:/Program Files/Unity/Hub/Editor/2022.3.18f1/Editor/Data/Managed'
Mono path[1] = 'C:/Program Files/Unity/Hub/Editor/2022.3.18f1/Editor/Data/MonoBleedingEdge/lib/mono/unityjit-win32'
Mono config path = 'C:/Program Files/Unity/Hub/Editor/2022.3.18f1/Editor/Data/MonoBleedingEdge/etc'
Using monoOptions --debugger-agent=transport=dt_socket,embedding=1,server=y,suspend=n,address=127.0.0.1:56224
Begin MonoManager ReloadAssembly
Registering precompiled unity dll's ...
Register platform support module: C:/Program Files/Unity/Hub/Editor/2022.3.18f1/Editor/Data/PlaybackEngines/WebGLSupport/UnityEditor.WebGL.Extensions.dll
Register platform support module: C:/Program Files/Unity/Hub/Editor/2022.3.18f1/Editor/Data/PlaybackEngines/WindowsStandaloneSupport/UnityEditor.WindowsStandalone.Extensions.dll
Registered in 0.003534 seconds.
- Loaded All Assemblies, in  0.180 seconds
Native extension for WindowsStandalone target not found
Native extension for WebGL target not found
Mono: successfully reloaded assembly
- Finished resetting the current domain, in  0.139 seconds
Domain Reload Profiling: 318ms
	BeginReloadAssembly (56ms)
		ExecutionOrderSort (0ms)
		DisableScriptedObjects (0ms)
		BackupInstance (0ms)
		ReleaseScriptingObjects (0ms)
		CreateAndSetChildDomain (0ms)
	RebuildCommonClasses (18ms)
	RebuildNativeTypeToScriptingClass (6ms)
	initialDomainReloadingComplete (29ms)
	LoadAllAssembliesAndSetupDomain (70ms)
		LoadAssemblies (56ms)
		RebuildTransferFunctionScriptingTraits (0ms)
		AnalyzeDomain (69ms)
			TypeCache.Refresh (68ms)
				TypeCache.ScanAssembly (61ms)
			ScanForSourceGeneratedMonoScriptInfo (0ms)
			ResolveRequiredComponents (0ms)
	FinalizeReload (139ms)
		ReleaseScriptCaches (0ms)
		RebuildScriptCaches (0ms)
		SetupLoadedEditorAssemblies (110ms)
			LogAssemblyErrors (0ms)
			InitializePlatformSupportModulesInManaged (5ms)
			SetLoadedEditorAssemblies (3ms)
			RefreshPlugins (0ms)
			BeforeProcessingInitializeOnLoad (1ms)
			ProcessInitializeOnLoadAttributes (76ms)
			ProcessInitializeOnLoadMethodAttributes (24ms)
			AfterProcessingInitializeOnLoad (0ms)
			EditorAssembliesLoaded (0ms)
		ExecutionOrderSort2 (0ms)
		AwakeInstancesAfterBackupRestoration (0ms)
========================================================================
Worker process is ready to serve import requests
Begin MonoManager ReloadAssembly
Symbol file LoadedFromMemory is not a mono symbol file
- Loaded All Assemblies, in  0.349 seconds
Refreshing native plugins compatible for Editor in 1.54 ms, found 3 plugins.
Native extension for WindowsStandalone target not found
Native extension for WebGL target not found
Package Manager log level set to [2]
[Package Manager] Server::EnsureServerProcessIsRunning -- launch failed, reason: Unity was launched with the -noUpm command-line argument
[Package Manager] UpmClient::Send -- Unable to send message (not connected to UPM process).
[Package Manager] Cannot connect to Unity Package Manager local server
Mono: successfully reloaded assembly
- Finished resetting the current domain, in  0.390 seconds
Domain Reload Profiling: 738ms
	BeginReloadAssembly (79ms)
		ExecutionOrderSort (0ms)
		DisableScriptedObjects (3ms)
		BackupInstance (0ms)
		ReleaseScriptingObjects (0ms)
		CreateAndSetChildDomain (13ms)
	RebuildCommonClasses (17ms)
	RebuildNativeTypeToScriptingClass (6ms)
	initialDomainReloadingComplete (21ms)
	LoadAllAssembliesAndSetupDomain (226ms)
		LoadAssemblies (159ms)
		RebuildTransferFunctionScriptingTraits (0ms)
		AnalyzeDomain (112ms)
			TypeCache.Refresh (98ms)
				TypeCache.ScanAssembly (89ms)
			ScanForSourceGeneratedMonoScriptInfo (10ms)
			ResolveRequiredComponents (3ms)
	FinalizeReload (390ms)
		ReleaseScriptCaches (0ms)
		RebuildScriptCaches (0ms)
		SetupLoadedEditorAssemblies (315ms)
			LogAssemblyErrors (0ms)
			InitializePlatformSupportModulesInManaged (3ms)
			SetLoadedEditorAssemblies (2ms)
			RefreshPlugins (0ms)
			BeforeProcessingInitializeOnLoad (34ms)
			ProcessInitializeOnLoadAttributes (257ms)
			ProcessInitializeOnLoadMethodAttributes (16ms)
			AfterProcessingInitializeOnLoad (3ms)
			EditorAssembliesLoaded (0ms)
		ExecutionOrderSort2 (0ms)
		AwakeInstancesAfterBackupRestoration (3ms)
Failed to load shader (instanceID 438, GUID e008cddabe2ee464e86c31af2b5b07c9)
Failed to load shader (instanceID 424, GUID e8f3ce2cbe4971147b1b7f04b791e52a)
Launched and connected shader compiler UnityShaderCompiler.exe after 0.02 seconds
Refreshing native plugins compatible for Editor in 1.49 ms, found 3 plugins.
Preloading 0 native plugins for Editor in 0.00 ms.
Unloading 3730 Unused Serialized files (Serialized files now loaded: 0)
Unloading 35 unused Assets / (59.6 KB). Loaded Objects now: 4223.
Memory consumption went from 155.5 MB to 155.5 MB.
Total: 2.497400 ms (FindLiveObjects: 0.239200 ms CreateObjectMapping: 0.058500 ms MarkObjects: 2.105100 ms  DeleteObjects: 0.094000 ms)

AssetImportParameters requested are different than current active one (requested -> active):
  custom:container-demuxer-ogg: 62fdf1f143b41e24485cea50d1cbac27 -> 
  custom:video-codec-MediaFoundation-h265: 746d11721c4dcdbdad8f713fa42b33f4 -> 
  custom:video-decoder-ogg-theora: a1e56fd34408186e4bbccfd4996cb3dc -> 
  custom:scripting/monoscript/fileName/PlayerHoverController.cs: 7c3b24e6003bfc3753fe4dcd628b63d3 -> 
  custom:framework-win-MediaFoundation: 216162199b28c13a410421893ffa2e32 -> 
  custom:scripting/monoscript/fileName/Camera2DFollow.cs: 36d4332d4c2ffe3b416bc2a4e8365925 -> 
  custom:scripting/monoscript/fileName/SplatMapGenerator.cs: 978523f7220bcfbfe4e97dde54f01a88 -> 
  custom:CustomObjectIndexerAttribute: 6d391050e5a25f67b0a2c618074f2cd9 -> 
  custom:scripting/monoscript/fileName/SimpleSmoothMouseLook.cs: cff7259a09eaa180476819b446c45906 -> 
  custom:container-demuxer-webm: 4f35f7cbe854078d1ac9338744f61a02 -> 
  custom:scripting/monoscript/fileName/ForceGrassDistanceInEditor.cs: c02d90dd62271f0368ce2fc0457cb68c -> 
  custom:container-muxer-webm: aa71ff27fc2769a1b78a27578f13a17b -> 
  custom:scripting/monoscript/fileName/PlaceOnSurfaceAtStart.cs: 6425012b1be9be14fc1a64db64d75783 -> 
  custom:video-decoder-webm-vp8: 9c59270c3fd7afecdb556c50c9e8de78 -> 
  custom:scripting/monoscript/fileName/CircleMoverSample.cs: abdbac9546c68b758ba1e8d085187f86 -> 
  custom:scripting/monoscript/fileName/SpawnInArea.cs: d58f698a91ea9cb4b48b0bb3ab224695 -> 
  custom:scripting/monoscript/fileName/TreeExplosion.cs: ff76bbd7bd3d2bad80b109a5f521d638 -> 
  custom:SearchIndexIgnoredProperties: e643bd26f0fe6173181afceb89e7c659 -> 
  custom:AudioImporter_EditorPlatform: d09bf68614088b80899f8185d706f6e7 -> 
  custom:scripting/monoscript/fileName/TerrainTools.cs: 0a67150dc84c7f556953f508bb42ee41 -> 
  custom:scripting/monoscript/fileName/TerrainQualitySettings.cs: 97d80f5eabf04f6efb29519e09b7914e -> 
  custom:scripting/monoscript/fileName/RandomObjectMap.cs: c5c361040658a3dbeb1ecde31a0ba042 -> 
  custom:video-encoder-webm-vp8: eb34c28f22e8b96e1ab97ce403110664 -> 
  custom:scripting/monoscript/fileName/TTTools2D.cs: 938225aaf3ff01b2de05233ebd91ba4b -> 
  custom:audio-decoder-ogg-vorbis: bf7c407c2cedff20999df2af8eb42d56 -> 
  custom:scripting/monoscript/fileName/PlaceOnTerrain.cs: 16680a467d31626be1291a9d1cb5e268 -> 
  custom:scripting/monoscript/fileName/IncrementalSplatmapping.cs: 4c2306b73b507e70f0971eb6fe596f3e -> 
  custom:scripting/monoscript/fileName/ClearWaterLevel.cs: 63b8059750396ec04cedbc48fec03d0d -> 
  custom:audio-encoder-webm-vorbis: bf7c407c2cedff20999df2af8eb42d56 -> 
  custom:scripting/monoscript/fileName/KeepOnSurface.cs: b5186260965dd31cfcb27dea430d35ae -> 
========================================================================
Received Prepare
Begin MonoManager ReloadAssembly
Symbol file LoadedFromMemory is not a mono symbol file
- Loaded All Assemblies, in  0.274 seconds
Refreshing native plugins compatible for Editor in 1.64 ms, found 3 plugins.
Native extension for WindowsStandalone target not found
Native extension for WebGL target not found
[Package Manager] Server::EnsureServerProcessIsRunning -- launch failed, reason: Unity was launched with the -noUpm command-line argument
[Package Manager] UpmClient::Send -- Unable to send message (not connected to UPM process).
[Package Manager] Cannot connect to Unity Package Manager local server
Mono: successfully reloaded assembly
- Finished resetting the current domain, in  0.658 seconds
Domain Reload Profiling: 932ms
	BeginReloadAssembly (103ms)
		ExecutionOrderSort (0ms)
		DisableScriptedObjects (3ms)
		BackupInstance (0ms)
		ReleaseScriptingObjects (0ms)
		CreateAndSetChildDomain (28ms)
	RebuildCommonClasses (17ms)
	RebuildNativeTypeToScriptingClass (9ms)
	initialDomainReloadingComplete (17ms)
	LoadAllAssembliesAndSetupDomain (126ms)
		LoadAssemblies (164ms)
		RebuildTransferFunctionScriptingTraits (0ms)
		AnalyzeDomain (13ms)
			TypeCache.Refresh (5ms)
				TypeCache.ScanAssembly (0ms)
			ScanForSourceGeneratedMonoScriptInfo (4ms)
			ResolveRequiredComponents (3ms)
	FinalizeReload (659ms)
		ReleaseScriptCaches (0ms)
		RebuildScriptCaches (0ms)
		SetupLoadedEditorAssemblies (378ms)
			LogAssemblyErrors (0ms)
			InitializePlatformSupportModulesInManaged (5ms)
			SetLoadedEditorAssemblies (2ms)
			RefreshPlugins (0ms)
			BeforeProcessingInitializeOnLoad (41ms)
			ProcessInitializeOnLoadAttributes (305ms)
			ProcessInitializeOnLoadMethodAttributes (21ms)
			AfterProcessingInitializeOnLoad (3ms)
			EditorAssembliesLoaded (0ms)
		ExecutionOrderSort2 (0ms)
		AwakeInstancesAfterBackupRestoration (5ms)
Refreshing native plugins compatible for Editor in 2.11 ms, found 3 plugins.
Preloading 0 native plugins for Editor in 0.00 ms.
Unloading 3697 Unused Serialized files (Serialized files now loaded: 0)
Unloading 34 unused Assets / (36.9 KB). Loaded Objects now: 4218.
Memory consumption went from 152.2 MB to 152.2 MB.
Total: 2.582500 ms (FindLiveObjects: 0.228300 ms CreateObjectMapping: 0.050000 ms MarkObjects: 2.260600 ms  DeleteObjects: 0.042700 ms)

Prepare: number of updated asset objects reloaded= 13
AssetImportParameters requested are different than current active one (requested -> active):
  custom:container-demuxer-ogg: 62fdf1f143b41e24485cea50d1cbac27 -> 
  custom:video-codec-MediaFoundation-h265: 746d11721c4dcdbdad8f713fa42b33f4 -> 
  custom:video-decoder-ogg-theora: a1e56fd34408186e4bbccfd4996cb3dc -> 
  custom:scripting/monoscript/fileName/PlayerHoverController.cs: 7c3b24e6003bfc3753fe4dcd628b63d3 -> 
  custom:framework-win-MediaFoundation: 216162199b28c13a410421893ffa2e32 -> 
  custom:scripting/monoscript/fileName/Camera2DFollow.cs: 36d4332d4c2ffe3b416bc2a4e8365925 -> 
  custom:scripting/monoscript/fileName/SplatMapGenerator.cs: 978523f7220bcfbfe4e97dde54f01a88 -> 
  custom:CustomObjectIndexerAttribute: 6d391050e5a25f67b0a2c618074f2cd9 -> 
  custom:scripting/monoscript/fileName/SimpleSmoothMouseLook.cs: cff7259a09eaa180476819b446c45906 -> 
  custom:container-demuxer-webm: 4f35f7cbe854078d1ac9338744f61a02 -> 
  custom:scripting/monoscript/fileName/ForceGrassDistanceInEditor.cs: c02d90dd62271f0368ce2fc0457cb68c -> 
  custom:container-muxer-webm: aa71ff27fc2769a1b78a27578f13a17b -> 
  custom:scripting/monoscript/fileName/PlaceOnSurfaceAtStart.cs: 6425012b1be9be14fc1a64db64d75783 -> 
  custom:video-decoder-webm-vp8: 9c59270c3fd7afecdb556c50c9e8de78 -> 
  custom:scripting/monoscript/fileName/CircleMoverSample.cs: abdbac9546c68b758ba1e8d085187f86 -> 
  custom:scripting/monoscript/fileName/SpawnInArea.cs: d58f698a91ea9cb4b48b0bb3ab224695 -> 
  custom:scripting/monoscript/fileName/TreeExplosion.cs: ff76bbd7bd3d2bad80b109a5f521d638 -> 
  custom:SearchIndexIgnoredProperties: e643bd26f0fe6173181afceb89e7c659 -> 
  custom:AudioImporter_EditorPlatform: d09bf68614088b80899f8185d706f6e7 -> 
  custom:scripting/monoscript/fileName/TerrainTools.cs: 0a67150dc84c7f556953f508bb42ee41 -> 
  custom:scripting/monoscript/fileName/TerrainQualitySettings.cs: 97d80f5eabf04f6efb29519e09b7914e -> 
  custom:scripting/monoscript/fileName/RandomObjectMap.cs: c5c361040658a3dbeb1ecde31a0ba042 -> 
  custom:video-encoder-webm-vp8: eb34c28f22e8b96e1ab97ce403110664 -> 
  custom:scripting/monoscript/fileName/TTTools2D.cs: 938225aaf3ff01b2de05233ebd91ba4b -> 
  custom:audio-decoder-ogg-vorbis: bf7c407c2cedff20999df2af8eb42d56 -> 
  custom:scripting/monoscript/fileName/PlaceOnTerrain.cs: 16680a467d31626be1291a9d1cb5e268 -> 
  custom:scripting/monoscript/fileName/IncrementalSplatmapping.cs: 4c2306b73b507e70f0971eb6fe596f3e -> 
  custom:scripting/monoscript/fileName/ClearWaterLevel.cs: 63b8059750396ec04cedbc48fec03d0d -> 
  custom:audio-encoder-webm-vorbis: bf7c407c2cedff20999df2af8eb42d56 -> 
  custom:scripting/monoscript/fileName/KeepOnSurface.cs: b5186260965dd31cfcb27dea430d35ae -> 
========================================================================
Received Import Request.
  Time since last request: 10466.339678 seconds.
  path: Assets/Road Blocker/Materials/RoadBlocker1_S.mat
  artifactKey: Guid(7de82a28b81931a41b1001619bcee861) Importer(815301076,1909f56bfc062723c751e8b465ee728b)
Start importing Assets/Road Blocker/Materials/RoadBlocker1_S.mat using Guid(7de82a28b81931a41b1001619bcee861) Importer(815301076,1909f56bfc062723c751e8b465ee728b)  -> (artifact id: 'd5bf62a1d9ae3c036f3cc6bb27646456') in 0.073044 seconds
Number of updated asset objects reloaded before import = 0
Number of asset objects unloaded after import = 2
========================================================================
Received Prepare
Begin MonoManager ReloadAssembly
Symbol file LoadedFromMemory is not a mono symbol file
- Loaded All Assemblies, in  0.254 seconds
Refreshing native plugins compatible for Editor in 2.47 ms, found 3 plugins.
Native extension for WindowsStandalone target not found
Native extension for WebGL target not found
[Package Manager] Server::EnsureServerProcessIsRunning -- launch failed, reason: Unity was launched with the -noUpm command-line argument
[Package Manager] UpmClient::Send -- Unable to send message (not connected to UPM process).
[Package Manager] Cannot connect to Unity Package Manager local server
Mono: successfully reloaded assembly
- Finished resetting the current domain, in  0.642 seconds
Domain Reload Profiling: 895ms
	BeginReloadAssembly (99ms)
		ExecutionOrderSort (0ms)
		DisableScriptedObjects (2ms)
		BackupInstance (0ms)
		ReleaseScriptingObjects (0ms)
		CreateAndSetChildDomain (25ms)
	RebuildCommonClasses (19ms)
	RebuildNativeTypeToScriptingClass (6ms)
	initialDomainReloadingComplete (16ms)
	LoadAllAssembliesAndSetupDomain (114ms)
		LoadAssemblies (156ms)
		RebuildTransferFunctionScriptingTraits (0ms)
		AnalyzeDomain (7ms)
			TypeCache.Refresh (3ms)
				TypeCache.ScanAssembly (0ms)
			ScanForSourceGeneratedMonoScriptInfo (0ms)
			ResolveRequiredComponents (3ms)
	FinalizeReload (642ms)
		ReleaseScriptCaches (0ms)
		RebuildScriptCaches (0ms)
		SetupLoadedEditorAssemblies (350ms)
			LogAssemblyErrors (0ms)
			InitializePlatformSupportModulesInManaged (4ms)
			SetLoadedEditorAssemblies (2ms)
			RefreshPlugins (0ms)
			BeforeProcessingInitializeOnLoad (40ms)
			ProcessInitializeOnLoadAttributes (281ms)
			ProcessInitializeOnLoadMethodAttributes (19ms)
			AfterProcessingInitializeOnLoad (3ms)
			EditorAssembliesLoaded (0ms)
		ExecutionOrderSort2 (0ms)
		AwakeInstancesAfterBackupRestoration (4ms)
Refreshing native plugins compatible for Editor in 2.05 ms, found 3 plugins.
Preloading 0 native plugins for Editor in 0.00 ms.
Unloading 3696 Unused Serialized files (Serialized files now loaded: 0)
Unloading 26 unused Assets / (32.7 KB). Loaded Objects now: 4249.
Memory consumption went from 157.8 MB to 157.8 MB.
Total: 2.988600 ms (FindLiveObjects: 0.296600 ms CreateObjectMapping: 0.103800 ms MarkObjects: 2.537900 ms  DeleteObjects: 0.049600 ms)

Prepare: number of updated asset objects reloaded= 0
AssetImportParameters requested are different than current active one (requested -> active):
  custom:container-demuxer-ogg: 62fdf1f143b41e24485cea50d1cbac27 -> 
  custom:video-codec-MediaFoundation-h265: 746d11721c4dcdbdad8f713fa42b33f4 -> 
  custom:video-decoder-ogg-theora: a1e56fd34408186e4bbccfd4996cb3dc -> 
  custom:scripting/monoscript/fileName/PlayerHoverController.cs: 7c3b24e6003bfc3753fe4dcd628b63d3 -> 
  custom:framework-win-MediaFoundation: 216162199b28c13a410421893ffa2e32 -> 
  custom:scripting/monoscript/fileName/Camera2DFollow.cs: 36d4332d4c2ffe3b416bc2a4e8365925 -> 
  custom:scripting/monoscript/fileName/SplatMapGenerator.cs: 978523f7220bcfbfe4e97dde54f01a88 -> 
  custom:CustomObjectIndexerAttribute: 6d391050e5a25f67b0a2c618074f2cd9 -> 
  custom:scripting/monoscript/fileName/SimpleSmoothMouseLook.cs: cff7259a09eaa180476819b446c45906 -> 
  custom:container-demuxer-webm: 4f35f7cbe854078d1ac9338744f61a02 -> 
  custom:scripting/monoscript/fileName/ForceGrassDistanceInEditor.cs: c02d90dd62271f0368ce2fc0457cb68c -> 
  custom:container-muxer-webm: aa71ff27fc2769a1b78a27578f13a17b -> 
  custom:scripting/monoscript/fileName/PlaceOnSurfaceAtStart.cs: 6425012b1be9be14fc1a64db64d75783 -> 
  custom:video-decoder-webm-vp8: 9c59270c3fd7afecdb556c50c9e8de78 -> 
  custom:scripting/monoscript/fileName/CircleMoverSample.cs: abdbac9546c68b758ba1e8d085187f86 -> 
  custom:scripting/monoscript/fileName/SpawnInArea.cs: d58f698a91ea9cb4b48b0bb3ab224695 -> 
  custom:scripting/monoscript/fileName/TreeExplosion.cs: ff76bbd7bd3d2bad80b109a5f521d638 -> 
  custom:SearchIndexIgnoredProperties: e643bd26f0fe6173181afceb89e7c659 -> 
  custom:AudioImporter_EditorPlatform: d09bf68614088b80899f8185d706f6e7 -> 
  custom:scripting/monoscript/fileName/TerrainTools.cs: 0a67150dc84c7f556953f508bb42ee41 -> 
  custom:scripting/monoscript/fileName/TerrainQualitySettings.cs: 97d80f5eabf04f6efb29519e09b7914e -> 
  custom:scripting/monoscript/fileName/RandomObjectMap.cs: c5c361040658a3dbeb1ecde31a0ba042 -> 
  custom:video-encoder-webm-vp8: eb34c28f22e8b96e1ab97ce403110664 -> 
  custom:scripting/monoscript/fileName/TTTools2D.cs: 938225aaf3ff01b2de05233ebd91ba4b -> 
  custom:audio-decoder-ogg-vorbis: bf7c407c2cedff20999df2af8eb42d56 -> 
  custom:scripting/monoscript/fileName/PlaceOnTerrain.cs: 16680a467d31626be1291a9d1cb5e268 -> 
  custom:scripting/monoscript/fileName/IncrementalSplatmapping.cs: 4c2306b73b507e70f0971eb6fe596f3e -> 
  custom:scripting/monoscript/fileName/ClearWaterLevel.cs: 63b8059750396ec04cedbc48fec03d0d -> 
  custom:audio-encoder-webm-vorbis: bf7c407c2cedff20999df2af8eb42d56 -> 
  custom:scripting/monoscript/fileName/KeepOnSurface.cs: b5186260965dd31cfcb27dea430d35ae -> 
========================================================================
Received Prepare
Begin MonoManager ReloadAssembly
Symbol file LoadedFromMemory is not a mono symbol file
- Loaded All Assemblies, in  0.257 seconds
Refreshing native plugins compatible for Editor in 1.83 ms, found 3 plugins.
Native extension for WindowsStandalone target not found
Native extension for WebGL target not found
[Package Manager] Server::EnsureServerProcessIsRunning -- launch failed, reason: Unity was launched with the -noUpm command-line argument
[Package Manager] UpmClient::Send -- Unable to send message (not connected to UPM process).
[Package Manager] Cannot connect to Unity Package Manager local server
Mono: successfully reloaded assembly
- Finished resetting the current domain, in  0.654 seconds
Domain Reload Profiling: 910ms
	BeginReloadAssembly (98ms)
		ExecutionOrderSort (0ms)
		DisableScriptedObjects (2ms)
		BackupInstance (0ms)
		ReleaseScriptingObjects (0ms)
		CreateAndSetChildDomain (24ms)
	RebuildCommonClasses (19ms)
	RebuildNativeTypeToScriptingClass (7ms)
	initialDomainReloadingComplete (18ms)
	LoadAllAssembliesAndSetupDomain (113ms)
		LoadAssemblies (156ms)
		RebuildTransferFunctionScriptingTraits (0ms)
		AnalyzeDomain (7ms)
			TypeCache.Refresh (3ms)
				TypeCache.ScanAssembly (0ms)
			ScanForSourceGeneratedMonoScriptInfo (0ms)
			ResolveRequiredComponents (2ms)
	FinalizeReload (654ms)
		ReleaseScriptCaches (0ms)
		RebuildScriptCaches (0ms)
		SetupLoadedEditorAssemblies (362ms)
			LogAssemblyErrors (0ms)
			InitializePlatformSupportModulesInManaged (4ms)
			SetLoadedEditorAssemblies (2ms)
			RefreshPlugins (0ms)
			BeforeProcessingInitializeOnLoad (41ms)
			ProcessInitializeOnLoadAttributes (293ms)
			ProcessInitializeOnLoadMethodAttributes (19ms)
			AfterProcessingInitializeOnLoad (3ms)
			EditorAssembliesLoaded (0ms)
		ExecutionOrderSort2 (0ms)
		AwakeInstancesAfterBackupRestoration (4ms)
Refreshing native plugins compatible for Editor in 1.91 ms, found 3 plugins.
Preloading 0 native plugins for Editor in 0.00 ms.
Unloading 3697 Unused Serialized files (Serialized files now loaded: 0)
Unloading 26 unused Assets / (32.7 KB). Loaded Objects now: 4252.
Memory consumption went from 160.0 MB to 160.0 MB.
Total: 2.383000 ms (FindLiveObjects: 0.248200 ms CreateObjectMapping: 0.116600 ms MarkObjects: 1.971800 ms  DeleteObjects: 0.045800 ms)

Prepare: number of updated asset objects reloaded= 0
AssetImportParameters requested are different than current active one (requested -> active):
  custom:container-demuxer-ogg: 62fdf1f143b41e24485cea50d1cbac27 -> 
  custom:video-codec-MediaFoundation-h265: 746d11721c4dcdbdad8f713fa42b33f4 -> 
  custom:video-decoder-ogg-theora: a1e56fd34408186e4bbccfd4996cb3dc -> 
  custom:scripting/monoscript/fileName/PlayerHoverController.cs: 7c3b24e6003bfc3753fe4dcd628b63d3 -> 
  custom:framework-win-MediaFoundation: 216162199b28c13a410421893ffa2e32 -> 
  custom:scripting/monoscript/fileName/Camera2DFollow.cs: 36d4332d4c2ffe3b416bc2a4e8365925 -> 
  custom:scripting/monoscript/fileName/SplatMapGenerator.cs: 978523f7220bcfbfe4e97dde54f01a88 -> 
  custom:CustomObjectIndexerAttribute: 6d391050e5a25f67b0a2c618074f2cd9 -> 
  custom:scripting/monoscript/fileName/SimpleSmoothMouseLook.cs: cff7259a09eaa180476819b446c45906 -> 
  custom:container-demuxer-webm: 4f35f7cbe854078d1ac9338744f61a02 -> 
  custom:scripting/monoscript/fileName/ForceGrassDistanceInEditor.cs: c02d90dd62271f0368ce2fc0457cb68c -> 
  custom:container-muxer-webm: aa71ff27fc2769a1b78a27578f13a17b -> 
  custom:scripting/monoscript/fileName/PlaceOnSurfaceAtStart.cs: 6425012b1be9be14fc1a64db64d75783 -> 
  custom:video-decoder-webm-vp8: 9c59270c3fd7afecdb556c50c9e8de78 -> 
  custom:scripting/monoscript/fileName/CircleMoverSample.cs: abdbac9546c68b758ba1e8d085187f86 -> 
  custom:scripting/monoscript/fileName/SpawnInArea.cs: d58f698a91ea9cb4b48b0bb3ab224695 -> 
  custom:scripting/monoscript/fileName/TreeExplosion.cs: ff76bbd7bd3d2bad80b109a5f521d638 -> 
  custom:SearchIndexIgnoredProperties: e643bd26f0fe6173181afceb89e7c659 -> 
  custom:AudioImporter_EditorPlatform: d09bf68614088b80899f8185d706f6e7 -> 
  custom:scripting/monoscript/fileName/TerrainTools.cs: 0a67150dc84c7f556953f508bb42ee41 -> 
  custom:scripting/monoscript/fileName/TerrainQualitySettings.cs: 97d80f5eabf04f6efb29519e09b7914e -> 
  custom:scripting/monoscript/fileName/RandomObjectMap.cs: c5c361040658a3dbeb1ecde31a0ba042 -> 
  custom:video-encoder-webm-vp8: eb34c28f22e8b96e1ab97ce403110664 -> 
  custom:scripting/monoscript/fileName/TTTools2D.cs: 938225aaf3ff01b2de05233ebd91ba4b -> 
  custom:audio-decoder-ogg-vorbis: bf7c407c2cedff20999df2af8eb42d56 -> 
  custom:scripting/monoscript/fileName/PlaceOnTerrain.cs: 16680a467d31626be1291a9d1cb5e268 -> 
  custom:scripting/monoscript/fileName/IncrementalSplatmapping.cs: 4c2306b73b507e70f0971eb6fe596f3e -> 
  custom:scripting/monoscript/fileName/ClearWaterLevel.cs: 63b8059750396ec04cedbc48fec03d0d -> 
  custom:audio-encoder-webm-vorbis: bf7c407c2cedff20999df2af8eb42d56 -> 
  custom:scripting/monoscript/fileName/KeepOnSurface.cs: b5186260965dd31cfcb27dea430d35ae -> 
========================================================================
Received Prepare
Begin MonoManager ReloadAssembly
Symbol file LoadedFromMemory is not a mono symbol file
- Loaded All Assemblies, in  0.244 seconds
Refreshing native plugins compatible for Editor in 1.71 ms, found 3 plugins.
Native extension for WindowsStandalone target not found
Native extension for WebGL target not found
[Package Manager] Server::EnsureServerProcessIsRunning -- launch failed, reason: Unity was launched with the -noUpm command-line argument
[Package Manager] UpmClient::Send -- Unable to send message (not connected to UPM process).
[Package Manager] Cannot connect to Unity Package Manager local server
Mono: successfully reloaded assembly
- Finished resetting the current domain, in  0.638 seconds
Domain Reload Profiling: 881ms
	BeginReloadAssembly (98ms)
		ExecutionOrderSort (0ms)
		DisableScriptedObjects (2ms)
		BackupInstance (0ms)
		ReleaseScriptingObjects (0ms)
		CreateAndSetChildDomain (26ms)
	RebuildCommonClasses (17ms)
	RebuildNativeTypeToScriptingClass (6ms)
	initialDomainReloadingComplete (15ms)
	LoadAllAssembliesAndSetupDomain (107ms)
		LoadAssemblies (147ms)
		RebuildTransferFunctionScriptingTraits (0ms)
		AnalyzeDomain (7ms)
			TypeCache.Refresh (3ms)
				TypeCache.ScanAssembly (0ms)
			ScanForSourceGeneratedMonoScriptInfo (0ms)
			ResolveRequiredComponents (2ms)
	FinalizeReload (638ms)
		ReleaseScriptCaches (0ms)
		RebuildScriptCaches (0ms)
		SetupLoadedEditorAssemblies (353ms)
			LogAssemblyErrors (0ms)
			InitializePlatformSupportModulesInManaged (5ms)
			SetLoadedEditorAssemblies (2ms)
			RefreshPlugins (0ms)
			BeforeProcessingInitializeOnLoad (39ms)
			ProcessInitializeOnLoadAttributes (285ms)
			ProcessInitializeOnLoadMethodAttributes (18ms)
			AfterProcessingInitializeOnLoad (3ms)
			EditorAssembliesLoaded (0ms)
		ExecutionOrderSort2 (0ms)
		AwakeInstancesAfterBackupRestoration (4ms)
Refreshing native plugins compatible for Editor in 2.40 ms, found 3 plugins.
Preloading 0 native plugins for Editor in 0.00 ms.
Unloading 3697 Unused Serialized files (Serialized files now loaded: 0)
Unloading 26 unused Assets / (32.8 KB). Loaded Objects now: 4255.
Memory consumption went from 162.0 MB to 162.0 MB.
Total: 2.670400 ms (FindLiveObjects: 0.250600 ms CreateObjectMapping: 0.070000 ms MarkObjects: 2.310600 ms  DeleteObjects: 0.038500 ms)

Prepare: number of updated asset objects reloaded= 0
AssetImportParameters requested are different than current active one (requested -> active):
  custom:container-demuxer-ogg: 62fdf1f143b41e24485cea50d1cbac27 -> 
  custom:video-codec-MediaFoundation-h265: 746d11721c4dcdbdad8f713fa42b33f4 -> 
  custom:video-decoder-ogg-theora: a1e56fd34408186e4bbccfd4996cb3dc -> 
  custom:scripting/monoscript/fileName/PlayerHoverController.cs: 7c3b24e6003bfc3753fe4dcd628b63d3 -> 
  custom:framework-win-MediaFoundation: 216162199b28c13a410421893ffa2e32 -> 
  custom:scripting/monoscript/fileName/Camera2DFollow.cs: 36d4332d4c2ffe3b416bc2a4e8365925 -> 
  custom:scripting/monoscript/fileName/SplatMapGenerator.cs: 978523f7220bcfbfe4e97dde54f01a88 -> 
  custom:CustomObjectIndexerAttribute: 6d391050e5a25f67b0a2c618074f2cd9 -> 
  custom:scripting/monoscript/fileName/SimpleSmoothMouseLook.cs: cff7259a09eaa180476819b446c45906 -> 
  custom:container-demuxer-webm: 4f35f7cbe854078d1ac9338744f61a02 -> 
  custom:scripting/monoscript/fileName/ForceGrassDistanceInEditor.cs: c02d90dd62271f0368ce2fc0457cb68c -> 
  custom:container-muxer-webm: aa71ff27fc2769a1b78a27578f13a17b -> 
  custom:scripting/monoscript/fileName/PlaceOnSurfaceAtStart.cs: 6425012b1be9be14fc1a64db64d75783 -> 
  custom:video-decoder-webm-vp8: 9c59270c3fd7afecdb556c50c9e8de78 -> 
  custom:scripting/monoscript/fileName/CircleMoverSample.cs: abdbac9546c68b758ba1e8d085187f86 -> 
  custom:scripting/monoscript/fileName/SpawnInArea.cs: d58f698a91ea9cb4b48b0bb3ab224695 -> 
  custom:scripting/monoscript/fileName/TreeExplosion.cs: ff76bbd7bd3d2bad80b109a5f521d638 -> 
  custom:SearchIndexIgnoredProperties: e643bd26f0fe6173181afceb89e7c659 -> 
  custom:AudioImporter_EditorPlatform: d09bf68614088b80899f8185d706f6e7 -> 
  custom:scripting/monoscript/fileName/TerrainTools.cs: 0a67150dc84c7f556953f508bb42ee41 -> 
  custom:scripting/monoscript/fileName/TerrainQualitySettings.cs: 97d80f5eabf04f6efb29519e09b7914e -> 
  custom:scripting/monoscript/fileName/RandomObjectMap.cs: c5c361040658a3dbeb1ecde31a0ba042 -> 
  custom:video-encoder-webm-vp8: eb34c28f22e8b96e1ab97ce403110664 -> 
  custom:scripting/monoscript/fileName/TTTools2D.cs: 938225aaf3ff01b2de05233ebd91ba4b -> 
  custom:audio-decoder-ogg-vorbis: bf7c407c2cedff20999df2af8eb42d56 -> 
  custom:scripting/monoscript/fileName/PlaceOnTerrain.cs: 16680a467d31626be1291a9d1cb5e268 -> 
  custom:scripting/monoscript/fileName/IncrementalSplatmapping.cs: 4c2306b73b507e70f0971eb6fe596f3e -> 
  custom:scripting/monoscript/fileName/ClearWaterLevel.cs: 63b8059750396ec04cedbc48fec03d0d -> 
  custom:audio-encoder-webm-vorbis: bf7c407c2cedff20999df2af8eb42d56 -> 
  custom:scripting/monoscript/fileName/KeepOnSurface.cs: b5186260965dd31cfcb27dea430d35ae -> 
========================================================================
Received Import Request.
  Time since last request: 1576.966918 seconds.
  path: Assets/Garage
  artifactKey: Guid(0460cf8daf24c984096817c375252e2d) Importer(815301076,1909f56bfc062723c751e8b465ee728b)
Start importing Assets/Garage using Guid(0460cf8daf24c984096817c375252e2d) Importer(815301076,1909f56bfc062723c751e8b465ee728b)  -> (artifact id: '3ad495a77ffc91a7079309bfad1277df') in 0.001429 seconds
Number of updated asset objects reloaded before import = 0
Number of asset objects unloaded after import = 0
========================================================================
Received Import Request.
  Time since last request: 6.324789 seconds.
  path: Assets/Asphalt_materials/Textures/Asphalt_texture13/Asphalt_texture_13.png
  artifactKey: Guid(e2cb4967efb0d4944a7e03f17bc33f04) Importer(815301076,1909f56bfc062723c751e8b465ee728b)
Start importing Assets/Asphalt_materials/Textures/Asphalt_texture13/Asphalt_texture_13.png using Guid(e2cb4967efb0d4944a7e03f17bc33f04) Importer(815301076,1909f56bfc062723c751e8b465ee728b)  -> (artifact id: '050106d1cec53479789214273256d138') in 0.033975 seconds
Number of updated asset objects reloaded before import = 0
Number of asset objects unloaded after import = 2
========================================================================
Received Import Request.
  Time since last request: 0.533764 seconds.
  path: Assets/Asphalt_materials/Textures/Asphalt_texture11/Asphalt_texture_11.png
  artifactKey: Guid(8c4601891d91e4ee8aec5354de6c10c4) Importer(815301076,1909f56bfc062723c751e8b465ee728b)
Start importing Assets/Asphalt_materials/Textures/Asphalt_texture11/Asphalt_texture_11.png using Guid(8c4601891d91e4ee8aec5354de6c10c4) Importer(815301076,1909f56bfc062723c751e8b465ee728b)  -> (artifact id: 'a628c6de43c7d8d59c0cdbad7deb9945') in 0.011552 seconds
Number of updated asset objects reloaded before import = 0
Number of asset objects unloaded after import = 2
========================================================================
Received Import Request.
  Time since last request: 0.401453 seconds.
  path: Assets/Asphalt_materials/Textures/Asphalt_texture8/Asphalt_texture_8.png
  artifactKey: Guid(7aa5b4ddd4c8a484da725e8633495cef) Importer(815301076,1909f56bfc062723c751e8b465ee728b)
Start importing Assets/Asphalt_materials/Textures/Asphalt_texture8/Asphalt_texture_8.png using Guid(7aa5b4ddd4c8a484da725e8633495cef) Importer(815301076,1909f56bfc062723c751e8b465ee728b)  -> (artifact id: '2b61aa271fed9ac91d6d0d42845eaa11') in 0.011033 seconds
Number of updated asset objects reloaded before import = 0
Number of asset objects unloaded after import = 2
========================================================================
Received Import Request.
  Time since last request: 0.744384 seconds.
  path: Assets/Asphalt_materials/Textures/Asphalt_texture12/AmbientOcclusionMap-12.png
  artifactKey: Guid(2006db0e3c82f43ce8c75996256ce0eb) Importer(815301076,1909f56bfc062723c751e8b465ee728b)
Start importing Assets/Asphalt_materials/Textures/Asphalt_texture12/AmbientOcclusionMap-12.png using Guid(2006db0e3c82f43ce8c75996256ce0eb) Importer(815301076,1909f56bfc062723c751e8b465ee728b)  -> (artifact id: 'c5a5ea7f6c8a274a4912f8272401aae3') in 0.010274 seconds
Number of updated asset objects reloaded before import = 0
Number of asset objects unloaded after import = 2
========================================================================
Received Import Request.
  Time since last request: 79.548374 seconds.
  path: Assets/Garage/garage_door.obj
  artifactKey: Guid(148ff19d02fb36b4db05320d79c9d058) Importer(815301076,1909f56bfc062723c751e8b465ee728b)
Start importing Assets/Garage/garage_door.obj using Guid(148ff19d02fb36b4db05320d79c9d058) Importer(815301076,1909f56bfc062723c751e8b465ee728b)  -> (artifact id: 'ba9cf0fc238b67a385c6c92d49f7abc2') in 0.044925 seconds
Number of updated asset objects reloaded before import = 0
Number of asset objects unloaded after import = 10
========================================================================
Received Prepare
Begin MonoManager ReloadAssembly
Symbol file LoadedFromMemory is not a mono symbol file
- Loaded All Assemblies, in  0.257 seconds
Refreshing native plugins compatible for Editor in 1.63 ms, found 3 plugins.
Native extension for WindowsStandalone target not found
Native extension for WebGL target not found
[Package Manager] Server::EnsureServerProcessIsRunning -- launch failed, reason: Unity was launched with the -noUpm command-line argument
[Package Manager] UpmClient::Send -- Unable to send message (not connected to UPM process).
[Package Manager] Cannot connect to Unity Package Manager local server
Mono: successfully reloaded assembly
- Finished resetting the current domain, in  0.650 seconds
Domain Reload Profiling: 906ms
	BeginReloadAssembly (101ms)
		ExecutionOrderSort (0ms)
		DisableScriptedObjects (2ms)
		BackupInstance (0ms)
		ReleaseScriptingObjects (0ms)
		CreateAndSetChildDomain (28ms)
	RebuildCommonClasses (17ms)
	RebuildNativeTypeToScriptingClass (7ms)
	initialDomainReloadingComplete (15ms)
	LoadAllAssembliesAndSetupDomain (117ms)
		LoadAssemblies (160ms)
		RebuildTransferFunctionScriptingTraits (0ms)
		AnalyzeDomain (6ms)
			TypeCache.Refresh (3ms)
				TypeCache.ScanAssembly (0ms)
			ScanForSourceGeneratedMonoScriptInfo (0ms)
			ResolveRequiredComponents (2ms)
	FinalizeReload (650ms)
		ReleaseScriptCaches (0ms)
		RebuildScriptCaches (0ms)
		SetupLoadedEditorAssemblies (358ms)
			LogAssemblyErrors (0ms)
			InitializePlatformSupportModulesInManaged (4ms)
			SetLoadedEditorAssemblies (2ms)
			RefreshPlugins (0ms)
			BeforeProcessingInitializeOnLoad (41ms)
			ProcessInitializeOnLoadAttributes (286ms)
			ProcessInitializeOnLoadMethodAttributes (21ms)
			AfterProcessingInitializeOnLoad (4ms)
			EditorAssembliesLoaded (0ms)
		ExecutionOrderSort2 (0ms)
		AwakeInstancesAfterBackupRestoration (5ms)
Refreshing native plugins compatible for Editor in 1.95 ms, found 3 plugins.
Preloading 0 native plugins for Editor in 0.00 ms.
Unloading 3696 Unused Serialized files (Serialized files now loaded: 0)
Unloading 26 unused Assets / (32.7 KB). Loaded Objects now: 4262.
Memory consumption went from 163.8 MB to 163.8 MB.
Total: 2.965600 ms (FindLiveObjects: 0.210500 ms CreateObjectMapping: 0.069800 ms MarkObjects: 2.642100 ms  DeleteObjects: 0.042800 ms)

Prepare: number of updated asset objects reloaded= 0
AssetImportParameters requested are different than current active one (requested -> active):
  custom:container-demuxer-ogg: 62fdf1f143b41e24485cea50d1cbac27 -> 
  custom:video-codec-MediaFoundation-h265: 746d11721c4dcdbdad8f713fa42b33f4 -> 
  custom:video-decoder-ogg-theora: a1e56fd34408186e4bbccfd4996cb3dc -> 
  custom:scripting/monoscript/fileName/PlayerHoverController.cs: 7c3b24e6003bfc3753fe4dcd628b63d3 -> 
  custom:framework-win-MediaFoundation: 216162199b28c13a410421893ffa2e32 -> 
  custom:scripting/monoscript/fileName/Camera2DFollow.cs: 36d4332d4c2ffe3b416bc2a4e8365925 -> 
  custom:scripting/monoscript/fileName/SplatMapGenerator.cs: 978523f7220bcfbfe4e97dde54f01a88 -> 
  custom:CustomObjectIndexerAttribute: 6d391050e5a25f67b0a2c618074f2cd9 -> 
  custom:scripting/monoscript/fileName/SimpleSmoothMouseLook.cs: cff7259a09eaa180476819b446c45906 -> 
  custom:container-demuxer-webm: 4f35f7cbe854078d1ac9338744f61a02 -> 
  custom:scripting/monoscript/fileName/ForceGrassDistanceInEditor.cs: c02d90dd62271f0368ce2fc0457cb68c -> 
  custom:container-muxer-webm: aa71ff27fc2769a1b78a27578f13a17b -> 
  custom:scripting/monoscript/fileName/PlaceOnSurfaceAtStart.cs: 6425012b1be9be14fc1a64db64d75783 -> 
  custom:video-decoder-webm-vp8: 9c59270c3fd7afecdb556c50c9e8de78 -> 
  custom:scripting/monoscript/fileName/CircleMoverSample.cs: abdbac9546c68b758ba1e8d085187f86 -> 
  custom:scripting/monoscript/fileName/SpawnInArea.cs: d58f698a91ea9cb4b48b0bb3ab224695 -> 
  custom:scripting/monoscript/fileName/TreeExplosion.cs: ff76bbd7bd3d2bad80b109a5f521d638 -> 
  custom:SearchIndexIgnoredProperties: e643bd26f0fe6173181afceb89e7c659 -> 
  custom:AudioImporter_EditorPlatform: d09bf68614088b80899f8185d706f6e7 -> 
  custom:scripting/monoscript/fileName/TerrainTools.cs: 0a67150dc84c7f556953f508bb42ee41 -> 
  custom:scripting/monoscript/fileName/TerrainQualitySettings.cs: 97d80f5eabf04f6efb29519e09b7914e -> 
  custom:scripting/monoscript/fileName/RandomObjectMap.cs: c5c361040658a3dbeb1ecde31a0ba042 -> 
  custom:video-encoder-webm-vp8: eb34c28f22e8b96e1ab97ce403110664 -> 
  custom:scripting/monoscript/fileName/TTTools2D.cs: 938225aaf3ff01b2de05233ebd91ba4b -> 
  custom:audio-decoder-ogg-vorbis: bf7c407c2cedff20999df2af8eb42d56 -> 
  custom:scripting/monoscript/fileName/PlaceOnTerrain.cs: 16680a467d31626be1291a9d1cb5e268 -> 
  custom:scripting/monoscript/fileName/IncrementalSplatmapping.cs: 4c2306b73b507e70f0971eb6fe596f3e -> 
  custom:scripting/monoscript/fileName/ClearWaterLevel.cs: 63b8059750396ec04cedbc48fec03d0d -> 
  custom:audio-encoder-webm-vorbis: bf7c407c2cedff20999df2af8eb42d56 -> 
  custom:scripting/monoscript/fileName/KeepOnSurface.cs: b5186260965dd31cfcb27dea430d35ae -> 
========================================================================
Received Prepare
Begin MonoManager ReloadAssembly
Symbol file LoadedFromMemory is not a mono symbol file
- Loaded All Assemblies, in  0.246 seconds
Refreshing native plugins compatible for Editor in 1.86 ms, found 3 plugins.
Native extension for WindowsStandalone target not found
Native extension for WebGL target not found
[Package Manager] Server::EnsureServerProcessIsRunning -- launch failed, reason: Unity was launched with the -noUpm command-line argument
[Package Manager] UpmClient::Send -- Unable to send message (not connected to UPM process).
[Package Manager] Cannot connect to Unity Package Manager local server
Mono: successfully reloaded assembly
- Finished resetting the current domain, in  0.647 seconds
Domain Reload Profiling: 892ms
	BeginReloadAssembly (94ms)
		ExecutionOrderSort (0ms)
		DisableScriptedObjects (2ms)
		BackupInstance (0ms)
		ReleaseScriptingObjects (0ms)
		CreateAndSetChildDomain (25ms)
	RebuildCommonClasses (19ms)
	RebuildNativeTypeToScriptingClass (6ms)
	initialDomainReloadingComplete (15ms)
	LoadAllAssembliesAndSetupDomain (110ms)
		LoadAssemblies (148ms)
		RebuildTransferFunctionScriptingTraits (0ms)
		AnalyzeDomain (7ms)
			TypeCache.Refresh (4ms)
				TypeCache.ScanAssembly (0ms)
			ScanForSourceGeneratedMonoScriptInfo (0ms)
			ResolveRequiredComponents (2ms)
	FinalizeReload (648ms)
		ReleaseScriptCaches (0ms)
		RebuildScriptCaches (0ms)
		SetupLoadedEditorAssemblies (356ms)
			LogAssemblyErrors (0ms)
			InitializePlatformSupportModulesInManaged (4ms)
			SetLoadedEditorAssemblies (3ms)
			RefreshPlugins (0ms)
			BeforeProcessingInitializeOnLoad (42ms)
			ProcessInitializeOnLoadAttributes (285ms)
			ProcessInitializeOnLoadMethodAttributes (20ms)
			AfterProcessingInitializeOnLoad (3ms)
			EditorAssembliesLoaded (0ms)
		ExecutionOrderSort2 (0ms)
		AwakeInstancesAfterBackupRestoration (4ms)
Refreshing native plugins compatible for Editor in 1.79 ms, found 3 plugins.
Preloading 0 native plugins for Editor in 0.00 ms.
Unloading 3697 Unused Serialized files (Serialized files now loaded: 0)
Unloading 26 unused Assets / (32.6 KB). Loaded Objects now: 4265.
Memory consumption went from 166.0 MB to 165.9 MB.
Total: 2.305300 ms (FindLiveObjects: 0.219700 ms CreateObjectMapping: 0.049500 ms MarkObjects: 1.996500 ms  DeleteObjects: 0.039100 ms)

Prepare: number of updated asset objects reloaded= 0
AssetImportParameters requested are different than current active one (requested -> active):
  custom:container-demuxer-ogg: 62fdf1f143b41e24485cea50d1cbac27 -> 
  custom:video-codec-MediaFoundation-h265: 746d11721c4dcdbdad8f713fa42b33f4 -> 
  custom:video-decoder-ogg-theora: a1e56fd34408186e4bbccfd4996cb3dc -> 
  custom:scripting/monoscript/fileName/PlayerHoverController.cs: 7c3b24e6003bfc3753fe4dcd628b63d3 -> 
  custom:framework-win-MediaFoundation: 216162199b28c13a410421893ffa2e32 -> 
  custom:scripting/monoscript/fileName/Camera2DFollow.cs: 36d4332d4c2ffe3b416bc2a4e8365925 -> 
  custom:scripting/monoscript/fileName/SplatMapGenerator.cs: 978523f7220bcfbfe4e97dde54f01a88 -> 
  custom:CustomObjectIndexerAttribute: 6d391050e5a25f67b0a2c618074f2cd9 -> 
  custom:scripting/monoscript/fileName/SimpleSmoothMouseLook.cs: cff7259a09eaa180476819b446c45906 -> 
  custom:container-demuxer-webm: 4f35f7cbe854078d1ac9338744f61a02 -> 
  custom:scripting/monoscript/fileName/ForceGrassDistanceInEditor.cs: c02d90dd62271f0368ce2fc0457cb68c -> 
  custom:container-muxer-webm: aa71ff27fc2769a1b78a27578f13a17b -> 
  custom:scripting/monoscript/fileName/PlaceOnSurfaceAtStart.cs: 6425012b1be9be14fc1a64db64d75783 -> 
  custom:video-decoder-webm-vp8: 9c59270c3fd7afecdb556c50c9e8de78 -> 
  custom:scripting/monoscript/fileName/CircleMoverSample.cs: abdbac9546c68b758ba1e8d085187f86 -> 
  custom:scripting/monoscript/fileName/SpawnInArea.cs: d58f698a91ea9cb4b48b0bb3ab224695 -> 
  custom:scripting/monoscript/fileName/TreeExplosion.cs: ff76bbd7bd3d2bad80b109a5f521d638 -> 
  custom:SearchIndexIgnoredProperties: e643bd26f0fe6173181afceb89e7c659 -> 
  custom:AudioImporter_EditorPlatform: d09bf68614088b80899f8185d706f6e7 -> 
  custom:scripting/monoscript/fileName/TerrainTools.cs: 0a67150dc84c7f556953f508bb42ee41 -> 
  custom:scripting/monoscript/fileName/TerrainQualitySettings.cs: 97d80f5eabf04f6efb29519e09b7914e -> 
  custom:scripting/monoscript/fileName/RandomObjectMap.cs: c5c361040658a3dbeb1ecde31a0ba042 -> 
  custom:video-encoder-webm-vp8: eb34c28f22e8b96e1ab97ce403110664 -> 
  custom:scripting/monoscript/fileName/TTTools2D.cs: 938225aaf3ff01b2de05233ebd91ba4b -> 
  custom:audio-decoder-ogg-vorbis: bf7c407c2cedff20999df2af8eb42d56 -> 
  custom:scripting/monoscript/fileName/PlaceOnTerrain.cs: 16680a467d31626be1291a9d1cb5e268 -> 
  custom:scripting/monoscript/fileName/IncrementalSplatmapping.cs: 4c2306b73b507e70f0971eb6fe596f3e -> 
  custom:scripting/monoscript/fileName/ClearWaterLevel.cs: 63b8059750396ec04cedbc48fec03d0d -> 
  custom:audio-encoder-webm-vorbis: bf7c407c2cedff20999df2af8eb42d56 -> 
  custom:scripting/monoscript/fileName/KeepOnSurface.cs: b5186260965dd31cfcb27dea430d35ae -> 
========================================================================
Received Prepare
Begin MonoManager ReloadAssembly
Symbol file LoadedFromMemory is not a mono symbol file
- Loaded All Assemblies, in  0.251 seconds
Refreshing native plugins compatible for Editor in 1.93 ms, found 3 plugins.
Native extension for WindowsStandalone target not found
Native extension for WebGL target not found
[Package Manager] Server::EnsureServerProcessIsRunning -- launch failed, reason: Unity was launched with the -noUpm command-line argument
[Package Manager] UpmClient::Send -- Unable to send message (not connected to UPM process).
[Package Manager] Cannot connect to Unity Package Manager local server
Mono: successfully reloaded assembly
- Finished resetting the current domain, in  0.649 seconds
Domain Reload Profiling: 900ms
	BeginReloadAssembly (97ms)
		ExecutionOrderSort (0ms)
		DisableScriptedObjects (3ms)
		BackupInstance (0ms)
		ReleaseScriptingObjects (0ms)
		CreateAndSetChildDomain (28ms)
	RebuildCommonClasses (18ms)
	RebuildNativeTypeToScriptingClass (6ms)
	initialDomainReloadingComplete (15ms)
	LoadAllAssembliesAndSetupDomain (114ms)
		LoadAssemblies (153ms)
		RebuildTransferFunctionScriptingTraits (0ms)
		AnalyzeDomain (7ms)
			TypeCache.Refresh (3ms)
				TypeCache.ScanAssembly (0ms)
			ScanForSourceGeneratedMonoScriptInfo (0ms)
			ResolveRequiredComponents (2ms)
	FinalizeReload (650ms)
		ReleaseScriptCaches (0ms)
		RebuildScriptCaches (0ms)
		SetupLoadedEditorAssemblies (356ms)
			LogAssemblyErrors (0ms)
			InitializePlatformSupportModulesInManaged (5ms)
			SetLoadedEditorAssemblies (2ms)
			RefreshPlugins (0ms)
			BeforeProcessingInitializeOnLoad (41ms)
			ProcessInitializeOnLoadAttributes (286ms)
			ProcessInitializeOnLoadMethodAttributes (18ms)
			AfterProcessingInitializeOnLoad (3ms)
			EditorAssembliesLoaded (0ms)
		ExecutionOrderSort2 (0ms)
		AwakeInstancesAfterBackupRestoration (4ms)
Refreshing native plugins compatible for Editor in 1.84 ms, found 3 plugins.
Preloading 0 native plugins for Editor in 0.00 ms.
Unloading 3697 Unused Serialized files (Serialized files now loaded: 0)
Unloading 26 unused Assets / (32.8 KB). Loaded Objects now: 4268.
Memory consumption went from 167.9 MB to 167.9 MB.
Total: 2.311600 ms (FindLiveObjects: 0.206100 ms CreateObjectMapping: 0.087900 ms MarkObjects: 1.977900 ms  DeleteObjects: 0.039200 ms)

Prepare: number of updated asset objects reloaded= 0
AssetImportParameters requested are different than current active one (requested -> active):
  custom:container-demuxer-ogg: 62fdf1f143b41e24485cea50d1cbac27 -> 
  custom:video-codec-MediaFoundation-h265: 746d11721c4dcdbdad8f713fa42b33f4 -> 
  custom:video-decoder-ogg-theora: a1e56fd34408186e4bbccfd4996cb3dc -> 
  custom:scripting/monoscript/fileName/PlayerHoverController.cs: 7c3b24e6003bfc3753fe4dcd628b63d3 -> 
  custom:framework-win-MediaFoundation: 216162199b28c13a410421893ffa2e32 -> 
  custom:scripting/monoscript/fileName/Camera2DFollow.cs: 36d4332d4c2ffe3b416bc2a4e8365925 -> 
  custom:scripting/monoscript/fileName/SplatMapGenerator.cs: 978523f7220bcfbfe4e97dde54f01a88 -> 
  custom:CustomObjectIndexerAttribute: 6d391050e5a25f67b0a2c618074f2cd9 -> 
  custom:scripting/monoscript/fileName/SimpleSmoothMouseLook.cs: cff7259a09eaa180476819b446c45906 -> 
  custom:container-demuxer-webm: 4f35f7cbe854078d1ac9338744f61a02 -> 
  custom:scripting/monoscript/fileName/ForceGrassDistanceInEditor.cs: c02d90dd62271f0368ce2fc0457cb68c -> 
  custom:container-muxer-webm: aa71ff27fc2769a1b78a27578f13a17b -> 
  custom:scripting/monoscript/fileName/PlaceOnSurfaceAtStart.cs: 6425012b1be9be14fc1a64db64d75783 -> 
  custom:video-decoder-webm-vp8: 9c59270c3fd7afecdb556c50c9e8de78 -> 
  custom:scripting/monoscript/fileName/CircleMoverSample.cs: abdbac9546c68b758ba1e8d085187f86 -> 
  custom:scripting/monoscript/fileName/SpawnInArea.cs: d58f698a91ea9cb4b48b0bb3ab224695 -> 
  custom:scripting/monoscript/fileName/TreeExplosion.cs: ff76bbd7bd3d2bad80b109a5f521d638 -> 
  custom:SearchIndexIgnoredProperties: e643bd26f0fe6173181afceb89e7c659 -> 
  custom:AudioImporter_EditorPlatform: d09bf68614088b80899f8185d706f6e7 -> 
  custom:scripting/monoscript/fileName/TerrainTools.cs: 0a67150dc84c7f556953f508bb42ee41 -> 
  custom:scripting/monoscript/fileName/TerrainQualitySettings.cs: 97d80f5eabf04f6efb29519e09b7914e -> 
  custom:scripting/monoscript/fileName/RandomObjectMap.cs: c5c361040658a3dbeb1ecde31a0ba042 -> 
  custom:video-encoder-webm-vp8: eb34c28f22e8b96e1ab97ce403110664 -> 
  custom:scripting/monoscript/fileName/TTTools2D.cs: 938225aaf3ff01b2de05233ebd91ba4b -> 
  custom:audio-decoder-ogg-vorbis: bf7c407c2cedff20999df2af8eb42d56 -> 
  custom:scripting/monoscript/fileName/PlaceOnTerrain.cs: 16680a467d31626be1291a9d1cb5e268 -> 
  custom:scripting/monoscript/fileName/IncrementalSplatmapping.cs: 4c2306b73b507e70f0971eb6fe596f3e -> 
  custom:scripting/monoscript/fileName/ClearWaterLevel.cs: 63b8059750396ec04cedbc48fec03d0d -> 
  custom:audio-encoder-webm-vorbis: bf7c407c2cedff20999df2af8eb42d56 -> 
  custom:scripting/monoscript/fileName/KeepOnSurface.cs: b5186260965dd31cfcb27dea430d35ae -> 
========================================================================
Received Prepare
Begin MonoManager ReloadAssembly
Symbol file LoadedFromMemory is not a mono symbol file
- Loaded All Assemblies, in  0.247 seconds
Refreshing native plugins compatible for Editor in 1.72 ms, found 3 plugins.
Native extension for WindowsStandalone target not found
Native extension for WebGL target not found
[Package Manager] Server::EnsureServerProcessIsRunning -- launch failed, reason: Unity was launched with the -noUpm command-line argument
[Package Manager] UpmClient::Send -- Unable to send message (not connected to UPM process).
[Package Manager] Cannot connect to Unity Package Manager local server
Mono: successfully reloaded assembly
- Finished resetting the current domain, in  0.666 seconds
Domain Reload Profiling: 912ms
	BeginReloadAssembly (96ms)
		ExecutionOrderSort (0ms)
		DisableScriptedObjects (3ms)
		BackupInstance (0ms)
		ReleaseScriptingObjects (0ms)
		CreateAndSetChildDomain (26ms)
	RebuildCommonClasses (17ms)
	RebuildNativeTypeToScriptingClass (6ms)
	initialDomainReloadingComplete (16ms)
	LoadAllAssembliesAndSetupDomain (111ms)
		LoadAssemblies (149ms)
		RebuildTransferFunctionScriptingTraits (0ms)
		AnalyzeDomain (7ms)
			TypeCache.Refresh (3ms)
				TypeCache.ScanAssembly (0ms)
			ScanForSourceGeneratedMonoScriptInfo (0ms)
			ResolveRequiredComponents (2ms)
	FinalizeReload (666ms)
		ReleaseScriptCaches (0ms)
		RebuildScriptCaches (0ms)
		SetupLoadedEditorAssemblies (362ms)
			LogAssemblyErrors (0ms)
			InitializePlatformSupportModulesInManaged (4ms)
			SetLoadedEditorAssemblies (2ms)
			RefreshPlugins (0ms)
			BeforeProcessingInitializeOnLoad (39ms)
			ProcessInitializeOnLoadAttributes (291ms)
			ProcessInitializeOnLoadMethodAttributes (22ms)
			AfterProcessingInitializeOnLoad (3ms)
			EditorAssembliesLoaded (0ms)
		ExecutionOrderSort2 (0ms)
		AwakeInstancesAfterBackupRestoration (5ms)
Refreshing native plugins compatible for Editor in 1.80 ms, found 3 plugins.
Preloading 0 native plugins for Editor in 0.00 ms.
Unloading 3697 Unused Serialized files (Serialized files now loaded: 0)
Unloading 26 unused Assets / (32.7 KB). Loaded Objects now: 4271.
Memory consumption went from 169.8 MB to 169.8 MB.
Total: 2.357200 ms (FindLiveObjects: 0.202200 ms CreateObjectMapping: 0.048400 ms MarkObjects: 2.060300 ms  DeleteObjects: 0.045900 ms)

Prepare: number of updated asset objects reloaded= 0
AssetImportParameters requested are different than current active one (requested -> active):
  custom:container-demuxer-ogg: 62fdf1f143b41e24485cea50d1cbac27 -> 
  custom:video-codec-MediaFoundation-h265: 746d11721c4dcdbdad8f713fa42b33f4 -> 
  custom:video-decoder-ogg-theora: a1e56fd34408186e4bbccfd4996cb3dc -> 
  custom:scripting/monoscript/fileName/PlayerHoverController.cs: 7c3b24e6003bfc3753fe4dcd628b63d3 -> 
  custom:framework-win-MediaFoundation: 216162199b28c13a410421893ffa2e32 -> 
  custom:scripting/monoscript/fileName/Camera2DFollow.cs: 36d4332d4c2ffe3b416bc2a4e8365925 -> 
  custom:scripting/monoscript/fileName/SplatMapGenerator.cs: 978523f7220bcfbfe4e97dde54f01a88 -> 
  custom:CustomObjectIndexerAttribute: 6d391050e5a25f67b0a2c618074f2cd9 -> 
  custom:scripting/monoscript/fileName/SimpleSmoothMouseLook.cs: cff7259a09eaa180476819b446c45906 -> 
  custom:container-demuxer-webm: 4f35f7cbe854078d1ac9338744f61a02 -> 
  custom:scripting/monoscript/fileName/ForceGrassDistanceInEditor.cs: c02d90dd62271f0368ce2fc0457cb68c -> 
  custom:container-muxer-webm: aa71ff27fc2769a1b78a27578f13a17b -> 
  custom:scripting/monoscript/fileName/PlaceOnSurfaceAtStart.cs: 6425012b1be9be14fc1a64db64d75783 -> 
  custom:video-decoder-webm-vp8: 9c59270c3fd7afecdb556c50c9e8de78 -> 
  custom:scripting/monoscript/fileName/CircleMoverSample.cs: abdbac9546c68b758ba1e8d085187f86 -> 
  custom:scripting/monoscript/fileName/SpawnInArea.cs: d58f698a91ea9cb4b48b0bb3ab224695 -> 
  custom:scripting/monoscript/fileName/TreeExplosion.cs: ff76bbd7bd3d2bad80b109a5f521d638 -> 
  custom:SearchIndexIgnoredProperties: e643bd26f0fe6173181afceb89e7c659 -> 
  custom:AudioImporter_EditorPlatform: d09bf68614088b80899f8185d706f6e7 -> 
  custom:scripting/monoscript/fileName/TerrainTools.cs: 0a67150dc84c7f556953f508bb42ee41 -> 
  custom:scripting/monoscript/fileName/TerrainQualitySettings.cs: 97d80f5eabf04f6efb29519e09b7914e -> 
  custom:scripting/monoscript/fileName/RandomObjectMap.cs: c5c361040658a3dbeb1ecde31a0ba042 -> 
  custom:video-encoder-webm-vp8: eb34c28f22e8b96e1ab97ce403110664 -> 
  custom:scripting/monoscript/fileName/TTTools2D.cs: 938225aaf3ff01b2de05233ebd91ba4b -> 
  custom:audio-decoder-ogg-vorbis: bf7c407c2cedff20999df2af8eb42d56 -> 
  custom:scripting/monoscript/fileName/PlaceOnTerrain.cs: 16680a467d31626be1291a9d1cb5e268 -> 
  custom:scripting/monoscript/fileName/IncrementalSplatmapping.cs: 4c2306b73b507e70f0971eb6fe596f3e -> 
  custom:scripting/monoscript/fileName/ClearWaterLevel.cs: 63b8059750396ec04cedbc48fec03d0d -> 
  custom:audio-encoder-webm-vorbis: bf7c407c2cedff20999df2af8eb42d56 -> 
  custom:scripting/monoscript/fileName/KeepOnSurface.cs: b5186260965dd31cfcb27dea430d35ae -> 
========================================================================
Received Import Request.
  Time since last request: 654.601141 seconds.
  path: Assets/Garage/Garage_BaseColor.png
  artifactKey: Guid(61a4371daac9af84b80a6b3c425a5f68) Importer(815301076,1909f56bfc062723c751e8b465ee728b)
Start importing Assets/Garage/Garage_BaseColor.png using Guid(61a4371daac9af84b80a6b3c425a5f68) Importer(815301076,1909f56bfc062723c751e8b465ee728b)  -> (artifact id: '34a285c0ea06254a8e2a9fdf779ab7ba') in 0.029420 seconds
Number of updated asset objects reloaded before import = 0
Number of asset objects unloaded after import = 2
========================================================================
Received Import Request.
  Time since last request: 2.438821 seconds.
  path: Assets/Garage/Garage_BaseColor.webp
  artifactKey: Guid(a6a6d677730cb944c8dad07ecd360729) Importer(815301076,1909f56bfc062723c751e8b465ee728b)
Start importing Assets/Garage/Garage_BaseColor.webp using Guid(a6a6d677730cb944c8dad07ecd360729) Importer(815301076,1909f56bfc062723c751e8b465ee728b)  -> (artifact id: '1cd8069fc9c2bc24e743182c38243e65') in 0.000661 seconds
Number of updated asset objects reloaded before import = 0
Number of asset objects unloaded after import = 1
========================================================================
Received Import Request.
  Time since last request: 44.164958 seconds.
  path: Assets/Garage/Garage_Metalness.png
  artifactKey: Guid(1bde7e09a5482014087762f1f2baea63) Importer(815301076,1909f56bfc062723c751e8b465ee728b)
Start importing Assets/Garage/Garage_Metalness.png using Guid(1bde7e09a5482014087762f1f2baea63) Importer(815301076,1909f56bfc062723c751e8b465ee728b)  -> (artifact id: 'afedffbb6668c9d9da717e103bf32f15') in 0.010176 seconds
Number of updated asset objects reloaded before import = 0
Number of asset objects unloaded after import = 2
========================================================================
Received Import Request.
  Time since last request: 10.009388 seconds.
  path: Assets/Garage/Materials
  artifactKey: Guid(6bdc6efeb225afc43b3c9959aa4b821d) Importer(815301076,1909f56bfc062723c751e8b465ee728b)
Start importing Assets/Garage/Materials using Guid(6bdc6efeb225afc43b3c9959aa4b821d) Importer(815301076,1909f56bfc062723c751e8b465ee728b)  -> (artifact id: '044084256e039a8d40b23cf850872e4b') in 0.000351 seconds
Number of updated asset objects reloaded before import = 0
Number of asset objects unloaded after import = 0
========================================================================
Received Import Request.
  Time since last request: 0.080201 seconds.
  path: Assets/Garage/Materials/Garage_BaseColor.mat
  artifactKey: Guid(5482754c08aeaad44a6bb503ba7b1f8a) Importer(815301076,1909f56bfc062723c751e8b465ee728b)
Start importing Assets/Garage/Materials/Garage_BaseColor.mat using Guid(5482754c08aeaad44a6bb503ba7b1f8a) Importer(815301076,1909f56bfc062723c751e8b465ee728b)  -> (artifact id: '81b7ec351474588babd4df9516406b9e') in 0.030772 seconds
Number of updated asset objects reloaded before import = 0
Number of asset objects unloaded after import = 2
========================================================================
Received Prepare
Begin MonoManager ReloadAssembly
Symbol file LoadedFromMemory is not a mono symbol file
- Loaded All Assemblies, in  0.257 seconds
Refreshing native plugins compatible for Editor in 2.82 ms, found 3 plugins.
Native extension for WindowsStandalone target not found
Native extension for WebGL target not found
[Package Manager] Server::EnsureServerProcessIsRunning -- launch failed, reason: Unity was launched with the -noUpm command-line argument
[Package Manager] UpmClient::Send -- Unable to send message (not connected to UPM process).
[Package Manager] Cannot connect to Unity Package Manager local server
Mono: successfully reloaded assembly
- Finished resetting the current domain, in  0.663 seconds
Domain Reload Profiling: 920ms
	BeginReloadAssembly (97ms)
		ExecutionOrderSort (0ms)
		DisableScriptedObjects (2ms)
		BackupInstance (0ms)
		ReleaseScriptingObjects (0ms)
		CreateAndSetChildDomain (25ms)
	RebuildCommonClasses (17ms)
	RebuildNativeTypeToScriptingClass (6ms)
	initialDomainReloadingComplete (15ms)
	LoadAllAssembliesAndSetupDomain (121ms)
		LoadAssemblies (160ms)
		RebuildTransferFunctionScriptingTraits (0ms)
		AnalyzeDomain (9ms)
			TypeCache.Refresh (4ms)
				TypeCache.ScanAssembly (0ms)
			ScanForSourceGeneratedMonoScriptInfo (0ms)
			ResolveRequiredComponents (3ms)
	FinalizeReload (663ms)
		ReleaseScriptCaches (0ms)
		RebuildScriptCaches (0ms)
		SetupLoadedEditorAssemblies (354ms)
			LogAssemblyErrors (0ms)
			InitializePlatformSupportModulesInManaged (5ms)
			SetLoadedEditorAssemblies (2ms)
			RefreshPlugins (0ms)
			BeforeProcessingInitializeOnLoad (43ms)
			ProcessInitializeOnLoadAttributes (281ms)
			ProcessInitializeOnLoadMethodAttributes (20ms)
			AfterProcessingInitializeOnLoad (3ms)
			EditorAssembliesLoaded (0ms)
		ExecutionOrderSort2 (0ms)
		AwakeInstancesAfterBackupRestoration (5ms)
Refreshing native plugins compatible for Editor in 2.32 ms, found 3 plugins.
Preloading 0 native plugins for Editor in 0.00 ms.
Unloading 3696 Unused Serialized files (Serialized files now loaded: 0)
Unloading 26 unused Assets / (32.7 KB). Loaded Objects now: 4274.
Memory consumption went from 171.5 MB to 171.5 MB.
Total: 2.397900 ms (FindLiveObjects: 0.253400 ms CreateObjectMapping: 0.053100 ms MarkObjects: 2.042400 ms  DeleteObjects: 0.048200 ms)

Prepare: number of updated asset objects reloaded= 0
AssetImportParameters requested are different than current active one (requested -> active):
  custom:container-demuxer-ogg: 62fdf1f143b41e24485cea50d1cbac27 -> 
  custom:video-codec-MediaFoundation-h265: 746d11721c4dcdbdad8f713fa42b33f4 -> 
  custom:video-decoder-ogg-theora: a1e56fd34408186e4bbccfd4996cb3dc -> 
  custom:scripting/monoscript/fileName/PlayerHoverController.cs: 7c3b24e6003bfc3753fe4dcd628b63d3 -> 
  custom:framework-win-MediaFoundation: 216162199b28c13a410421893ffa2e32 -> 
  custom:scripting/monoscript/fileName/Camera2DFollow.cs: 36d4332d4c2ffe3b416bc2a4e8365925 -> 
  custom:scripting/monoscript/fileName/SplatMapGenerator.cs: 978523f7220bcfbfe4e97dde54f01a88 -> 
  custom:CustomObjectIndexerAttribute: 6d391050e5a25f67b0a2c618074f2cd9 -> 
  custom:scripting/monoscript/fileName/SimpleSmoothMouseLook.cs: cff7259a09eaa180476819b446c45906 -> 
  custom:container-demuxer-webm: 4f35f7cbe854078d1ac9338744f61a02 -> 
  custom:scripting/monoscript/fileName/ForceGrassDistanceInEditor.cs: c02d90dd62271f0368ce2fc0457cb68c -> 
  custom:container-muxer-webm: aa71ff27fc2769a1b78a27578f13a17b -> 
  custom:scripting/monoscript/fileName/PlaceOnSurfaceAtStart.cs: 6425012b1be9be14fc1a64db64d75783 -> 
  custom:video-decoder-webm-vp8: 9c59270c3fd7afecdb556c50c9e8de78 -> 
  custom:scripting/monoscript/fileName/CircleMoverSample.cs: abdbac9546c68b758ba1e8d085187f86 -> 
  custom:scripting/monoscript/fileName/SpawnInArea.cs: d58f698a91ea9cb4b48b0bb3ab224695 -> 
  custom:scripting/monoscript/fileName/TreeExplosion.cs: ff76bbd7bd3d2bad80b109a5f521d638 -> 
  custom:SearchIndexIgnoredProperties: e643bd26f0fe6173181afceb89e7c659 -> 
  custom:AudioImporter_EditorPlatform: d09bf68614088b80899f8185d706f6e7 -> 
  custom:scripting/monoscript/fileName/TerrainTools.cs: 0a67150dc84c7f556953f508bb42ee41 -> 
  custom:scripting/monoscript/fileName/TerrainQualitySettings.cs: 97d80f5eabf04f6efb29519e09b7914e -> 
  custom:scripting/monoscript/fileName/RandomObjectMap.cs: c5c361040658a3dbeb1ecde31a0ba042 -> 
  custom:video-encoder-webm-vp8: eb34c28f22e8b96e1ab97ce403110664 -> 
  custom:scripting/monoscript/fileName/TTTools2D.cs: 938225aaf3ff01b2de05233ebd91ba4b -> 
  custom:audio-decoder-ogg-vorbis: bf7c407c2cedff20999df2af8eb42d56 -> 
  custom:scripting/monoscript/fileName/PlaceOnTerrain.cs: 16680a467d31626be1291a9d1cb5e268 -> 
  custom:scripting/monoscript/fileName/IncrementalSplatmapping.cs: 4c2306b73b507e70f0971eb6fe596f3e -> 
  custom:scripting/monoscript/fileName/ClearWaterLevel.cs: 63b8059750396ec04cedbc48fec03d0d -> 
  custom:audio-encoder-webm-vorbis: bf7c407c2cedff20999df2af8eb42d56 -> 
  custom:scripting/monoscript/fileName/KeepOnSurface.cs: b5186260965dd31cfcb27dea430d35ae -> 
========================================================================
Received Import Request.
  Time since last request: 386.209393 seconds.
  path: Assets/Otros
  artifactKey: Guid(f44ab083f562a964e8a9d2bc8d44e95f) Importer(815301076,1909f56bfc062723c751e8b465ee728b)
Start importing Assets/Otros using Guid(f44ab083f562a964e8a9d2bc8d44e95f) Importer(815301076,1909f56bfc062723c751e8b465ee728b)  -> (artifact id: 'c77e63c5ccc673710e9c7752597d3294') in 0.001330 seconds
Number of updated asset objects reloaded before import = 0
Number of asset objects unloaded after import = 0
========================================================================
Received Import Request.
  Time since last request: 6.887572 seconds.
  path: Assets/Crane
  artifactKey: Guid(f44ab083f562a964e8a9d2bc8d44e95f) Importer(815301076,1909f56bfc062723c751e8b465ee728b)
Start importing Assets/Crane using Guid(f44ab083f562a964e8a9d2bc8d44e95f) Importer(815301076,1909f56bfc062723c751e8b465ee728b)  -> (artifact id: 'bdfc75cc45066f655e5eafaf7403ab13') in 0.000314 seconds
Number of updated asset objects reloaded before import = 0
Number of asset objects unloaded after import = 0
========================================================================
Received Import Request.
  Time since last request: 2.800652 seconds.
  path: Assets/Crane/TURBOSQUID
  artifactKey: Guid(b18b7b92c32586b429a74503e1ff8d30) Importer(815301076,1909f56bfc062723c751e8b465ee728b)
Start importing Assets/Crane/TURBOSQUID using Guid(b18b7b92c32586b429a74503e1ff8d30) Importer(815301076,1909f56bfc062723c751e8b465ee728b)  -> (artifact id: '15482abb6828d615432d3d55d1ca02b0') in 0.000304 seconds
Number of updated asset objects reloaded before import = 0
Number of asset objects unloaded after import = 0
========================================================================
Received Import Request.
  Time since last request: 0.700321 seconds.
  path: Assets/Crane/TURBOSQUID/Animacion
  artifactKey: Guid(5876a878df394b1409d09308510cc889) Importer(815301076,1909f56bfc062723c751e8b465ee728b)
Start importing Assets/Crane/TURBOSQUID/Animacion using Guid(5876a878df394b1409d09308510cc889) Importer(815301076,1909f56bfc062723c751e8b465ee728b)  -> (artifact id: '604463f2fd4571f4149a2197d11daa47') in 0.000311 seconds
Number of updated asset objects reloaded before import = 0
Number of asset objects unloaded after import = 0
========================================================================
Received Import Request.
  Time since last request: 0.718256 seconds.
  path: Assets/Crane/TURBOSQUID/Animacion/Proyectos
  artifactKey: Guid(2fde3f056ce77ac44901e6635ef4fd50) Importer(815301076,1909f56bfc062723c751e8b465ee728b)
Start importing Assets/Crane/TURBOSQUID/Animacion/Proyectos using Guid(2fde3f056ce77ac44901e6635ef4fd50) Importer(815301076,1909f56bfc062723c751e8b465ee728b)  -> (artifact id: '908772c79c6ca0a776e2b778b2b0cfae') in 0.000291 seconds
Number of updated asset objects reloaded before import = 0
Number of asset objects unloaded after import = 0
========================================================================
Received Import Request.
  Time since last request: 0.581936 seconds.
  path: Assets/Crane/TURBOSQUID/Animacion/Proyectos/3D
  artifactKey: Guid(4ce1293d457baf64eaae54e5aef402d2) Importer(815301076,1909f56bfc062723c751e8b465ee728b)
Start importing Assets/Crane/TURBOSQUID/Animacion/Proyectos/3D using Guid(4ce1293d457baf64eaae54e5aef402d2) Importer(815301076,1909f56bfc062723c751e8b465ee728b)  -> (artifact id: '2e9e8c43d76f3eee12a1f2936719b64c') in 0.000278 seconds
Number of updated asset objects reloaded before import = 0
Number of asset objects unloaded after import = 0
========================================================================
Received Import Request.
  Time since last request: 0.499139 seconds.
  path: Assets/Crane/TURBOSQUID/Animacion/Proyectos/3D/BnW_prj
  artifactKey: Guid(0bb907bc12f66fe4dbe00f635f6f512b) Importer(815301076,1909f56bfc062723c751e8b465ee728b)
Start importing Assets/Crane/TURBOSQUID/Animacion/Proyectos/3D/BnW_prj using Guid(0bb907bc12f66fe4dbe00f635f6f512b) Importer(815301076,1909f56bfc062723c751e8b465ee728b)  -> (artifact id: '64a9efbfecc6a3a0449b22f4df8ef75f') in 0.000296 seconds
Number of updated asset objects reloaded before import = 0
Number of asset objects unloaded after import = 0
========================================================================
Received Import Request.
  Time since last request: 1.390104 seconds.
  path: Assets/Crane/TURBOSQUID/Animacion/Proyectos/3D/BnW_prj/scenes
  artifactKey: Guid(200bfc25c7f039c45b825c0082ca9dc7) Importer(815301076,1909f56bfc062723c751e8b465ee728b)
Start importing Assets/Crane/TURBOSQUID/Animacion/Proyectos/3D/BnW_prj/scenes using Guid(200bfc25c7f039c45b825c0082ca9dc7) Importer(815301076,1909f56bfc062723c751e8b465ee728b)  -> (artifact id: 'd8da7b6d1a80a2d12cea26fe9b2e9f40') in 0.000285 seconds
Number of updated asset objects reloaded before import = 0
Number of asset objects unloaded after import = 0
========================================================================
Received Import Request.
  Time since last request: 0.652925 seconds.
  path: Assets/Crane/TURBOSQUID/Animacion/Proyectos/3D/BnW_prj/scenes/Grua.mb
  artifactKey: Guid(8e13b0e2cf87e1d47b67f2ccc59e9f10) Importer(815301076,1909f56bfc062723c751e8b465ee728b)
Start importing Assets/Crane/TURBOSQUID/Animacion/Proyectos/3D/BnW_prj/scenes/Grua.mb using Guid(8e13b0e2cf87e1d47b67f2ccc59e9f10) Importer(815301076,1909f56bfc062723c751e8b465ee728b)  -> (artifact id: '929ab363c689f99b6d313064af6dabdc') in 0.005224 seconds
Number of updated asset objects reloaded before import = 0
Number of asset objects unloaded after import = 1
========================================================================
Received Import Request.
  Time since last request: 27.690710 seconds.
  path: Assets/Crane/TURBOSQUID/Animacion/Proyectos/3D/BnW_prj/sourceimages
  artifactKey: Guid(3e8b983d97f57da47b9209420c162fdf) Importer(815301076,1909f56bfc062723c751e8b465ee728b)
Start importing Assets/Crane/TURBOSQUID/Animacion/Proyectos/3D/BnW_prj/sourceimages using Guid(3e8b983d97f57da47b9209420c162fdf) Importer(815301076,1909f56bfc062723c751e8b465ee728b)  -> (artifact id: '5e4c7ed2716c41f3b17eaaaa9af51ded') in 0.000284 seconds
Number of updated asset objects reloaded before import = 0
Number of asset objects unloaded after import = 0
========================================================================
Received Import Request.
  Time since last request: 0.059830 seconds.
  path: Assets/Crane/TURBOSQUID/Animacion/Proyectos/3D/BnW_prj/sourceimages/gruaTx_GruaMat_Diffuse.jpg
  artifactKey: Guid(daf1c6c5301066548bc945ffd02d410d) Importer(815301076,1909f56bfc062723c751e8b465ee728b)
Start importing Assets/Crane/TURBOSQUID/Animacion/Proyectos/3D/BnW_prj/sourceimages/gruaTx_GruaMat_Diffuse.jpg using Guid(daf1c6c5301066548bc945ffd02d410d) Importer(815301076,1909f56bfc062723c751e8b465ee728b)  -> (artifact id: 'b3dd7a8c502288c20870316e15e59e34') in 0.027931 seconds
Number of updated asset objects reloaded before import = 0
Number of asset objects unloaded after import = 2
========================================================================
Received Import Request.
  Time since last request: 0.000016 seconds.
  path: Assets/Crane/TURBOSQUID/Animacion/Proyectos/3D/BnW_prj/sourceimages/gruaTx_GruaMat_Normal.jpg
  artifactKey: Guid(d0e471b56c9c1d6458fcb5a4b3eb024e) Importer(815301076,1909f56bfc062723c751e8b465ee728b)
Start importing Assets/Crane/TURBOSQUID/Animacion/Proyectos/3D/BnW_prj/sourceimages/gruaTx_GruaMat_Normal.jpg using Guid(d0e471b56c9c1d6458fcb5a4b3eb024e) Importer(815301076,1909f56bfc062723c751e8b465ee728b)  -> (artifact id: '237649fb8072bb3c6ed10914fe5e9ae9') in 0.010846 seconds
Number of updated asset objects reloaded before import = 0
Number of asset objects unloaded after import = 2
========================================================================
Received Import Request.
  Time since last request: 0.000024 seconds.
  path: Assets/Crane/TURBOSQUID/Animacion/Proyectos/3D/BnW_prj/sourceimages/gruaTx_GruaMat_Roughness.jpg
  artifactKey: Guid(32c281f5011374949baf3eb9ff7d1b19) Importer(815301076,1909f56bfc062723c751e8b465ee728b)
Start importing Assets/Crane/TURBOSQUID/Animacion/Proyectos/3D/BnW_prj/sourceimages/gruaTx_GruaMat_Roughness.jpg using Guid(32c281f5011374949baf3eb9ff7d1b19) Importer(815301076,1909f56bfc062723c751e8b465ee728b)  -> (artifact id: '73a6fdecc9b2af9b4cdc53239a8e0160') in 0.012283 seconds
Number of updated asset objects reloaded before import = 0
Number of asset objects unloaded after import = 2
========================================================================
Received Import Request.
  Time since last request: 143.643891 seconds.
  path: Assets/Otros/TURBOSQUID/Animacion/Proyectos/3D/BnW_prj/sourceimages/gruaTx_GruaMat_f0.jpg
  artifactKey: Guid(6e34ef04fd35bc94d8d14672e8e10c32) Importer(815301076,1909f56bfc062723c751e8b465ee728b)
Start importing Assets/Otros/TURBOSQUID/Animacion/Proyectos/3D/BnW_prj/sourceimages/gruaTx_GruaMat_f0.jpg using Guid(6e34ef04fd35bc94d8d14672e8e10c32) Importer(815301076,1909f56bfc062723c751e8b465ee728b)  -> (artifact id: 'da7ae6cc0f45415806ae364b23df0087') in 0.012575 seconds
Number of updated asset objects reloaded before import = 0
Number of asset objects unloaded after import = 2
========================================================================
Received Import Request.
  Time since last request: 0.000018 seconds.
  path: Assets/Otros/TURBOSQUID/Animacion/Proyectos/3D/BnW_prj/sourceimages/gruaTx_GruaMat_Roughness.jpg
  artifactKey: Guid(ea9a04a52fdd0a649b5476a055a2992c) Importer(815301076,1909f56bfc062723c751e8b465ee728b)
Start importing Assets/Otros/TURBOSQUID/Animacion/Proyectos/3D/BnW_prj/sourceimages/gruaTx_GruaMat_Roughness.jpg using Guid(ea9a04a52fdd0a649b5476a055a2992c) Importer(815301076,1909f56bfc062723c751e8b465ee728b)  -> (artifact id: 'cb87589fdb8482fe3019b3b0efacd46c') in 0.011970 seconds
Number of updated asset objects reloaded before import = 0
Number of asset objects unloaded after import = 2
========================================================================
Received Import Request.
  Time since last request: 0.000017 seconds.
  path: Assets/Otros/TURBOSQUID/Animacion/Proyectos/3D/BnW_prj/sourceimages/gruaTx_GruaMat_Specular.jpg
  artifactKey: Guid(74e2ec34bb8d86e44981f57b440e55b9) Importer(815301076,1909f56bfc062723c751e8b465ee728b)
Start importing Assets/Otros/TURBOSQUID/Animacion/Proyectos/3D/BnW_prj/sourceimages/gruaTx_GruaMat_Specular.jpg using Guid(74e2ec34bb8d86e44981f57b440e55b9) Importer(815301076,1909f56bfc062723c751e8b465ee728b)  -> (artifact id: '35d767f274fb72d016901aa440f4b3d5') in 0.010711 seconds
Number of updated asset objects reloaded before import = 0
Number of asset objects unloaded after import = 2
Editor requested this worker to shutdown with reason: Scaling down because of idle timeout
TcpMessagingSession - receive error: operation aborted. errorcode: 995, details: The I/O operation has been aborted because of either a thread exit or an application request.
AssetImportWorker is now disconnected from the server
Process exiting
Exiting without the bug reporter. Application will terminate with return code 0